CRITICAL - 2024-02-24 12:44:29 --> Error: Class "App\Controllers\CI_Controller" not found
in APPPATH\Controllers\Dashboard.php on line 5.
 1 SYSTEMPATH\Autoloader\Autoloader.php(309): include_once()
 2 SYSTEMPATH\Autoloader\Autoloader.php(288): CodeIgniter\Autoloader\Autoloader->includeFile('E:\\RSGM\\app\\Controllers\\Dashboard.php')
 3 SYSTEMPATH\Autoloader\Autoloader.php(266): CodeIgniter\Autoloader\Autoloader->loadInNamespace('App\\Controllers\\Dashboard')
 4 [internal function]: CodeIgniter\Autoloader\Autoloader->loadClass('App\\Controllers\\Dashboard')
 5 SYSTEMPATH\CodeIgniter.php(899): class_exists('\\App\\Controllers\\Dashboard', true)
 6 SYSTEMPATH\CodeIgniter.php(489): CodeIgniter\CodeIgniter->startController()
 7 SYSTEMPATH\CodeIgniter.php(361): CodeIgniter\CodeIgniter->handleRequest(null, Object(Config\Cache), false)
 8 FCPATH\index.php(79): CodeIgniter\CodeIgniter->run()
 9 SYSTEMPATH\Commands\Server\rewrite.php(47): require_once('E:\\RSGM\\public\\index.php')
CRITICAL - 2024-02-24 12:48:37 --> Error: Class "App\Controllers\CI_Controller" not found
in APPPATH\Controllers\Dashboard.php on line 5.
 1 SYSTEMPATH\Autoloader\Autoloader.php(309): include_once()
 2 SYSTEMPATH\Autoloader\Autoloader.php(288): CodeIgniter\Autoloader\Autoloader->includeFile('E:\\RSGM\\app\\Controllers\\Dashboard.php')
 3 SYSTEMPATH\Autoloader\Autoloader.php(266): CodeIgniter\Autoloader\Autoloader->loadInNamespace('App\\Controllers\\Dashboard')
 4 [internal function]: CodeIgniter\Autoloader\Autoloader->loadClass('App\\Controllers\\Dashboard')
 5 SYSTEMPATH\CodeIgniter.php(899): class_exists('\\App\\Controllers\\Dashboard', true)
 6 SYSTEMPATH\CodeIgniter.php(489): CodeIgniter\CodeIgniter->startController()
 7 SYSTEMPATH\CodeIgniter.php(361): CodeIgniter\CodeIgniter->handleRequest(null, Object(Config\Cache), false)
 8 FCPATH\index.php(79): CodeIgniter\CodeIgniter->run()
 9 SYSTEMPATH\Commands\Server\rewrite.php(47): require_once('E:\\RSGM\\public\\index.php')
CRITICAL - 2024-02-24 12:48:38 --> Error: Class "App\Controllers\CI_Controller" not found
in APPPATH\Controllers\Dashboard.php on line 5.
 1 SYSTEMPATH\Autoloader\Autoloader.php(309): include_once()
 2 SYSTEMPATH\Autoloader\Autoloader.php(288): CodeIgniter\Autoloader\Autoloader->includeFile('E:\\RSGM\\app\\Controllers\\Dashboard.php')
 3 SYSTEMPATH\Autoloader\Autoloader.php(266): CodeIgniter\Autoloader\Autoloader->loadInNamespace('App\\Controllers\\Dashboard')
 4 [internal function]: CodeIgniter\Autoloader\Autoloader->loadClass('App\\Controllers\\Dashboard')
 5 SYSTEMPATH\CodeIgniter.php(899): class_exists('\\App\\Controllers\\Dashboard', true)
 6 SYSTEMPATH\CodeIgniter.php(489): CodeIgniter\CodeIgniter->startController()
 7 SYSTEMPATH\CodeIgniter.php(361): CodeIgniter\CodeIgniter->handleRequest(null, Object(Config\Cache), false)
 8 FCPATH\index.php(79): CodeIgniter\CodeIgniter->run()
 9 SYSTEMPATH\Commands\Server\rewrite.php(47): require_once('E:\\RSGM\\public\\index.php')
CRITICAL - 2024-02-24 12:48:39 --> Error: Class "App\Controllers\CI_Controller" not found
in APPPATH\Controllers\Dashboard.php on line 5.
 1 SYSTEMPATH\Autoloader\Autoloader.php(309): include_once()
 2 SYSTEMPATH\Autoloader\Autoloader.php(288): CodeIgniter\Autoloader\Autoloader->includeFile('E:\\RSGM\\app\\Controllers\\Dashboard.php')
 3 SYSTEMPATH\Autoloader\Autoloader.php(266): CodeIgniter\Autoloader\Autoloader->loadInNamespace('App\\Controllers\\Dashboard')
 4 [internal function]: CodeIgniter\Autoloader\Autoloader->loadClass('App\\Controllers\\Dashboard')
 5 SYSTEMPATH\CodeIgniter.php(899): class_exists('\\App\\Controllers\\Dashboard', true)
 6 SYSTEMPATH\CodeIgniter.php(489): CodeIgniter\CodeIgniter->startController()
 7 SYSTEMPATH\CodeIgniter.php(361): CodeIgniter\CodeIgniter->handleRequest(null, Object(Config\Cache), false)
 8 FCPATH\index.php(79): CodeIgniter\CodeIgniter->run()
 9 SYSTEMPATH\Commands\Server\rewrite.php(47): require_once('E:\\RSGM\\public\\index.php')
CRITICAL - 2024-02-24 12:50:00 --> Error: Class "App\Controllers\CI_Controller" not found
in APPPATH\Controllers\Dashboard.php on line 5.
 1 SYSTEMPATH\Autoloader\Autoloader.php(309): include_once()
 2 SYSTEMPATH\Autoloader\Autoloader.php(288): CodeIgniter\Autoloader\Autoloader->includeFile('E:\\RSGM\\app\\Controllers\\Dashboard.php')
 3 SYSTEMPATH\Autoloader\Autoloader.php(266): CodeIgniter\Autoloader\Autoloader->loadInNamespace('App\\Controllers\\Dashboard')
 4 [internal function]: CodeIgniter\Autoloader\Autoloader->loadClass('App\\Controllers\\Dashboard')
 5 SYSTEMPATH\CodeIgniter.php(899): class_exists('\\App\\Controllers\\Dashboard', true)
 6 SYSTEMPATH\CodeIgniter.php(489): CodeIgniter\CodeIgniter->startController()
 7 SYSTEMPATH\CodeIgniter.php(361): CodeIgniter\CodeIgniter->handleRequest(null, Object(Config\Cache), false)
 8 FCPATH\index.php(79): CodeIgniter\CodeIgniter->run()
 9 SYSTEMPATH\Commands\Server\rewrite.php(47): require_once('E:\\RSGM\\public\\index.php')
CRITICAL - 2024-02-24 12:55:10 --> ErrorException: Undefined property: App\Controllers\Dashboard::$load
in APPPATH\Controllers\Dashboard.php on line 10.
 1 APPPATH\Controllers\Dashboard.php(10): CodeIgniter\Debug\Exceptions->errorHandler(2, 'Undefined property: App\\Controllers\\Dashboard::$load', 'E:\\RSGM\\app\\Controllers\\Dashboard.php', 10)
 2 SYSTEMPATH\CodeIgniter.php(941): App\Controllers\Dashboard->index()
 3 SYSTEMPATH\CodeIgniter.php(502): CodeIgniter\CodeIgniter->runController(Object(App\Controllers\Dashboard))
 4 SYSTEMPATH\CodeIgniter.php(361): CodeIgniter\CodeIgniter->handleRequest(null, Object(Config\Cache), false)
 5 FCPATH\index.php(79): CodeIgniter\CodeIgniter->run()
 6 SYSTEMPATH\Commands\Server\rewrite.php(47): require_once('E:\\RSGM\\public\\index.php')
CRITICAL - 2024-02-24 13:01:05 --> Error: Undefined constant "data"
in APPPATH\Views\layout\page_layout.php on line 182.
 1 SYSTEMPATH\View\View.php(228): include()
 2 SYSTEMPATH\View\View.php(231): CodeIgniter\View\View->CodeIgniter\View\{closure}()
 3 SYSTEMPATH\View\View.php(244): CodeIgniter\View\View->render('layout/page_layout', [], true)
 4 SYSTEMPATH\Common.php(1178): CodeIgniter\View\View->render('dashboard', [], true)
 5 APPPATH\Controllers\Dashboard.php(11): view('dashboard', [...])
 6 SYSTEMPATH\CodeIgniter.php(941): App\Controllers\Dashboard->index()
 7 SYSTEMPATH\CodeIgniter.php(502): CodeIgniter\CodeIgniter->runController(Object(App\Controllers\Dashboard))
 8 SYSTEMPATH\CodeIgniter.php(361): CodeIgniter\CodeIgniter->handleRequest(null, Object(Config\Cache), false)
 9 FCPATH\index.php(79): CodeIgniter\CodeIgniter->run()
10 SYSTEMPATH\Commands\Server\rewrite.php(47): require_once('E:\\RSGM\\public\\index.php')
CRITICAL - 2024-02-24 13:01:14 --> ErrorException: Undefined variable $data
in APPPATH\Views\layout\page_layout.php on line 182.
 1 APPPATH\Views\layout\page_layout.php(182): CodeIgniter\Debug\Exceptions->errorHandler(2, 'Undefined variable $data', 'E:\\RSGM\\app\\Views\\layout\\page_layout.php', 182)
 2 SYSTEMPATH\View\View.php(228): include('E:\\RSGM\\app\\Views\\layout\\page_layout.php')
 3 SYSTEMPATH\View\View.php(231): CodeIgniter\View\View->CodeIgniter\View\{closure}()
 4 SYSTEMPATH\View\View.php(244): CodeIgniter\View\View->render('layout/page_layout', [], true)
 5 SYSTEMPATH\Common.php(1178): CodeIgniter\View\View->render('dashboard', [], true)
 6 APPPATH\Controllers\Dashboard.php(11): view('dashboard', [...])
 7 SYSTEMPATH\CodeIgniter.php(941): App\Controllers\Dashboard->index()
 8 SYSTEMPATH\CodeIgniter.php(502): CodeIgniter\CodeIgniter->runController(Object(App\Controllers\Dashboard))
 9 SYSTEMPATH\CodeIgniter.php(361): CodeIgniter\CodeIgniter->handleRequest(null, Object(Config\Cache), false)
10 FCPATH\index.php(79): CodeIgniter\CodeIgniter->run()
11 SYSTEMPATH\Commands\Server\rewrite.php(47): require_once('E:\\RSGM\\public\\index.php')
CRITICAL - 2024-02-24 13:19:39 --> ErrorException: Undefined variable $data
in APPPATH\Views\widget\title.php on line 3.
 1 APPPATH\Views\widget\title.php(3): CodeIgniter\Debug\Exceptions->errorHandler(2, 'Undefined variable $data', 'E:\\RSGM\\app\\Views\\widget\\title.php', 3)
 2 SYSTEMPATH\View\View.php(228): include('E:\\RSGM\\app\\Views\\widget\\title.php')
 3 SYSTEMPATH\View\View.php(231): CodeIgniter\View\View->CodeIgniter\View\{closure}()
 4 SYSTEMPATH\Common.php(1178): CodeIgniter\View\View->render('widget/title', [], true)
 5 APPPATH\Libraries\Widget.php(8): view('widget/title')
 6 SYSTEMPATH\View\Cell.php(281): App\Libraries\Widget->title()
 7 SYSTEMPATH\View\Cell.php(103): CodeIgniter\View\Cell->renderSimpleClass(Object(App\Libraries\Widget), 'title', [], 'App\\Libraries\\Widget')
 8 SYSTEMPATH\Common.php(1194): CodeIgniter\View\Cell->render('\\App\\Libraries\\Widget::title', [], 0, 'AppLibrariesWidgettitle40cd750bba9870f18aada2478b24840a')
 9 APPPATH\Views\layout\page_layout.php(181): view_cell('\\App\\Libraries\\Widget::title')
10 SYSTEMPATH\View\View.php(228): include('E:\\RSGM\\app\\Views\\layout\\page_layout.php')
11 SYSTEMPATH\View\View.php(231): CodeIgniter\View\View->CodeIgniter\View\{closure}()
12 SYSTEMPATH\View\View.php(244): CodeIgniter\View\View->render('layout/page_layout', [], true)
13 SYSTEMPATH\Common.php(1178): CodeIgniter\View\View->render('dashboard', [], true)
14 APPPATH\Controllers\Dashboard.php(11): view('dashboard', [...])
15 SYSTEMPATH\CodeIgniter.php(941): App\Controllers\Dashboard->index()
16 SYSTEMPATH\CodeIgniter.php(502): CodeIgniter\CodeIgniter->runController(Object(App\Controllers\Dashboard))
17 SYSTEMPATH\CodeIgniter.php(361): CodeIgniter\CodeIgniter->handleRequest(null, Object(Config\Cache), false)
18 FCPATH\index.php(79): CodeIgniter\CodeIgniter->run()
19 SYSTEMPATH\Commands\Server\rewrite.php(47): require_once('E:\\RSGM\\public\\index.php')
CRITICAL - 2024-02-24 13:33:23 --> ErrorException: Undefined variable $data
in APPPATH\Views\dashboard.php on line 5.
 1 APPPATH\Views\dashboard.php(5): CodeIgniter\Debug\Exceptions->errorHandler(2, 'Undefined variable $data', 'E:\\RSGM\\app\\Views\\dashboard.php', 5)
 2 SYSTEMPATH\View\View.php(228): include('E:\\RSGM\\app\\Views\\dashboard.php')
 3 SYSTEMPATH\View\View.php(231): CodeIgniter\View\View->CodeIgniter\View\{closure}()
 4 SYSTEMPATH\Common.php(1178): CodeIgniter\View\View->render('dashboard', [], true)
 5 APPPATH\Controllers\Dashboard.php(11): view('dashboard', [...])
 6 SYSTEMPATH\CodeIgniter.php(941): App\Controllers\Dashboard->index()
 7 SYSTEMPATH\CodeIgniter.php(502): CodeIgniter\CodeIgniter->runController(Object(App\Controllers\Dashboard))
 8 SYSTEMPATH\CodeIgniter.php(361): CodeIgniter\CodeIgniter->handleRequest(null, Object(Config\Cache), false)
 9 FCPATH\index.php(79): CodeIgniter\CodeIgniter->run()
10 SYSTEMPATH\Commands\Server\rewrite.php(47): require_once('E:\\RSGM\\public\\index.php')
CRITICAL - 2024-02-24 13:37:33 --> ErrorException: Undefined variable $params
in APPPATH\Views\widget\title.php on line 3.
 1 APPPATH\Views\widget\title.php(3): CodeIgniter\Debug\Exceptions->errorHandler(2, 'Undefined variable $params', 'E:\\RSGM\\app\\Views\\widget\\title.php', 3)
 2 SYSTEMPATH\View\View.php(228): include('E:\\RSGM\\app\\Views\\widget\\title.php')
 3 SYSTEMPATH\View\View.php(231): CodeIgniter\View\View->CodeIgniter\View\{closure}()
 4 SYSTEMPATH\Common.php(1178): CodeIgniter\View\View->render('widget/title', [], true)
 5 APPPATH\Libraries\Widget.php(8): view('widget/title', [...])
 6 SYSTEMPATH\View\Cell.php(287): App\Libraries\Widget->title([...])
 7 SYSTEMPATH\View\Cell.php(103): CodeIgniter\View\Cell->renderSimpleClass(Object(App\Libraries\Widget), 'title', [...], 'App\\Libraries\\Widget')
 8 SYSTEMPATH\Common.php(1194): CodeIgniter\View\Cell->render('\\App\\Libraries\\Widget::title', [...], 0, 'AppLibrariesWidgettitle773cc17c86e41553cbab8a96ac66b656')
 9 APPPATH\Views\dashboard.php(5): view_cell('\\App\\Libraries\\Widget::title', [...])
10 SYSTEMPATH\View\View.php(228): include('E:\\RSGM\\app\\Views\\dashboard.php')
11 SYSTEMPATH\View\View.php(231): CodeIgniter\View\View->CodeIgniter\View\{closure}()
12 SYSTEMPATH\Common.php(1178): CodeIgniter\View\View->render('dashboard', [], true)
13 APPPATH\Controllers\Dashboard.php(11): view('dashboard', [...])
14 SYSTEMPATH\CodeIgniter.php(941): App\Controllers\Dashboard->index()
15 SYSTEMPATH\CodeIgniter.php(502): CodeIgniter\CodeIgniter->runController(Object(App\Controllers\Dashboard))
16 SYSTEMPATH\CodeIgniter.php(361): CodeIgniter\CodeIgniter->handleRequest(null, Object(Config\Cache), false)
17 FCPATH\index.php(79): CodeIgniter\CodeIgniter->run()
18 SYSTEMPATH\Commands\Server\rewrite.php(47): require_once('E:\\RSGM\\public\\index.php')
CRITICAL - 2024-02-24 13:39:46 --> ErrorException: Undefined variable $params
in APPPATH\Views\widget\title.php on line 3.
 1 APPPATH\Views\widget\title.php(3): CodeIgniter\Debug\Exceptions->errorHandler(2, 'Undefined variable $params', 'E:\\RSGM\\app\\Views\\widget\\title.php', 3)
 2 SYSTEMPATH\View\View.php(228): include('E:\\RSGM\\app\\Views\\widget\\title.php')
 3 SYSTEMPATH\View\View.php(231): CodeIgniter\View\View->CodeIgniter\View\{closure}()
 4 SYSTEMPATH\Common.php(1178): CodeIgniter\View\View->render('widget/title', [], true)
 5 APPPATH\Libraries\Widget.php(8): view('widget/title', [...])
 6 SYSTEMPATH\View\Cell.php(287): App\Libraries\Widget->title([...])
 7 SYSTEMPATH\View\Cell.php(103): CodeIgniter\View\Cell->renderSimpleClass(Object(App\Libraries\Widget), 'title', [...], 'App\\Libraries\\Widget')
 8 SYSTEMPATH\Common.php(1194): CodeIgniter\View\Cell->render('\\App\\Libraries\\Widget::title', [...], 0, 'AppLibrariesWidgettitle78ffbe1b61709163ca789a3199724c54')
 9 APPPATH\Views\dashboard.php(5): view_cell('\\App\\Libraries\\Widget::title', [...])
10 SYSTEMPATH\View\View.php(228): include('E:\\RSGM\\app\\Views\\dashboard.php')
11 SYSTEMPATH\View\View.php(231): CodeIgniter\View\View->CodeIgniter\View\{closure}()
12 SYSTEMPATH\Common.php(1178): CodeIgniter\View\View->render('dashboard', [], true)
13 APPPATH\Controllers\Dashboard.php(11): view('dashboard', [...])
14 SYSTEMPATH\CodeIgniter.php(941): App\Controllers\Dashboard->index()
15 SYSTEMPATH\CodeIgniter.php(502): CodeIgniter\CodeIgniter->runController(Object(App\Controllers\Dashboard))
16 SYSTEMPATH\CodeIgniter.php(361): CodeIgniter\CodeIgniter->handleRequest(null, Object(Config\Cache), false)
17 FCPATH\index.php(79): CodeIgniter\CodeIgniter->run()
18 SYSTEMPATH\Commands\Server\rewrite.php(47): require_once('E:\\RSGM\\public\\index.php')
CRITICAL - 2024-02-24 13:44:01 --> ErrorException: Undefined variable $params
in APPPATH\Views\widget\title.php on line 3.
 1 APPPATH\Views\widget\title.php(3): CodeIgniter\Debug\Exceptions->errorHandler(2, 'Undefined variable $params', 'E:\\RSGM\\app\\Views\\widget\\title.php', 3)
 2 SYSTEMPATH\View\View.php(228): include('E:\\RSGM\\app\\Views\\widget\\title.php')
 3 SYSTEMPATH\View\View.php(231): CodeIgniter\View\View->CodeIgniter\View\{closure}()
 4 SYSTEMPATH\Common.php(1178): CodeIgniter\View\View->render('widget/title', [], true)
 5 APPPATH\Libraries\Widget.php(8): view('widget/title', [...])
 6 SYSTEMPATH\View\Cell.php(287): App\Libraries\Widget->title([...])
 7 SYSTEMPATH\View\Cell.php(103): CodeIgniter\View\Cell->renderSimpleClass(Object(App\Libraries\Widget), 'title', [...], 'App\\Libraries\\Widget')
 8 SYSTEMPATH\Common.php(1194): CodeIgniter\View\Cell->render('\\App\\Libraries\\Widget::title', [...], 0, 'AppLibrariesWidgettitle78ffbe1b61709163ca789a3199724c54')
 9 APPPATH\Views\dashboard.php(5): view_cell('\\App\\Libraries\\Widget::title', [...])
10 SYSTEMPATH\View\View.php(228): include('E:\\RSGM\\app\\Views\\dashboard.php')
11 SYSTEMPATH\View\View.php(231): CodeIgniter\View\View->CodeIgniter\View\{closure}()
12 SYSTEMPATH\Common.php(1178): CodeIgniter\View\View->render('dashboard', [], true)
13 APPPATH\Controllers\Dashboard.php(11): view('dashboard', [...])
14 SYSTEMPATH\CodeIgniter.php(941): App\Controllers\Dashboard->index()
15 SYSTEMPATH\CodeIgniter.php(502): CodeIgniter\CodeIgniter->runController(Object(App\Controllers\Dashboard))
16 SYSTEMPATH\CodeIgniter.php(361): CodeIgniter\CodeIgniter->handleRequest(null, Object(Config\Cache), false)
17 FCPATH\index.php(79): CodeIgniter\CodeIgniter->run()
18 SYSTEMPATH\Commands\Server\rewrite.php(47): require_once('E:\\RSGM\\public\\index.php')
CRITICAL - 2024-02-24 14:08:40 --> ErrorException: Undefined variable $title
in APPPATH\Views\layout\page_layout.php on line 185.
 1 APPPATH\Views\layout\page_layout.php(185): CodeIgniter\Debug\Exceptions->errorHandler(2, 'Undefined variable $title', 'E:\\RSGM\\app\\Views\\layout\\page_layout.php', 185)
 2 SYSTEMPATH\View\View.php(228): include('E:\\RSGM\\app\\Views\\layout\\page_layout.php')
 3 SYSTEMPATH\View\View.php(231): CodeIgniter\View\View->CodeIgniter\View\{closure}()
 4 SYSTEMPATH\View\View.php(244): CodeIgniter\View\View->render('layout/page_layout', [], true)
 5 SYSTEMPATH\Common.php(1178): CodeIgniter\View\View->render('recordmedical/index', [], true)
 6 APPPATH\Controllers\RecordMedical.php(9): view('recordmedical/index')
 7 SYSTEMPATH\CodeIgniter.php(941): App\Controllers\RecordMedical->index()
 8 SYSTEMPATH\CodeIgniter.php(502): CodeIgniter\CodeIgniter->runController(Object(App\Controllers\RecordMedical))
 9 SYSTEMPATH\CodeIgniter.php(361): CodeIgniter\CodeIgniter->handleRequest(null, Object(Config\Cache), false)
10 FCPATH\index.php(79): CodeIgniter\CodeIgniter->run()
11 SYSTEMPATH\Commands\Server\rewrite.php(47): require_once('E:\\RSGM\\public\\index.php')
