INFO - 2024-07-02 11:54:55 --> Session: Class initialized using 'CodeIgniter\Session\Handlers\FileHandler' driver.
INFO - 2024-07-02 11:55:02 --> Session: Class initialized using 'CodeIgniter\Session\Handlers\FileHandler' driver.
INFO - 2024-07-02 11:55:03 --> Session: Class initialized using 'CodeIgniter\Session\Handlers\FileHandler' driver.
INFO - 2024-07-02 11:55:14 --> Session: Class initialized using 'CodeIgniter\Session\Handlers\FileHandler' driver.
INFO - 2024-07-02 11:55:22 --> Session: Class initialized using 'CodeIgniter\Session\Handlers\FileHandler' driver.
INFO - 2024-07-02 12:01:56 --> Session: Class initialized using 'CodeIgniter\Session\Handlers\FileHandler' driver.
CRITICAL - 2024-07-02 12:01:58 --> Error: Class "ZipArchive" not found
in VENDORPATH\phpoffice\phpspreadsheet\src\PhpSpreadsheet\Shared\File.php on line 61.
 1 VENDORPATH\phpoffice\phpspreadsheet\src\PhpSpreadsheet\Shared\File.php(156): PhpOffice\PhpSpreadsheet\Shared\File::fileExists('zip://C:\\xampp\\tmp\\phpE44D.tmp#_rels/.rels')
 2 VENDORPATH\phpoffice\phpspreadsheet\src\PhpSpreadsheet\Reader\Xlsx.php(390): PhpOffice\PhpSpreadsheet\Shared\File::assertFile('C:\\xampp\\tmp\\phpE44D.tmp', '_rels/.rels')
 3 VENDORPATH\phpoffice\phpspreadsheet\src\PhpSpreadsheet\Reader\BaseReader.php(172): PhpOffice\PhpSpreadsheet\Reader\Xlsx->loadSpreadsheetFromFile('C:\\xampp\\tmp\\phpE44D.tmp')
 4 APPPATH\Controllers\RecordMedical.php(232): PhpOffice\PhpSpreadsheet\Reader\BaseReader->load('C:\\xampp\\tmp\\phpE44D.tmp')
 5 SYSTEMPATH\CodeIgniter.php(941): App\Controllers\RecordMedical->importExcel()
 6 SYSTEMPATH\CodeIgniter.php(502): CodeIgniter\CodeIgniter->runController(Object(App\Controllers\RecordMedical))
 7 SYSTEMPATH\CodeIgniter.php(361): CodeIgniter\CodeIgniter->handleRequest(null, Object(Config\Cache), false)
 8 FCPATH\index.php(79): CodeIgniter\CodeIgniter->run()
 9 SYSTEMPATH\Commands\Server\rewrite.php(47): require_once('E:\\RSGM\\public\\index.php')
INFO - 2024-07-02 12:07:51 --> Session: Class initialized using 'CodeIgniter\Session\Handlers\FileHandler' driver.
CRITICAL - 2024-07-02 12:07:52 --> Error: Class "ZipArchive" not found
in VENDORPATH\phpoffice\phpspreadsheet\src\PhpSpreadsheet\Shared\File.php on line 61.
 1 VENDORPATH\phpoffice\phpspreadsheet\src\PhpSpreadsheet\Shared\File.php(156): PhpOffice\PhpSpreadsheet\Shared\File::fileExists('zip://C:\\xampp\\tmp\\php50AC.tmp#_rels/.rels')
 2 VENDORPATH\phpoffice\phpspreadsheet\src\PhpSpreadsheet\Reader\Xlsx.php(390): PhpOffice\PhpSpreadsheet\Shared\File::assertFile('C:\\xampp\\tmp\\php50AC.tmp', '_rels/.rels')
 3 VENDORPATH\phpoffice\phpspreadsheet\src\PhpSpreadsheet\Reader\BaseReader.php(172): PhpOffice\PhpSpreadsheet\Reader\Xlsx->loadSpreadsheetFromFile('C:\\xampp\\tmp\\php50AC.tmp')
 4 APPPATH\Controllers\RecordMedical.php(232): PhpOffice\PhpSpreadsheet\Reader\BaseReader->load('C:\\xampp\\tmp\\php50AC.tmp')
 5 SYSTEMPATH\CodeIgniter.php(941): App\Controllers\RecordMedical->importExcel()
 6 SYSTEMPATH\CodeIgniter.php(502): CodeIgniter\CodeIgniter->runController(Object(App\Controllers\RecordMedical))
 7 SYSTEMPATH\CodeIgniter.php(361): CodeIgniter\CodeIgniter->handleRequest(null, Object(Config\Cache), false)
 8 FCPATH\index.php(79): CodeIgniter\CodeIgniter->run()
 9 SYSTEMPATH\Commands\Server\rewrite.php(47): require_once('E:\\RSGM\\public\\index.php')
INFO - 2024-07-02 12:07:56 --> Session: Class initialized using 'CodeIgniter\Session\Handlers\FileHandler' driver.
INFO - 2024-07-02 12:07:59 --> Session: Class initialized using 'CodeIgniter\Session\Handlers\FileHandler' driver.
INFO - 2024-07-02 12:08:09 --> Session: Class initialized using 'CodeIgniter\Session\Handlers\FileHandler' driver.
CRITICAL - 2024-07-02 12:08:09 --> Error: Class "ZipArchive" not found
in VENDORPATH\phpoffice\phpspreadsheet\src\PhpSpreadsheet\Shared\File.php on line 61.
 1 VENDORPATH\phpoffice\phpspreadsheet\src\PhpSpreadsheet\Shared\File.php(156): PhpOffice\PhpSpreadsheet\Shared\File::fileExists('zip://C:\\xampp\\tmp\\php9642.tmp#_rels/.rels')
 2 VENDORPATH\phpoffice\phpspreadsheet\src\PhpSpreadsheet\Reader\Xlsx.php(390): PhpOffice\PhpSpreadsheet\Shared\File::assertFile('C:\\xampp\\tmp\\php9642.tmp', '_rels/.rels')
 3 VENDORPATH\phpoffice\phpspreadsheet\src\PhpSpreadsheet\Reader\BaseReader.php(172): PhpOffice\PhpSpreadsheet\Reader\Xlsx->loadSpreadsheetFromFile('C:\\xampp\\tmp\\php9642.tmp')
 4 APPPATH\Controllers\RecordMedical.php(232): PhpOffice\PhpSpreadsheet\Reader\BaseReader->load('C:\\xampp\\tmp\\php9642.tmp')
 5 SYSTEMPATH\CodeIgniter.php(941): App\Controllers\RecordMedical->importExcel()
 6 SYSTEMPATH\CodeIgniter.php(502): CodeIgniter\CodeIgniter->runController(Object(App\Controllers\RecordMedical))
 7 SYSTEMPATH\CodeIgniter.php(361): CodeIgniter\CodeIgniter->handleRequest(null, Object(Config\Cache), false)
 8 FCPATH\index.php(79): CodeIgniter\CodeIgniter->run()
 9 SYSTEMPATH\Commands\Server\rewrite.php(47): require_once('E:\\RSGM\\public\\index.php')
INFO - 2024-07-02 12:08:52 --> Session: Class initialized using 'CodeIgniter\Session\Handlers\FileHandler' driver.
CRITICAL - 2024-07-02 12:08:52 --> Error: Class "ZipArchive" not found
in VENDORPATH\phpoffice\phpspreadsheet\src\PhpSpreadsheet\Shared\File.php on line 61.
 1 VENDORPATH\phpoffice\phpspreadsheet\src\PhpSpreadsheet\Shared\File.php(156): PhpOffice\PhpSpreadsheet\Shared\File::fileExists('zip://C:\\xampp\\tmp\\php3C08.tmp#_rels/.rels')
 2 VENDORPATH\phpoffice\phpspreadsheet\src\PhpSpreadsheet\Reader\Xlsx.php(390): PhpOffice\PhpSpreadsheet\Shared\File::assertFile('C:\\xampp\\tmp\\php3C08.tmp', '_rels/.rels')
 3 VENDORPATH\phpoffice\phpspreadsheet\src\PhpSpreadsheet\Reader\BaseReader.php(172): PhpOffice\PhpSpreadsheet\Reader\Xlsx->loadSpreadsheetFromFile('C:\\xampp\\tmp\\php3C08.tmp')
 4 APPPATH\Controllers\RecordMedical.php(232): PhpOffice\PhpSpreadsheet\Reader\BaseReader->load('C:\\xampp\\tmp\\php3C08.tmp')
 5 SYSTEMPATH\CodeIgniter.php(941): App\Controllers\RecordMedical->importExcel()
 6 SYSTEMPATH\CodeIgniter.php(502): CodeIgniter\CodeIgniter->runController(Object(App\Controllers\RecordMedical))
 7 SYSTEMPATH\CodeIgniter.php(361): CodeIgniter\CodeIgniter->handleRequest(null, Object(Config\Cache), false)
 8 FCPATH\index.php(79): CodeIgniter\CodeIgniter->run()
 9 SYSTEMPATH\Commands\Server\rewrite.php(47): require_once('E:\\RSGM\\public\\index.php')
INFO - 2024-07-02 12:15:17 --> Session: Class initialized using 'CodeIgniter\Session\Handlers\FileHandler' driver.
INFO - 2024-07-02 12:15:19 --> Session: Class initialized using 'CodeIgniter\Session\Handlers\FileHandler' driver.
INFO - 2024-07-02 12:15:35 --> Session: Class initialized using 'CodeIgniter\Session\Handlers\FileHandler' driver.
INFO - 2024-07-02 12:15:45 --> Session: Class initialized using 'CodeIgniter\Session\Handlers\FileHandler' driver.
ERROR - 2024-07-02 12:15:51 --> Error connecting to the database: mysqli_sql_exception: No connection could be made because the target machine actively refused it in E:\RSGM\system\Database\MySQLi\Connection.php:184
Stack trace:
#0 E:\RSGM\system\Database\MySQLi\Connection.php(184): mysqli->real_connect('localhost', 'root', Object(SensitiveParameterValue), 'rsgmapp', 3306, '', 0)
#1 E:\RSGM\system\Database\BaseConnection.php(392): CodeIgniter\Database\MySQLi\Connection->connect(false)
#2 E:\RSGM\system\Database\BaseConnection.php(575): CodeIgniter\Database\BaseConnection->initialize()
#3 E:\RSGM\system\Database\BaseBuilder.php(1749): CodeIgniter\Database\BaseConnection->query('SELECT *\nFROM `...', Array, false)
#4 E:\RSGM\app\Controllers\RecordMedical.php(240): CodeIgniter\Database\BaseBuilder->getWhere(Array)
#5 E:\RSGM\system\CodeIgniter.php(941): App\Controllers\RecordMedical->importExcel()
#6 E:\RSGM\system\CodeIgniter.php(502): CodeIgniter\CodeIgniter->runController(Object(App\Controllers\RecordMedical))
#7 E:\RSGM\system\CodeIgniter.php(361): CodeIgniter\CodeIgniter->handleRequest(NULL, Object(Config\Cache), false)
#8 E:\RSGM\public\index.php(79): CodeIgniter\CodeIgniter->run()
#9 E:\RSGM\system\Commands\Server\rewrite.php(47): require_once('E:\\RSGM\\public\\...')
#10 {main}

Next CodeIgniter\Database\Exceptions\DatabaseException: No connection could be made because the target machine actively refused it in E:\RSGM\system\Database\MySQLi\Connection.php:229
Stack trace:
#0 E:\RSGM\system\Database\BaseConnection.php(392): CodeIgniter\Database\MySQLi\Connection->connect(false)
#1 E:\RSGM\system\Database\BaseConnection.php(575): CodeIgniter\Database\BaseConnection->initialize()
#2 E:\RSGM\system\Database\BaseBuilder.php(1749): CodeIgniter\Database\BaseConnection->query('SELECT *\nFROM `...', Array, false)
#3 E:\RSGM\app\Controllers\RecordMedical.php(240): CodeIgniter\Database\BaseBuilder->getWhere(Array)
#4 E:\RSGM\system\CodeIgniter.php(941): App\Controllers\RecordMedical->importExcel()
#5 E:\RSGM\system\CodeIgniter.php(502): CodeIgniter\CodeIgniter->runController(Object(App\Controllers\RecordMedical))
#6 E:\RSGM\system\CodeIgniter.php(361): CodeIgniter\CodeIgniter->handleRequest(NULL, Object(Config\Cache), false)
#7 E:\RSGM\public\index.php(79): CodeIgniter\CodeIgniter->run()
#8 E:\RSGM\system\Commands\Server\rewrite.php(47): require_once('E:\\RSGM\\public\\...')
#9 {main}
CRITICAL - 2024-07-02 12:15:51 --> CodeIgniter\Database\Exceptions\DatabaseException: Unable to connect to the database.
Main connection [MySQLi]: No connection could be made because the target machine actively refused it
in SYSTEMPATH\Database\BaseConnection.php on line 428.
 1 SYSTEMPATH\Database\BaseConnection.php(575): CodeIgniter\Database\BaseConnection->initialize()
 2 SYSTEMPATH\Database\BaseBuilder.php(1749): CodeIgniter\Database\BaseConnection->query('SELECT *
FROM `medical_records`
WHERE `rm_id` = :rm_id:', [...], false)
 3 APPPATH\Controllers\RecordMedical.php(240): CodeIgniter\Database\BaseBuilder->getWhere([...])
 4 SYSTEMPATH\CodeIgniter.php(941): App\Controllers\RecordMedical->importExcel()
 5 SYSTEMPATH\CodeIgniter.php(502): CodeIgniter\CodeIgniter->runController(Object(App\Controllers\RecordMedical))
 6 SYSTEMPATH\CodeIgniter.php(361): CodeIgniter\CodeIgniter->handleRequest(null, Object(Config\Cache), false)
 7 FCPATH\index.php(79): CodeIgniter\CodeIgniter->run()
 8 SYSTEMPATH\Commands\Server\rewrite.php(47): require_once('E:\\RSGM\\public\\index.php')
INFO - 2024-07-02 12:16:02 --> Session: Class initialized using 'CodeIgniter\Session\Handlers\FileHandler' driver.
INFO - 2024-07-02 12:16:03 --> Session: Class initialized using 'CodeIgniter\Session\Handlers\FileHandler' driver.
INFO - 2024-07-02 12:16:16 --> Session: Class initialized using 'CodeIgniter\Session\Handlers\FileHandler' driver.
INFO - 2024-07-02 12:16:17 --> Session: Class initialized using 'CodeIgniter\Session\Handlers\FileHandler' driver.
INFO - 2024-07-02 12:17:42 --> Session: Class initialized using 'CodeIgniter\Session\Handlers\FileHandler' driver.
INFO - 2024-07-02 12:59:08 --> Session: Class initialized using 'CodeIgniter\Session\Handlers\FileHandler' driver.
INFO - 2024-07-02 12:59:19 --> Session: Class initialized using 'CodeIgniter\Session\Handlers\FileHandler' driver.
INFO - 2024-07-02 12:59:29 --> Session: Class initialized using 'CodeIgniter\Session\Handlers\FileHandler' driver.
INFO - 2024-07-02 13:07:36 --> Session: Class initialized using 'CodeIgniter\Session\Handlers\FileHandler' driver.
INFO - 2024-07-02 13:07:45 --> Session: Class initialized using 'CodeIgniter\Session\Handlers\FileHandler' driver.
INFO - 2024-07-02 13:12:11 --> Session: Class initialized using 'CodeIgniter\Session\Handlers\FileHandler' driver.
INFO - 2024-07-02 13:12:15 --> Session: Class initialized using 'CodeIgniter\Session\Handlers\FileHandler' driver.
INFO - 2024-07-02 13:22:07 --> Session: Class initialized using 'CodeIgniter\Session\Handlers\FileHandler' driver.
INFO - 2024-07-02 13:22:17 --> Session: Class initialized using 'CodeIgniter\Session\Handlers\FileHandler' driver.
INFO - 2024-07-02 13:22:17 --> Session: Class initialized using 'CodeIgniter\Session\Handlers\FileHandler' driver.
INFO - 2024-07-02 13:24:59 --> Session: Class initialized using 'CodeIgniter\Session\Handlers\FileHandler' driver.
INFO - 2024-07-02 13:25:07 --> Session: Class initialized using 'CodeIgniter\Session\Handlers\FileHandler' driver.
INFO - 2024-07-02 13:25:07 --> Session: Class initialized using 'CodeIgniter\Session\Handlers\FileHandler' driver.
INFO - 2024-07-02 13:26:41 --> Session: Class initialized using 'CodeIgniter\Session\Handlers\FileHandler' driver.
INFO - 2024-07-02 13:27:55 --> Session: Class initialized using 'CodeIgniter\Session\Handlers\FileHandler' driver.
INFO - 2024-07-02 13:27:55 --> Session: Class initialized using 'CodeIgniter\Session\Handlers\FileHandler' driver.
INFO - 2024-07-02 13:28:25 --> Session: Class initialized using 'CodeIgniter\Session\Handlers\FileHandler' driver.
INFO - 2024-07-02 13:28:28 --> Session: Class initialized using 'CodeIgniter\Session\Handlers\FileHandler' driver.
INFO - 2024-07-02 13:28:40 --> Session: Class initialized using 'CodeIgniter\Session\Handlers\FileHandler' driver.
ERROR - 2024-07-02 13:28:40 --> mysqli_sql_exception: Column 'rm_id' cannot be null in E:\RSGM\system\Database\MySQLi\Connection.php:306
Stack trace:
#0 E:\RSGM\system\Database\MySQLi\Connection.php(306): mysqli->query('INSERT INTO `me...', 0)
#1 E:\RSGM\system\Database\BaseConnection.php(693): CodeIgniter\Database\MySQLi\Connection->execute('INSERT INTO `me...')
#2 E:\RSGM\system\Database\BaseConnection.php(607): CodeIgniter\Database\BaseConnection->simpleQuery('INSERT INTO `me...')
#3 E:\RSGM\system\Database\BaseBuilder.php(2307): CodeIgniter\Database\BaseConnection->query('INSERT INTO `me...', Array, false)
#4 E:\RSGM\app\Controllers\RecordMedical.php(256): CodeIgniter\Database\BaseBuilder->insert(Array)
#5 E:\RSGM\system\CodeIgniter.php(941): App\Controllers\RecordMedical->importExcel()
#6 E:\RSGM\system\CodeIgniter.php(502): CodeIgniter\CodeIgniter->runController(Object(App\Controllers\RecordMedical))
#7 E:\RSGM\system\CodeIgniter.php(361): CodeIgniter\CodeIgniter->handleRequest(NULL, Object(Config\Cache), false)
#8 E:\RSGM\public\index.php(79): CodeIgniter\CodeIgniter->run()
#9 E:\RSGM\system\Commands\Server\rewrite.php(47): require_once('E:\\RSGM\\public\\...')
#10 {main}
CRITICAL - 2024-07-02 13:28:40 --> CodeIgniter\Database\Exceptions\DatabaseException: Column 'rm_id' cannot be null
in SYSTEMPATH\Database\BaseConnection.php on line 647.
 1 SYSTEMPATH\Database\BaseBuilder.php(2307): CodeIgniter\Database\BaseConnection->query('INSERT INTO `medical_records` (`rm_id`, `fullname`, `address`, `gender`, `birth_date`, `identity_number`, `birth_place`) VALUES (:rm_id:, :fullname:, :address:, :gender:, :birth_date:, :identity_number:, :birth_place:)', [...], false)
 2 APPPATH\Controllers\RecordMedical.php(256): CodeIgniter\Database\BaseBuilder->insert([...])
 3 SYSTEMPATH\CodeIgniter.php(941): App\Controllers\RecordMedical->importExcel()
 4 SYSTEMPATH\CodeIgniter.php(502): CodeIgniter\CodeIgniter->runController(Object(App\Controllers\RecordMedical))
 5 SYSTEMPATH\CodeIgniter.php(361): CodeIgniter\CodeIgniter->handleRequest(null, Object(Config\Cache), false)
 6 FCPATH\index.php(79): CodeIgniter\CodeIgniter->run()
 7 SYSTEMPATH\Commands\Server\rewrite.php(47): require_once('E:\\RSGM\\public\\index.php')
CRITICAL - 2024-07-02 13:28:40 --> [Caused by] CodeIgniter\Database\Exceptions\DatabaseException: Column 'rm_id' cannot be null
in SYSTEMPATH\Database\MySQLi\Connection.php on line 311.
 1 SYSTEMPATH\Database\BaseConnection.php(693): CodeIgniter\Database\MySQLi\Connection->execute('INSERT INTO `medical_records` (`rm_id`, `fullname`, `address`, `gender`, `birth_date`, `identity_number`, `birth_place`) VALUES (NULL, NULL, NULL, NULL, NULL, NULL, NULL)')
 2 SYSTEMPATH\Database\BaseConnection.php(607): CodeIgniter\Database\BaseConnection->simpleQuery('INSERT INTO `medical_records` (`rm_id`, `fullname`, `address`, `gender`, `birth_date`, `identity_number`, `birth_place`) VALUES (NULL, NULL, NULL, NULL, NULL, NULL, NULL)')
 3 SYSTEMPATH\Database\BaseBuilder.php(2307): CodeIgniter\Database\BaseConnection->query('INSERT INTO `medical_records` (`rm_id`, `fullname`, `address`, `gender`, `birth_date`, `identity_number`, `birth_place`) VALUES (:rm_id:, :fullname:, :address:, :gender:, :birth_date:, :identity_number:, :birth_place:)', [...], false)
 4 APPPATH\Controllers\RecordMedical.php(256): CodeIgniter\Database\BaseBuilder->insert([...])
 5 SYSTEMPATH\CodeIgniter.php(941): App\Controllers\RecordMedical->importExcel()
 6 SYSTEMPATH\CodeIgniter.php(502): CodeIgniter\CodeIgniter->runController(Object(App\Controllers\RecordMedical))
 7 SYSTEMPATH\CodeIgniter.php(361): CodeIgniter\CodeIgniter->handleRequest(null, Object(Config\Cache), false)
 8 FCPATH\index.php(79): CodeIgniter\CodeIgniter->run()
 9 SYSTEMPATH\Commands\Server\rewrite.php(47): require_once('E:\\RSGM\\public\\index.php')
CRITICAL - 2024-07-02 13:28:40 --> [Caused by] mysqli_sql_exception: Column 'rm_id' cannot be null
in SYSTEMPATH\Database\MySQLi\Connection.php on line 306.
 1 SYSTEMPATH\Database\MySQLi\Connection.php(306): mysqli->query('INSERT INTO `medical_records` (`rm_id`, `fullname`, `address`, `gender`, `birth_date`, `identity_number`, `birth_place`) VALUES (NULL, NULL, NULL, NULL, NULL, NULL, NULL)', 0)
 2 SYSTEMPATH\Database\BaseConnection.php(693): CodeIgniter\Database\MySQLi\Connection->execute('INSERT INTO `medical_records` (`rm_id`, `fullname`, `address`, `gender`, `birth_date`, `identity_number`, `birth_place`) VALUES (NULL, NULL, NULL, NULL, NULL, NULL, NULL)')
 3 SYSTEMPATH\Database\BaseConnection.php(607): CodeIgniter\Database\BaseConnection->simpleQuery('INSERT INTO `medical_records` (`rm_id`, `fullname`, `address`, `gender`, `birth_date`, `identity_number`, `birth_place`) VALUES (NULL, NULL, NULL, NULL, NULL, NULL, NULL)')
 4 SYSTEMPATH\Database\BaseBuilder.php(2307): CodeIgniter\Database\BaseConnection->query('INSERT INTO `medical_records` (`rm_id`, `fullname`, `address`, `gender`, `birth_date`, `identity_number`, `birth_place`) VALUES (:rm_id:, :fullname:, :address:, :gender:, :birth_date:, :identity_number:, :birth_place:)', [...], false)
 5 APPPATH\Controllers\RecordMedical.php(256): CodeIgniter\Database\BaseBuilder->insert([...])
 6 SYSTEMPATH\CodeIgniter.php(941): App\Controllers\RecordMedical->importExcel()
 7 SYSTEMPATH\CodeIgniter.php(502): CodeIgniter\CodeIgniter->runController(Object(App\Controllers\RecordMedical))
 8 SYSTEMPATH\CodeIgniter.php(361): CodeIgniter\CodeIgniter->handleRequest(null, Object(Config\Cache), false)
 9 FCPATH\index.php(79): CodeIgniter\CodeIgniter->run()
10 SYSTEMPATH\Commands\Server\rewrite.php(47): require_once('E:\\RSGM\\public\\index.php')
INFO - 2024-07-02 13:30:03 --> Session: Class initialized using 'CodeIgniter\Session\Handlers\FileHandler' driver.
ERROR - 2024-07-02 13:30:03 --> mysqli_sql_exception: Column 'rm_id' cannot be null in E:\RSGM\system\Database\MySQLi\Connection.php:306
Stack trace:
#0 E:\RSGM\system\Database\MySQLi\Connection.php(306): mysqli->query('INSERT INTO `me...', 0)
#1 E:\RSGM\system\Database\BaseConnection.php(693): CodeIgniter\Database\MySQLi\Connection->execute('INSERT INTO `me...')
#2 E:\RSGM\system\Database\BaseConnection.php(607): CodeIgniter\Database\BaseConnection->simpleQuery('INSERT INTO `me...')
#3 E:\RSGM\system\Database\BaseBuilder.php(2307): CodeIgniter\Database\BaseConnection->query('INSERT INTO `me...', Array, false)
#4 E:\RSGM\app\Controllers\RecordMedical.php(256): CodeIgniter\Database\BaseBuilder->insert(Array)
#5 E:\RSGM\system\CodeIgniter.php(941): App\Controllers\RecordMedical->importExcel()
#6 E:\RSGM\system\CodeIgniter.php(502): CodeIgniter\CodeIgniter->runController(Object(App\Controllers\RecordMedical))
#7 E:\RSGM\system\CodeIgniter.php(361): CodeIgniter\CodeIgniter->handleRequest(NULL, Object(Config\Cache), false)
#8 E:\RSGM\public\index.php(79): CodeIgniter\CodeIgniter->run()
#9 E:\RSGM\system\Commands\Server\rewrite.php(47): require_once('E:\\RSGM\\public\\...')
#10 {main}
CRITICAL - 2024-07-02 13:30:03 --> CodeIgniter\Database\Exceptions\DatabaseException: Column 'rm_id' cannot be null
in SYSTEMPATH\Database\BaseConnection.php on line 647.
 1 SYSTEMPATH\Database\BaseBuilder.php(2307): CodeIgniter\Database\BaseConnection->query('INSERT INTO `medical_records` (`rm_id`, `fullname`, `address`, `gender`, `birth_date`, `identity_number`, `birth_place`) VALUES (:rm_id:, :fullname:, :address:, :gender:, :birth_date:, :identity_number:, :birth_place:)', [...], false)
 2 APPPATH\Controllers\RecordMedical.php(256): CodeIgniter\Database\BaseBuilder->insert([...])
 3 SYSTEMPATH\CodeIgniter.php(941): App\Controllers\RecordMedical->importExcel()
 4 SYSTEMPATH\CodeIgniter.php(502): CodeIgniter\CodeIgniter->runController(Object(App\Controllers\RecordMedical))
 5 SYSTEMPATH\CodeIgniter.php(361): CodeIgniter\CodeIgniter->handleRequest(null, Object(Config\Cache), false)
 6 FCPATH\index.php(79): CodeIgniter\CodeIgniter->run()
 7 SYSTEMPATH\Commands\Server\rewrite.php(47): require_once('E:\\RSGM\\public\\index.php')
CRITICAL - 2024-07-02 13:30:03 --> [Caused by] CodeIgniter\Database\Exceptions\DatabaseException: Column 'rm_id' cannot be null
in SYSTEMPATH\Database\MySQLi\Connection.php on line 311.
 1 SYSTEMPATH\Database\BaseConnection.php(693): CodeIgniter\Database\MySQLi\Connection->execute('INSERT INTO `medical_records` (`rm_id`, `fullname`, `address`, `gender`, `birth_date`, `identity_number`, `birth_place`) VALUES (NULL, NULL, NULL, NULL, NULL, NULL, NULL)')
 2 SYSTEMPATH\Database\BaseConnection.php(607): CodeIgniter\Database\BaseConnection->simpleQuery('INSERT INTO `medical_records` (`rm_id`, `fullname`, `address`, `gender`, `birth_date`, `identity_number`, `birth_place`) VALUES (NULL, NULL, NULL, NULL, NULL, NULL, NULL)')
 3 SYSTEMPATH\Database\BaseBuilder.php(2307): CodeIgniter\Database\BaseConnection->query('INSERT INTO `medical_records` (`rm_id`, `fullname`, `address`, `gender`, `birth_date`, `identity_number`, `birth_place`) VALUES (:rm_id:, :fullname:, :address:, :gender:, :birth_date:, :identity_number:, :birth_place:)', [...], false)
 4 APPPATH\Controllers\RecordMedical.php(256): CodeIgniter\Database\BaseBuilder->insert([...])
 5 SYSTEMPATH\CodeIgniter.php(941): App\Controllers\RecordMedical->importExcel()
 6 SYSTEMPATH\CodeIgniter.php(502): CodeIgniter\CodeIgniter->runController(Object(App\Controllers\RecordMedical))
 7 SYSTEMPATH\CodeIgniter.php(361): CodeIgniter\CodeIgniter->handleRequest(null, Object(Config\Cache), false)
 8 FCPATH\index.php(79): CodeIgniter\CodeIgniter->run()
 9 SYSTEMPATH\Commands\Server\rewrite.php(47): require_once('E:\\RSGM\\public\\index.php')
CRITICAL - 2024-07-02 13:30:03 --> [Caused by] mysqli_sql_exception: Column 'rm_id' cannot be null
in SYSTEMPATH\Database\MySQLi\Connection.php on line 306.
 1 SYSTEMPATH\Database\MySQLi\Connection.php(306): mysqli->query('INSERT INTO `medical_records` (`rm_id`, `fullname`, `address`, `gender`, `birth_date`, `identity_number`, `birth_place`) VALUES (NULL, NULL, NULL, NULL, NULL, NULL, NULL)', 0)
 2 SYSTEMPATH\Database\BaseConnection.php(693): CodeIgniter\Database\MySQLi\Connection->execute('INSERT INTO `medical_records` (`rm_id`, `fullname`, `address`, `gender`, `birth_date`, `identity_number`, `birth_place`) VALUES (NULL, NULL, NULL, NULL, NULL, NULL, NULL)')
 3 SYSTEMPATH\Database\BaseConnection.php(607): CodeIgniter\Database\BaseConnection->simpleQuery('INSERT INTO `medical_records` (`rm_id`, `fullname`, `address`, `gender`, `birth_date`, `identity_number`, `birth_place`) VALUES (NULL, NULL, NULL, NULL, NULL, NULL, NULL)')
 4 SYSTEMPATH\Database\BaseBuilder.php(2307): CodeIgniter\Database\BaseConnection->query('INSERT INTO `medical_records` (`rm_id`, `fullname`, `address`, `gender`, `birth_date`, `identity_number`, `birth_place`) VALUES (:rm_id:, :fullname:, :address:, :gender:, :birth_date:, :identity_number:, :birth_place:)', [...], false)
 5 APPPATH\Controllers\RecordMedical.php(256): CodeIgniter\Database\BaseBuilder->insert([...])
 6 SYSTEMPATH\CodeIgniter.php(941): App\Controllers\RecordMedical->importExcel()
 7 SYSTEMPATH\CodeIgniter.php(502): CodeIgniter\CodeIgniter->runController(Object(App\Controllers\RecordMedical))
 8 SYSTEMPATH\CodeIgniter.php(361): CodeIgniter\CodeIgniter->handleRequest(null, Object(Config\Cache), false)
 9 FCPATH\index.php(79): CodeIgniter\CodeIgniter->run()
10 SYSTEMPATH\Commands\Server\rewrite.php(47): require_once('E:\\RSGM\\public\\index.php')
INFO - 2024-07-02 13:30:06 --> Session: Class initialized using 'CodeIgniter\Session\Handlers\FileHandler' driver.
INFO - 2024-07-02 13:30:10 --> Session: Class initialized using 'CodeIgniter\Session\Handlers\FileHandler' driver.
ERROR - 2024-07-02 13:30:10 --> mysqli_sql_exception: Column 'rm_id' cannot be null in E:\RSGM\system\Database\MySQLi\Connection.php:306
Stack trace:
#0 E:\RSGM\system\Database\MySQLi\Connection.php(306): mysqli->query('INSERT INTO `me...', 0)
#1 E:\RSGM\system\Database\BaseConnection.php(693): CodeIgniter\Database\MySQLi\Connection->execute('INSERT INTO `me...')
#2 E:\RSGM\system\Database\BaseConnection.php(607): CodeIgniter\Database\BaseConnection->simpleQuery('INSERT INTO `me...')
#3 E:\RSGM\system\Database\BaseBuilder.php(2307): CodeIgniter\Database\BaseConnection->query('INSERT INTO `me...', Array, false)
#4 E:\RSGM\app\Controllers\RecordMedical.php(256): CodeIgniter\Database\BaseBuilder->insert(Array)
#5 E:\RSGM\system\CodeIgniter.php(941): App\Controllers\RecordMedical->importExcel()
#6 E:\RSGM\system\CodeIgniter.php(502): CodeIgniter\CodeIgniter->runController(Object(App\Controllers\RecordMedical))
#7 E:\RSGM\system\CodeIgniter.php(361): CodeIgniter\CodeIgniter->handleRequest(NULL, Object(Config\Cache), false)
#8 E:\RSGM\public\index.php(79): CodeIgniter\CodeIgniter->run()
#9 E:\RSGM\system\Commands\Server\rewrite.php(47): require_once('E:\\RSGM\\public\\...')
#10 {main}
CRITICAL - 2024-07-02 13:30:10 --> CodeIgniter\Database\Exceptions\DatabaseException: Column 'rm_id' cannot be null
in SYSTEMPATH\Database\BaseConnection.php on line 647.
 1 SYSTEMPATH\Database\BaseBuilder.php(2307): CodeIgniter\Database\BaseConnection->query('INSERT INTO `medical_records` (`rm_id`, `fullname`, `address`, `gender`, `birth_date`, `identity_number`, `birth_place`) VALUES (:rm_id:, :fullname:, :address:, :gender:, :birth_date:, :identity_number:, :birth_place:)', [...], false)
 2 APPPATH\Controllers\RecordMedical.php(256): CodeIgniter\Database\BaseBuilder->insert([...])
 3 SYSTEMPATH\CodeIgniter.php(941): App\Controllers\RecordMedical->importExcel()
 4 SYSTEMPATH\CodeIgniter.php(502): CodeIgniter\CodeIgniter->runController(Object(App\Controllers\RecordMedical))
 5 SYSTEMPATH\CodeIgniter.php(361): CodeIgniter\CodeIgniter->handleRequest(null, Object(Config\Cache), false)
 6 FCPATH\index.php(79): CodeIgniter\CodeIgniter->run()
 7 SYSTEMPATH\Commands\Server\rewrite.php(47): require_once('E:\\RSGM\\public\\index.php')
CRITICAL - 2024-07-02 13:30:10 --> [Caused by] CodeIgniter\Database\Exceptions\DatabaseException: Column 'rm_id' cannot be null
in SYSTEMPATH\Database\MySQLi\Connection.php on line 311.
 1 SYSTEMPATH\Database\BaseConnection.php(693): CodeIgniter\Database\MySQLi\Connection->execute('INSERT INTO `medical_records` (`rm_id`, `fullname`, `address`, `gender`, `birth_date`, `identity_number`, `birth_place`) VALUES (NULL, NULL, NULL, NULL, NULL, NULL, NULL)')
 2 SYSTEMPATH\Database\BaseConnection.php(607): CodeIgniter\Database\BaseConnection->simpleQuery('INSERT INTO `medical_records` (`rm_id`, `fullname`, `address`, `gender`, `birth_date`, `identity_number`, `birth_place`) VALUES (NULL, NULL, NULL, NULL, NULL, NULL, NULL)')
 3 SYSTEMPATH\Database\BaseBuilder.php(2307): CodeIgniter\Database\BaseConnection->query('INSERT INTO `medical_records` (`rm_id`, `fullname`, `address`, `gender`, `birth_date`, `identity_number`, `birth_place`) VALUES (:rm_id:, :fullname:, :address:, :gender:, :birth_date:, :identity_number:, :birth_place:)', [...], false)
 4 APPPATH\Controllers\RecordMedical.php(256): CodeIgniter\Database\BaseBuilder->insert([...])
 5 SYSTEMPATH\CodeIgniter.php(941): App\Controllers\RecordMedical->importExcel()
 6 SYSTEMPATH\CodeIgniter.php(502): CodeIgniter\CodeIgniter->runController(Object(App\Controllers\RecordMedical))
 7 SYSTEMPATH\CodeIgniter.php(361): CodeIgniter\CodeIgniter->handleRequest(null, Object(Config\Cache), false)
 8 FCPATH\index.php(79): CodeIgniter\CodeIgniter->run()
 9 SYSTEMPATH\Commands\Server\rewrite.php(47): require_once('E:\\RSGM\\public\\index.php')
CRITICAL - 2024-07-02 13:30:10 --> [Caused by] mysqli_sql_exception: Column 'rm_id' cannot be null
in SYSTEMPATH\Database\MySQLi\Connection.php on line 306.
 1 SYSTEMPATH\Database\MySQLi\Connection.php(306): mysqli->query('INSERT INTO `medical_records` (`rm_id`, `fullname`, `address`, `gender`, `birth_date`, `identity_number`, `birth_place`) VALUES (NULL, NULL, NULL, NULL, NULL, NULL, NULL)', 0)
 2 SYSTEMPATH\Database\BaseConnection.php(693): CodeIgniter\Database\MySQLi\Connection->execute('INSERT INTO `medical_records` (`rm_id`, `fullname`, `address`, `gender`, `birth_date`, `identity_number`, `birth_place`) VALUES (NULL, NULL, NULL, NULL, NULL, NULL, NULL)')
 3 SYSTEMPATH\Database\BaseConnection.php(607): CodeIgniter\Database\BaseConnection->simpleQuery('INSERT INTO `medical_records` (`rm_id`, `fullname`, `address`, `gender`, `birth_date`, `identity_number`, `birth_place`) VALUES (NULL, NULL, NULL, NULL, NULL, NULL, NULL)')
 4 SYSTEMPATH\Database\BaseBuilder.php(2307): CodeIgniter\Database\BaseConnection->query('INSERT INTO `medical_records` (`rm_id`, `fullname`, `address`, `gender`, `birth_date`, `identity_number`, `birth_place`) VALUES (:rm_id:, :fullname:, :address:, :gender:, :birth_date:, :identity_number:, :birth_place:)', [...], false)
 5 APPPATH\Controllers\RecordMedical.php(256): CodeIgniter\Database\BaseBuilder->insert([...])
 6 SYSTEMPATH\CodeIgniter.php(941): App\Controllers\RecordMedical->importExcel()
 7 SYSTEMPATH\CodeIgniter.php(502): CodeIgniter\CodeIgniter->runController(Object(App\Controllers\RecordMedical))
 8 SYSTEMPATH\CodeIgniter.php(361): CodeIgniter\CodeIgniter->handleRequest(null, Object(Config\Cache), false)
 9 FCPATH\index.php(79): CodeIgniter\CodeIgniter->run()
10 SYSTEMPATH\Commands\Server\rewrite.php(47): require_once('E:\\RSGM\\public\\index.php')
INFO - 2024-07-02 13:30:40 --> Session: Class initialized using 'CodeIgniter\Session\Handlers\FileHandler' driver.
INFO - 2024-07-02 13:30:40 --> Session: Class initialized using 'CodeIgniter\Session\Handlers\FileHandler' driver.
INFO - 2024-07-02 13:32:33 --> Session: Class initialized using 'CodeIgniter\Session\Handlers\FileHandler' driver.
INFO - 2024-07-02 13:32:41 --> Session: Class initialized using 'CodeIgniter\Session\Handlers\FileHandler' driver.
INFO - 2024-07-02 13:32:42 --> Session: Class initialized using 'CodeIgniter\Session\Handlers\FileHandler' driver.
INFO - 2024-07-02 13:33:00 --> Session: Class initialized using 'CodeIgniter\Session\Handlers\FileHandler' driver.
INFO - 2024-07-02 13:33:09 --> Session: Class initialized using 'CodeIgniter\Session\Handlers\FileHandler' driver.
INFO - 2024-07-02 13:33:31 --> Session: Class initialized using 'CodeIgniter\Session\Handlers\FileHandler' driver.
INFO - 2024-07-02 14:27:49 --> Session: Class initialized using 'CodeIgniter\Session\Handlers\FileHandler' driver.
INFO - 2024-07-02 14:27:52 --> Session: Class initialized using 'CodeIgniter\Session\Handlers\FileHandler' driver.
INFO - 2024-07-02 14:28:07 --> Session: Class initialized using 'CodeIgniter\Session\Handlers\FileHandler' driver.
INFO - 2024-07-02 14:29:22 --> Session: Class initialized using 'CodeIgniter\Session\Handlers\FileHandler' driver.
INFO - 2024-07-02 14:29:47 --> Session: Class initialized using 'CodeIgniter\Session\Handlers\FileHandler' driver.
INFO - 2024-07-02 14:31:55 --> Session: Class initialized using 'CodeIgniter\Session\Handlers\FileHandler' driver.
INFO - 2024-07-02 14:32:05 --> Session: Class initialized using 'CodeIgniter\Session\Handlers\FileHandler' driver.
INFO - 2024-07-02 14:45:36 --> Session: Class initialized using 'CodeIgniter\Session\Handlers\FileHandler' driver.
INFO - 2024-07-02 14:45:39 --> Session: Class initialized using 'CodeIgniter\Session\Handlers\FileHandler' driver.
INFO - 2024-07-02 14:45:54 --> Session: Class initialized using 'CodeIgniter\Session\Handlers\FileHandler' driver.
ERROR - 2024-07-02 14:45:54 --> mysqli_sql_exception: Column 'rm_id' cannot be null in E:\RSGM\system\Database\MySQLi\Connection.php:306
Stack trace:
#0 E:\RSGM\system\Database\MySQLi\Connection.php(306): mysqli->query('INSERT INTO `me...', 0)
#1 E:\RSGM\system\Database\BaseConnection.php(693): CodeIgniter\Database\MySQLi\Connection->execute('INSERT INTO `me...')
#2 E:\RSGM\system\Database\BaseConnection.php(607): CodeIgniter\Database\BaseConnection->simpleQuery('INSERT INTO `me...')
#3 E:\RSGM\system\Database\BaseBuilder.php(2307): CodeIgniter\Database\BaseConnection->query('INSERT INTO `me...', Array, false)
#4 E:\RSGM\app\Controllers\RecordMedical.php(257): CodeIgniter\Database\BaseBuilder->insert(Array)
#5 E:\RSGM\system\CodeIgniter.php(941): App\Controllers\RecordMedical->importExcel()
#6 E:\RSGM\system\CodeIgniter.php(502): CodeIgniter\CodeIgniter->runController(Object(App\Controllers\RecordMedical))
#7 E:\RSGM\system\CodeIgniter.php(361): CodeIgniter\CodeIgniter->handleRequest(NULL, Object(Config\Cache), false)
#8 E:\RSGM\public\index.php(79): CodeIgniter\CodeIgniter->run()
#9 E:\RSGM\system\Commands\Server\rewrite.php(47): require_once('E:\\RSGM\\public\\...')
#10 {main}
CRITICAL - 2024-07-02 14:45:54 --> CodeIgniter\Database\Exceptions\DatabaseException: Column 'rm_id' cannot be null
in SYSTEMPATH\Database\BaseConnection.php on line 647.
 1 SYSTEMPATH\Database\BaseBuilder.php(2307): CodeIgniter\Database\BaseConnection->query('INSERT INTO `medical_records` (`rm_id`, `fullname`, `address`, `gender`, `birth_date`, `identity_number`, `birth_place`, `is_return`) VALUES (:rm_id:, :fullname:, :address:, :gender:, :birth_date:, :identity_number:, :birth_place:, :is_return:)', [...], false)
 2 APPPATH\Controllers\RecordMedical.php(257): CodeIgniter\Database\BaseBuilder->insert([...])
 3 SYSTEMPATH\CodeIgniter.php(941): App\Controllers\RecordMedical->importExcel()
 4 SYSTEMPATH\CodeIgniter.php(502): CodeIgniter\CodeIgniter->runController(Object(App\Controllers\RecordMedical))
 5 SYSTEMPATH\CodeIgniter.php(361): CodeIgniter\CodeIgniter->handleRequest(null, Object(Config\Cache), false)
 6 FCPATH\index.php(79): CodeIgniter\CodeIgniter->run()
 7 SYSTEMPATH\Commands\Server\rewrite.php(47): require_once('E:\\RSGM\\public\\index.php')
CRITICAL - 2024-07-02 14:45:54 --> [Caused by] CodeIgniter\Database\Exceptions\DatabaseException: Column 'rm_id' cannot be null
in SYSTEMPATH\Database\MySQLi\Connection.php on line 311.
 1 SYSTEMPATH\Database\BaseConnection.php(693): CodeIgniter\Database\MySQLi\Connection->execute('INSERT INTO `medical_records` (`rm_id`, `fullname`, `address`, `gender`, `birth_date`, `identity_number`, `birth_place`, `is_return`) VALUES (NULL, NULL, NULL, NULL, NULL, NULL, NULL, 2)')
 2 SYSTEMPATH\Database\BaseConnection.php(607): CodeIgniter\Database\BaseConnection->simpleQuery('INSERT INTO `medical_records` (`rm_id`, `fullname`, `address`, `gender`, `birth_date`, `identity_number`, `birth_place`, `is_return`) VALUES (NULL, NULL, NULL, NULL, NULL, NULL, NULL, 2)')
 3 SYSTEMPATH\Database\BaseBuilder.php(2307): CodeIgniter\Database\BaseConnection->query('INSERT INTO `medical_records` (`rm_id`, `fullname`, `address`, `gender`, `birth_date`, `identity_number`, `birth_place`, `is_return`) VALUES (:rm_id:, :fullname:, :address:, :gender:, :birth_date:, :identity_number:, :birth_place:, :is_return:)', [...], false)
 4 APPPATH\Controllers\RecordMedical.php(257): CodeIgniter\Database\BaseBuilder->insert([...])
 5 SYSTEMPATH\CodeIgniter.php(941): App\Controllers\RecordMedical->importExcel()
 6 SYSTEMPATH\CodeIgniter.php(502): CodeIgniter\CodeIgniter->runController(Object(App\Controllers\RecordMedical))
 7 SYSTEMPATH\CodeIgniter.php(361): CodeIgniter\CodeIgniter->handleRequest(null, Object(Config\Cache), false)
 8 FCPATH\index.php(79): CodeIgniter\CodeIgniter->run()
 9 SYSTEMPATH\Commands\Server\rewrite.php(47): require_once('E:\\RSGM\\public\\index.php')
CRITICAL - 2024-07-02 14:45:54 --> [Caused by] mysqli_sql_exception: Column 'rm_id' cannot be null
in SYSTEMPATH\Database\MySQLi\Connection.php on line 306.
 1 SYSTEMPATH\Database\MySQLi\Connection.php(306): mysqli->query('INSERT INTO `medical_records` (`rm_id`, `fullname`, `address`, `gender`, `birth_date`, `identity_number`, `birth_place`, `is_return`) VALUES (NULL, NULL, NULL, NULL, NULL, NULL, NULL, 2)', 0)
 2 SYSTEMPATH\Database\BaseConnection.php(693): CodeIgniter\Database\MySQLi\Connection->execute('INSERT INTO `medical_records` (`rm_id`, `fullname`, `address`, `gender`, `birth_date`, `identity_number`, `birth_place`, `is_return`) VALUES (NULL, NULL, NULL, NULL, NULL, NULL, NULL, 2)')
 3 SYSTEMPATH\Database\BaseConnection.php(607): CodeIgniter\Database\BaseConnection->simpleQuery('INSERT INTO `medical_records` (`rm_id`, `fullname`, `address`, `gender`, `birth_date`, `identity_number`, `birth_place`, `is_return`) VALUES (NULL, NULL, NULL, NULL, NULL, NULL, NULL, 2)')
 4 SYSTEMPATH\Database\BaseBuilder.php(2307): CodeIgniter\Database\BaseConnection->query('INSERT INTO `medical_records` (`rm_id`, `fullname`, `address`, `gender`, `birth_date`, `identity_number`, `birth_place`, `is_return`) VALUES (:rm_id:, :fullname:, :address:, :gender:, :birth_date:, :identity_number:, :birth_place:, :is_return:)', [...], false)
 5 APPPATH\Controllers\RecordMedical.php(257): CodeIgniter\Database\BaseBuilder->insert([...])
 6 SYSTEMPATH\CodeIgniter.php(941): App\Controllers\RecordMedical->importExcel()
 7 SYSTEMPATH\CodeIgniter.php(502): CodeIgniter\CodeIgniter->runController(Object(App\Controllers\RecordMedical))
 8 SYSTEMPATH\CodeIgniter.php(361): CodeIgniter\CodeIgniter->handleRequest(null, Object(Config\Cache), false)
 9 FCPATH\index.php(79): CodeIgniter\CodeIgniter->run()
10 SYSTEMPATH\Commands\Server\rewrite.php(47): require_once('E:\\RSGM\\public\\index.php')
INFO - 2024-07-02 14:46:00 --> Session: Class initialized using 'CodeIgniter\Session\Handlers\FileHandler' driver.
INFO - 2024-07-02 14:47:48 --> Session: Class initialized using 'CodeIgniter\Session\Handlers\FileHandler' driver.
INFO - 2024-07-02 14:47:57 --> Session: Class initialized using 'CodeIgniter\Session\Handlers\FileHandler' driver.
INFO - 2024-07-02 14:48:22 --> Session: Class initialized using 'CodeIgniter\Session\Handlers\FileHandler' driver.
INFO - 2024-07-02 14:49:20 --> Session: Class initialized using 'CodeIgniter\Session\Handlers\FileHandler' driver.
ERROR - 2024-07-02 14:49:20 --> mysqli_sql_exception: Column 'rm_id' cannot be null in E:\RSGM\system\Database\MySQLi\Connection.php:306
Stack trace:
#0 E:\RSGM\system\Database\MySQLi\Connection.php(306): mysqli->query('INSERT INTO `me...', 0)
#1 E:\RSGM\system\Database\BaseConnection.php(693): CodeIgniter\Database\MySQLi\Connection->execute('INSERT INTO `me...')
#2 E:\RSGM\system\Database\BaseConnection.php(607): CodeIgniter\Database\BaseConnection->simpleQuery('INSERT INTO `me...')
#3 E:\RSGM\system\Database\BaseBuilder.php(2307): CodeIgniter\Database\BaseConnection->query('INSERT INTO `me...', Array, false)
#4 E:\RSGM\app\Controllers\RecordMedical.php(257): CodeIgniter\Database\BaseBuilder->insert(Array)
#5 E:\RSGM\system\CodeIgniter.php(941): App\Controllers\RecordMedical->importExcel()
#6 E:\RSGM\system\CodeIgniter.php(502): CodeIgniter\CodeIgniter->runController(Object(App\Controllers\RecordMedical))
#7 E:\RSGM\system\CodeIgniter.php(361): CodeIgniter\CodeIgniter->handleRequest(NULL, Object(Config\Cache), false)
#8 E:\RSGM\public\index.php(79): CodeIgniter\CodeIgniter->run()
#9 E:\RSGM\system\Commands\Server\rewrite.php(47): require_once('E:\\RSGM\\public\\...')
#10 {main}
CRITICAL - 2024-07-02 14:49:20 --> CodeIgniter\Database\Exceptions\DatabaseException: Column 'rm_id' cannot be null
in SYSTEMPATH\Database\BaseConnection.php on line 647.
 1 SYSTEMPATH\Database\BaseBuilder.php(2307): CodeIgniter\Database\BaseConnection->query('INSERT INTO `medical_records` (`rm_id`, `fullname`, `address`, `gender`, `birth_date`, `identity_number`, `birth_place`, `is_return`) VALUES (:rm_id:, :fullname:, :address:, :gender:, :birth_date:, :identity_number:, :birth_place:, :is_return:)', [...], false)
 2 APPPATH\Controllers\RecordMedical.php(257): CodeIgniter\Database\BaseBuilder->insert([...])
 3 SYSTEMPATH\CodeIgniter.php(941): App\Controllers\RecordMedical->importExcel()
 4 SYSTEMPATH\CodeIgniter.php(502): CodeIgniter\CodeIgniter->runController(Object(App\Controllers\RecordMedical))
 5 SYSTEMPATH\CodeIgniter.php(361): CodeIgniter\CodeIgniter->handleRequest(null, Object(Config\Cache), false)
 6 FCPATH\index.php(79): CodeIgniter\CodeIgniter->run()
 7 SYSTEMPATH\Commands\Server\rewrite.php(47): require_once('E:\\RSGM\\public\\index.php')
CRITICAL - 2024-07-02 14:49:20 --> [Caused by] CodeIgniter\Database\Exceptions\DatabaseException: Column 'rm_id' cannot be null
in SYSTEMPATH\Database\MySQLi\Connection.php on line 311.
 1 SYSTEMPATH\Database\BaseConnection.php(693): CodeIgniter\Database\MySQLi\Connection->execute('INSERT INTO `medical_records` (`rm_id`, `fullname`, `address`, `gender`, `birth_date`, `identity_number`, `birth_place`, `is_return`) VALUES (NULL, NULL, NULL, NULL, \' \', NULL, NULL, 2)')
 2 SYSTEMPATH\Database\BaseConnection.php(607): CodeIgniter\Database\BaseConnection->simpleQuery('INSERT INTO `medical_records` (`rm_id`, `fullname`, `address`, `gender`, `birth_date`, `identity_number`, `birth_place`, `is_return`) VALUES (NULL, NULL, NULL, NULL, \' \', NULL, NULL, 2)')
 3 SYSTEMPATH\Database\BaseBuilder.php(2307): CodeIgniter\Database\BaseConnection->query('INSERT INTO `medical_records` (`rm_id`, `fullname`, `address`, `gender`, `birth_date`, `identity_number`, `birth_place`, `is_return`) VALUES (:rm_id:, :fullname:, :address:, :gender:, :birth_date:, :identity_number:, :birth_place:, :is_return:)', [...], false)
 4 APPPATH\Controllers\RecordMedical.php(257): CodeIgniter\Database\BaseBuilder->insert([...])
 5 SYSTEMPATH\CodeIgniter.php(941): App\Controllers\RecordMedical->importExcel()
 6 SYSTEMPATH\CodeIgniter.php(502): CodeIgniter\CodeIgniter->runController(Object(App\Controllers\RecordMedical))
 7 SYSTEMPATH\CodeIgniter.php(361): CodeIgniter\CodeIgniter->handleRequest(null, Object(Config\Cache), false)
 8 FCPATH\index.php(79): CodeIgniter\CodeIgniter->run()
 9 SYSTEMPATH\Commands\Server\rewrite.php(47): require_once('E:\\RSGM\\public\\index.php')
CRITICAL - 2024-07-02 14:49:20 --> [Caused by] mysqli_sql_exception: Column 'rm_id' cannot be null
in SYSTEMPATH\Database\MySQLi\Connection.php on line 306.
 1 SYSTEMPATH\Database\MySQLi\Connection.php(306): mysqli->query('INSERT INTO `medical_records` (`rm_id`, `fullname`, `address`, `gender`, `birth_date`, `identity_number`, `birth_place`, `is_return`) VALUES (NULL, NULL, NULL, NULL, \' \', NULL, NULL, 2)', 0)
 2 SYSTEMPATH\Database\BaseConnection.php(693): CodeIgniter\Database\MySQLi\Connection->execute('INSERT INTO `medical_records` (`rm_id`, `fullname`, `address`, `gender`, `birth_date`, `identity_number`, `birth_place`, `is_return`) VALUES (NULL, NULL, NULL, NULL, \' \', NULL, NULL, 2)')
 3 SYSTEMPATH\Database\BaseConnection.php(607): CodeIgniter\Database\BaseConnection->simpleQuery('INSERT INTO `medical_records` (`rm_id`, `fullname`, `address`, `gender`, `birth_date`, `identity_number`, `birth_place`, `is_return`) VALUES (NULL, NULL, NULL, NULL, \' \', NULL, NULL, 2)')
 4 SYSTEMPATH\Database\BaseBuilder.php(2307): CodeIgniter\Database\BaseConnection->query('INSERT INTO `medical_records` (`rm_id`, `fullname`, `address`, `gender`, `birth_date`, `identity_number`, `birth_place`, `is_return`) VALUES (:rm_id:, :fullname:, :address:, :gender:, :birth_date:, :identity_number:, :birth_place:, :is_return:)', [...], false)
 5 APPPATH\Controllers\RecordMedical.php(257): CodeIgniter\Database\BaseBuilder->insert([...])
 6 SYSTEMPATH\CodeIgniter.php(941): App\Controllers\RecordMedical->importExcel()
 7 SYSTEMPATH\CodeIgniter.php(502): CodeIgniter\CodeIgniter->runController(Object(App\Controllers\RecordMedical))
 8 SYSTEMPATH\CodeIgniter.php(361): CodeIgniter\CodeIgniter->handleRequest(null, Object(Config\Cache), false)
 9 FCPATH\index.php(79): CodeIgniter\CodeIgniter->run()
10 SYSTEMPATH\Commands\Server\rewrite.php(47): require_once('E:\\RSGM\\public\\index.php')
INFO - 2024-07-02 14:49:26 --> Session: Class initialized using 'CodeIgniter\Session\Handlers\FileHandler' driver.
INFO - 2024-07-02 14:51:30 --> Session: Class initialized using 'CodeIgniter\Session\Handlers\FileHandler' driver.
INFO - 2024-07-02 14:52:16 --> Session: Class initialized using 'CodeIgniter\Session\Handlers\FileHandler' driver.
INFO - 2024-07-02 14:52:19 --> Session: Class initialized using 'CodeIgniter\Session\Handlers\FileHandler' driver.
INFO - 2024-07-02 14:52:48 --> Session: Class initialized using 'CodeIgniter\Session\Handlers\FileHandler' driver.
INFO - 2024-07-02 14:52:56 --> Session: Class initialized using 'CodeIgniter\Session\Handlers\FileHandler' driver.
INFO - 2024-07-02 14:53:05 --> Session: Class initialized using 'CodeIgniter\Session\Handlers\FileHandler' driver.
INFO - 2024-07-02 14:54:01 --> Session: Class initialized using 'CodeIgniter\Session\Handlers\FileHandler' driver.
INFO - 2024-07-02 14:54:02 --> Session: Class initialized using 'CodeIgniter\Session\Handlers\FileHandler' driver.
INFO - 2024-07-02 14:54:10 --> Session: Class initialized using 'CodeIgniter\Session\Handlers\FileHandler' driver.
INFO - 2024-07-02 14:54:33 --> Session: Class initialized using 'CodeIgniter\Session\Handlers\FileHandler' driver.
INFO - 2024-07-02 14:54:34 --> Session: Class initialized using 'CodeIgniter\Session\Handlers\FileHandler' driver.
INFO - 2024-07-02 14:54:42 --> Session: Class initialized using 'CodeIgniter\Session\Handlers\FileHandler' driver.
INFO - 2024-07-02 14:57:19 --> Session: Class initialized using 'CodeIgniter\Session\Handlers\FileHandler' driver.
INFO - 2024-07-02 14:57:45 --> Session: Class initialized using 'CodeIgniter\Session\Handlers\FileHandler' driver.
INFO - 2024-07-02 14:58:10 --> Session: Class initialized using 'CodeIgniter\Session\Handlers\FileHandler' driver.
INFO - 2024-07-02 14:58:30 --> Session: Class initialized using 'CodeIgniter\Session\Handlers\FileHandler' driver.
INFO - 2024-07-02 14:58:44 --> Session: Class initialized using 'CodeIgniter\Session\Handlers\FileHandler' driver.
INFO - 2024-07-02 15:00:00 --> Session: Class initialized using 'CodeIgniter\Session\Handlers\FileHandler' driver.
INFO - 2024-07-02 15:01:16 --> Session: Class initialized using 'CodeIgniter\Session\Handlers\FileHandler' driver.
INFO - 2024-07-02 15:01:33 --> Session: Class initialized using 'CodeIgniter\Session\Handlers\FileHandler' driver.
INFO - 2024-07-02 15:03:57 --> Session: Class initialized using 'CodeIgniter\Session\Handlers\FileHandler' driver.
INFO - 2024-07-02 15:04:43 --> Session: Class initialized using 'CodeIgniter\Session\Handlers\FileHandler' driver.
INFO - 2024-07-02 15:05:02 --> Session: Class initialized using 'CodeIgniter\Session\Handlers\FileHandler' driver.
INFO - 2024-07-02 15:05:34 --> Session: Class initialized using 'CodeIgniter\Session\Handlers\FileHandler' driver.
INFO - 2024-07-02 15:06:13 --> Session: Class initialized using 'CodeIgniter\Session\Handlers\FileHandler' driver.
INFO - 2024-07-02 15:06:37 --> Session: Class initialized using 'CodeIgniter\Session\Handlers\FileHandler' driver.
INFO - 2024-07-02 15:06:39 --> Session: Class initialized using 'CodeIgniter\Session\Handlers\FileHandler' driver.
INFO - 2024-07-02 15:06:46 --> Session: Class initialized using 'CodeIgniter\Session\Handlers\FileHandler' driver.
INFO - 2024-07-02 15:09:52 --> Session: Class initialized using 'CodeIgniter\Session\Handlers\FileHandler' driver.
INFO - 2024-07-02 15:11:08 --> Session: Class initialized using 'CodeIgniter\Session\Handlers\FileHandler' driver.
INFO - 2024-07-02 15:11:17 --> Session: Class initialized using 'CodeIgniter\Session\Handlers\FileHandler' driver.
INFO - 2024-07-02 15:11:39 --> Session: Class initialized using 'CodeIgniter\Session\Handlers\FileHandler' driver.
INFO - 2024-07-02 15:11:43 --> Session: Class initialized using 'CodeIgniter\Session\Handlers\FileHandler' driver.
INFO - 2024-07-02 15:13:38 --> Session: Class initialized using 'CodeIgniter\Session\Handlers\FileHandler' driver.
INFO - 2024-07-02 15:13:42 --> Session: Class initialized using 'CodeIgniter\Session\Handlers\FileHandler' driver.
INFO - 2024-07-02 15:14:44 --> Session: Class initialized using 'CodeIgniter\Session\Handlers\FileHandler' driver.
INFO - 2024-07-02 15:14:59 --> Session: Class initialized using 'CodeIgniter\Session\Handlers\FileHandler' driver.
INFO - 2024-07-02 15:15:31 --> Session: Class initialized using 'CodeIgniter\Session\Handlers\FileHandler' driver.
INFO - 2024-07-02 15:15:35 --> Session: Class initialized using 'CodeIgniter\Session\Handlers\FileHandler' driver.
INFO - 2024-07-02 15:16:10 --> Session: Class initialized using 'CodeIgniter\Session\Handlers\FileHandler' driver.
INFO - 2024-07-02 15:16:13 --> Session: Class initialized using 'CodeIgniter\Session\Handlers\FileHandler' driver.
INFO - 2024-07-02 15:17:57 --> Session: Class initialized using 'CodeIgniter\Session\Handlers\FileHandler' driver.
INFO - 2024-07-02 15:18:49 --> Session: Class initialized using 'CodeIgniter\Session\Handlers\FileHandler' driver.
INFO - 2024-07-02 15:19:43 --> Session: Class initialized using 'CodeIgniter\Session\Handlers\FileHandler' driver.
INFO - 2024-07-02 15:21:00 --> Session: Class initialized using 'CodeIgniter\Session\Handlers\FileHandler' driver.
INFO - 2024-07-02 15:21:07 --> Session: Class initialized using 'CodeIgniter\Session\Handlers\FileHandler' driver.
INFO - 2024-07-02 15:35:53 --> Session: Class initialized using 'CodeIgniter\Session\Handlers\FileHandler' driver.
INFO - 2024-07-02 15:36:24 --> Session: Class initialized using 'CodeIgniter\Session\Handlers\FileHandler' driver.
INFO - 2024-07-02 15:37:51 --> Session: Class initialized using 'CodeIgniter\Session\Handlers\FileHandler' driver.
INFO - 2024-07-02 15:37:56 --> Session: Class initialized using 'CodeIgniter\Session\Handlers\FileHandler' driver.
INFO - 2024-07-02 15:39:04 --> Session: Class initialized using 'CodeIgniter\Session\Handlers\FileHandler' driver.
INFO - 2024-07-02 15:39:34 --> Session: Class initialized using 'CodeIgniter\Session\Handlers\FileHandler' driver.
INFO - 2024-07-02 15:39:35 --> Session: Class initialized using 'CodeIgniter\Session\Handlers\FileHandler' driver.
INFO - 2024-07-02 15:39:37 --> Session: Class initialized using 'CodeIgniter\Session\Handlers\FileHandler' driver.
INFO - 2024-07-02 15:39:46 --> Session: Class initialized using 'CodeIgniter\Session\Handlers\FileHandler' driver.
INFO - 2024-07-02 15:40:45 --> Session: Class initialized using 'CodeIgniter\Session\Handlers\FileHandler' driver.
INFO - 2024-07-02 15:40:47 --> Session: Class initialized using 'CodeIgniter\Session\Handlers\FileHandler' driver.
INFO - 2024-07-02 15:40:57 --> Session: Class initialized using 'CodeIgniter\Session\Handlers\FileHandler' driver.
INFO - 2024-07-02 15:40:57 --> Session: Class initialized using 'CodeIgniter\Session\Handlers\FileHandler' driver.
INFO - 2024-07-02 15:42:34 --> Session: Class initialized using 'CodeIgniter\Session\Handlers\FileHandler' driver.
INFO - 2024-07-02 15:42:44 --> Session: Class initialized using 'CodeIgniter\Session\Handlers\FileHandler' driver.
INFO - 2024-07-02 15:42:44 --> Session: Class initialized using 'CodeIgniter\Session\Handlers\FileHandler' driver.
