INFO - 2024-07-08 07:26:16 --> Session: Class initialized using 'CodeIgniter\Session\Handlers\FileHandler' driver.
INFO - 2024-07-08 07:45:01 --> Session: Class initialized using 'CodeIgniter\Session\Handlers\FileHandler' driver.
INFO - 2024-07-08 07:45:05 --> Session: Class initialized using 'CodeIgniter\Session\Handlers\FileHandler' driver.
INFO - 2024-07-08 07:49:42 --> Session: Class initialized using 'CodeIgniter\Session\Handlers\FileHandler' driver.
INFO - 2024-07-08 07:49:58 --> Session: Class initialized using 'CodeIgniter\Session\Handlers\FileHandler' driver.
INFO - 2024-07-08 07:49:58 --> Session: Class initialized using 'CodeIgniter\Session\Handlers\FileHandler' driver.
INFO - 2024-07-08 07:50:01 --> Session: Class initialized using 'CodeIgniter\Session\Handlers\FileHandler' driver.
INFO - 2024-07-08 07:50:02 --> Session: Class initialized using 'CodeIgniter\Session\Handlers\FileHandler' driver.
INFO - 2024-07-08 07:50:10 --> Session: Class initialized using 'CodeIgniter\Session\Handlers\FileHandler' driver.
INFO - 2024-07-08 07:50:11 --> Session: Class initialized using 'CodeIgniter\Session\Handlers\FileHandler' driver.
INFO - 2024-07-08 07:50:18 --> Session: Class initialized using 'CodeIgniter\Session\Handlers\FileHandler' driver.
INFO - 2024-07-08 07:50:18 --> Session: Class initialized using 'CodeIgniter\Session\Handlers\FileHandler' driver.
INFO - 2024-07-08 07:50:24 --> Session: Class initialized using 'CodeIgniter\Session\Handlers\FileHandler' driver.
INFO - 2024-07-08 07:50:24 --> Session: Class initialized using 'CodeIgniter\Session\Handlers\FileHandler' driver.
INFO - 2024-07-08 07:50:31 --> Session: Class initialized using 'CodeIgniter\Session\Handlers\FileHandler' driver.
INFO - 2024-07-08 07:50:31 --> Session: Class initialized using 'CodeIgniter\Session\Handlers\FileHandler' driver.
INFO - 2024-07-08 07:50:37 --> Session: Class initialized using 'CodeIgniter\Session\Handlers\FileHandler' driver.
INFO - 2024-07-08 07:50:37 --> Session: Class initialized using 'CodeIgniter\Session\Handlers\FileHandler' driver.
INFO - 2024-07-08 07:50:42 --> Session: Class initialized using 'CodeIgniter\Session\Handlers\FileHandler' driver.
INFO - 2024-07-08 07:50:43 --> Session: Class initialized using 'CodeIgniter\Session\Handlers\FileHandler' driver.
INFO - 2024-07-08 07:50:48 --> Session: Class initialized using 'CodeIgniter\Session\Handlers\FileHandler' driver.
INFO - 2024-07-08 07:50:48 --> Session: Class initialized using 'CodeIgniter\Session\Handlers\FileHandler' driver.
INFO - 2024-07-08 07:58:23 --> Session: Class initialized using 'CodeIgniter\Session\Handlers\FileHandler' driver.
INFO - 2024-07-08 07:58:33 --> Session: Class initialized using 'CodeIgniter\Session\Handlers\FileHandler' driver.
INFO - 2024-07-08 08:36:14 --> Session: Class initialized using 'CodeIgniter\Session\Handlers\FileHandler' driver.
INFO - 2024-07-08 08:36:25 --> Session: Class initialized using 'CodeIgniter\Session\Handlers\FileHandler' driver.
INFO - 2024-07-08 08:36:29 --> Session: Class initialized using 'CodeIgniter\Session\Handlers\FileHandler' driver.
INFO - 2024-07-08 08:36:58 --> Session: Class initialized using 'CodeIgniter\Session\Handlers\FileHandler' driver.
INFO - 2024-07-08 08:37:09 --> Session: Class initialized using 'CodeIgniter\Session\Handlers\FileHandler' driver.
ERROR - 2024-07-08 08:37:16 --> mysqli_sql_exception: Column 'rm_id' cannot be null in F:\xampp\htdocs\rsgm-main\system\Database\MySQLi\Connection.php:306
Stack trace:
#0 F:\xampp\htdocs\rsgm-main\system\Database\MySQLi\Connection.php(306): mysqli->query('INSERT INTO `me...', 0)
#1 F:\xampp\htdocs\rsgm-main\system\Database\BaseConnection.php(693): CodeIgniter\Database\MySQLi\Connection->execute('INSERT INTO `me...')
#2 F:\xampp\htdocs\rsgm-main\system\Database\BaseConnection.php(607): CodeIgniter\Database\BaseConnection->simpleQuery('INSERT INTO `me...')
#3 F:\xampp\htdocs\rsgm-main\system\Database\BaseBuilder.php(2307): CodeIgniter\Database\BaseConnection->query('INSERT INTO `me...', Array, false)
#4 F:\xampp\htdocs\rsgm-main\app\Controllers\RecordMedical.php(259): CodeIgniter\Database\BaseBuilder->insert(Array)
#5 F:\xampp\htdocs\rsgm-main\system\CodeIgniter.php(941): App\Controllers\RecordMedical->importExcel()
#6 F:\xampp\htdocs\rsgm-main\system\CodeIgniter.php(502): CodeIgniter\CodeIgniter->runController(Object(App\Controllers\RecordMedical))
#7 F:\xampp\htdocs\rsgm-main\system\CodeIgniter.php(361): CodeIgniter\CodeIgniter->handleRequest(NULL, Object(Config\Cache), false)
#8 F:\xampp\htdocs\rsgm-main\public\index.php(79): CodeIgniter\CodeIgniter->run()
#9 F:\xampp\htdocs\rsgm-main\system\Commands\Server\rewrite.php(47): require_once('F:\\xampp\\htdocs...')
#10 {main}
CRITICAL - 2024-07-08 08:37:16 --> CodeIgniter\Database\Exceptions\DatabaseException: Column 'rm_id' cannot be null
in SYSTEMPATH\Database\BaseConnection.php on line 647.
 1 SYSTEMPATH\Database\BaseBuilder.php(2307): CodeIgniter\Database\BaseConnection->query('INSERT INTO `medical_records` (`rm_id`, `fullname`, `address`, `gender`, `birth_date`, `identity_number`, `birth_place`, `is_return`) VALUES (:rm_id:, :fullname:, :address:, :gender:, :birth_date:, :identity_number:, :birth_place:, :is_return:)', [...], false)
 2 APPPATH\Controllers\RecordMedical.php(259): CodeIgniter\Database\BaseBuilder->insert([...])
 3 SYSTEMPATH\CodeIgniter.php(941): App\Controllers\RecordMedical->importExcel()
 4 SYSTEMPATH\CodeIgniter.php(502): CodeIgniter\CodeIgniter->runController(Object(App\Controllers\RecordMedical))
 5 SYSTEMPATH\CodeIgniter.php(361): CodeIgniter\CodeIgniter->handleRequest(null, Object(Config\Cache), false)
 6 FCPATH\index.php(79): CodeIgniter\CodeIgniter->run()
 7 SYSTEMPATH\Commands\Server\rewrite.php(47): require_once('F:\\xampp\\htdocs\\rsgm-main\\public\\index.php')
CRITICAL - 2024-07-08 08:37:16 --> [Caused by] CodeIgniter\Database\Exceptions\DatabaseException: Column 'rm_id' cannot be null
in SYSTEMPATH\Database\MySQLi\Connection.php on line 311.
 1 SYSTEMPATH\Database\BaseConnection.php(693): CodeIgniter\Database\MySQLi\Connection->execute('INSERT INTO `medical_records` (`rm_id`, `fullname`, `address`, `gender`, `birth_date`, `identity_number`, `birth_place`, `is_return`) VALUES (NULL, NULL, NULL, NULL, NULL, NULL, NULL, 2)')
 2 SYSTEMPATH\Database\BaseConnection.php(607): CodeIgniter\Database\BaseConnection->simpleQuery('INSERT INTO `medical_records` (`rm_id`, `fullname`, `address`, `gender`, `birth_date`, `identity_number`, `birth_place`, `is_return`) VALUES (NULL, NULL, NULL, NULL, NULL, NULL, NULL, 2)')
 3 SYSTEMPATH\Database\BaseBuilder.php(2307): CodeIgniter\Database\BaseConnection->query('INSERT INTO `medical_records` (`rm_id`, `fullname`, `address`, `gender`, `birth_date`, `identity_number`, `birth_place`, `is_return`) VALUES (:rm_id:, :fullname:, :address:, :gender:, :birth_date:, :identity_number:, :birth_place:, :is_return:)', [...], false)
 4 APPPATH\Controllers\RecordMedical.php(259): CodeIgniter\Database\BaseBuilder->insert([...])
 5 SYSTEMPATH\CodeIgniter.php(941): App\Controllers\RecordMedical->importExcel()
 6 SYSTEMPATH\CodeIgniter.php(502): CodeIgniter\CodeIgniter->runController(Object(App\Controllers\RecordMedical))
 7 SYSTEMPATH\CodeIgniter.php(361): CodeIgniter\CodeIgniter->handleRequest(null, Object(Config\Cache), false)
 8 FCPATH\index.php(79): CodeIgniter\CodeIgniter->run()
 9 SYSTEMPATH\Commands\Server\rewrite.php(47): require_once('F:\\xampp\\htdocs\\rsgm-main\\public\\index.php')
CRITICAL - 2024-07-08 08:37:16 --> [Caused by] mysqli_sql_exception: Column 'rm_id' cannot be null
in SYSTEMPATH\Database\MySQLi\Connection.php on line 306.
 1 SYSTEMPATH\Database\MySQLi\Connection.php(306): mysqli->query('INSERT INTO `medical_records` (`rm_id`, `fullname`, `address`, `gender`, `birth_date`, `identity_number`, `birth_place`, `is_return`) VALUES (NULL, NULL, NULL, NULL, NULL, NULL, NULL, 2)', 0)
 2 SYSTEMPATH\Database\BaseConnection.php(693): CodeIgniter\Database\MySQLi\Connection->execute('INSERT INTO `medical_records` (`rm_id`, `fullname`, `address`, `gender`, `birth_date`, `identity_number`, `birth_place`, `is_return`) VALUES (NULL, NULL, NULL, NULL, NULL, NULL, NULL, 2)')
 3 SYSTEMPATH\Database\BaseConnection.php(607): CodeIgniter\Database\BaseConnection->simpleQuery('INSERT INTO `medical_records` (`rm_id`, `fullname`, `address`, `gender`, `birth_date`, `identity_number`, `birth_place`, `is_return`) VALUES (NULL, NULL, NULL, NULL, NULL, NULL, NULL, 2)')
 4 SYSTEMPATH\Database\BaseBuilder.php(2307): CodeIgniter\Database\BaseConnection->query('INSERT INTO `medical_records` (`rm_id`, `fullname`, `address`, `gender`, `birth_date`, `identity_number`, `birth_place`, `is_return`) VALUES (:rm_id:, :fullname:, :address:, :gender:, :birth_date:, :identity_number:, :birth_place:, :is_return:)', [...], false)
 5 APPPATH\Controllers\RecordMedical.php(259): CodeIgniter\Database\BaseBuilder->insert([...])
 6 SYSTEMPATH\CodeIgniter.php(941): App\Controllers\RecordMedical->importExcel()
 7 SYSTEMPATH\CodeIgniter.php(502): CodeIgniter\CodeIgniter->runController(Object(App\Controllers\RecordMedical))
 8 SYSTEMPATH\CodeIgniter.php(361): CodeIgniter\CodeIgniter->handleRequest(null, Object(Config\Cache), false)
 9 FCPATH\index.php(79): CodeIgniter\CodeIgniter->run()
10 SYSTEMPATH\Commands\Server\rewrite.php(47): require_once('F:\\xampp\\htdocs\\rsgm-main\\public\\index.php')
INFO - 2024-07-08 08:38:17 --> Session: Class initialized using 'CodeIgniter\Session\Handlers\FileHandler' driver.
ERROR - 2024-07-08 08:38:17 --> mysqli_sql_exception: Column 'rm_id' cannot be null in F:\xampp\htdocs\rsgm-main\system\Database\MySQLi\Connection.php:306
Stack trace:
#0 F:\xampp\htdocs\rsgm-main\system\Database\MySQLi\Connection.php(306): mysqli->query('INSERT INTO `me...', 0)
#1 F:\xampp\htdocs\rsgm-main\system\Database\BaseConnection.php(693): CodeIgniter\Database\MySQLi\Connection->execute('INSERT INTO `me...')
#2 F:\xampp\htdocs\rsgm-main\system\Database\BaseConnection.php(607): CodeIgniter\Database\BaseConnection->simpleQuery('INSERT INTO `me...')
#3 F:\xampp\htdocs\rsgm-main\system\Database\BaseBuilder.php(2307): CodeIgniter\Database\BaseConnection->query('INSERT INTO `me...', Array, false)
#4 F:\xampp\htdocs\rsgm-main\app\Controllers\RecordMedical.php(259): CodeIgniter\Database\BaseBuilder->insert(Array)
#5 F:\xampp\htdocs\rsgm-main\system\CodeIgniter.php(941): App\Controllers\RecordMedical->importExcel()
#6 F:\xampp\htdocs\rsgm-main\system\CodeIgniter.php(502): CodeIgniter\CodeIgniter->runController(Object(App\Controllers\RecordMedical))
#7 F:\xampp\htdocs\rsgm-main\system\CodeIgniter.php(361): CodeIgniter\CodeIgniter->handleRequest(NULL, Object(Config\Cache), false)
#8 F:\xampp\htdocs\rsgm-main\public\index.php(79): CodeIgniter\CodeIgniter->run()
#9 F:\xampp\htdocs\rsgm-main\system\Commands\Server\rewrite.php(47): require_once('F:\\xampp\\htdocs...')
#10 {main}
CRITICAL - 2024-07-08 08:38:17 --> CodeIgniter\Database\Exceptions\DatabaseException: Column 'rm_id' cannot be null
in SYSTEMPATH\Database\BaseConnection.php on line 647.
 1 SYSTEMPATH\Database\BaseBuilder.php(2307): CodeIgniter\Database\BaseConnection->query('INSERT INTO `medical_records` (`rm_id`, `fullname`, `address`, `gender`, `birth_date`, `identity_number`, `birth_place`, `is_return`) VALUES (:rm_id:, :fullname:, :address:, :gender:, :birth_date:, :identity_number:, :birth_place:, :is_return:)', [...], false)
 2 APPPATH\Controllers\RecordMedical.php(259): CodeIgniter\Database\BaseBuilder->insert([...])
 3 SYSTEMPATH\CodeIgniter.php(941): App\Controllers\RecordMedical->importExcel()
 4 SYSTEMPATH\CodeIgniter.php(502): CodeIgniter\CodeIgniter->runController(Object(App\Controllers\RecordMedical))
 5 SYSTEMPATH\CodeIgniter.php(361): CodeIgniter\CodeIgniter->handleRequest(null, Object(Config\Cache), false)
 6 FCPATH\index.php(79): CodeIgniter\CodeIgniter->run()
 7 SYSTEMPATH\Commands\Server\rewrite.php(47): require_once('F:\\xampp\\htdocs\\rsgm-main\\public\\index.php')
CRITICAL - 2024-07-08 08:38:17 --> [Caused by] CodeIgniter\Database\Exceptions\DatabaseException: Column 'rm_id' cannot be null
in SYSTEMPATH\Database\MySQLi\Connection.php on line 311.
 1 SYSTEMPATH\Database\BaseConnection.php(693): CodeIgniter\Database\MySQLi\Connection->execute('INSERT INTO `medical_records` (`rm_id`, `fullname`, `address`, `gender`, `birth_date`, `identity_number`, `birth_place`, `is_return`) VALUES (NULL, NULL, NULL, NULL, NULL, NULL, NULL, 2)')
 2 SYSTEMPATH\Database\BaseConnection.php(607): CodeIgniter\Database\BaseConnection->simpleQuery('INSERT INTO `medical_records` (`rm_id`, `fullname`, `address`, `gender`, `birth_date`, `identity_number`, `birth_place`, `is_return`) VALUES (NULL, NULL, NULL, NULL, NULL, NULL, NULL, 2)')
 3 SYSTEMPATH\Database\BaseBuilder.php(2307): CodeIgniter\Database\BaseConnection->query('INSERT INTO `medical_records` (`rm_id`, `fullname`, `address`, `gender`, `birth_date`, `identity_number`, `birth_place`, `is_return`) VALUES (:rm_id:, :fullname:, :address:, :gender:, :birth_date:, :identity_number:, :birth_place:, :is_return:)', [...], false)
 4 APPPATH\Controllers\RecordMedical.php(259): CodeIgniter\Database\BaseBuilder->insert([...])
 5 SYSTEMPATH\CodeIgniter.php(941): App\Controllers\RecordMedical->importExcel()
 6 SYSTEMPATH\CodeIgniter.php(502): CodeIgniter\CodeIgniter->runController(Object(App\Controllers\RecordMedical))
 7 SYSTEMPATH\CodeIgniter.php(361): CodeIgniter\CodeIgniter->handleRequest(null, Object(Config\Cache), false)
 8 FCPATH\index.php(79): CodeIgniter\CodeIgniter->run()
 9 SYSTEMPATH\Commands\Server\rewrite.php(47): require_once('F:\\xampp\\htdocs\\rsgm-main\\public\\index.php')
CRITICAL - 2024-07-08 08:38:17 --> [Caused by] mysqli_sql_exception: Column 'rm_id' cannot be null
in SYSTEMPATH\Database\MySQLi\Connection.php on line 306.
 1 SYSTEMPATH\Database\MySQLi\Connection.php(306): mysqli->query('INSERT INTO `medical_records` (`rm_id`, `fullname`, `address`, `gender`, `birth_date`, `identity_number`, `birth_place`, `is_return`) VALUES (NULL, NULL, NULL, NULL, NULL, NULL, NULL, 2)', 0)
 2 SYSTEMPATH\Database\BaseConnection.php(693): CodeIgniter\Database\MySQLi\Connection->execute('INSERT INTO `medical_records` (`rm_id`, `fullname`, `address`, `gender`, `birth_date`, `identity_number`, `birth_place`, `is_return`) VALUES (NULL, NULL, NULL, NULL, NULL, NULL, NULL, 2)')
 3 SYSTEMPATH\Database\BaseConnection.php(607): CodeIgniter\Database\BaseConnection->simpleQuery('INSERT INTO `medical_records` (`rm_id`, `fullname`, `address`, `gender`, `birth_date`, `identity_number`, `birth_place`, `is_return`) VALUES (NULL, NULL, NULL, NULL, NULL, NULL, NULL, 2)')
 4 SYSTEMPATH\Database\BaseBuilder.php(2307): CodeIgniter\Database\BaseConnection->query('INSERT INTO `medical_records` (`rm_id`, `fullname`, `address`, `gender`, `birth_date`, `identity_number`, `birth_place`, `is_return`) VALUES (:rm_id:, :fullname:, :address:, :gender:, :birth_date:, :identity_number:, :birth_place:, :is_return:)', [...], false)
 5 APPPATH\Controllers\RecordMedical.php(259): CodeIgniter\Database\BaseBuilder->insert([...])
 6 SYSTEMPATH\CodeIgniter.php(941): App\Controllers\RecordMedical->importExcel()
 7 SYSTEMPATH\CodeIgniter.php(502): CodeIgniter\CodeIgniter->runController(Object(App\Controllers\RecordMedical))
 8 SYSTEMPATH\CodeIgniter.php(361): CodeIgniter\CodeIgniter->handleRequest(null, Object(Config\Cache), false)
 9 FCPATH\index.php(79): CodeIgniter\CodeIgniter->run()
10 SYSTEMPATH\Commands\Server\rewrite.php(47): require_once('F:\\xampp\\htdocs\\rsgm-main\\public\\index.php')
INFO - 2024-07-08 08:38:22 --> Session: Class initialized using 'CodeIgniter\Session\Handlers\FileHandler' driver.
ERROR - 2024-07-08 08:38:22 --> mysqli_sql_exception: Column 'rm_id' cannot be null in F:\xampp\htdocs\rsgm-main\system\Database\MySQLi\Connection.php:306
Stack trace:
#0 F:\xampp\htdocs\rsgm-main\system\Database\MySQLi\Connection.php(306): mysqli->query('INSERT INTO `me...', 0)
#1 F:\xampp\htdocs\rsgm-main\system\Database\BaseConnection.php(693): CodeIgniter\Database\MySQLi\Connection->execute('INSERT INTO `me...')
#2 F:\xampp\htdocs\rsgm-main\system\Database\BaseConnection.php(607): CodeIgniter\Database\BaseConnection->simpleQuery('INSERT INTO `me...')
#3 F:\xampp\htdocs\rsgm-main\system\Database\BaseBuilder.php(2307): CodeIgniter\Database\BaseConnection->query('INSERT INTO `me...', Array, false)
#4 F:\xampp\htdocs\rsgm-main\app\Controllers\RecordMedical.php(259): CodeIgniter\Database\BaseBuilder->insert(Array)
#5 F:\xampp\htdocs\rsgm-main\system\CodeIgniter.php(941): App\Controllers\RecordMedical->importExcel()
#6 F:\xampp\htdocs\rsgm-main\system\CodeIgniter.php(502): CodeIgniter\CodeIgniter->runController(Object(App\Controllers\RecordMedical))
#7 F:\xampp\htdocs\rsgm-main\system\CodeIgniter.php(361): CodeIgniter\CodeIgniter->handleRequest(NULL, Object(Config\Cache), false)
#8 F:\xampp\htdocs\rsgm-main\public\index.php(79): CodeIgniter\CodeIgniter->run()
#9 F:\xampp\htdocs\rsgm-main\system\Commands\Server\rewrite.php(47): require_once('F:\\xampp\\htdocs...')
#10 {main}
CRITICAL - 2024-07-08 08:38:22 --> CodeIgniter\Database\Exceptions\DatabaseException: Column 'rm_id' cannot be null
in SYSTEMPATH\Database\BaseConnection.php on line 647.
 1 SYSTEMPATH\Database\BaseBuilder.php(2307): CodeIgniter\Database\BaseConnection->query('INSERT INTO `medical_records` (`rm_id`, `fullname`, `address`, `gender`, `birth_date`, `identity_number`, `birth_place`, `is_return`) VALUES (:rm_id:, :fullname:, :address:, :gender:, :birth_date:, :identity_number:, :birth_place:, :is_return:)', [...], false)
 2 APPPATH\Controllers\RecordMedical.php(259): CodeIgniter\Database\BaseBuilder->insert([...])
 3 SYSTEMPATH\CodeIgniter.php(941): App\Controllers\RecordMedical->importExcel()
 4 SYSTEMPATH\CodeIgniter.php(502): CodeIgniter\CodeIgniter->runController(Object(App\Controllers\RecordMedical))
 5 SYSTEMPATH\CodeIgniter.php(361): CodeIgniter\CodeIgniter->handleRequest(null, Object(Config\Cache), false)
 6 FCPATH\index.php(79): CodeIgniter\CodeIgniter->run()
 7 SYSTEMPATH\Commands\Server\rewrite.php(47): require_once('F:\\xampp\\htdocs\\rsgm-main\\public\\index.php')
CRITICAL - 2024-07-08 08:38:22 --> [Caused by] CodeIgniter\Database\Exceptions\DatabaseException: Column 'rm_id' cannot be null
in SYSTEMPATH\Database\MySQLi\Connection.php on line 311.
 1 SYSTEMPATH\Database\BaseConnection.php(693): CodeIgniter\Database\MySQLi\Connection->execute('INSERT INTO `medical_records` (`rm_id`, `fullname`, `address`, `gender`, `birth_date`, `identity_number`, `birth_place`, `is_return`) VALUES (NULL, NULL, NULL, NULL, NULL, NULL, NULL, 2)')
 2 SYSTEMPATH\Database\BaseConnection.php(607): CodeIgniter\Database\BaseConnection->simpleQuery('INSERT INTO `medical_records` (`rm_id`, `fullname`, `address`, `gender`, `birth_date`, `identity_number`, `birth_place`, `is_return`) VALUES (NULL, NULL, NULL, NULL, NULL, NULL, NULL, 2)')
 3 SYSTEMPATH\Database\BaseBuilder.php(2307): CodeIgniter\Database\BaseConnection->query('INSERT INTO `medical_records` (`rm_id`, `fullname`, `address`, `gender`, `birth_date`, `identity_number`, `birth_place`, `is_return`) VALUES (:rm_id:, :fullname:, :address:, :gender:, :birth_date:, :identity_number:, :birth_place:, :is_return:)', [...], false)
 4 APPPATH\Controllers\RecordMedical.php(259): CodeIgniter\Database\BaseBuilder->insert([...])
 5 SYSTEMPATH\CodeIgniter.php(941): App\Controllers\RecordMedical->importExcel()
 6 SYSTEMPATH\CodeIgniter.php(502): CodeIgniter\CodeIgniter->runController(Object(App\Controllers\RecordMedical))
 7 SYSTEMPATH\CodeIgniter.php(361): CodeIgniter\CodeIgniter->handleRequest(null, Object(Config\Cache), false)
 8 FCPATH\index.php(79): CodeIgniter\CodeIgniter->run()
 9 SYSTEMPATH\Commands\Server\rewrite.php(47): require_once('F:\\xampp\\htdocs\\rsgm-main\\public\\index.php')
CRITICAL - 2024-07-08 08:38:22 --> [Caused by] mysqli_sql_exception: Column 'rm_id' cannot be null
in SYSTEMPATH\Database\MySQLi\Connection.php on line 306.
 1 SYSTEMPATH\Database\MySQLi\Connection.php(306): mysqli->query('INSERT INTO `medical_records` (`rm_id`, `fullname`, `address`, `gender`, `birth_date`, `identity_number`, `birth_place`, `is_return`) VALUES (NULL, NULL, NULL, NULL, NULL, NULL, NULL, 2)', 0)
 2 SYSTEMPATH\Database\BaseConnection.php(693): CodeIgniter\Database\MySQLi\Connection->execute('INSERT INTO `medical_records` (`rm_id`, `fullname`, `address`, `gender`, `birth_date`, `identity_number`, `birth_place`, `is_return`) VALUES (NULL, NULL, NULL, NULL, NULL, NULL, NULL, 2)')
 3 SYSTEMPATH\Database\BaseConnection.php(607): CodeIgniter\Database\BaseConnection->simpleQuery('INSERT INTO `medical_records` (`rm_id`, `fullname`, `address`, `gender`, `birth_date`, `identity_number`, `birth_place`, `is_return`) VALUES (NULL, NULL, NULL, NULL, NULL, NULL, NULL, 2)')
 4 SYSTEMPATH\Database\BaseBuilder.php(2307): CodeIgniter\Database\BaseConnection->query('INSERT INTO `medical_records` (`rm_id`, `fullname`, `address`, `gender`, `birth_date`, `identity_number`, `birth_place`, `is_return`) VALUES (:rm_id:, :fullname:, :address:, :gender:, :birth_date:, :identity_number:, :birth_place:, :is_return:)', [...], false)
 5 APPPATH\Controllers\RecordMedical.php(259): CodeIgniter\Database\BaseBuilder->insert([...])
 6 SYSTEMPATH\CodeIgniter.php(941): App\Controllers\RecordMedical->importExcel()
 7 SYSTEMPATH\CodeIgniter.php(502): CodeIgniter\CodeIgniter->runController(Object(App\Controllers\RecordMedical))
 8 SYSTEMPATH\CodeIgniter.php(361): CodeIgniter\CodeIgniter->handleRequest(null, Object(Config\Cache), false)
 9 FCPATH\index.php(79): CodeIgniter\CodeIgniter->run()
10 SYSTEMPATH\Commands\Server\rewrite.php(47): require_once('F:\\xampp\\htdocs\\rsgm-main\\public\\index.php')
INFO - 2024-07-08 08:38:23 --> Session: Class initialized using 'CodeIgniter\Session\Handlers\FileHandler' driver.
INFO - 2024-07-08 08:38:30 --> Session: Class initialized using 'CodeIgniter\Session\Handlers\FileHandler' driver.
INFO - 2024-07-08 08:38:40 --> Session: Class initialized using 'CodeIgniter\Session\Handlers\FileHandler' driver.
INFO - 2024-07-08 08:38:40 --> Session: Class initialized using 'CodeIgniter\Session\Handlers\FileHandler' driver.
INFO - 2024-07-08 08:38:45 --> Session: Class initialized using 'CodeIgniter\Session\Handlers\FileHandler' driver.
INFO - 2024-07-08 08:40:02 --> Session: Class initialized using 'CodeIgniter\Session\Handlers\FileHandler' driver.
ERROR - 2024-07-08 08:40:02 --> mysqli_sql_exception: Column 'rm_id' cannot be null in F:\xampp\htdocs\rsgm-main\system\Database\MySQLi\Connection.php:306
Stack trace:
#0 F:\xampp\htdocs\rsgm-main\system\Database\MySQLi\Connection.php(306): mysqli->query('INSERT INTO `me...', 0)
#1 F:\xampp\htdocs\rsgm-main\system\Database\BaseConnection.php(693): CodeIgniter\Database\MySQLi\Connection->execute('INSERT INTO `me...')
#2 F:\xampp\htdocs\rsgm-main\system\Database\BaseConnection.php(607): CodeIgniter\Database\BaseConnection->simpleQuery('INSERT INTO `me...')
#3 F:\xampp\htdocs\rsgm-main\system\Database\BaseBuilder.php(2307): CodeIgniter\Database\BaseConnection->query('INSERT INTO `me...', Array, false)
#4 F:\xampp\htdocs\rsgm-main\app\Controllers\RecordMedical.php(259): CodeIgniter\Database\BaseBuilder->insert(Array)
#5 F:\xampp\htdocs\rsgm-main\system\CodeIgniter.php(941): App\Controllers\RecordMedical->importExcel()
#6 F:\xampp\htdocs\rsgm-main\system\CodeIgniter.php(502): CodeIgniter\CodeIgniter->runController(Object(App\Controllers\RecordMedical))
#7 F:\xampp\htdocs\rsgm-main\system\CodeIgniter.php(361): CodeIgniter\CodeIgniter->handleRequest(NULL, Object(Config\Cache), false)
#8 F:\xampp\htdocs\rsgm-main\public\index.php(79): CodeIgniter\CodeIgniter->run()
#9 F:\xampp\htdocs\rsgm-main\system\Commands\Server\rewrite.php(47): require_once('F:\\xampp\\htdocs...')
#10 {main}
CRITICAL - 2024-07-08 08:40:02 --> CodeIgniter\Database\Exceptions\DatabaseException: Column 'rm_id' cannot be null
in SYSTEMPATH\Database\BaseConnection.php on line 647.
 1 SYSTEMPATH\Database\BaseBuilder.php(2307): CodeIgniter\Database\BaseConnection->query('INSERT INTO `medical_records` (`rm_id`, `fullname`, `address`, `gender`, `birth_date`, `identity_number`, `birth_place`, `is_return`) VALUES (:rm_id:, :fullname:, :address:, :gender:, :birth_date:, :identity_number:, :birth_place:, :is_return:)', [...], false)
 2 APPPATH\Controllers\RecordMedical.php(259): CodeIgniter\Database\BaseBuilder->insert([...])
 3 SYSTEMPATH\CodeIgniter.php(941): App\Controllers\RecordMedical->importExcel()
 4 SYSTEMPATH\CodeIgniter.php(502): CodeIgniter\CodeIgniter->runController(Object(App\Controllers\RecordMedical))
 5 SYSTEMPATH\CodeIgniter.php(361): CodeIgniter\CodeIgniter->handleRequest(null, Object(Config\Cache), false)
 6 FCPATH\index.php(79): CodeIgniter\CodeIgniter->run()
 7 SYSTEMPATH\Commands\Server\rewrite.php(47): require_once('F:\\xampp\\htdocs\\rsgm-main\\public\\index.php')
CRITICAL - 2024-07-08 08:40:02 --> [Caused by] CodeIgniter\Database\Exceptions\DatabaseException: Column 'rm_id' cannot be null
in SYSTEMPATH\Database\MySQLi\Connection.php on line 311.
 1 SYSTEMPATH\Database\BaseConnection.php(693): CodeIgniter\Database\MySQLi\Connection->execute('INSERT INTO `medical_records` (`rm_id`, `fullname`, `address`, `gender`, `birth_date`, `identity_number`, `birth_place`, `is_return`) VALUES (NULL, NULL, NULL, NULL, NULL, NULL, NULL, 2)')
 2 SYSTEMPATH\Database\BaseConnection.php(607): CodeIgniter\Database\BaseConnection->simpleQuery('INSERT INTO `medical_records` (`rm_id`, `fullname`, `address`, `gender`, `birth_date`, `identity_number`, `birth_place`, `is_return`) VALUES (NULL, NULL, NULL, NULL, NULL, NULL, NULL, 2)')
 3 SYSTEMPATH\Database\BaseBuilder.php(2307): CodeIgniter\Database\BaseConnection->query('INSERT INTO `medical_records` (`rm_id`, `fullname`, `address`, `gender`, `birth_date`, `identity_number`, `birth_place`, `is_return`) VALUES (:rm_id:, :fullname:, :address:, :gender:, :birth_date:, :identity_number:, :birth_place:, :is_return:)', [...], false)
 4 APPPATH\Controllers\RecordMedical.php(259): CodeIgniter\Database\BaseBuilder->insert([...])
 5 SYSTEMPATH\CodeIgniter.php(941): App\Controllers\RecordMedical->importExcel()
 6 SYSTEMPATH\CodeIgniter.php(502): CodeIgniter\CodeIgniter->runController(Object(App\Controllers\RecordMedical))
 7 SYSTEMPATH\CodeIgniter.php(361): CodeIgniter\CodeIgniter->handleRequest(null, Object(Config\Cache), false)
 8 FCPATH\index.php(79): CodeIgniter\CodeIgniter->run()
 9 SYSTEMPATH\Commands\Server\rewrite.php(47): require_once('F:\\xampp\\htdocs\\rsgm-main\\public\\index.php')
CRITICAL - 2024-07-08 08:40:02 --> [Caused by] mysqli_sql_exception: Column 'rm_id' cannot be null
in SYSTEMPATH\Database\MySQLi\Connection.php on line 306.
 1 SYSTEMPATH\Database\MySQLi\Connection.php(306): mysqli->query('INSERT INTO `medical_records` (`rm_id`, `fullname`, `address`, `gender`, `birth_date`, `identity_number`, `birth_place`, `is_return`) VALUES (NULL, NULL, NULL, NULL, NULL, NULL, NULL, 2)', 0)
 2 SYSTEMPATH\Database\BaseConnection.php(693): CodeIgniter\Database\MySQLi\Connection->execute('INSERT INTO `medical_records` (`rm_id`, `fullname`, `address`, `gender`, `birth_date`, `identity_number`, `birth_place`, `is_return`) VALUES (NULL, NULL, NULL, NULL, NULL, NULL, NULL, 2)')
 3 SYSTEMPATH\Database\BaseConnection.php(607): CodeIgniter\Database\BaseConnection->simpleQuery('INSERT INTO `medical_records` (`rm_id`, `fullname`, `address`, `gender`, `birth_date`, `identity_number`, `birth_place`, `is_return`) VALUES (NULL, NULL, NULL, NULL, NULL, NULL, NULL, 2)')
 4 SYSTEMPATH\Database\BaseBuilder.php(2307): CodeIgniter\Database\BaseConnection->query('INSERT INTO `medical_records` (`rm_id`, `fullname`, `address`, `gender`, `birth_date`, `identity_number`, `birth_place`, `is_return`) VALUES (:rm_id:, :fullname:, :address:, :gender:, :birth_date:, :identity_number:, :birth_place:, :is_return:)', [...], false)
 5 APPPATH\Controllers\RecordMedical.php(259): CodeIgniter\Database\BaseBuilder->insert([...])
 6 SYSTEMPATH\CodeIgniter.php(941): App\Controllers\RecordMedical->importExcel()
 7 SYSTEMPATH\CodeIgniter.php(502): CodeIgniter\CodeIgniter->runController(Object(App\Controllers\RecordMedical))
 8 SYSTEMPATH\CodeIgniter.php(361): CodeIgniter\CodeIgniter->handleRequest(null, Object(Config\Cache), false)
 9 FCPATH\index.php(79): CodeIgniter\CodeIgniter->run()
10 SYSTEMPATH\Commands\Server\rewrite.php(47): require_once('F:\\xampp\\htdocs\\rsgm-main\\public\\index.php')
INFO - 2024-07-08 08:40:06 --> Session: Class initialized using 'CodeIgniter\Session\Handlers\FileHandler' driver.
INFO - 2024-07-08 08:40:12 --> Session: Class initialized using 'CodeIgniter\Session\Handlers\FileHandler' driver.
INFO - 2024-07-08 08:40:19 --> Session: Class initialized using 'CodeIgniter\Session\Handlers\FileHandler' driver.
INFO - 2024-07-08 08:40:20 --> Session: Class initialized using 'CodeIgniter\Session\Handlers\FileHandler' driver.
INFO - 2024-07-08 08:40:26 --> Session: Class initialized using 'CodeIgniter\Session\Handlers\FileHandler' driver.
INFO - 2024-07-08 08:40:26 --> Session: Class initialized using 'CodeIgniter\Session\Handlers\FileHandler' driver.
INFO - 2024-07-08 08:40:31 --> Session: Class initialized using 'CodeIgniter\Session\Handlers\FileHandler' driver.
INFO - 2024-07-08 08:40:32 --> Session: Class initialized using 'CodeIgniter\Session\Handlers\FileHandler' driver.
INFO - 2024-07-08 08:40:37 --> Session: Class initialized using 'CodeIgniter\Session\Handlers\FileHandler' driver.
INFO - 2024-07-08 08:40:37 --> Session: Class initialized using 'CodeIgniter\Session\Handlers\FileHandler' driver.
INFO - 2024-07-08 08:40:43 --> Session: Class initialized using 'CodeIgniter\Session\Handlers\FileHandler' driver.
INFO - 2024-07-08 08:40:43 --> Session: Class initialized using 'CodeIgniter\Session\Handlers\FileHandler' driver.
INFO - 2024-07-08 08:40:48 --> Session: Class initialized using 'CodeIgniter\Session\Handlers\FileHandler' driver.
INFO - 2024-07-08 08:41:01 --> Session: Class initialized using 'CodeIgniter\Session\Handlers\FileHandler' driver.
INFO - 2024-07-08 08:41:03 --> Session: Class initialized using 'CodeIgniter\Session\Handlers\FileHandler' driver.
INFO - 2024-07-08 08:41:06 --> Session: Class initialized using 'CodeIgniter\Session\Handlers\FileHandler' driver.
INFO - 2024-07-08 08:41:06 --> Session: Class initialized using 'CodeIgniter\Session\Handlers\FileHandler' driver.
INFO - 2024-07-08 08:41:12 --> Session: Class initialized using 'CodeIgniter\Session\Handlers\FileHandler' driver.
INFO - 2024-07-08 08:41:12 --> Session: Class initialized using 'CodeIgniter\Session\Handlers\FileHandler' driver.
INFO - 2024-07-08 08:41:14 --> Session: Class initialized using 'CodeIgniter\Session\Handlers\FileHandler' driver.
INFO - 2024-07-08 08:41:19 --> Session: Class initialized using 'CodeIgniter\Session\Handlers\FileHandler' driver.
INFO - 2024-07-08 08:42:01 --> Session: Class initialized using 'CodeIgniter\Session\Handlers\FileHandler' driver.
ERROR - 2024-07-08 08:42:02 --> mysqli_sql_exception: Column 'rm_id' cannot be null in F:\xampp\htdocs\rsgm-main\system\Database\MySQLi\Connection.php:306
Stack trace:
#0 F:\xampp\htdocs\rsgm-main\system\Database\MySQLi\Connection.php(306): mysqli->query('INSERT INTO `me...', 0)
#1 F:\xampp\htdocs\rsgm-main\system\Database\BaseConnection.php(693): CodeIgniter\Database\MySQLi\Connection->execute('INSERT INTO `me...')
#2 F:\xampp\htdocs\rsgm-main\system\Database\BaseConnection.php(607): CodeIgniter\Database\BaseConnection->simpleQuery('INSERT INTO `me...')
#3 F:\xampp\htdocs\rsgm-main\system\Database\BaseBuilder.php(2307): CodeIgniter\Database\BaseConnection->query('INSERT INTO `me...', Array, false)
#4 F:\xampp\htdocs\rsgm-main\app\Controllers\RecordMedical.php(259): CodeIgniter\Database\BaseBuilder->insert(Array)
#5 F:\xampp\htdocs\rsgm-main\system\CodeIgniter.php(941): App\Controllers\RecordMedical->importExcel()
#6 F:\xampp\htdocs\rsgm-main\system\CodeIgniter.php(502): CodeIgniter\CodeIgniter->runController(Object(App\Controllers\RecordMedical))
#7 F:\xampp\htdocs\rsgm-main\system\CodeIgniter.php(361): CodeIgniter\CodeIgniter->handleRequest(NULL, Object(Config\Cache), false)
#8 F:\xampp\htdocs\rsgm-main\public\index.php(79): CodeIgniter\CodeIgniter->run()
#9 F:\xampp\htdocs\rsgm-main\system\Commands\Server\rewrite.php(47): require_once('F:\\xampp\\htdocs...')
#10 {main}
CRITICAL - 2024-07-08 08:42:02 --> CodeIgniter\Database\Exceptions\DatabaseException: Column 'rm_id' cannot be null
in SYSTEMPATH\Database\BaseConnection.php on line 647.
 1 SYSTEMPATH\Database\BaseBuilder.php(2307): CodeIgniter\Database\BaseConnection->query('INSERT INTO `medical_records` (`rm_id`, `fullname`, `address`, `gender`, `birth_date`, `identity_number`, `birth_place`, `is_return`) VALUES (:rm_id:, :fullname:, :address:, :gender:, :birth_date:, :identity_number:, :birth_place:, :is_return:)', [...], false)
 2 APPPATH\Controllers\RecordMedical.php(259): CodeIgniter\Database\BaseBuilder->insert([...])
 3 SYSTEMPATH\CodeIgniter.php(941): App\Controllers\RecordMedical->importExcel()
 4 SYSTEMPATH\CodeIgniter.php(502): CodeIgniter\CodeIgniter->runController(Object(App\Controllers\RecordMedical))
 5 SYSTEMPATH\CodeIgniter.php(361): CodeIgniter\CodeIgniter->handleRequest(null, Object(Config\Cache), false)
 6 FCPATH\index.php(79): CodeIgniter\CodeIgniter->run()
 7 SYSTEMPATH\Commands\Server\rewrite.php(47): require_once('F:\\xampp\\htdocs\\rsgm-main\\public\\index.php')
CRITICAL - 2024-07-08 08:42:02 --> [Caused by] CodeIgniter\Database\Exceptions\DatabaseException: Column 'rm_id' cannot be null
in SYSTEMPATH\Database\MySQLi\Connection.php on line 311.
 1 SYSTEMPATH\Database\BaseConnection.php(693): CodeIgniter\Database\MySQLi\Connection->execute('INSERT INTO `medical_records` (`rm_id`, `fullname`, `address`, `gender`, `birth_date`, `identity_number`, `birth_place`, `is_return`) VALUES (NULL, NULL, NULL, NULL, NULL, NULL, NULL, 2)')
 2 SYSTEMPATH\Database\BaseConnection.php(607): CodeIgniter\Database\BaseConnection->simpleQuery('INSERT INTO `medical_records` (`rm_id`, `fullname`, `address`, `gender`, `birth_date`, `identity_number`, `birth_place`, `is_return`) VALUES (NULL, NULL, NULL, NULL, NULL, NULL, NULL, 2)')
 3 SYSTEMPATH\Database\BaseBuilder.php(2307): CodeIgniter\Database\BaseConnection->query('INSERT INTO `medical_records` (`rm_id`, `fullname`, `address`, `gender`, `birth_date`, `identity_number`, `birth_place`, `is_return`) VALUES (:rm_id:, :fullname:, :address:, :gender:, :birth_date:, :identity_number:, :birth_place:, :is_return:)', [...], false)
 4 APPPATH\Controllers\RecordMedical.php(259): CodeIgniter\Database\BaseBuilder->insert([...])
 5 SYSTEMPATH\CodeIgniter.php(941): App\Controllers\RecordMedical->importExcel()
 6 SYSTEMPATH\CodeIgniter.php(502): CodeIgniter\CodeIgniter->runController(Object(App\Controllers\RecordMedical))
 7 SYSTEMPATH\CodeIgniter.php(361): CodeIgniter\CodeIgniter->handleRequest(null, Object(Config\Cache), false)
 8 FCPATH\index.php(79): CodeIgniter\CodeIgniter->run()
 9 SYSTEMPATH\Commands\Server\rewrite.php(47): require_once('F:\\xampp\\htdocs\\rsgm-main\\public\\index.php')
CRITICAL - 2024-07-08 08:42:02 --> [Caused by] mysqli_sql_exception: Column 'rm_id' cannot be null
in SYSTEMPATH\Database\MySQLi\Connection.php on line 306.
 1 SYSTEMPATH\Database\MySQLi\Connection.php(306): mysqli->query('INSERT INTO `medical_records` (`rm_id`, `fullname`, `address`, `gender`, `birth_date`, `identity_number`, `birth_place`, `is_return`) VALUES (NULL, NULL, NULL, NULL, NULL, NULL, NULL, 2)', 0)
 2 SYSTEMPATH\Database\BaseConnection.php(693): CodeIgniter\Database\MySQLi\Connection->execute('INSERT INTO `medical_records` (`rm_id`, `fullname`, `address`, `gender`, `birth_date`, `identity_number`, `birth_place`, `is_return`) VALUES (NULL, NULL, NULL, NULL, NULL, NULL, NULL, 2)')
 3 SYSTEMPATH\Database\BaseConnection.php(607): CodeIgniter\Database\BaseConnection->simpleQuery('INSERT INTO `medical_records` (`rm_id`, `fullname`, `address`, `gender`, `birth_date`, `identity_number`, `birth_place`, `is_return`) VALUES (NULL, NULL, NULL, NULL, NULL, NULL, NULL, 2)')
 4 SYSTEMPATH\Database\BaseBuilder.php(2307): CodeIgniter\Database\BaseConnection->query('INSERT INTO `medical_records` (`rm_id`, `fullname`, `address`, `gender`, `birth_date`, `identity_number`, `birth_place`, `is_return`) VALUES (:rm_id:, :fullname:, :address:, :gender:, :birth_date:, :identity_number:, :birth_place:, :is_return:)', [...], false)
 5 APPPATH\Controllers\RecordMedical.php(259): CodeIgniter\Database\BaseBuilder->insert([...])
 6 SYSTEMPATH\CodeIgniter.php(941): App\Controllers\RecordMedical->importExcel()
 7 SYSTEMPATH\CodeIgniter.php(502): CodeIgniter\CodeIgniter->runController(Object(App\Controllers\RecordMedical))
 8 SYSTEMPATH\CodeIgniter.php(361): CodeIgniter\CodeIgniter->handleRequest(null, Object(Config\Cache), false)
 9 FCPATH\index.php(79): CodeIgniter\CodeIgniter->run()
10 SYSTEMPATH\Commands\Server\rewrite.php(47): require_once('F:\\xampp\\htdocs\\rsgm-main\\public\\index.php')
INFO - 2024-07-08 08:42:05 --> Session: Class initialized using 'CodeIgniter\Session\Handlers\FileHandler' driver.
INFO - 2024-07-08 08:42:10 --> Session: Class initialized using 'CodeIgniter\Session\Handlers\FileHandler' driver.
INFO - 2024-07-08 08:42:20 --> Session: Class initialized using 'CodeIgniter\Session\Handlers\FileHandler' driver.
INFO - 2024-07-08 08:42:37 --> Session: Class initialized using 'CodeIgniter\Session\Handlers\FileHandler' driver.
INFO - 2024-07-08 08:42:48 --> Session: Class initialized using 'CodeIgniter\Session\Handlers\FileHandler' driver.
INFO - 2024-07-08 08:42:50 --> Session: Class initialized using 'CodeIgniter\Session\Handlers\FileHandler' driver.
INFO - 2024-07-08 08:43:19 --> Session: Class initialized using 'CodeIgniter\Session\Handlers\FileHandler' driver.
INFO - 2024-07-08 08:43:20 --> Session: Class initialized using 'CodeIgniter\Session\Handlers\FileHandler' driver.
