INFO - 2024-04-09 06:39:08 --> Session: Class initialized using 'CodeIgniter\Session\Handlers\FileHandler' driver.
INFO - 2024-04-09 06:39:11 --> Session: Class initialized using 'CodeIgniter\Session\Handlers\FileHandler' driver.
ERROR - 2024-04-09 06:39:16 --> Error connecting to the database: mysqli_sql_exception: No connection could be made because the target machine actively refused it in E:\RSGM\system\Database\MySQLi\Connection.php:184
Stack trace:
#0 E:\RSGM\system\Database\MySQLi\Connection.php(184): mysqli->real_connect('localhost', 'root', Object(SensitiveParameterValue), 'rsgmapp', 3306, '', 0)
#1 E:\RSGM\system\Database\BaseConnection.php(392): CodeIgniter\Database\MySQLi\Connection->connect(false)
#2 E:\RSGM\system\Database\BaseConnection.php(575): CodeIgniter\Database\BaseConnection->initialize()
#3 E:\RSGM\system\Database\BaseBuilder.php(1616): CodeIgniter\Database\BaseConnection->query('SELECT *\nFROM `...', Array, false)
#4 E:\RSGM\system\Model.php(270): CodeIgniter\Database\BaseBuilder->get()
#5 E:\RSGM\system\BaseModel.php(676): CodeIgniter\Model->doFirst()
#6 E:\RSGM\app\Controllers\Login.php(28): CodeIgniter\BaseModel->first()
#7 E:\RSGM\system\CodeIgniter.php(941): App\Controllers\Login->auth()
#8 E:\RSGM\system\CodeIgniter.php(502): CodeIgniter\CodeIgniter->runController(Object(App\Controllers\Login))
#9 E:\RSGM\system\CodeIgniter.php(361): CodeIgniter\CodeIgniter->handleRequest(NULL, Object(Config\Cache), false)
#10 E:\RSGM\public\index.php(79): CodeIgniter\CodeIgniter->run()
#11 E:\RSGM\system\Commands\Server\rewrite.php(47): require_once('E:\\RSGM\\public\\...')
#12 {main}

Next CodeIgniter\Database\Exceptions\DatabaseException: No connection could be made because the target machine actively refused it in E:\RSGM\system\Database\MySQLi\Connection.php:229
Stack trace:
#0 E:\RSGM\system\Database\BaseConnection.php(392): CodeIgniter\Database\MySQLi\Connection->connect(false)
#1 E:\RSGM\system\Database\BaseConnection.php(575): CodeIgniter\Database\BaseConnection->initialize()
#2 E:\RSGM\system\Database\BaseBuilder.php(1616): CodeIgniter\Database\BaseConnection->query('SELECT *\nFROM `...', Array, false)
#3 E:\RSGM\system\Model.php(270): CodeIgniter\Database\BaseBuilder->get()
#4 E:\RSGM\system\BaseModel.php(676): CodeIgniter\Model->doFirst()
#5 E:\RSGM\app\Controllers\Login.php(28): CodeIgniter\BaseModel->first()
#6 E:\RSGM\system\CodeIgniter.php(941): App\Controllers\Login->auth()
#7 E:\RSGM\system\CodeIgniter.php(502): CodeIgniter\CodeIgniter->runController(Object(App\Controllers\Login))
#8 E:\RSGM\system\CodeIgniter.php(361): CodeIgniter\CodeIgniter->handleRequest(NULL, Object(Config\Cache), false)
#9 E:\RSGM\public\index.php(79): CodeIgniter\CodeIgniter->run()
#10 E:\RSGM\system\Commands\Server\rewrite.php(47): require_once('E:\\RSGM\\public\\...')
#11 {main}
CRITICAL - 2024-04-09 06:39:16 --> CodeIgniter\Database\Exceptions\DatabaseException: Unable to connect to the database.
Main connection [MySQLi]: No connection could be made because the target machine actively refused it
in SYSTEMPATH\Database\BaseConnection.php on line 428.
 1 SYSTEMPATH\Database\BaseConnection.php(575): CodeIgniter\Database\BaseConnection->initialize()
 2 SYSTEMPATH\Database\BaseBuilder.php(1616): CodeIgniter\Database\BaseConnection->query('SELECT *
FROM `user`
WHERE `username` = :username:
 LIMIT 1', [...], false)
 3 SYSTEMPATH\Model.php(270): CodeIgniter\Database\BaseBuilder->get()
 4 SYSTEMPATH\BaseModel.php(676): CodeIgniter\Model->doFirst()
 5 APPPATH\Controllers\Login.php(28): CodeIgniter\BaseModel->first()
 6 SYSTEMPATH\CodeIgniter.php(941): App\Controllers\Login->auth()
 7 SYSTEMPATH\CodeIgniter.php(502): CodeIgniter\CodeIgniter->runController(Object(App\Controllers\Login))
 8 SYSTEMPATH\CodeIgniter.php(361): CodeIgniter\CodeIgniter->handleRequest(null, Object(Config\Cache), false)
 9 FCPATH\index.php(79): CodeIgniter\CodeIgniter->run()
10 SYSTEMPATH\Commands\Server\rewrite.php(47): require_once('E:\\RSGM\\public\\index.php')
INFO - 2024-04-09 06:39:36 --> Session: Class initialized using 'CodeIgniter\Session\Handlers\FileHandler' driver.
INFO - 2024-04-09 06:39:37 --> Session: Class initialized using 'CodeIgniter\Session\Handlers\FileHandler' driver.
INFO - 2024-04-09 06:39:44 --> Session: Class initialized using 'CodeIgniter\Session\Handlers\FileHandler' driver.
INFO - 2024-04-09 06:39:47 --> Session: Class initialized using 'CodeIgniter\Session\Handlers\FileHandler' driver.
INFO - 2024-04-09 06:39:49 --> Session: Class initialized using 'CodeIgniter\Session\Handlers\FileHandler' driver.
INFO - 2024-04-09 06:39:51 --> Session: Class initialized using 'CodeIgniter\Session\Handlers\FileHandler' driver.
INFO - 2024-04-09 06:39:52 --> Session: Class initialized using 'CodeIgniter\Session\Handlers\FileHandler' driver.
INFO - 2024-04-09 06:40:04 --> Session: Class initialized using 'CodeIgniter\Session\Handlers\FileHandler' driver.
INFO - 2024-04-09 06:43:13 --> Session: Class initialized using 'CodeIgniter\Session\Handlers\FileHandler' driver.
INFO - 2024-04-09 06:43:16 --> Session: Class initialized using 'CodeIgniter\Session\Handlers\FileHandler' driver.
INFO - 2024-04-09 06:43:19 --> Session: Class initialized using 'CodeIgniter\Session\Handlers\FileHandler' driver.
INFO - 2024-04-09 06:55:05 --> Session: Class initialized using 'CodeIgniter\Session\Handlers\FileHandler' driver.
INFO - 2024-04-09 06:55:10 --> Session: Class initialized using 'CodeIgniter\Session\Handlers\FileHandler' driver.
INFO - 2024-04-09 06:55:25 --> Session: Class initialized using 'CodeIgniter\Session\Handlers\FileHandler' driver.
INFO - 2024-04-09 06:55:30 --> Session: Class initialized using 'CodeIgniter\Session\Handlers\FileHandler' driver.
INFO - 2024-04-09 06:55:41 --> Session: Class initialized using 'CodeIgniter\Session\Handlers\FileHandler' driver.
INFO - 2024-04-09 06:58:59 --> Session: Class initialized using 'CodeIgniter\Session\Handlers\FileHandler' driver.
INFO - 2024-04-09 06:59:10 --> Session: Class initialized using 'CodeIgniter\Session\Handlers\FileHandler' driver.
INFO - 2024-04-09 07:00:21 --> Session: Class initialized using 'CodeIgniter\Session\Handlers\FileHandler' driver.
INFO - 2024-04-09 07:00:26 --> Session: Class initialized using 'CodeIgniter\Session\Handlers\FileHandler' driver.
INFO - 2024-04-09 07:00:32 --> Session: Class initialized using 'CodeIgniter\Session\Handlers\FileHandler' driver.
INFO - 2024-04-09 07:00:36 --> Session: Class initialized using 'CodeIgniter\Session\Handlers\FileHandler' driver.
INFO - 2024-04-09 07:00:49 --> Session: Class initialized using 'CodeIgniter\Session\Handlers\FileHandler' driver.
INFO - 2024-04-09 07:02:08 --> Session: Class initialized using 'CodeIgniter\Session\Handlers\FileHandler' driver.
INFO - 2024-04-09 07:02:12 --> Session: Class initialized using 'CodeIgniter\Session\Handlers\FileHandler' driver.
INFO - 2024-04-09 07:02:21 --> Session: Class initialized using 'CodeIgniter\Session\Handlers\FileHandler' driver.
INFO - 2024-04-09 07:02:30 --> Session: Class initialized using 'CodeIgniter\Session\Handlers\FileHandler' driver.
INFO - 2024-04-09 07:02:35 --> Session: Class initialized using 'CodeIgniter\Session\Handlers\FileHandler' driver.
INFO - 2024-04-09 07:03:02 --> Session: Class initialized using 'CodeIgniter\Session\Handlers\FileHandler' driver.
INFO - 2024-04-09 07:04:36 --> Session: Class initialized using 'CodeIgniter\Session\Handlers\FileHandler' driver.
INFO - 2024-04-09 07:07:44 --> Session: Class initialized using 'CodeIgniter\Session\Handlers\FileHandler' driver.
INFO - 2024-04-09 07:08:15 --> Session: Class initialized using 'CodeIgniter\Session\Handlers\FileHandler' driver.
INFO - 2024-04-09 07:15:46 --> Session: Class initialized using 'CodeIgniter\Session\Handlers\FileHandler' driver.
INFO - 2024-04-09 07:29:32 --> Session: Class initialized using 'CodeIgniter\Session\Handlers\FileHandler' driver.
INFO - 2024-04-09 07:29:38 --> Session: Class initialized using 'CodeIgniter\Session\Handlers\FileHandler' driver.
CRITICAL - 2024-04-09 07:29:38 --> ErrorException: Undefined array key "coass_phone"
in APPPATH\Views\coassloan\index.php on line 45.
 1 APPPATH\Views\coassloan\index.php(45): CodeIgniter\Debug\Exceptions->errorHandler(2, 'Undefined array key "coass_phone"', 'E:\\RSGM\\app\\Views\\coassloan\\index.php', 45)
 2 SYSTEMPATH\View\View.php(228): include('E:\\RSGM\\app\\Views\\coassloan\\index.php')
 3 SYSTEMPATH\View\View.php(231): CodeIgniter\View\View->CodeIgniter\View\{closure}()
 4 SYSTEMPATH\Common.php(1178): CodeIgniter\View\View->render('coassloan/index', [], true)
 5 APPPATH\Controllers\LoanCoass.php(32): view('coassloan/index', [...])
 6 SYSTEMPATH\CodeIgniter.php(941): App\Controllers\LoanCoass->index()
 7 SYSTEMPATH\CodeIgniter.php(502): CodeIgniter\CodeIgniter->runController(Object(App\Controllers\LoanCoass))
 8 SYSTEMPATH\CodeIgniter.php(361): CodeIgniter\CodeIgniter->handleRequest(null, Object(Config\Cache), false)
 9 FCPATH\index.php(79): CodeIgniter\CodeIgniter->run()
10 SYSTEMPATH\Commands\Server\rewrite.php(47): require_once('E:\\RSGM\\public\\index.php')
INFO - 2024-04-09 07:30:43 --> Session: Class initialized using 'CodeIgniter\Session\Handlers\FileHandler' driver.
INFO - 2024-04-09 07:34:32 --> Session: Class initialized using 'CodeIgniter\Session\Handlers\FileHandler' driver.
INFO - 2024-04-09 07:35:12 --> Session: Class initialized using 'CodeIgniter\Session\Handlers\FileHandler' driver.
CRITICAL - 2024-04-09 07:35:12 --> ErrorException: Undefined array key "phone"
in APPPATH\Views\coassloan\index.php on line 45.
 1 APPPATH\Views\coassloan\index.php(45): CodeIgniter\Debug\Exceptions->errorHandler(2, 'Undefined array key "phone"', 'E:\\RSGM\\app\\Views\\coassloan\\index.php', 45)
 2 SYSTEMPATH\View\View.php(228): include('E:\\RSGM\\app\\Views\\coassloan\\index.php')
 3 SYSTEMPATH\View\View.php(231): CodeIgniter\View\View->CodeIgniter\View\{closure}()
 4 SYSTEMPATH\Common.php(1178): CodeIgniter\View\View->render('coassloan/index', [], true)
 5 APPPATH\Controllers\LoanCoass.php(32): view('coassloan/index', [...])
 6 SYSTEMPATH\CodeIgniter.php(941): App\Controllers\LoanCoass->index()
 7 SYSTEMPATH\CodeIgniter.php(502): CodeIgniter\CodeIgniter->runController(Object(App\Controllers\LoanCoass))
 8 SYSTEMPATH\CodeIgniter.php(361): CodeIgniter\CodeIgniter->handleRequest(null, Object(Config\Cache), false)
 9 FCPATH\index.php(79): CodeIgniter\CodeIgniter->run()
10 SYSTEMPATH\Commands\Server\rewrite.php(47): require_once('E:\\RSGM\\public\\index.php')
INFO - 2024-04-09 07:41:13 --> Session: Class initialized using 'CodeIgniter\Session\Handlers\FileHandler' driver.
INFO - 2024-04-09 07:42:39 --> Session: Class initialized using 'CodeIgniter\Session\Handlers\FileHandler' driver.
CRITICAL - 2024-04-09 07:42:39 --> ErrorException: Undefined array key "transaction_id"
in APPPATH\Views\coassloan\index.php on line 48.
 1 APPPATH\Views\coassloan\index.php(48): CodeIgniter\Debug\Exceptions->errorHandler(2, 'Undefined array key "transaction_id"', 'E:\\RSGM\\app\\Views\\coassloan\\index.php', 48)
 2 SYSTEMPATH\View\View.php(228): include('E:\\RSGM\\app\\Views\\coassloan\\index.php')
 3 SYSTEMPATH\View\View.php(231): CodeIgniter\View\View->CodeIgniter\View\{closure}()
 4 SYSTEMPATH\Common.php(1178): CodeIgniter\View\View->render('coassloan/index', [], true)
 5 APPPATH\Controllers\LoanCoass.php(36): view('coassloan/index', [...])
 6 SYSTEMPATH\CodeIgniter.php(941): App\Controllers\LoanCoass->index()
 7 SYSTEMPATH\CodeIgniter.php(502): CodeIgniter\CodeIgniter->runController(Object(App\Controllers\LoanCoass))
 8 SYSTEMPATH\CodeIgniter.php(361): CodeIgniter\CodeIgniter->handleRequest(null, Object(Config\Cache), false)
 9 FCPATH\index.php(79): CodeIgniter\CodeIgniter->run()
10 SYSTEMPATH\Commands\Server\rewrite.php(47): require_once('E:\\RSGM\\public\\index.php')
INFO - 2024-04-09 07:43:29 --> Session: Class initialized using 'CodeIgniter\Session\Handlers\FileHandler' driver.
INFO - 2024-04-09 07:45:10 --> Session: Class initialized using 'CodeIgniter\Session\Handlers\FileHandler' driver.
INFO - 2024-04-09 07:45:19 --> Session: Class initialized using 'CodeIgniter\Session\Handlers\FileHandler' driver.
ERROR - 2024-04-09 07:45:19 --> mysqli_sql_exception: Unknown column 'coass_doc.coass_phone' in 'field list' in E:\RSGM\system\Database\MySQLi\Connection.php:306
Stack trace:
#0 E:\RSGM\system\Database\MySQLi\Connection.php(306): mysqli->query('SELECT `transac...', 0)
#1 E:\RSGM\system\Database\BaseConnection.php(693): CodeIgniter\Database\MySQLi\Connection->execute('SELECT `transac...')
#2 E:\RSGM\system\Database\BaseConnection.php(607): CodeIgniter\Database\BaseConnection->simpleQuery('SELECT `transac...')
#3 E:\RSGM\system\Database\BaseBuilder.php(1749): CodeIgniter\Database\BaseConnection->query('SELECT `transac...', Array, false)
#4 E:\RSGM\system\Model.php(872): CodeIgniter\Database\BaseBuilder->getWhere(Array)
#5 E:\RSGM\app\Controllers\LoanCoass.php(135): CodeIgniter\Model->__call('getWhere', Array)
#6 E:\RSGM\system\CodeIgniter.php(941): App\Controllers\LoanCoass->edit('6')
#7 E:\RSGM\system\CodeIgniter.php(502): CodeIgniter\CodeIgniter->runController(Object(App\Controllers\LoanCoass))
#8 E:\RSGM\system\CodeIgniter.php(361): CodeIgniter\CodeIgniter->handleRequest(NULL, Object(Config\Cache), false)
#9 E:\RSGM\public\index.php(79): CodeIgniter\CodeIgniter->run()
#10 E:\RSGM\system\Commands\Server\rewrite.php(47): require_once('E:\\RSGM\\public\\...')
#11 {main}
CRITICAL - 2024-04-09 07:45:19 --> CodeIgniter\Database\Exceptions\DatabaseException: Unknown column 'coass_doc.coass_phone' in 'field list'
in SYSTEMPATH\Database\BaseConnection.php on line 647.
 1 SYSTEMPATH\Database\BaseBuilder.php(1749): CodeIgniter\Database\BaseConnection->query('SELECT `transaction`.`rm_id`, `coass_doc`.`coass_name`, `coass_doc`.`coass_number`, `coass_doc`.`coass_phone`, `coass_doc`.`coass_date`, `clinic_name`, `transaction`.`loan_date`, `medical_records`.`fullname`, `transaction`.`id` as `tid`
FROM `transaction`
JOIN `medical_records` ON `medical_records`.`rm_id` = `transaction`.`rm_id`
JOIN `coass_doc` ON `coass_doc`.`transaction_id` = `transaction`.`id`
WHERE `transaction`.`id` = :transaction.id:
AND `loan_type` = :loan_type:', [...], false)
 2 SYSTEMPATH\Model.php(872): CodeIgniter\Database\BaseBuilder->getWhere([...])
 3 APPPATH\Controllers\LoanCoass.php(135): CodeIgniter\Model->__call('getWhere', [...])
 4 SYSTEMPATH\CodeIgniter.php(941): App\Controllers\LoanCoass->edit('6')
 5 SYSTEMPATH\CodeIgniter.php(502): CodeIgniter\CodeIgniter->runController(Object(App\Controllers\LoanCoass))
 6 SYSTEMPATH\CodeIgniter.php(361): CodeIgniter\CodeIgniter->handleRequest(null, Object(Config\Cache), false)
 7 FCPATH\index.php(79): CodeIgniter\CodeIgniter->run()
 8 SYSTEMPATH\Commands\Server\rewrite.php(47): require_once('E:\\RSGM\\public\\index.php')
CRITICAL - 2024-04-09 07:45:19 --> [Caused by] CodeIgniter\Database\Exceptions\DatabaseException: Unknown column 'coass_doc.coass_phone' in 'field list'
in SYSTEMPATH\Database\MySQLi\Connection.php on line 311.
 1 SYSTEMPATH\Database\BaseConnection.php(693): CodeIgniter\Database\MySQLi\Connection->execute('SELECT `transaction`.`rm_id`, `coass_doc`.`coass_name`, `coass_doc`.`coass_number`, `coass_doc`.`coass_phone`, `coass_doc`.`coass_date`, `clinic_name`, `transaction`.`loan_date`, `medical_records`.`fullname`, `transaction`.`id` as `tid`
FROM `transaction`
JOIN `medical_records` ON `medical_records`.`rm_id` = `transaction`.`rm_id`
JOIN `coass_doc` ON `coass_doc`.`transaction_id` = `transaction`.`id`
WHERE `transaction`.`id` = \'6\'
AND `loan_type` = 2')
 2 SYSTEMPATH\Database\BaseConnection.php(607): CodeIgniter\Database\BaseConnection->simpleQuery('SELECT `transaction`.`rm_id`, `coass_doc`.`coass_name`, `coass_doc`.`coass_number`, `coass_doc`.`coass_phone`, `coass_doc`.`coass_date`, `clinic_name`, `transaction`.`loan_date`, `medical_records`.`fullname`, `transaction`.`id` as `tid`
FROM `transaction`
JOIN `medical_records` ON `medical_records`.`rm_id` = `transaction`.`rm_id`
JOIN `coass_doc` ON `coass_doc`.`transaction_id` = `transaction`.`id`
WHERE `transaction`.`id` = \'6\'
AND `loan_type` = 2')
 3 SYSTEMPATH\Database\BaseBuilder.php(1749): CodeIgniter\Database\BaseConnection->query('SELECT `transaction`.`rm_id`, `coass_doc`.`coass_name`, `coass_doc`.`coass_number`, `coass_doc`.`coass_phone`, `coass_doc`.`coass_date`, `clinic_name`, `transaction`.`loan_date`, `medical_records`.`fullname`, `transaction`.`id` as `tid`
FROM `transaction`
JOIN `medical_records` ON `medical_records`.`rm_id` = `transaction`.`rm_id`
JOIN `coass_doc` ON `coass_doc`.`transaction_id` = `transaction`.`id`
WHERE `transaction`.`id` = :transaction.id:
AND `loan_type` = :loan_type:', [...], false)
 4 SYSTEMPATH\Model.php(872): CodeIgniter\Database\BaseBuilder->getWhere([...])
 5 APPPATH\Controllers\LoanCoass.php(135): CodeIgniter\Model->__call('getWhere', [...])
 6 SYSTEMPATH\CodeIgniter.php(941): App\Controllers\LoanCoass->edit('6')
 7 SYSTEMPATH\CodeIgniter.php(502): CodeIgniter\CodeIgniter->runController(Object(App\Controllers\LoanCoass))
 8 SYSTEMPATH\CodeIgniter.php(361): CodeIgniter\CodeIgniter->handleRequest(null, Object(Config\Cache), false)
 9 FCPATH\index.php(79): CodeIgniter\CodeIgniter->run()
10 SYSTEMPATH\Commands\Server\rewrite.php(47): require_once('E:\\RSGM\\public\\index.php')
CRITICAL - 2024-04-09 07:45:19 --> [Caused by] mysqli_sql_exception: Unknown column 'coass_doc.coass_phone' in 'field list'
in SYSTEMPATH\Database\MySQLi\Connection.php on line 306.
 1 SYSTEMPATH\Database\MySQLi\Connection.php(306): mysqli->query('SELECT `transaction`.`rm_id`, `coass_doc`.`coass_name`, `coass_doc`.`coass_number`, `coass_doc`.`coass_phone`, `coass_doc`.`coass_date`, `clinic_name`, `transaction`.`loan_date`, `medical_records`.`fullname`, `transaction`.`id` as `tid`
FROM `transaction`
JOIN `medical_records` ON `medical_records`.`rm_id` = `transaction`.`rm_id`
JOIN `coass_doc` ON `coass_doc`.`transaction_id` = `transaction`.`id`
WHERE `transaction`.`id` = \'6\'
AND `loan_type` = 2', 0)
 2 SYSTEMPATH\Database\BaseConnection.php(693): CodeIgniter\Database\MySQLi\Connection->execute('SELECT `transaction`.`rm_id`, `coass_doc`.`coass_name`, `coass_doc`.`coass_number`, `coass_doc`.`coass_phone`, `coass_doc`.`coass_date`, `clinic_name`, `transaction`.`loan_date`, `medical_records`.`fullname`, `transaction`.`id` as `tid`
FROM `transaction`
JOIN `medical_records` ON `medical_records`.`rm_id` = `transaction`.`rm_id`
JOIN `coass_doc` ON `coass_doc`.`transaction_id` = `transaction`.`id`
WHERE `transaction`.`id` = \'6\'
AND `loan_type` = 2')
 3 SYSTEMPATH\Database\BaseConnection.php(607): CodeIgniter\Database\BaseConnection->simpleQuery('SELECT `transaction`.`rm_id`, `coass_doc`.`coass_name`, `coass_doc`.`coass_number`, `coass_doc`.`coass_phone`, `coass_doc`.`coass_date`, `clinic_name`, `transaction`.`loan_date`, `medical_records`.`fullname`, `transaction`.`id` as `tid`
FROM `transaction`
JOIN `medical_records` ON `medical_records`.`rm_id` = `transaction`.`rm_id`
JOIN `coass_doc` ON `coass_doc`.`transaction_id` = `transaction`.`id`
WHERE `transaction`.`id` = \'6\'
AND `loan_type` = 2')
 4 SYSTEMPATH\Database\BaseBuilder.php(1749): CodeIgniter\Database\BaseConnection->query('SELECT `transaction`.`rm_id`, `coass_doc`.`coass_name`, `coass_doc`.`coass_number`, `coass_doc`.`coass_phone`, `coass_doc`.`coass_date`, `clinic_name`, `transaction`.`loan_date`, `medical_records`.`fullname`, `transaction`.`id` as `tid`
FROM `transaction`
JOIN `medical_records` ON `medical_records`.`rm_id` = `transaction`.`rm_id`
JOIN `coass_doc` ON `coass_doc`.`transaction_id` = `transaction`.`id`
WHERE `transaction`.`id` = :transaction.id:
AND `loan_type` = :loan_type:', [...], false)
 5 SYSTEMPATH\Model.php(872): CodeIgniter\Database\BaseBuilder->getWhere([...])
 6 APPPATH\Controllers\LoanCoass.php(135): CodeIgniter\Model->__call('getWhere', [...])
 7 SYSTEMPATH\CodeIgniter.php(941): App\Controllers\LoanCoass->edit('6')
 8 SYSTEMPATH\CodeIgniter.php(502): CodeIgniter\CodeIgniter->runController(Object(App\Controllers\LoanCoass))
 9 SYSTEMPATH\CodeIgniter.php(361): CodeIgniter\CodeIgniter->handleRequest(null, Object(Config\Cache), false)
10 FCPATH\index.php(79): CodeIgniter\CodeIgniter->run()
11 SYSTEMPATH\Commands\Server\rewrite.php(47): require_once('E:\\RSGM\\public\\index.php')
INFO - 2024-04-09 07:47:37 --> Session: Class initialized using 'CodeIgniter\Session\Handlers\FileHandler' driver.
ERROR - 2024-04-09 07:47:37 --> mysqli_sql_exception: You have an error in your SQL syntax; check the manual that corresponds to your MariaDB server version for the right syntax to use near '.`coass_number`, `coass_doc`.`coass_phone`, `coass_doc`.`coass_date`, `clinic...' at line 1 in E:\RSGM\system\Database\MySQLi\Connection.php:306
Stack trace:
#0 E:\RSGM\system\Database\MySQLi\Connection.php(306): mysqli->query('SELECT `transac...', 0)
#1 E:\RSGM\system\Database\BaseConnection.php(693): CodeIgniter\Database\MySQLi\Connection->execute('SELECT `transac...')
#2 E:\RSGM\system\Database\BaseConnection.php(607): CodeIgniter\Database\BaseConnection->simpleQuery('SELECT `transac...')
#3 E:\RSGM\system\Database\BaseBuilder.php(1749): CodeIgniter\Database\BaseConnection->query('SELECT `transac...', Array, false)
#4 E:\RSGM\system\Model.php(872): CodeIgniter\Database\BaseBuilder->getWhere(Array)
#5 E:\RSGM\app\Controllers\LoanCoass.php(135): CodeIgniter\Model->__call('getWhere', Array)
#6 E:\RSGM\system\CodeIgniter.php(941): App\Controllers\LoanCoass->edit('6')
#7 E:\RSGM\system\CodeIgniter.php(502): CodeIgniter\CodeIgniter->runController(Object(App\Controllers\LoanCoass))
#8 E:\RSGM\system\CodeIgniter.php(361): CodeIgniter\CodeIgniter->handleRequest(NULL, Object(Config\Cache), false)
#9 E:\RSGM\public\index.php(79): CodeIgniter\CodeIgniter->run()
#10 E:\RSGM\system\Commands\Server\rewrite.php(47): require_once('E:\\RSGM\\public\\...')
#11 {main}
CRITICAL - 2024-04-09 07:47:37 --> CodeIgniter\Database\Exceptions\DatabaseException: You have an error in your SQL syntax; check the manual that corresponds to your MariaDB server version for the right syntax to use near '.`coass_number`, `coass_doc`.`coass_phone`, `coass_doc`.`coass_date`, `clinic...' at line 1
in SYSTEMPATH\Database\BaseConnection.php on line 647.
 1 SYSTEMPATH\Database\BaseBuilder.php(1749): CodeIgniter\Database\BaseConnection->query('SELECT `transaction`.`rm_id`, `coass_doc`.`coass_name`, `transaction`.`phone` `coass_doc`.`coass_number`, `coass_doc`.`coass_phone`, `coass_doc`.`coass_date`, `clinic_name`, `transaction`.`loan_date`, `medical_records`.`fullname`, `transaction`.`id` as `tid`
FROM `transaction`
JOIN `medical_records` ON `medical_records`.`rm_id` = `transaction`.`rm_id`
JOIN `coass_doc` ON `coass_doc`.`transaction_id` = `transaction`.`id`
WHERE `transaction`.`id` = :transaction.id:
AND `loan_type` = :loan_type:', [...], false)
 2 SYSTEMPATH\Model.php(872): CodeIgniter\Database\BaseBuilder->getWhere([...])
 3 APPPATH\Controllers\LoanCoass.php(135): CodeIgniter\Model->__call('getWhere', [...])
 4 SYSTEMPATH\CodeIgniter.php(941): App\Controllers\LoanCoass->edit('6')
 5 SYSTEMPATH\CodeIgniter.php(502): CodeIgniter\CodeIgniter->runController(Object(App\Controllers\LoanCoass))
 6 SYSTEMPATH\CodeIgniter.php(361): CodeIgniter\CodeIgniter->handleRequest(null, Object(Config\Cache), false)
 7 FCPATH\index.php(79): CodeIgniter\CodeIgniter->run()
 8 SYSTEMPATH\Commands\Server\rewrite.php(47): require_once('E:\\RSGM\\public\\index.php')
CRITICAL - 2024-04-09 07:47:37 --> [Caused by] CodeIgniter\Database\Exceptions\DatabaseException: You have an error in your SQL syntax; check the manual that corresponds to your MariaDB server version for the right syntax to use near '.`coass_number`, `coass_doc`.`coass_phone`, `coass_doc`.`coass_date`, `clinic...' at line 1
in SYSTEMPATH\Database\MySQLi\Connection.php on line 311.
 1 SYSTEMPATH\Database\BaseConnection.php(693): CodeIgniter\Database\MySQLi\Connection->execute('SELECT `transaction`.`rm_id`, `coass_doc`.`coass_name`, `transaction`.`phone` `coass_doc`.`coass_number`, `coass_doc`.`coass_phone`, `coass_doc`.`coass_date`, `clinic_name`, `transaction`.`loan_date`, `medical_records`.`fullname`, `transaction`.`id` as `tid`
FROM `transaction`
JOIN `medical_records` ON `medical_records`.`rm_id` = `transaction`.`rm_id`
JOIN `coass_doc` ON `coass_doc`.`transaction_id` = `transaction`.`id`
WHERE `transaction`.`id` = \'6\'
AND `loan_type` = 2')
 2 SYSTEMPATH\Database\BaseConnection.php(607): CodeIgniter\Database\BaseConnection->simpleQuery('SELECT `transaction`.`rm_id`, `coass_doc`.`coass_name`, `transaction`.`phone` `coass_doc`.`coass_number`, `coass_doc`.`coass_phone`, `coass_doc`.`coass_date`, `clinic_name`, `transaction`.`loan_date`, `medical_records`.`fullname`, `transaction`.`id` as `tid`
FROM `transaction`
JOIN `medical_records` ON `medical_records`.`rm_id` = `transaction`.`rm_id`
JOIN `coass_doc` ON `coass_doc`.`transaction_id` = `transaction`.`id`
WHERE `transaction`.`id` = \'6\'
AND `loan_type` = 2')
 3 SYSTEMPATH\Database\BaseBuilder.php(1749): CodeIgniter\Database\BaseConnection->query('SELECT `transaction`.`rm_id`, `coass_doc`.`coass_name`, `transaction`.`phone` `coass_doc`.`coass_number`, `coass_doc`.`coass_phone`, `coass_doc`.`coass_date`, `clinic_name`, `transaction`.`loan_date`, `medical_records`.`fullname`, `transaction`.`id` as `tid`
FROM `transaction`
JOIN `medical_records` ON `medical_records`.`rm_id` = `transaction`.`rm_id`
JOIN `coass_doc` ON `coass_doc`.`transaction_id` = `transaction`.`id`
WHERE `transaction`.`id` = :transaction.id:
AND `loan_type` = :loan_type:', [...], false)
 4 SYSTEMPATH\Model.php(872): CodeIgniter\Database\BaseBuilder->getWhere([...])
 5 APPPATH\Controllers\LoanCoass.php(135): CodeIgniter\Model->__call('getWhere', [...])
 6 SYSTEMPATH\CodeIgniter.php(941): App\Controllers\LoanCoass->edit('6')
 7 SYSTEMPATH\CodeIgniter.php(502): CodeIgniter\CodeIgniter->runController(Object(App\Controllers\LoanCoass))
 8 SYSTEMPATH\CodeIgniter.php(361): CodeIgniter\CodeIgniter->handleRequest(null, Object(Config\Cache), false)
 9 FCPATH\index.php(79): CodeIgniter\CodeIgniter->run()
10 SYSTEMPATH\Commands\Server\rewrite.php(47): require_once('E:\\RSGM\\public\\index.php')
CRITICAL - 2024-04-09 07:47:37 --> [Caused by] mysqli_sql_exception: You have an error in your SQL syntax; check the manual that corresponds to your MariaDB server version for the right syntax to use near '.`coass_number`, `coass_doc`.`coass_phone`, `coass_doc`.`coass_date`, `clinic...' at line 1
in SYSTEMPATH\Database\MySQLi\Connection.php on line 306.
 1 SYSTEMPATH\Database\MySQLi\Connection.php(306): mysqli->query('SELECT `transaction`.`rm_id`, `coass_doc`.`coass_name`, `transaction`.`phone` `coass_doc`.`coass_number`, `coass_doc`.`coass_phone`, `coass_doc`.`coass_date`, `clinic_name`, `transaction`.`loan_date`, `medical_records`.`fullname`, `transaction`.`id` as `tid`
FROM `transaction`
JOIN `medical_records` ON `medical_records`.`rm_id` = `transaction`.`rm_id`
JOIN `coass_doc` ON `coass_doc`.`transaction_id` = `transaction`.`id`
WHERE `transaction`.`id` = \'6\'
AND `loan_type` = 2', 0)
 2 SYSTEMPATH\Database\BaseConnection.php(693): CodeIgniter\Database\MySQLi\Connection->execute('SELECT `transaction`.`rm_id`, `coass_doc`.`coass_name`, `transaction`.`phone` `coass_doc`.`coass_number`, `coass_doc`.`coass_phone`, `coass_doc`.`coass_date`, `clinic_name`, `transaction`.`loan_date`, `medical_records`.`fullname`, `transaction`.`id` as `tid`
FROM `transaction`
JOIN `medical_records` ON `medical_records`.`rm_id` = `transaction`.`rm_id`
JOIN `coass_doc` ON `coass_doc`.`transaction_id` = `transaction`.`id`
WHERE `transaction`.`id` = \'6\'
AND `loan_type` = 2')
 3 SYSTEMPATH\Database\BaseConnection.php(607): CodeIgniter\Database\BaseConnection->simpleQuery('SELECT `transaction`.`rm_id`, `coass_doc`.`coass_name`, `transaction`.`phone` `coass_doc`.`coass_number`, `coass_doc`.`coass_phone`, `coass_doc`.`coass_date`, `clinic_name`, `transaction`.`loan_date`, `medical_records`.`fullname`, `transaction`.`id` as `tid`
FROM `transaction`
JOIN `medical_records` ON `medical_records`.`rm_id` = `transaction`.`rm_id`
JOIN `coass_doc` ON `coass_doc`.`transaction_id` = `transaction`.`id`
WHERE `transaction`.`id` = \'6\'
AND `loan_type` = 2')
 4 SYSTEMPATH\Database\BaseBuilder.php(1749): CodeIgniter\Database\BaseConnection->query('SELECT `transaction`.`rm_id`, `coass_doc`.`coass_name`, `transaction`.`phone` `coass_doc`.`coass_number`, `coass_doc`.`coass_phone`, `coass_doc`.`coass_date`, `clinic_name`, `transaction`.`loan_date`, `medical_records`.`fullname`, `transaction`.`id` as `tid`
FROM `transaction`
JOIN `medical_records` ON `medical_records`.`rm_id` = `transaction`.`rm_id`
JOIN `coass_doc` ON `coass_doc`.`transaction_id` = `transaction`.`id`
WHERE `transaction`.`id` = :transaction.id:
AND `loan_type` = :loan_type:', [...], false)
 5 SYSTEMPATH\Model.php(872): CodeIgniter\Database\BaseBuilder->getWhere([...])
 6 APPPATH\Controllers\LoanCoass.php(135): CodeIgniter\Model->__call('getWhere', [...])
 7 SYSTEMPATH\CodeIgniter.php(941): App\Controllers\LoanCoass->edit('6')
 8 SYSTEMPATH\CodeIgniter.php(502): CodeIgniter\CodeIgniter->runController(Object(App\Controllers\LoanCoass))
 9 SYSTEMPATH\CodeIgniter.php(361): CodeIgniter\CodeIgniter->handleRequest(null, Object(Config\Cache), false)
10 FCPATH\index.php(79): CodeIgniter\CodeIgniter->run()
11 SYSTEMPATH\Commands\Server\rewrite.php(47): require_once('E:\\RSGM\\public\\index.php')
INFO - 2024-04-09 07:48:19 --> Session: Class initialized using 'CodeIgniter\Session\Handlers\FileHandler' driver.
INFO - 2024-04-09 07:49:03 --> Session: Class initialized using 'CodeIgniter\Session\Handlers\FileHandler' driver.
INFO - 2024-04-09 07:49:07 --> Session: Class initialized using 'CodeIgniter\Session\Handlers\FileHandler' driver.
INFO - 2024-04-09 07:49:15 --> Session: Class initialized using 'CodeIgniter\Session\Handlers\FileHandler' driver.
INFO - 2024-04-09 07:49:18 --> Session: Class initialized using 'CodeIgniter\Session\Handlers\FileHandler' driver.
INFO - 2024-04-09 07:49:22 --> Session: Class initialized using 'CodeIgniter\Session\Handlers\FileHandler' driver.
INFO - 2024-04-09 07:49:27 --> Session: Class initialized using 'CodeIgniter\Session\Handlers\FileHandler' driver.
INFO - 2024-04-09 07:49:37 --> Session: Class initialized using 'CodeIgniter\Session\Handlers\FileHandler' driver.
INFO - 2024-04-09 07:49:58 --> Session: Class initialized using 'CodeIgniter\Session\Handlers\FileHandler' driver.
INFO - 2024-04-09 07:50:02 --> Session: Class initialized using 'CodeIgniter\Session\Handlers\FileHandler' driver.
ERROR - 2024-04-09 07:50:02 --> mysqli_sql_exception: Unknown column 'public_doc.phone' in 'field list' in E:\RSGM\system\Database\MySQLi\Connection.php:306
Stack trace:
#0 E:\RSGM\system\Database\MySQLi\Connection.php(306): mysqli->query('SELECT `transac...', 0)
#1 E:\RSGM\system\Database\BaseConnection.php(693): CodeIgniter\Database\MySQLi\Connection->execute('SELECT `transac...')
#2 E:\RSGM\system\Database\BaseConnection.php(607): CodeIgniter\Database\BaseConnection->simpleQuery('SELECT `transac...')
#3 E:\RSGM\system\Database\BaseBuilder.php(1749): CodeIgniter\Database\BaseConnection->query('SELECT `transac...', Array, false)
#4 E:\RSGM\system\Model.php(872): CodeIgniter\Database\BaseBuilder->getWhere(Array)
#5 E:\RSGM\app\Controllers\LoanPublic.php(128): CodeIgniter\Model->__call('getWhere', Array)
#6 E:\RSGM\system\CodeIgniter.php(941): App\Controllers\LoanPublic->edit('25')
#7 E:\RSGM\system\CodeIgniter.php(502): CodeIgniter\CodeIgniter->runController(Object(App\Controllers\LoanPublic))
#8 E:\RSGM\system\CodeIgniter.php(361): CodeIgniter\CodeIgniter->handleRequest(NULL, Object(Config\Cache), false)
#9 E:\RSGM\public\index.php(79): CodeIgniter\CodeIgniter->run()
#10 E:\RSGM\system\Commands\Server\rewrite.php(47): require_once('E:\\RSGM\\public\\...')
#11 {main}
CRITICAL - 2024-04-09 07:50:02 --> CodeIgniter\Database\Exceptions\DatabaseException: Unknown column 'public_doc.phone' in 'field list'
in SYSTEMPATH\Database\BaseConnection.php on line 647.
 1 SYSTEMPATH\Database\BaseBuilder.php(1749): CodeIgniter\Database\BaseConnection->query('SELECT `transaction`.`rm_id`, `public_doc`.`fullname` as `patientname`, `public_doc`.`phone`, `public_doc`.`identity_number`, `public_doc`.`address`, `transaction`.`loan_date`, `medical_records`.`fullname`, `transaction`.`id` as `tid`
FROM `transaction`
JOIN `medical_records` ON `medical_records`.`rm_id` = `transaction`.`rm_id`
JOIN `public_doc` ON `public_doc`.`transaction_id` = `transaction`.`id`
WHERE `transaction`.`id` = :transaction.id:
AND `loan_type` = :loan_type:', [...], false)
 2 SYSTEMPATH\Model.php(872): CodeIgniter\Database\BaseBuilder->getWhere([...])
 3 APPPATH\Controllers\LoanPublic.php(128): CodeIgniter\Model->__call('getWhere', [...])
 4 SYSTEMPATH\CodeIgniter.php(941): App\Controllers\LoanPublic->edit('25')
 5 SYSTEMPATH\CodeIgniter.php(502): CodeIgniter\CodeIgniter->runController(Object(App\Controllers\LoanPublic))
 6 SYSTEMPATH\CodeIgniter.php(361): CodeIgniter\CodeIgniter->handleRequest(null, Object(Config\Cache), false)
 7 FCPATH\index.php(79): CodeIgniter\CodeIgniter->run()
 8 SYSTEMPATH\Commands\Server\rewrite.php(47): require_once('E:\\RSGM\\public\\index.php')
CRITICAL - 2024-04-09 07:50:02 --> [Caused by] CodeIgniter\Database\Exceptions\DatabaseException: Unknown column 'public_doc.phone' in 'field list'
in SYSTEMPATH\Database\MySQLi\Connection.php on line 311.
 1 SYSTEMPATH\Database\BaseConnection.php(693): CodeIgniter\Database\MySQLi\Connection->execute('SELECT `transaction`.`rm_id`, `public_doc`.`fullname` as `patientname`, `public_doc`.`phone`, `public_doc`.`identity_number`, `public_doc`.`address`, `transaction`.`loan_date`, `medical_records`.`fullname`, `transaction`.`id` as `tid`
FROM `transaction`
JOIN `medical_records` ON `medical_records`.`rm_id` = `transaction`.`rm_id`
JOIN `public_doc` ON `public_doc`.`transaction_id` = `transaction`.`id`
WHERE `transaction`.`id` = \'25\'
AND `loan_type` = 1')
 2 SYSTEMPATH\Database\BaseConnection.php(607): CodeIgniter\Database\BaseConnection->simpleQuery('SELECT `transaction`.`rm_id`, `public_doc`.`fullname` as `patientname`, `public_doc`.`phone`, `public_doc`.`identity_number`, `public_doc`.`address`, `transaction`.`loan_date`, `medical_records`.`fullname`, `transaction`.`id` as `tid`
FROM `transaction`
JOIN `medical_records` ON `medical_records`.`rm_id` = `transaction`.`rm_id`
JOIN `public_doc` ON `public_doc`.`transaction_id` = `transaction`.`id`
WHERE `transaction`.`id` = \'25\'
AND `loan_type` = 1')
 3 SYSTEMPATH\Database\BaseBuilder.php(1749): CodeIgniter\Database\BaseConnection->query('SELECT `transaction`.`rm_id`, `public_doc`.`fullname` as `patientname`, `public_doc`.`phone`, `public_doc`.`identity_number`, `public_doc`.`address`, `transaction`.`loan_date`, `medical_records`.`fullname`, `transaction`.`id` as `tid`
FROM `transaction`
JOIN `medical_records` ON `medical_records`.`rm_id` = `transaction`.`rm_id`
JOIN `public_doc` ON `public_doc`.`transaction_id` = `transaction`.`id`
WHERE `transaction`.`id` = :transaction.id:
AND `loan_type` = :loan_type:', [...], false)
 4 SYSTEMPATH\Model.php(872): CodeIgniter\Database\BaseBuilder->getWhere([...])
 5 APPPATH\Controllers\LoanPublic.php(128): CodeIgniter\Model->__call('getWhere', [...])
 6 SYSTEMPATH\CodeIgniter.php(941): App\Controllers\LoanPublic->edit('25')
 7 SYSTEMPATH\CodeIgniter.php(502): CodeIgniter\CodeIgniter->runController(Object(App\Controllers\LoanPublic))
 8 SYSTEMPATH\CodeIgniter.php(361): CodeIgniter\CodeIgniter->handleRequest(null, Object(Config\Cache), false)
 9 FCPATH\index.php(79): CodeIgniter\CodeIgniter->run()
10 SYSTEMPATH\Commands\Server\rewrite.php(47): require_once('E:\\RSGM\\public\\index.php')
CRITICAL - 2024-04-09 07:50:02 --> [Caused by] mysqli_sql_exception: Unknown column 'public_doc.phone' in 'field list'
in SYSTEMPATH\Database\MySQLi\Connection.php on line 306.
 1 SYSTEMPATH\Database\MySQLi\Connection.php(306): mysqli->query('SELECT `transaction`.`rm_id`, `public_doc`.`fullname` as `patientname`, `public_doc`.`phone`, `public_doc`.`identity_number`, `public_doc`.`address`, `transaction`.`loan_date`, `medical_records`.`fullname`, `transaction`.`id` as `tid`
FROM `transaction`
JOIN `medical_records` ON `medical_records`.`rm_id` = `transaction`.`rm_id`
JOIN `public_doc` ON `public_doc`.`transaction_id` = `transaction`.`id`
WHERE `transaction`.`id` = \'25\'
AND `loan_type` = 1', 0)
 2 SYSTEMPATH\Database\BaseConnection.php(693): CodeIgniter\Database\MySQLi\Connection->execute('SELECT `transaction`.`rm_id`, `public_doc`.`fullname` as `patientname`, `public_doc`.`phone`, `public_doc`.`identity_number`, `public_doc`.`address`, `transaction`.`loan_date`, `medical_records`.`fullname`, `transaction`.`id` as `tid`
FROM `transaction`
JOIN `medical_records` ON `medical_records`.`rm_id` = `transaction`.`rm_id`
JOIN `public_doc` ON `public_doc`.`transaction_id` = `transaction`.`id`
WHERE `transaction`.`id` = \'25\'
AND `loan_type` = 1')
 3 SYSTEMPATH\Database\BaseConnection.php(607): CodeIgniter\Database\BaseConnection->simpleQuery('SELECT `transaction`.`rm_id`, `public_doc`.`fullname` as `patientname`, `public_doc`.`phone`, `public_doc`.`identity_number`, `public_doc`.`address`, `transaction`.`loan_date`, `medical_records`.`fullname`, `transaction`.`id` as `tid`
FROM `transaction`
JOIN `medical_records` ON `medical_records`.`rm_id` = `transaction`.`rm_id`
JOIN `public_doc` ON `public_doc`.`transaction_id` = `transaction`.`id`
WHERE `transaction`.`id` = \'25\'
AND `loan_type` = 1')
 4 SYSTEMPATH\Database\BaseBuilder.php(1749): CodeIgniter\Database\BaseConnection->query('SELECT `transaction`.`rm_id`, `public_doc`.`fullname` as `patientname`, `public_doc`.`phone`, `public_doc`.`identity_number`, `public_doc`.`address`, `transaction`.`loan_date`, `medical_records`.`fullname`, `transaction`.`id` as `tid`
FROM `transaction`
JOIN `medical_records` ON `medical_records`.`rm_id` = `transaction`.`rm_id`
JOIN `public_doc` ON `public_doc`.`transaction_id` = `transaction`.`id`
WHERE `transaction`.`id` = :transaction.id:
AND `loan_type` = :loan_type:', [...], false)
 5 SYSTEMPATH\Model.php(872): CodeIgniter\Database\BaseBuilder->getWhere([...])
 6 APPPATH\Controllers\LoanPublic.php(128): CodeIgniter\Model->__call('getWhere', [...])
 7 SYSTEMPATH\CodeIgniter.php(941): App\Controllers\LoanPublic->edit('25')
 8 SYSTEMPATH\CodeIgniter.php(502): CodeIgniter\CodeIgniter->runController(Object(App\Controllers\LoanPublic))
 9 SYSTEMPATH\CodeIgniter.php(361): CodeIgniter\CodeIgniter->handleRequest(null, Object(Config\Cache), false)
10 FCPATH\index.php(79): CodeIgniter\CodeIgniter->run()
11 SYSTEMPATH\Commands\Server\rewrite.php(47): require_once('E:\\RSGM\\public\\index.php')
INFO - 2024-04-09 07:52:34 --> Session: Class initialized using 'CodeIgniter\Session\Handlers\FileHandler' driver.
INFO - 2024-04-09 07:52:42 --> Session: Class initialized using 'CodeIgniter\Session\Handlers\FileHandler' driver.
INFO - 2024-04-09 07:52:45 --> Session: Class initialized using 'CodeIgniter\Session\Handlers\FileHandler' driver.
INFO - 2024-04-09 07:53:19 --> Session: Class initialized using 'CodeIgniter\Session\Handlers\FileHandler' driver.
INFO - 2024-04-09 07:53:36 --> Session: Class initialized using 'CodeIgniter\Session\Handlers\FileHandler' driver.
INFO - 2024-04-09 07:54:04 --> Session: Class initialized using 'CodeIgniter\Session\Handlers\FileHandler' driver.
INFO - 2024-04-09 07:54:08 --> Session: Class initialized using 'CodeIgniter\Session\Handlers\FileHandler' driver.
INFO - 2024-04-09 07:54:44 --> Session: Class initialized using 'CodeIgniter\Session\Handlers\FileHandler' driver.
INFO - 2024-04-09 07:54:44 --> Session: Class initialized using 'CodeIgniter\Session\Handlers\FileHandler' driver.
INFO - 2024-04-09 07:54:50 --> Session: Class initialized using 'CodeIgniter\Session\Handlers\FileHandler' driver.
INFO - 2024-04-09 07:54:53 --> Session: Class initialized using 'CodeIgniter\Session\Handlers\FileHandler' driver.
INFO - 2024-04-09 07:54:57 --> Session: Class initialized using 'CodeIgniter\Session\Handlers\FileHandler' driver.
INFO - 2024-04-09 07:55:00 --> Session: Class initialized using 'CodeIgniter\Session\Handlers\FileHandler' driver.
INFO - 2024-04-09 07:55:34 --> Session: Class initialized using 'CodeIgniter\Session\Handlers\FileHandler' driver.
INFO - 2024-04-09 07:55:35 --> Session: Class initialized using 'CodeIgniter\Session\Handlers\FileHandler' driver.
INFO - 2024-04-09 07:55:39 --> Session: Class initialized using 'CodeIgniter\Session\Handlers\FileHandler' driver.
INFO - 2024-04-09 07:55:44 --> Session: Class initialized using 'CodeIgniter\Session\Handlers\FileHandler' driver.
INFO - 2024-04-09 07:55:49 --> Session: Class initialized using 'CodeIgniter\Session\Handlers\FileHandler' driver.
INFO - 2024-04-09 07:55:50 --> Session: Class initialized using 'CodeIgniter\Session\Handlers\FileHandler' driver.
INFO - 2024-04-09 07:55:53 --> Session: Class initialized using 'CodeIgniter\Session\Handlers\FileHandler' driver.
INFO - 2024-04-09 08:01:15 --> Session: Class initialized using 'CodeIgniter\Session\Handlers\FileHandler' driver.
INFO - 2024-04-09 08:01:19 --> Session: Class initialized using 'CodeIgniter\Session\Handlers\FileHandler' driver.
INFO - 2024-04-09 08:02:37 --> Session: Class initialized using 'CodeIgniter\Session\Handlers\FileHandler' driver.
INFO - 2024-04-09 08:02:37 --> Session: Class initialized using 'CodeIgniter\Session\Handlers\FileHandler' driver.
INFO - 2024-04-09 08:02:45 --> Session: Class initialized using 'CodeIgniter\Session\Handlers\FileHandler' driver.
INFO - 2024-04-09 08:02:50 --> Session: Class initialized using 'CodeIgniter\Session\Handlers\FileHandler' driver.
INFO - 2024-04-09 08:02:54 --> Session: Class initialized using 'CodeIgniter\Session\Handlers\FileHandler' driver.
INFO - 2024-04-09 08:03:19 --> Session: Class initialized using 'CodeIgniter\Session\Handlers\FileHandler' driver.
INFO - 2024-04-09 08:04:56 --> Session: Class initialized using 'CodeIgniter\Session\Handlers\FileHandler' driver.
ERROR - 2024-04-09 08:04:56 --> mysqli_sql_exception: You have an error in your SQL syntax; check the manual that corresponds to your MariaDB server version for the right syntax to use near '.`coass_number`, `coass_doc`.`coass_date`, `clinic_name`, `transaction`.`loan...' at line 1 in E:\RSGM\system\Database\MySQLi\Connection.php:306
Stack trace:
#0 E:\RSGM\system\Database\MySQLi\Connection.php(306): mysqli->query('SELECT `transac...', 0)
#1 E:\RSGM\system\Database\BaseConnection.php(693): CodeIgniter\Database\MySQLi\Connection->execute('SELECT `transac...')
#2 E:\RSGM\system\Database\BaseConnection.php(607): CodeIgniter\Database\BaseConnection->simpleQuery('SELECT `transac...')
#3 E:\RSGM\system\Database\BaseBuilder.php(1749): CodeIgniter\Database\BaseConnection->query('SELECT `transac...', Array, false)
#4 E:\RSGM\system\Model.php(872): CodeIgniter\Database\BaseBuilder->getWhere(Array)
#5 E:\RSGM\app\Controllers\LoanCoass.php(137): CodeIgniter\Model->__call('getWhere', Array)
#6 E:\RSGM\system\CodeIgniter.php(941): App\Controllers\LoanCoass->edit('27')
#7 E:\RSGM\system\CodeIgniter.php(502): CodeIgniter\CodeIgniter->runController(Object(App\Controllers\LoanCoass))
#8 E:\RSGM\system\CodeIgniter.php(361): CodeIgniter\CodeIgniter->handleRequest(NULL, Object(Config\Cache), false)
#9 E:\RSGM\public\index.php(79): CodeIgniter\CodeIgniter->run()
#10 E:\RSGM\system\Commands\Server\rewrite.php(47): require_once('E:\\RSGM\\public\\...')
#11 {main}
CRITICAL - 2024-04-09 08:04:56 --> CodeIgniter\Database\Exceptions\DatabaseException: You have an error in your SQL syntax; check the manual that corresponds to your MariaDB server version for the right syntax to use near '.`coass_number`, `coass_doc`.`coass_date`, `clinic_name`, `transaction`.`loan...' at line 1
in SYSTEMPATH\Database\BaseConnection.php on line 647.
 1 SYSTEMPATH\Database\BaseBuilder.php(1749): CodeIgniter\Database\BaseConnection->query('SELECT `transaction`.`rm_id`, `coass_doc`.`coass_name`, `transaction`.`deadline` `coass_doc`.`coass_number`, `coass_doc`.`coass_date`, `clinic_name`, `transaction`.`loan_date`, `transaction`.`phone`, `medical_records`.`fullname`, `transaction`.`id` as `tid`
FROM `transaction`
JOIN `medical_records` ON `medical_records`.`rm_id` = `transaction`.`rm_id`
JOIN `coass_doc` ON `coass_doc`.`transaction_id` = `transaction`.`id`
WHERE `transaction`.`id` = :transaction.id:
AND `loan_type` = :loan_type:', [...], false)
 2 SYSTEMPATH\Model.php(872): CodeIgniter\Database\BaseBuilder->getWhere([...])
 3 APPPATH\Controllers\LoanCoass.php(137): CodeIgniter\Model->__call('getWhere', [...])
 4 SYSTEMPATH\CodeIgniter.php(941): App\Controllers\LoanCoass->edit('27')
 5 SYSTEMPATH\CodeIgniter.php(502): CodeIgniter\CodeIgniter->runController(Object(App\Controllers\LoanCoass))
 6 SYSTEMPATH\CodeIgniter.php(361): CodeIgniter\CodeIgniter->handleRequest(null, Object(Config\Cache), false)
 7 FCPATH\index.php(79): CodeIgniter\CodeIgniter->run()
 8 SYSTEMPATH\Commands\Server\rewrite.php(47): require_once('E:\\RSGM\\public\\index.php')
CRITICAL - 2024-04-09 08:04:56 --> [Caused by] CodeIgniter\Database\Exceptions\DatabaseException: You have an error in your SQL syntax; check the manual that corresponds to your MariaDB server version for the right syntax to use near '.`coass_number`, `coass_doc`.`coass_date`, `clinic_name`, `transaction`.`loan...' at line 1
in SYSTEMPATH\Database\MySQLi\Connection.php on line 311.
 1 SYSTEMPATH\Database\BaseConnection.php(693): CodeIgniter\Database\MySQLi\Connection->execute('SELECT `transaction`.`rm_id`, `coass_doc`.`coass_name`, `transaction`.`deadline` `coass_doc`.`coass_number`, `coass_doc`.`coass_date`, `clinic_name`, `transaction`.`loan_date`, `transaction`.`phone`, `medical_records`.`fullname`, `transaction`.`id` as `tid`
FROM `transaction`
JOIN `medical_records` ON `medical_records`.`rm_id` = `transaction`.`rm_id`
JOIN `coass_doc` ON `coass_doc`.`transaction_id` = `transaction`.`id`
WHERE `transaction`.`id` = \'27\'
AND `loan_type` = 2')
 2 SYSTEMPATH\Database\BaseConnection.php(607): CodeIgniter\Database\BaseConnection->simpleQuery('SELECT `transaction`.`rm_id`, `coass_doc`.`coass_name`, `transaction`.`deadline` `coass_doc`.`coass_number`, `coass_doc`.`coass_date`, `clinic_name`, `transaction`.`loan_date`, `transaction`.`phone`, `medical_records`.`fullname`, `transaction`.`id` as `tid`
FROM `transaction`
JOIN `medical_records` ON `medical_records`.`rm_id` = `transaction`.`rm_id`
JOIN `coass_doc` ON `coass_doc`.`transaction_id` = `transaction`.`id`
WHERE `transaction`.`id` = \'27\'
AND `loan_type` = 2')
 3 SYSTEMPATH\Database\BaseBuilder.php(1749): CodeIgniter\Database\BaseConnection->query('SELECT `transaction`.`rm_id`, `coass_doc`.`coass_name`, `transaction`.`deadline` `coass_doc`.`coass_number`, `coass_doc`.`coass_date`, `clinic_name`, `transaction`.`loan_date`, `transaction`.`phone`, `medical_records`.`fullname`, `transaction`.`id` as `tid`
FROM `transaction`
JOIN `medical_records` ON `medical_records`.`rm_id` = `transaction`.`rm_id`
JOIN `coass_doc` ON `coass_doc`.`transaction_id` = `transaction`.`id`
WHERE `transaction`.`id` = :transaction.id:
AND `loan_type` = :loan_type:', [...], false)
 4 SYSTEMPATH\Model.php(872): CodeIgniter\Database\BaseBuilder->getWhere([...])
 5 APPPATH\Controllers\LoanCoass.php(137): CodeIgniter\Model->__call('getWhere', [...])
 6 SYSTEMPATH\CodeIgniter.php(941): App\Controllers\LoanCoass->edit('27')
 7 SYSTEMPATH\CodeIgniter.php(502): CodeIgniter\CodeIgniter->runController(Object(App\Controllers\LoanCoass))
 8 SYSTEMPATH\CodeIgniter.php(361): CodeIgniter\CodeIgniter->handleRequest(null, Object(Config\Cache), false)
 9 FCPATH\index.php(79): CodeIgniter\CodeIgniter->run()
10 SYSTEMPATH\Commands\Server\rewrite.php(47): require_once('E:\\RSGM\\public\\index.php')
CRITICAL - 2024-04-09 08:04:56 --> [Caused by] mysqli_sql_exception: You have an error in your SQL syntax; check the manual that corresponds to your MariaDB server version for the right syntax to use near '.`coass_number`, `coass_doc`.`coass_date`, `clinic_name`, `transaction`.`loan...' at line 1
in SYSTEMPATH\Database\MySQLi\Connection.php on line 306.
 1 SYSTEMPATH\Database\MySQLi\Connection.php(306): mysqli->query('SELECT `transaction`.`rm_id`, `coass_doc`.`coass_name`, `transaction`.`deadline` `coass_doc`.`coass_number`, `coass_doc`.`coass_date`, `clinic_name`, `transaction`.`loan_date`, `transaction`.`phone`, `medical_records`.`fullname`, `transaction`.`id` as `tid`
FROM `transaction`
JOIN `medical_records` ON `medical_records`.`rm_id` = `transaction`.`rm_id`
JOIN `coass_doc` ON `coass_doc`.`transaction_id` = `transaction`.`id`
WHERE `transaction`.`id` = \'27\'
AND `loan_type` = 2', 0)
 2 SYSTEMPATH\Database\BaseConnection.php(693): CodeIgniter\Database\MySQLi\Connection->execute('SELECT `transaction`.`rm_id`, `coass_doc`.`coass_name`, `transaction`.`deadline` `coass_doc`.`coass_number`, `coass_doc`.`coass_date`, `clinic_name`, `transaction`.`loan_date`, `transaction`.`phone`, `medical_records`.`fullname`, `transaction`.`id` as `tid`
FROM `transaction`
JOIN `medical_records` ON `medical_records`.`rm_id` = `transaction`.`rm_id`
JOIN `coass_doc` ON `coass_doc`.`transaction_id` = `transaction`.`id`
WHERE `transaction`.`id` = \'27\'
AND `loan_type` = 2')
 3 SYSTEMPATH\Database\BaseConnection.php(607): CodeIgniter\Database\BaseConnection->simpleQuery('SELECT `transaction`.`rm_id`, `coass_doc`.`coass_name`, `transaction`.`deadline` `coass_doc`.`coass_number`, `coass_doc`.`coass_date`, `clinic_name`, `transaction`.`loan_date`, `transaction`.`phone`, `medical_records`.`fullname`, `transaction`.`id` as `tid`
FROM `transaction`
JOIN `medical_records` ON `medical_records`.`rm_id` = `transaction`.`rm_id`
JOIN `coass_doc` ON `coass_doc`.`transaction_id` = `transaction`.`id`
WHERE `transaction`.`id` = \'27\'
AND `loan_type` = 2')
 4 SYSTEMPATH\Database\BaseBuilder.php(1749): CodeIgniter\Database\BaseConnection->query('SELECT `transaction`.`rm_id`, `coass_doc`.`coass_name`, `transaction`.`deadline` `coass_doc`.`coass_number`, `coass_doc`.`coass_date`, `clinic_name`, `transaction`.`loan_date`, `transaction`.`phone`, `medical_records`.`fullname`, `transaction`.`id` as `tid`
FROM `transaction`
JOIN `medical_records` ON `medical_records`.`rm_id` = `transaction`.`rm_id`
JOIN `coass_doc` ON `coass_doc`.`transaction_id` = `transaction`.`id`
WHERE `transaction`.`id` = :transaction.id:
AND `loan_type` = :loan_type:', [...], false)
 5 SYSTEMPATH\Model.php(872): CodeIgniter\Database\BaseBuilder->getWhere([...])
 6 APPPATH\Controllers\LoanCoass.php(137): CodeIgniter\Model->__call('getWhere', [...])
 7 SYSTEMPATH\CodeIgniter.php(941): App\Controllers\LoanCoass->edit('27')
 8 SYSTEMPATH\CodeIgniter.php(502): CodeIgniter\CodeIgniter->runController(Object(App\Controllers\LoanCoass))
 9 SYSTEMPATH\CodeIgniter.php(361): CodeIgniter\CodeIgniter->handleRequest(null, Object(Config\Cache), false)
10 FCPATH\index.php(79): CodeIgniter\CodeIgniter->run()
11 SYSTEMPATH\Commands\Server\rewrite.php(47): require_once('E:\\RSGM\\public\\index.php')
INFO - 2024-04-09 08:05:42 --> Session: Class initialized using 'CodeIgniter\Session\Handlers\FileHandler' driver.
INFO - 2024-04-09 08:07:19 --> Session: Class initialized using 'CodeIgniter\Session\Handlers\FileHandler' driver.
INFO - 2024-04-09 08:07:19 --> Session: Class initialized using 'CodeIgniter\Session\Handlers\FileHandler' driver.
INFO - 2024-04-09 08:07:26 --> Session: Class initialized using 'CodeIgniter\Session\Handlers\FileHandler' driver.
INFO - 2024-04-09 08:07:27 --> Session: Class initialized using 'CodeIgniter\Session\Handlers\FileHandler' driver.
INFO - 2024-04-09 08:11:12 --> Session: Class initialized using 'CodeIgniter\Session\Handlers\FileHandler' driver.
INFO - 2024-04-09 08:11:15 --> Session: Class initialized using 'CodeIgniter\Session\Handlers\FileHandler' driver.
INFO - 2024-04-09 08:11:17 --> Session: Class initialized using 'CodeIgniter\Session\Handlers\FileHandler' driver.
INFO - 2024-04-09 08:11:20 --> Session: Class initialized using 'CodeIgniter\Session\Handlers\FileHandler' driver.
INFO - 2024-04-09 08:11:24 --> Session: Class initialized using 'CodeIgniter\Session\Handlers\FileHandler' driver.
INFO - 2024-04-09 08:11:24 --> Session: Class initialized using 'CodeIgniter\Session\Handlers\FileHandler' driver.
INFO - 2024-04-09 08:11:27 --> Session: Class initialized using 'CodeIgniter\Session\Handlers\FileHandler' driver.
INFO - 2024-04-09 08:11:34 --> Session: Class initialized using 'CodeIgniter\Session\Handlers\FileHandler' driver.
INFO - 2024-04-09 08:12:26 --> Session: Class initialized using 'CodeIgniter\Session\Handlers\FileHandler' driver.
INFO - 2024-04-09 08:13:00 --> Session: Class initialized using 'CodeIgniter\Session\Handlers\FileHandler' driver.
INFO - 2024-04-09 08:13:01 --> Session: Class initialized using 'CodeIgniter\Session\Handlers\FileHandler' driver.
INFO - 2024-04-09 08:13:08 --> Session: Class initialized using 'CodeIgniter\Session\Handlers\FileHandler' driver.
INFO - 2024-04-09 08:14:35 --> Session: Class initialized using 'CodeIgniter\Session\Handlers\FileHandler' driver.
INFO - 2024-04-09 08:15:22 --> Session: Class initialized using 'CodeIgniter\Session\Handlers\FileHandler' driver.
INFO - 2024-04-09 08:15:23 --> Session: Class initialized using 'CodeIgniter\Session\Handlers\FileHandler' driver.
INFO - 2024-04-09 08:15:28 --> Session: Class initialized using 'CodeIgniter\Session\Handlers\FileHandler' driver.
INFO - 2024-04-09 08:16:35 --> Session: Class initialized using 'CodeIgniter\Session\Handlers\FileHandler' driver.
INFO - 2024-04-09 08:16:39 --> Session: Class initialized using 'CodeIgniter\Session\Handlers\FileHandler' driver.
INFO - 2024-04-09 08:18:26 --> Session: Class initialized using 'CodeIgniter\Session\Handlers\FileHandler' driver.
INFO - 2024-04-09 08:23:26 --> Session: Class initialized using 'CodeIgniter\Session\Handlers\FileHandler' driver.
INFO - 2024-04-09 08:25:09 --> Session: Class initialized using 'CodeIgniter\Session\Handlers\FileHandler' driver.
INFO - 2024-04-09 08:26:20 --> Session: Class initialized using 'CodeIgniter\Session\Handlers\FileHandler' driver.
INFO - 2024-04-09 08:26:28 --> Session: Class initialized using 'CodeIgniter\Session\Handlers\FileHandler' driver.
INFO - 2024-04-09 08:27:10 --> Session: Class initialized using 'CodeIgniter\Session\Handlers\FileHandler' driver.
INFO - 2024-04-09 08:27:42 --> Session: Class initialized using 'CodeIgniter\Session\Handlers\FileHandler' driver.
INFO - 2024-04-09 08:27:51 --> Session: Class initialized using 'CodeIgniter\Session\Handlers\FileHandler' driver.
INFO - 2024-04-09 08:27:57 --> Session: Class initialized using 'CodeIgniter\Session\Handlers\FileHandler' driver.
INFO - 2024-04-09 08:28:11 --> Session: Class initialized using 'CodeIgniter\Session\Handlers\FileHandler' driver.
INFO - 2024-04-09 08:28:20 --> Session: Class initialized using 'CodeIgniter\Session\Handlers\FileHandler' driver.
INFO - 2024-04-09 08:29:11 --> Session: Class initialized using 'CodeIgniter\Session\Handlers\FileHandler' driver.
INFO - 2024-04-09 08:29:24 --> Session: Class initialized using 'CodeIgniter\Session\Handlers\FileHandler' driver.
INFO - 2024-04-09 08:30:24 --> Session: Class initialized using 'CodeIgniter\Session\Handlers\FileHandler' driver.
INFO - 2024-04-09 08:30:29 --> Session: Class initialized using 'CodeIgniter\Session\Handlers\FileHandler' driver.
INFO - 2024-04-09 08:30:36 --> Session: Class initialized using 'CodeIgniter\Session\Handlers\FileHandler' driver.
INFO - 2024-04-09 08:31:15 --> Session: Class initialized using 'CodeIgniter\Session\Handlers\FileHandler' driver.
INFO - 2024-04-09 08:31:26 --> Session: Class initialized using 'CodeIgniter\Session\Handlers\FileHandler' driver.
INFO - 2024-04-09 08:31:44 --> Session: Class initialized using 'CodeIgniter\Session\Handlers\FileHandler' driver.
INFO - 2024-04-09 08:32:50 --> Session: Class initialized using 'CodeIgniter\Session\Handlers\FileHandler' driver.
INFO - 2024-04-09 08:33:24 --> Session: Class initialized using 'CodeIgniter\Session\Handlers\FileHandler' driver.
INFO - 2024-04-09 08:33:47 --> Session: Class initialized using 'CodeIgniter\Session\Handlers\FileHandler' driver.
INFO - 2024-04-09 08:34:56 --> Session: Class initialized using 'CodeIgniter\Session\Handlers\FileHandler' driver.
INFO - 2024-04-09 08:35:01 --> Session: Class initialized using 'CodeIgniter\Session\Handlers\FileHandler' driver.
INFO - 2024-04-09 08:35:05 --> Session: Class initialized using 'CodeIgniter\Session\Handlers\FileHandler' driver.
INFO - 2024-04-09 08:36:52 --> Session: Class initialized using 'CodeIgniter\Session\Handlers\FileHandler' driver.
INFO - 2024-04-09 08:37:11 --> Session: Class initialized using 'CodeIgniter\Session\Handlers\FileHandler' driver.
INFO - 2024-04-09 08:38:35 --> Session: Class initialized using 'CodeIgniter\Session\Handlers\FileHandler' driver.
INFO - 2024-04-09 08:39:56 --> Session: Class initialized using 'CodeIgniter\Session\Handlers\FileHandler' driver.
INFO - 2024-04-09 08:40:52 --> Session: Class initialized using 'CodeIgniter\Session\Handlers\FileHandler' driver.
INFO - 2024-04-09 08:41:25 --> Session: Class initialized using 'CodeIgniter\Session\Handlers\FileHandler' driver.
INFO - 2024-04-09 08:44:55 --> Session: Class initialized using 'CodeIgniter\Session\Handlers\FileHandler' driver.
INFO - 2024-04-09 08:47:37 --> Session: Class initialized using 'CodeIgniter\Session\Handlers\FileHandler' driver.
CRITICAL - 2024-04-09 08:47:37 --> ErrorException: Trying to access array offset on value of type int
in APPPATH\Views\officer\index.php on line 23.
 1 APPPATH\Views\officer\index.php(23): CodeIgniter\Debug\Exceptions->errorHandler(2, 'Trying to access array offset on value of type int', 'E:\\RSGM\\app\\Views\\officer\\index.php', 23)
 2 SYSTEMPATH\View\View.php(228): include('E:\\RSGM\\app\\Views\\officer\\index.php')
 3 SYSTEMPATH\View\View.php(231): CodeIgniter\View\View->CodeIgniter\View\{closure}()
 4 SYSTEMPATH\Common.php(1178): CodeIgniter\View\View->render('officer/index', [], true)
 5 APPPATH\Controllers\Officer.php(25): view('officer/index', [...])
 6 SYSTEMPATH\CodeIgniter.php(941): App\Controllers\Officer->index()
 7 SYSTEMPATH\CodeIgniter.php(502): CodeIgniter\CodeIgniter->runController(Object(App\Controllers\Officer))
 8 SYSTEMPATH\CodeIgniter.php(361): CodeIgniter\CodeIgniter->handleRequest(null, Object(Config\Cache), false)
 9 FCPATH\index.php(79): CodeIgniter\CodeIgniter->run()
10 SYSTEMPATH\Commands\Server\rewrite.php(47): require_once('E:\\RSGM\\public\\index.php')
INFO - 2024-04-09 08:47:57 --> Session: Class initialized using 'CodeIgniter\Session\Handlers\FileHandler' driver.
INFO - 2024-04-09 08:48:23 --> Session: Class initialized using 'CodeIgniter\Session\Handlers\FileHandler' driver.
INFO - 2024-04-09 08:48:47 --> Session: Class initialized using 'CodeIgniter\Session\Handlers\FileHandler' driver.
INFO - 2024-04-09 08:49:13 --> Session: Class initialized using 'CodeIgniter\Session\Handlers\FileHandler' driver.
INFO - 2024-04-09 08:50:16 --> Session: Class initialized using 'CodeIgniter\Session\Handlers\FileHandler' driver.
INFO - 2024-04-09 08:50:21 --> Session: Class initialized using 'CodeIgniter\Session\Handlers\FileHandler' driver.
INFO - 2024-04-09 08:50:28 --> Session: Class initialized using 'CodeIgniter\Session\Handlers\FileHandler' driver.
INFO - 2024-04-09 08:50:45 --> Session: Class initialized using 'CodeIgniter\Session\Handlers\FileHandler' driver.
INFO - 2024-04-09 08:50:53 --> Session: Class initialized using 'CodeIgniter\Session\Handlers\FileHandler' driver.
INFO - 2024-04-09 08:50:56 --> Session: Class initialized using 'CodeIgniter\Session\Handlers\FileHandler' driver.
INFO - 2024-04-09 08:51:00 --> Session: Class initialized using 'CodeIgniter\Session\Handlers\FileHandler' driver.
INFO - 2024-04-09 08:51:16 --> Session: Class initialized using 'CodeIgniter\Session\Handlers\FileHandler' driver.
INFO - 2024-04-09 08:51:24 --> Session: Class initialized using 'CodeIgniter\Session\Handlers\FileHandler' driver.
INFO - 2024-04-09 08:51:27 --> Session: Class initialized using 'CodeIgniter\Session\Handlers\FileHandler' driver.
INFO - 2024-04-09 08:51:32 --> Session: Class initialized using 'CodeIgniter\Session\Handlers\FileHandler' driver.
INFO - 2024-04-09 08:51:36 --> Session: Class initialized using 'CodeIgniter\Session\Handlers\FileHandler' driver.
INFO - 2024-04-09 08:51:40 --> Session: Class initialized using 'CodeIgniter\Session\Handlers\FileHandler' driver.
INFO - 2024-04-09 08:51:44 --> Session: Class initialized using 'CodeIgniter\Session\Handlers\FileHandler' driver.
INFO - 2024-04-09 08:52:02 --> Session: Class initialized using 'CodeIgniter\Session\Handlers\FileHandler' driver.
INFO - 2024-04-09 08:52:05 --> Session: Class initialized using 'CodeIgniter\Session\Handlers\FileHandler' driver.
INFO - 2024-04-09 08:52:13 --> Session: Class initialized using 'CodeIgniter\Session\Handlers\FileHandler' driver.
INFO - 2024-04-09 08:52:19 --> Session: Class initialized using 'CodeIgniter\Session\Handlers\FileHandler' driver.
INFO - 2024-04-09 08:53:12 --> Session: Class initialized using 'CodeIgniter\Session\Handlers\FileHandler' driver.
INFO - 2024-04-09 08:53:27 --> Session: Class initialized using 'CodeIgniter\Session\Handlers\FileHandler' driver.
INFO - 2024-04-09 08:53:32 --> Session: Class initialized using 'CodeIgniter\Session\Handlers\FileHandler' driver.
INFO - 2024-04-09 08:53:52 --> Session: Class initialized using 'CodeIgniter\Session\Handlers\FileHandler' driver.
INFO - 2024-04-09 08:54:06 --> Session: Class initialized using 'CodeIgniter\Session\Handlers\FileHandler' driver.
INFO - 2024-04-09 08:54:53 --> Session: Class initialized using 'CodeIgniter\Session\Handlers\FileHandler' driver.
CRITICAL - 2024-04-09 08:54:53 --> ErrorException: Attempt to read property "rm_id" on null
in APPPATH\Views\recordmedical\show.php on line 7.
 1 APPPATH\Views\recordmedical\show.php(7): CodeIgniter\Debug\Exceptions->errorHandler(2, 'Attempt to read property "rm_id" on null', 'E:\\RSGM\\app\\Views\\recordmedical\\show.php', 7)
 2 SYSTEMPATH\View\View.php(228): include('E:\\RSGM\\app\\Views\\recordmedical\\show.php')
 3 SYSTEMPATH\View\View.php(231): CodeIgniter\View\View->CodeIgniter\View\{closure}()
 4 SYSTEMPATH\Common.php(1178): CodeIgniter\View\View->render('recordmedical/show', [], true)
 5 APPPATH\Controllers\RecordMedical.php(43): view('recordmedical/show', [...])
 6 SYSTEMPATH\CodeIgniter.php(941): App\Controllers\RecordMedical->show('17')
 7 SYSTEMPATH\CodeIgniter.php(502): CodeIgniter\CodeIgniter->runController(Object(App\Controllers\RecordMedical))
 8 SYSTEMPATH\CodeIgniter.php(361): CodeIgniter\CodeIgniter->handleRequest(null, Object(Config\Cache), false)
 9 FCPATH\index.php(79): CodeIgniter\CodeIgniter->run()
10 SYSTEMPATH\Commands\Server\rewrite.php(47): require_once('E:\\RSGM\\public\\index.php')
INFO - 2024-04-09 08:54:57 --> Session: Class initialized using 'CodeIgniter\Session\Handlers\FileHandler' driver.
INFO - 2024-04-09 08:55:05 --> Session: Class initialized using 'CodeIgniter\Session\Handlers\FileHandler' driver.
CRITICAL - 2024-04-09 08:55:05 --> ErrorException: Attempt to read property "rm_id" on null
in APPPATH\Views\recordmedical\show.php on line 7.
 1 APPPATH\Views\recordmedical\show.php(7): CodeIgniter\Debug\Exceptions->errorHandler(2, 'Attempt to read property "rm_id" on null', 'E:\\RSGM\\app\\Views\\recordmedical\\show.php', 7)
 2 SYSTEMPATH\View\View.php(228): include('E:\\RSGM\\app\\Views\\recordmedical\\show.php')
 3 SYSTEMPATH\View\View.php(231): CodeIgniter\View\View->CodeIgniter\View\{closure}()
 4 SYSTEMPATH\Common.php(1178): CodeIgniter\View\View->render('recordmedical/show', [], true)
 5 APPPATH\Controllers\RecordMedical.php(43): view('recordmedical/show', [...])
 6 SYSTEMPATH\CodeIgniter.php(941): App\Controllers\RecordMedical->show('25')
 7 SYSTEMPATH\CodeIgniter.php(502): CodeIgniter\CodeIgniter->runController(Object(App\Controllers\RecordMedical))
 8 SYSTEMPATH\CodeIgniter.php(361): CodeIgniter\CodeIgniter->handleRequest(null, Object(Config\Cache), false)
 9 FCPATH\index.php(79): CodeIgniter\CodeIgniter->run()
10 SYSTEMPATH\Commands\Server\rewrite.php(47): require_once('E:\\RSGM\\public\\index.php')
INFO - 2024-04-09 08:55:08 --> Session: Class initialized using 'CodeIgniter\Session\Handlers\FileHandler' driver.
INFO - 2024-04-09 08:55:14 --> Session: Class initialized using 'CodeIgniter\Session\Handlers\FileHandler' driver.
INFO - 2024-04-09 08:55:23 --> Session: Class initialized using 'CodeIgniter\Session\Handlers\FileHandler' driver.
INFO - 2024-04-09 08:57:47 --> Session: Class initialized using 'CodeIgniter\Session\Handlers\FileHandler' driver.
INFO - 2024-04-09 08:59:02 --> Session: Class initialized using 'CodeIgniter\Session\Handlers\FileHandler' driver.
INFO - 2024-04-09 09:03:03 --> Session: Class initialized using 'CodeIgniter\Session\Handlers\FileHandler' driver.
INFO - 2024-04-09 09:04:06 --> Session: Class initialized using 'CodeIgniter\Session\Handlers\FileHandler' driver.
INFO - 2024-04-09 09:08:45 --> Session: Class initialized using 'CodeIgniter\Session\Handlers\FileHandler' driver.
INFO - 2024-04-09 09:09:13 --> Session: Class initialized using 'CodeIgniter\Session\Handlers\FileHandler' driver.
INFO - 2024-04-09 09:10:19 --> Session: Class initialized using 'CodeIgniter\Session\Handlers\FileHandler' driver.
INFO - 2024-04-09 09:10:43 --> Session: Class initialized using 'CodeIgniter\Session\Handlers\FileHandler' driver.
INFO - 2024-04-09 09:11:11 --> Session: Class initialized using 'CodeIgniter\Session\Handlers\FileHandler' driver.
INFO - 2024-04-09 09:11:38 --> Session: Class initialized using 'CodeIgniter\Session\Handlers\FileHandler' driver.
INFO - 2024-04-09 09:11:58 --> Session: Class initialized using 'CodeIgniter\Session\Handlers\FileHandler' driver.
INFO - 2024-04-09 09:12:16 --> Session: Class initialized using 'CodeIgniter\Session\Handlers\FileHandler' driver.
INFO - 2024-04-09 09:19:17 --> Session: Class initialized using 'CodeIgniter\Session\Handlers\FileHandler' driver.
INFO - 2024-04-09 09:20:41 --> Session: Class initialized using 'CodeIgniter\Session\Handlers\FileHandler' driver.
