INFO - 2024-03-27 08:14:21 --> Session: Class initialized using 'CodeIgniter\Session\Handlers\FileHandler' driver.
INFO - 2024-03-27 08:14:26 --> Session: Class initialized using 'CodeIgniter\Session\Handlers\FileHandler' driver.
INFO - 2024-03-27 08:14:26 --> Session: Class initialized using 'CodeIgniter\Session\Handlers\FileHandler' driver.
INFO - 2024-03-27 08:14:30 --> Session: Class initialized using 'CodeIgniter\Session\Handlers\FileHandler' driver.
INFO - 2024-03-27 08:14:35 --> Session: Class initialized using 'CodeIgniter\Session\Handlers\FileHandler' driver.
INFO - 2024-03-27 08:14:41 --> Session: Class initialized using 'CodeIgniter\Session\Handlers\FileHandler' driver.
INFO - 2024-03-27 08:14:48 --> Session: Class initialized using 'CodeIgniter\Session\Handlers\FileHandler' driver.
INFO - 2024-03-27 08:40:33 --> Session: Class initialized using 'CodeIgniter\Session\Handlers\FileHandler' driver.
INFO - 2024-03-27 08:40:34 --> Session: Class initialized using 'CodeIgniter\Session\Handlers\FileHandler' driver.
INFO - 2024-03-27 08:42:29 --> Session: Class initialized using 'CodeIgniter\Session\Handlers\FileHandler' driver.
INFO - 2024-03-27 08:46:00 --> Session: Class initialized using 'CodeIgniter\Session\Handlers\FileHandler' driver.
INFO - 2024-03-27 08:59:00 --> Session: Class initialized using 'CodeIgniter\Session\Handlers\FileHandler' driver.
INFO - 2024-03-27 09:02:44 --> Session: Class initialized using 'CodeIgniter\Session\Handlers\FileHandler' driver.
INFO - 2024-03-27 09:03:41 --> Session: Class initialized using 'CodeIgniter\Session\Handlers\FileHandler' driver.
INFO - 2024-03-27 09:05:06 --> Session: Class initialized using 'CodeIgniter\Session\Handlers\FileHandler' driver.
INFO - 2024-03-27 09:21:18 --> Session: Class initialized using 'CodeIgniter\Session\Handlers\FileHandler' driver.
INFO - 2024-03-27 09:32:20 --> Session: Class initialized using 'CodeIgniter\Session\Handlers\FileHandler' driver.
INFO - 2024-03-27 09:46:03 --> Session: Class initialized using 'CodeIgniter\Session\Handlers\FileHandler' driver.
WARNING - 2024-03-27 09:56:13 --> [DEPRECATED] Since fakerphp/faker 1.14: Accessing property "company" is deprecated, use "company()" instead. in VENDORPATH\symfony\deprecation-contracts\function.php on line 25.
 1 VENDORPATH\symfony\deprecation-contracts\function.php(25): trigger_error('Since fakerphp/faker 1.14: Accessing property "company" is deprecated, use "company()" instead.', 16384)
 2 VENDORPATH\fakerphp\faker\src\Faker\Generator.php(962): trigger_deprecation('fakerphp/faker', '1.14', 'Accessing property "%s" is deprecated, use "%s()" instead.', 'company', 'company')
 3 APPPATH\Database\Seeds\CoassLoanSeeder.php(28): Faker\Generator->__get('company')
 4 SYSTEMPATH\Database\Seeder.php(145): App\Database\Seeds\CoassLoanSeeder->run()
 5 SYSTEMPATH\Commands\Database\Seed.php(77): CodeIgniter\Database\Seeder->call('App\\Database\\Seeds\\CoassLoanSeeder')
 6 SYSTEMPATH\CLI\Commands.php(65): CodeIgniter\Commands\Database\Seed->run([])
 7 SYSTEMPATH\CLI\Console.php(46): CodeIgniter\CLI\Commands->run('db:seed', [...])
 8 ROOTPATH\spark(102): CodeIgniter\CLI\Console->run()
WARNING - 2024-03-27 09:56:13 --> [DEPRECATED] Since fakerphp/faker 1.14: Accessing property "ean8" is deprecated, use "ean8()" instead. in VENDORPATH\symfony\deprecation-contracts\function.php on line 25.
 1 VENDORPATH\symfony\deprecation-contracts\function.php(25): trigger_error('Since fakerphp/faker 1.14: Accessing property "ean8" is deprecated, use "ean8()" instead.', 16384)
 2 VENDORPATH\fakerphp\faker\src\Faker\Generator.php(962): trigger_deprecation('fakerphp/faker', '1.14', 'Accessing property "%s" is deprecated, use "%s()" instead.', 'ean8', 'ean8')
 3 APPPATH\Database\Seeds\CoassLoanSeeder.php(29): Faker\Generator->__get('ean8')
 4 SYSTEMPATH\Database\Seeder.php(145): App\Database\Seeds\CoassLoanSeeder->run()
 5 SYSTEMPATH\Commands\Database\Seed.php(77): CodeIgniter\Database\Seeder->call('App\\Database\\Seeds\\CoassLoanSeeder')
 6 SYSTEMPATH\CLI\Commands.php(65): CodeIgniter\Commands\Database\Seed->run([])
 7 SYSTEMPATH\CLI\Console.php(46): CodeIgniter\CLI\Commands->run('db:seed', [...])
 8 ROOTPATH\spark(102): CodeIgniter\CLI\Console->run()
WARNING - 2024-03-27 09:56:13 --> [DEPRECATED] Since fakerphp/faker 1.14: Accessing property "phoneNumber" is deprecated, use "phoneNumber()" instead. in VENDORPATH\symfony\deprecation-contracts\function.php on line 25.
 1 VENDORPATH\symfony\deprecation-contracts\function.php(25): trigger_error('Since fakerphp/faker 1.14: Accessing property "phoneNumber" is deprecated, use "phoneNumber()" instead.', 16384)
 2 VENDORPATH\fakerphp\faker\src\Faker\Generator.php(962): trigger_deprecation('fakerphp/faker', '1.14', 'Accessing property "%s" is deprecated, use "%s()" instead.', 'phoneNumber', 'phoneNumber')
 3 APPPATH\Database\Seeds\CoassLoanSeeder.php(31): Faker\Generator->__get('phoneNumber')
 4 SYSTEMPATH\Database\Seeder.php(145): App\Database\Seeds\CoassLoanSeeder->run()
 5 SYSTEMPATH\Commands\Database\Seed.php(77): CodeIgniter\Database\Seeder->call('App\\Database\\Seeds\\CoassLoanSeeder')
 6 SYSTEMPATH\CLI\Commands.php(65): CodeIgniter\Commands\Database\Seed->run([])
 7 SYSTEMPATH\CLI\Console.php(46): CodeIgniter\CLI\Commands->run('db:seed', [...])
 8 ROOTPATH\spark(102): CodeIgniter\CLI\Console->run()
WARNING - 2024-03-27 09:56:13 --> [DEPRECATED] Since fakerphp/faker 1.14: Accessing property "name" is deprecated, use "name()" instead. in VENDORPATH\symfony\deprecation-contracts\function.php on line 25.
 1 VENDORPATH\symfony\deprecation-contracts\function.php(25): trigger_error('Since fakerphp/faker 1.14: Accessing property "name" is deprecated, use "name()" instead.', 16384)
 2 VENDORPATH\fakerphp\faker\src\Faker\Generator.php(962): trigger_deprecation('fakerphp/faker', '1.14', 'Accessing property "%s" is deprecated, use "%s()" instead.', 'name', 'name')
 3 APPPATH\Database\Seeds\CoassLoanSeeder.php(33): Faker\Generator->__get('name')
 4 SYSTEMPATH\Database\Seeder.php(145): App\Database\Seeds\CoassLoanSeeder->run()
 5 SYSTEMPATH\Commands\Database\Seed.php(77): CodeIgniter\Database\Seeder->call('App\\Database\\Seeds\\CoassLoanSeeder')
 6 SYSTEMPATH\CLI\Commands.php(65): CodeIgniter\Commands\Database\Seed->run([])
 7 SYSTEMPATH\CLI\Console.php(46): CodeIgniter\CLI\Commands->run('db:seed', [...])
 8 ROOTPATH\spark(102): CodeIgniter\CLI\Console->run()
WARNING - 2024-03-27 09:56:13 --> [DEPRECATED] Since fakerphp/faker 1.14: Accessing property "company" is deprecated, use "company()" instead. in VENDORPATH\symfony\deprecation-contracts\function.php on line 25.
 1 VENDORPATH\symfony\deprecation-contracts\function.php(25): trigger_error('Since fakerphp/faker 1.14: Accessing property "company" is deprecated, use "company()" instead.', 16384)
 2 VENDORPATH\fakerphp\faker\src\Faker\Generator.php(962): trigger_deprecation('fakerphp/faker', '1.14', 'Accessing property "%s" is deprecated, use "%s()" instead.', 'company', 'company')
 3 APPPATH\Database\Seeds\CoassLoanSeeder.php(28): Faker\Generator->__get('company')
 4 SYSTEMPATH\Database\Seeder.php(145): App\Database\Seeds\CoassLoanSeeder->run()
 5 SYSTEMPATH\Commands\Database\Seed.php(77): CodeIgniter\Database\Seeder->call('App\\Database\\Seeds\\CoassLoanSeeder')
 6 SYSTEMPATH\CLI\Commands.php(65): CodeIgniter\Commands\Database\Seed->run([])
 7 SYSTEMPATH\CLI\Console.php(46): CodeIgniter\CLI\Commands->run('db:seed', [...])
 8 ROOTPATH\spark(102): CodeIgniter\CLI\Console->run()
WARNING - 2024-03-27 09:56:13 --> [DEPRECATED] Since fakerphp/faker 1.14: Accessing property "ean8" is deprecated, use "ean8()" instead. in VENDORPATH\symfony\deprecation-contracts\function.php on line 25.
 1 VENDORPATH\symfony\deprecation-contracts\function.php(25): trigger_error('Since fakerphp/faker 1.14: Accessing property "ean8" is deprecated, use "ean8()" instead.', 16384)
 2 VENDORPATH\fakerphp\faker\src\Faker\Generator.php(962): trigger_deprecation('fakerphp/faker', '1.14', 'Accessing property "%s" is deprecated, use "%s()" instead.', 'ean8', 'ean8')
 3 APPPATH\Database\Seeds\CoassLoanSeeder.php(29): Faker\Generator->__get('ean8')
 4 SYSTEMPATH\Database\Seeder.php(145): App\Database\Seeds\CoassLoanSeeder->run()
 5 SYSTEMPATH\Commands\Database\Seed.php(77): CodeIgniter\Database\Seeder->call('App\\Database\\Seeds\\CoassLoanSeeder')
 6 SYSTEMPATH\CLI\Commands.php(65): CodeIgniter\Commands\Database\Seed->run([])
 7 SYSTEMPATH\CLI\Console.php(46): CodeIgniter\CLI\Commands->run('db:seed', [...])
 8 ROOTPATH\spark(102): CodeIgniter\CLI\Console->run()
WARNING - 2024-03-27 09:56:13 --> [DEPRECATED] Since fakerphp/faker 1.14: Accessing property "phoneNumber" is deprecated, use "phoneNumber()" instead. in VENDORPATH\symfony\deprecation-contracts\function.php on line 25.
 1 VENDORPATH\symfony\deprecation-contracts\function.php(25): trigger_error('Since fakerphp/faker 1.14: Accessing property "phoneNumber" is deprecated, use "phoneNumber()" instead.', 16384)
 2 VENDORPATH\fakerphp\faker\src\Faker\Generator.php(962): trigger_deprecation('fakerphp/faker', '1.14', 'Accessing property "%s" is deprecated, use "%s()" instead.', 'phoneNumber', 'phoneNumber')
 3 APPPATH\Database\Seeds\CoassLoanSeeder.php(31): Faker\Generator->__get('phoneNumber')
 4 SYSTEMPATH\Database\Seeder.php(145): App\Database\Seeds\CoassLoanSeeder->run()
 5 SYSTEMPATH\Commands\Database\Seed.php(77): CodeIgniter\Database\Seeder->call('App\\Database\\Seeds\\CoassLoanSeeder')
 6 SYSTEMPATH\CLI\Commands.php(65): CodeIgniter\Commands\Database\Seed->run([])
 7 SYSTEMPATH\CLI\Console.php(46): CodeIgniter\CLI\Commands->run('db:seed', [...])
 8 ROOTPATH\spark(102): CodeIgniter\CLI\Console->run()
WARNING - 2024-03-27 09:56:13 --> [DEPRECATED] Since fakerphp/faker 1.14: Accessing property "name" is deprecated, use "name()" instead. in VENDORPATH\symfony\deprecation-contracts\function.php on line 25.
 1 VENDORPATH\symfony\deprecation-contracts\function.php(25): trigger_error('Since fakerphp/faker 1.14: Accessing property "name" is deprecated, use "name()" instead.', 16384)
 2 VENDORPATH\fakerphp\faker\src\Faker\Generator.php(962): trigger_deprecation('fakerphp/faker', '1.14', 'Accessing property "%s" is deprecated, use "%s()" instead.', 'name', 'name')
 3 APPPATH\Database\Seeds\CoassLoanSeeder.php(33): Faker\Generator->__get('name')
 4 SYSTEMPATH\Database\Seeder.php(145): App\Database\Seeds\CoassLoanSeeder->run()
 5 SYSTEMPATH\Commands\Database\Seed.php(77): CodeIgniter\Database\Seeder->call('App\\Database\\Seeds\\CoassLoanSeeder')
 6 SYSTEMPATH\CLI\Commands.php(65): CodeIgniter\Commands\Database\Seed->run([])
 7 SYSTEMPATH\CLI\Console.php(46): CodeIgniter\CLI\Commands->run('db:seed', [...])
 8 ROOTPATH\spark(102): CodeIgniter\CLI\Console->run()
WARNING - 2024-03-27 09:56:13 --> [DEPRECATED] Since fakerphp/faker 1.14: Accessing property "company" is deprecated, use "company()" instead. in VENDORPATH\symfony\deprecation-contracts\function.php on line 25.
 1 VENDORPATH\symfony\deprecation-contracts\function.php(25): trigger_error('Since fakerphp/faker 1.14: Accessing property "company" is deprecated, use "company()" instead.', 16384)
 2 VENDORPATH\fakerphp\faker\src\Faker\Generator.php(962): trigger_deprecation('fakerphp/faker', '1.14', 'Accessing property "%s" is deprecated, use "%s()" instead.', 'company', 'company')
 3 APPPATH\Database\Seeds\CoassLoanSeeder.php(28): Faker\Generator->__get('company')
 4 SYSTEMPATH\Database\Seeder.php(145): App\Database\Seeds\CoassLoanSeeder->run()
 5 SYSTEMPATH\Commands\Database\Seed.php(77): CodeIgniter\Database\Seeder->call('App\\Database\\Seeds\\CoassLoanSeeder')
 6 SYSTEMPATH\CLI\Commands.php(65): CodeIgniter\Commands\Database\Seed->run([])
 7 SYSTEMPATH\CLI\Console.php(46): CodeIgniter\CLI\Commands->run('db:seed', [...])
 8 ROOTPATH\spark(102): CodeIgniter\CLI\Console->run()
WARNING - 2024-03-27 09:56:13 --> [DEPRECATED] Since fakerphp/faker 1.14: Accessing property "ean8" is deprecated, use "ean8()" instead. in VENDORPATH\symfony\deprecation-contracts\function.php on line 25.
 1 VENDORPATH\symfony\deprecation-contracts\function.php(25): trigger_error('Since fakerphp/faker 1.14: Accessing property "ean8" is deprecated, use "ean8()" instead.', 16384)
 2 VENDORPATH\fakerphp\faker\src\Faker\Generator.php(962): trigger_deprecation('fakerphp/faker', '1.14', 'Accessing property "%s" is deprecated, use "%s()" instead.', 'ean8', 'ean8')
 3 APPPATH\Database\Seeds\CoassLoanSeeder.php(29): Faker\Generator->__get('ean8')
 4 SYSTEMPATH\Database\Seeder.php(145): App\Database\Seeds\CoassLoanSeeder->run()
 5 SYSTEMPATH\Commands\Database\Seed.php(77): CodeIgniter\Database\Seeder->call('App\\Database\\Seeds\\CoassLoanSeeder')
 6 SYSTEMPATH\CLI\Commands.php(65): CodeIgniter\Commands\Database\Seed->run([])
 7 SYSTEMPATH\CLI\Console.php(46): CodeIgniter\CLI\Commands->run('db:seed', [...])
 8 ROOTPATH\spark(102): CodeIgniter\CLI\Console->run()
WARNING - 2024-03-27 09:56:13 --> [DEPRECATED] Since fakerphp/faker 1.14: Accessing property "phoneNumber" is deprecated, use "phoneNumber()" instead. in VENDORPATH\symfony\deprecation-contracts\function.php on line 25.
 1 VENDORPATH\symfony\deprecation-contracts\function.php(25): trigger_error('Since fakerphp/faker 1.14: Accessing property "phoneNumber" is deprecated, use "phoneNumber()" instead.', 16384)
 2 VENDORPATH\fakerphp\faker\src\Faker\Generator.php(962): trigger_deprecation('fakerphp/faker', '1.14', 'Accessing property "%s" is deprecated, use "%s()" instead.', 'phoneNumber', 'phoneNumber')
 3 APPPATH\Database\Seeds\CoassLoanSeeder.php(31): Faker\Generator->__get('phoneNumber')
 4 SYSTEMPATH\Database\Seeder.php(145): App\Database\Seeds\CoassLoanSeeder->run()
 5 SYSTEMPATH\Commands\Database\Seed.php(77): CodeIgniter\Database\Seeder->call('App\\Database\\Seeds\\CoassLoanSeeder')
 6 SYSTEMPATH\CLI\Commands.php(65): CodeIgniter\Commands\Database\Seed->run([])
 7 SYSTEMPATH\CLI\Console.php(46): CodeIgniter\CLI\Commands->run('db:seed', [...])
 8 ROOTPATH\spark(102): CodeIgniter\CLI\Console->run()
WARNING - 2024-03-27 09:56:13 --> [DEPRECATED] Since fakerphp/faker 1.14: Accessing property "name" is deprecated, use "name()" instead. in VENDORPATH\symfony\deprecation-contracts\function.php on line 25.
 1 VENDORPATH\symfony\deprecation-contracts\function.php(25): trigger_error('Since fakerphp/faker 1.14: Accessing property "name" is deprecated, use "name()" instead.', 16384)
 2 VENDORPATH\fakerphp\faker\src\Faker\Generator.php(962): trigger_deprecation('fakerphp/faker', '1.14', 'Accessing property "%s" is deprecated, use "%s()" instead.', 'name', 'name')
 3 APPPATH\Database\Seeds\CoassLoanSeeder.php(33): Faker\Generator->__get('name')
 4 SYSTEMPATH\Database\Seeder.php(145): App\Database\Seeds\CoassLoanSeeder->run()
 5 SYSTEMPATH\Commands\Database\Seed.php(77): CodeIgniter\Database\Seeder->call('App\\Database\\Seeds\\CoassLoanSeeder')
 6 SYSTEMPATH\CLI\Commands.php(65): CodeIgniter\Commands\Database\Seed->run([])
 7 SYSTEMPATH\CLI\Console.php(46): CodeIgniter\CLI\Commands->run('db:seed', [...])
 8 ROOTPATH\spark(102): CodeIgniter\CLI\Console->run()
WARNING - 2024-03-27 09:56:13 --> [DEPRECATED] Since fakerphp/faker 1.14: Accessing property "company" is deprecated, use "company()" instead. in VENDORPATH\symfony\deprecation-contracts\function.php on line 25.
 1 VENDORPATH\symfony\deprecation-contracts\function.php(25): trigger_error('Since fakerphp/faker 1.14: Accessing property "company" is deprecated, use "company()" instead.', 16384)
 2 VENDORPATH\fakerphp\faker\src\Faker\Generator.php(962): trigger_deprecation('fakerphp/faker', '1.14', 'Accessing property "%s" is deprecated, use "%s()" instead.', 'company', 'company')
 3 APPPATH\Database\Seeds\CoassLoanSeeder.php(28): Faker\Generator->__get('company')
 4 SYSTEMPATH\Database\Seeder.php(145): App\Database\Seeds\CoassLoanSeeder->run()
 5 SYSTEMPATH\Commands\Database\Seed.php(77): CodeIgniter\Database\Seeder->call('App\\Database\\Seeds\\CoassLoanSeeder')
 6 SYSTEMPATH\CLI\Commands.php(65): CodeIgniter\Commands\Database\Seed->run([])
 7 SYSTEMPATH\CLI\Console.php(46): CodeIgniter\CLI\Commands->run('db:seed', [...])
 8 ROOTPATH\spark(102): CodeIgniter\CLI\Console->run()
WARNING - 2024-03-27 09:56:13 --> [DEPRECATED] Since fakerphp/faker 1.14: Accessing property "ean8" is deprecated, use "ean8()" instead. in VENDORPATH\symfony\deprecation-contracts\function.php on line 25.
 1 VENDORPATH\symfony\deprecation-contracts\function.php(25): trigger_error('Since fakerphp/faker 1.14: Accessing property "ean8" is deprecated, use "ean8()" instead.', 16384)
 2 VENDORPATH\fakerphp\faker\src\Faker\Generator.php(962): trigger_deprecation('fakerphp/faker', '1.14', 'Accessing property "%s" is deprecated, use "%s()" instead.', 'ean8', 'ean8')
 3 APPPATH\Database\Seeds\CoassLoanSeeder.php(29): Faker\Generator->__get('ean8')
 4 SYSTEMPATH\Database\Seeder.php(145): App\Database\Seeds\CoassLoanSeeder->run()
 5 SYSTEMPATH\Commands\Database\Seed.php(77): CodeIgniter\Database\Seeder->call('App\\Database\\Seeds\\CoassLoanSeeder')
 6 SYSTEMPATH\CLI\Commands.php(65): CodeIgniter\Commands\Database\Seed->run([])
 7 SYSTEMPATH\CLI\Console.php(46): CodeIgniter\CLI\Commands->run('db:seed', [...])
 8 ROOTPATH\spark(102): CodeIgniter\CLI\Console->run()
WARNING - 2024-03-27 09:56:13 --> [DEPRECATED] Since fakerphp/faker 1.14: Accessing property "phoneNumber" is deprecated, use "phoneNumber()" instead. in VENDORPATH\symfony\deprecation-contracts\function.php on line 25.
 1 VENDORPATH\symfony\deprecation-contracts\function.php(25): trigger_error('Since fakerphp/faker 1.14: Accessing property "phoneNumber" is deprecated, use "phoneNumber()" instead.', 16384)
 2 VENDORPATH\fakerphp\faker\src\Faker\Generator.php(962): trigger_deprecation('fakerphp/faker', '1.14', 'Accessing property "%s" is deprecated, use "%s()" instead.', 'phoneNumber', 'phoneNumber')
 3 APPPATH\Database\Seeds\CoassLoanSeeder.php(31): Faker\Generator->__get('phoneNumber')
 4 SYSTEMPATH\Database\Seeder.php(145): App\Database\Seeds\CoassLoanSeeder->run()
 5 SYSTEMPATH\Commands\Database\Seed.php(77): CodeIgniter\Database\Seeder->call('App\\Database\\Seeds\\CoassLoanSeeder')
 6 SYSTEMPATH\CLI\Commands.php(65): CodeIgniter\Commands\Database\Seed->run([])
 7 SYSTEMPATH\CLI\Console.php(46): CodeIgniter\CLI\Commands->run('db:seed', [...])
 8 ROOTPATH\spark(102): CodeIgniter\CLI\Console->run()
WARNING - 2024-03-27 09:56:13 --> [DEPRECATED] Since fakerphp/faker 1.14: Accessing property "name" is deprecated, use "name()" instead. in VENDORPATH\symfony\deprecation-contracts\function.php on line 25.
 1 VENDORPATH\symfony\deprecation-contracts\function.php(25): trigger_error('Since fakerphp/faker 1.14: Accessing property "name" is deprecated, use "name()" instead.', 16384)
 2 VENDORPATH\fakerphp\faker\src\Faker\Generator.php(962): trigger_deprecation('fakerphp/faker', '1.14', 'Accessing property "%s" is deprecated, use "%s()" instead.', 'name', 'name')
 3 APPPATH\Database\Seeds\CoassLoanSeeder.php(33): Faker\Generator->__get('name')
 4 SYSTEMPATH\Database\Seeder.php(145): App\Database\Seeds\CoassLoanSeeder->run()
 5 SYSTEMPATH\Commands\Database\Seed.php(77): CodeIgniter\Database\Seeder->call('App\\Database\\Seeds\\CoassLoanSeeder')
 6 SYSTEMPATH\CLI\Commands.php(65): CodeIgniter\Commands\Database\Seed->run([])
 7 SYSTEMPATH\CLI\Console.php(46): CodeIgniter\CLI\Commands->run('db:seed', [...])
 8 ROOTPATH\spark(102): CodeIgniter\CLI\Console->run()
WARNING - 2024-03-27 09:56:13 --> [DEPRECATED] Since fakerphp/faker 1.14: Accessing property "company" is deprecated, use "company()" instead. in VENDORPATH\symfony\deprecation-contracts\function.php on line 25.
 1 VENDORPATH\symfony\deprecation-contracts\function.php(25): trigger_error('Since fakerphp/faker 1.14: Accessing property "company" is deprecated, use "company()" instead.', 16384)
 2 VENDORPATH\fakerphp\faker\src\Faker\Generator.php(962): trigger_deprecation('fakerphp/faker', '1.14', 'Accessing property "%s" is deprecated, use "%s()" instead.', 'company', 'company')
 3 APPPATH\Database\Seeds\CoassLoanSeeder.php(28): Faker\Generator->__get('company')
 4 SYSTEMPATH\Database\Seeder.php(145): App\Database\Seeds\CoassLoanSeeder->run()
 5 SYSTEMPATH\Commands\Database\Seed.php(77): CodeIgniter\Database\Seeder->call('App\\Database\\Seeds\\CoassLoanSeeder')
 6 SYSTEMPATH\CLI\Commands.php(65): CodeIgniter\Commands\Database\Seed->run([])
 7 SYSTEMPATH\CLI\Console.php(46): CodeIgniter\CLI\Commands->run('db:seed', [...])
 8 ROOTPATH\spark(102): CodeIgniter\CLI\Console->run()
WARNING - 2024-03-27 09:56:13 --> [DEPRECATED] Since fakerphp/faker 1.14: Accessing property "ean8" is deprecated, use "ean8()" instead. in VENDORPATH\symfony\deprecation-contracts\function.php on line 25.
 1 VENDORPATH\symfony\deprecation-contracts\function.php(25): trigger_error('Since fakerphp/faker 1.14: Accessing property "ean8" is deprecated, use "ean8()" instead.', 16384)
 2 VENDORPATH\fakerphp\faker\src\Faker\Generator.php(962): trigger_deprecation('fakerphp/faker', '1.14', 'Accessing property "%s" is deprecated, use "%s()" instead.', 'ean8', 'ean8')
 3 APPPATH\Database\Seeds\CoassLoanSeeder.php(29): Faker\Generator->__get('ean8')
 4 SYSTEMPATH\Database\Seeder.php(145): App\Database\Seeds\CoassLoanSeeder->run()
 5 SYSTEMPATH\Commands\Database\Seed.php(77): CodeIgniter\Database\Seeder->call('App\\Database\\Seeds\\CoassLoanSeeder')
 6 SYSTEMPATH\CLI\Commands.php(65): CodeIgniter\Commands\Database\Seed->run([])
 7 SYSTEMPATH\CLI\Console.php(46): CodeIgniter\CLI\Commands->run('db:seed', [...])
 8 ROOTPATH\spark(102): CodeIgniter\CLI\Console->run()
WARNING - 2024-03-27 09:56:13 --> [DEPRECATED] Since fakerphp/faker 1.14: Accessing property "phoneNumber" is deprecated, use "phoneNumber()" instead. in VENDORPATH\symfony\deprecation-contracts\function.php on line 25.
 1 VENDORPATH\symfony\deprecation-contracts\function.php(25): trigger_error('Since fakerphp/faker 1.14: Accessing property "phoneNumber" is deprecated, use "phoneNumber()" instead.', 16384)
 2 VENDORPATH\fakerphp\faker\src\Faker\Generator.php(962): trigger_deprecation('fakerphp/faker', '1.14', 'Accessing property "%s" is deprecated, use "%s()" instead.', 'phoneNumber', 'phoneNumber')
 3 APPPATH\Database\Seeds\CoassLoanSeeder.php(31): Faker\Generator->__get('phoneNumber')
 4 SYSTEMPATH\Database\Seeder.php(145): App\Database\Seeds\CoassLoanSeeder->run()
 5 SYSTEMPATH\Commands\Database\Seed.php(77): CodeIgniter\Database\Seeder->call('App\\Database\\Seeds\\CoassLoanSeeder')
 6 SYSTEMPATH\CLI\Commands.php(65): CodeIgniter\Commands\Database\Seed->run([])
 7 SYSTEMPATH\CLI\Console.php(46): CodeIgniter\CLI\Commands->run('db:seed', [...])
 8 ROOTPATH\spark(102): CodeIgniter\CLI\Console->run()
WARNING - 2024-03-27 09:56:13 --> [DEPRECATED] Since fakerphp/faker 1.14: Accessing property "name" is deprecated, use "name()" instead. in VENDORPATH\symfony\deprecation-contracts\function.php on line 25.
 1 VENDORPATH\symfony\deprecation-contracts\function.php(25): trigger_error('Since fakerphp/faker 1.14: Accessing property "name" is deprecated, use "name()" instead.', 16384)
 2 VENDORPATH\fakerphp\faker\src\Faker\Generator.php(962): trigger_deprecation('fakerphp/faker', '1.14', 'Accessing property "%s" is deprecated, use "%s()" instead.', 'name', 'name')
 3 APPPATH\Database\Seeds\CoassLoanSeeder.php(33): Faker\Generator->__get('name')
 4 SYSTEMPATH\Database\Seeder.php(145): App\Database\Seeds\CoassLoanSeeder->run()
 5 SYSTEMPATH\Commands\Database\Seed.php(77): CodeIgniter\Database\Seeder->call('App\\Database\\Seeds\\CoassLoanSeeder')
 6 SYSTEMPATH\CLI\Commands.php(65): CodeIgniter\Commands\Database\Seed->run([])
 7 SYSTEMPATH\CLI\Console.php(46): CodeIgniter\CLI\Commands->run('db:seed', [...])
 8 ROOTPATH\spark(102): CodeIgniter\CLI\Console->run()
WARNING - 2024-03-27 09:56:13 --> [DEPRECATED] Since fakerphp/faker 1.14: Accessing property "company" is deprecated, use "company()" instead. in VENDORPATH\symfony\deprecation-contracts\function.php on line 25.
 1 VENDORPATH\symfony\deprecation-contracts\function.php(25): trigger_error('Since fakerphp/faker 1.14: Accessing property "company" is deprecated, use "company()" instead.', 16384)
 2 VENDORPATH\fakerphp\faker\src\Faker\Generator.php(962): trigger_deprecation('fakerphp/faker', '1.14', 'Accessing property "%s" is deprecated, use "%s()" instead.', 'company', 'company')
 3 APPPATH\Database\Seeds\CoassLoanSeeder.php(28): Faker\Generator->__get('company')
 4 SYSTEMPATH\Database\Seeder.php(145): App\Database\Seeds\CoassLoanSeeder->run()
 5 SYSTEMPATH\Commands\Database\Seed.php(77): CodeIgniter\Database\Seeder->call('App\\Database\\Seeds\\CoassLoanSeeder')
 6 SYSTEMPATH\CLI\Commands.php(65): CodeIgniter\Commands\Database\Seed->run([])
 7 SYSTEMPATH\CLI\Console.php(46): CodeIgniter\CLI\Commands->run('db:seed', [...])
 8 ROOTPATH\spark(102): CodeIgniter\CLI\Console->run()
WARNING - 2024-03-27 09:56:13 --> [DEPRECATED] Since fakerphp/faker 1.14: Accessing property "ean8" is deprecated, use "ean8()" instead. in VENDORPATH\symfony\deprecation-contracts\function.php on line 25.
 1 VENDORPATH\symfony\deprecation-contracts\function.php(25): trigger_error('Since fakerphp/faker 1.14: Accessing property "ean8" is deprecated, use "ean8()" instead.', 16384)
 2 VENDORPATH\fakerphp\faker\src\Faker\Generator.php(962): trigger_deprecation('fakerphp/faker', '1.14', 'Accessing property "%s" is deprecated, use "%s()" instead.', 'ean8', 'ean8')
 3 APPPATH\Database\Seeds\CoassLoanSeeder.php(29): Faker\Generator->__get('ean8')
 4 SYSTEMPATH\Database\Seeder.php(145): App\Database\Seeds\CoassLoanSeeder->run()
 5 SYSTEMPATH\Commands\Database\Seed.php(77): CodeIgniter\Database\Seeder->call('App\\Database\\Seeds\\CoassLoanSeeder')
 6 SYSTEMPATH\CLI\Commands.php(65): CodeIgniter\Commands\Database\Seed->run([])
 7 SYSTEMPATH\CLI\Console.php(46): CodeIgniter\CLI\Commands->run('db:seed', [...])
 8 ROOTPATH\spark(102): CodeIgniter\CLI\Console->run()
WARNING - 2024-03-27 09:56:13 --> [DEPRECATED] Since fakerphp/faker 1.14: Accessing property "phoneNumber" is deprecated, use "phoneNumber()" instead. in VENDORPATH\symfony\deprecation-contracts\function.php on line 25.
 1 VENDORPATH\symfony\deprecation-contracts\function.php(25): trigger_error('Since fakerphp/faker 1.14: Accessing property "phoneNumber" is deprecated, use "phoneNumber()" instead.', 16384)
 2 VENDORPATH\fakerphp\faker\src\Faker\Generator.php(962): trigger_deprecation('fakerphp/faker', '1.14', 'Accessing property "%s" is deprecated, use "%s()" instead.', 'phoneNumber', 'phoneNumber')
 3 APPPATH\Database\Seeds\CoassLoanSeeder.php(31): Faker\Generator->__get('phoneNumber')
 4 SYSTEMPATH\Database\Seeder.php(145): App\Database\Seeds\CoassLoanSeeder->run()
 5 SYSTEMPATH\Commands\Database\Seed.php(77): CodeIgniter\Database\Seeder->call('App\\Database\\Seeds\\CoassLoanSeeder')
 6 SYSTEMPATH\CLI\Commands.php(65): CodeIgniter\Commands\Database\Seed->run([])
 7 SYSTEMPATH\CLI\Console.php(46): CodeIgniter\CLI\Commands->run('db:seed', [...])
 8 ROOTPATH\spark(102): CodeIgniter\CLI\Console->run()
WARNING - 2024-03-27 09:56:13 --> [DEPRECATED] Since fakerphp/faker 1.14: Accessing property "name" is deprecated, use "name()" instead. in VENDORPATH\symfony\deprecation-contracts\function.php on line 25.
 1 VENDORPATH\symfony\deprecation-contracts\function.php(25): trigger_error('Since fakerphp/faker 1.14: Accessing property "name" is deprecated, use "name()" instead.', 16384)
 2 VENDORPATH\fakerphp\faker\src\Faker\Generator.php(962): trigger_deprecation('fakerphp/faker', '1.14', 'Accessing property "%s" is deprecated, use "%s()" instead.', 'name', 'name')
 3 APPPATH\Database\Seeds\CoassLoanSeeder.php(33): Faker\Generator->__get('name')
 4 SYSTEMPATH\Database\Seeder.php(145): App\Database\Seeds\CoassLoanSeeder->run()
 5 SYSTEMPATH\Commands\Database\Seed.php(77): CodeIgniter\Database\Seeder->call('App\\Database\\Seeds\\CoassLoanSeeder')
 6 SYSTEMPATH\CLI\Commands.php(65): CodeIgniter\Commands\Database\Seed->run([])
 7 SYSTEMPATH\CLI\Console.php(46): CodeIgniter\CLI\Commands->run('db:seed', [...])
 8 ROOTPATH\spark(102): CodeIgniter\CLI\Console->run()
WARNING - 2024-03-27 09:56:13 --> [DEPRECATED] Since fakerphp/faker 1.14: Accessing property "company" is deprecated, use "company()" instead. in VENDORPATH\symfony\deprecation-contracts\function.php on line 25.
 1 VENDORPATH\symfony\deprecation-contracts\function.php(25): trigger_error('Since fakerphp/faker 1.14: Accessing property "company" is deprecated, use "company()" instead.', 16384)
 2 VENDORPATH\fakerphp\faker\src\Faker\Generator.php(962): trigger_deprecation('fakerphp/faker', '1.14', 'Accessing property "%s" is deprecated, use "%s()" instead.', 'company', 'company')
 3 APPPATH\Database\Seeds\CoassLoanSeeder.php(28): Faker\Generator->__get('company')
 4 SYSTEMPATH\Database\Seeder.php(145): App\Database\Seeds\CoassLoanSeeder->run()
 5 SYSTEMPATH\Commands\Database\Seed.php(77): CodeIgniter\Database\Seeder->call('App\\Database\\Seeds\\CoassLoanSeeder')
 6 SYSTEMPATH\CLI\Commands.php(65): CodeIgniter\Commands\Database\Seed->run([])
 7 SYSTEMPATH\CLI\Console.php(46): CodeIgniter\CLI\Commands->run('db:seed', [...])
 8 ROOTPATH\spark(102): CodeIgniter\CLI\Console->run()
WARNING - 2024-03-27 09:56:13 --> [DEPRECATED] Since fakerphp/faker 1.14: Accessing property "ean8" is deprecated, use "ean8()" instead. in VENDORPATH\symfony\deprecation-contracts\function.php on line 25.
 1 VENDORPATH\symfony\deprecation-contracts\function.php(25): trigger_error('Since fakerphp/faker 1.14: Accessing property "ean8" is deprecated, use "ean8()" instead.', 16384)
 2 VENDORPATH\fakerphp\faker\src\Faker\Generator.php(962): trigger_deprecation('fakerphp/faker', '1.14', 'Accessing property "%s" is deprecated, use "%s()" instead.', 'ean8', 'ean8')
 3 APPPATH\Database\Seeds\CoassLoanSeeder.php(29): Faker\Generator->__get('ean8')
 4 SYSTEMPATH\Database\Seeder.php(145): App\Database\Seeds\CoassLoanSeeder->run()
 5 SYSTEMPATH\Commands\Database\Seed.php(77): CodeIgniter\Database\Seeder->call('App\\Database\\Seeds\\CoassLoanSeeder')
 6 SYSTEMPATH\CLI\Commands.php(65): CodeIgniter\Commands\Database\Seed->run([])
 7 SYSTEMPATH\CLI\Console.php(46): CodeIgniter\CLI\Commands->run('db:seed', [...])
 8 ROOTPATH\spark(102): CodeIgniter\CLI\Console->run()
WARNING - 2024-03-27 09:56:13 --> [DEPRECATED] Since fakerphp/faker 1.14: Accessing property "phoneNumber" is deprecated, use "phoneNumber()" instead. in VENDORPATH\symfony\deprecation-contracts\function.php on line 25.
 1 VENDORPATH\symfony\deprecation-contracts\function.php(25): trigger_error('Since fakerphp/faker 1.14: Accessing property "phoneNumber" is deprecated, use "phoneNumber()" instead.', 16384)
 2 VENDORPATH\fakerphp\faker\src\Faker\Generator.php(962): trigger_deprecation('fakerphp/faker', '1.14', 'Accessing property "%s" is deprecated, use "%s()" instead.', 'phoneNumber', 'phoneNumber')
 3 APPPATH\Database\Seeds\CoassLoanSeeder.php(31): Faker\Generator->__get('phoneNumber')
 4 SYSTEMPATH\Database\Seeder.php(145): App\Database\Seeds\CoassLoanSeeder->run()
 5 SYSTEMPATH\Commands\Database\Seed.php(77): CodeIgniter\Database\Seeder->call('App\\Database\\Seeds\\CoassLoanSeeder')
 6 SYSTEMPATH\CLI\Commands.php(65): CodeIgniter\Commands\Database\Seed->run([])
 7 SYSTEMPATH\CLI\Console.php(46): CodeIgniter\CLI\Commands->run('db:seed', [...])
 8 ROOTPATH\spark(102): CodeIgniter\CLI\Console->run()
WARNING - 2024-03-27 09:56:13 --> [DEPRECATED] Since fakerphp/faker 1.14: Accessing property "name" is deprecated, use "name()" instead. in VENDORPATH\symfony\deprecation-contracts\function.php on line 25.
 1 VENDORPATH\symfony\deprecation-contracts\function.php(25): trigger_error('Since fakerphp/faker 1.14: Accessing property "name" is deprecated, use "name()" instead.', 16384)
 2 VENDORPATH\fakerphp\faker\src\Faker\Generator.php(962): trigger_deprecation('fakerphp/faker', '1.14', 'Accessing property "%s" is deprecated, use "%s()" instead.', 'name', 'name')
 3 APPPATH\Database\Seeds\CoassLoanSeeder.php(33): Faker\Generator->__get('name')
 4 SYSTEMPATH\Database\Seeder.php(145): App\Database\Seeds\CoassLoanSeeder->run()
 5 SYSTEMPATH\Commands\Database\Seed.php(77): CodeIgniter\Database\Seeder->call('App\\Database\\Seeds\\CoassLoanSeeder')
 6 SYSTEMPATH\CLI\Commands.php(65): CodeIgniter\Commands\Database\Seed->run([])
 7 SYSTEMPATH\CLI\Console.php(46): CodeIgniter\CLI\Commands->run('db:seed', [...])
 8 ROOTPATH\spark(102): CodeIgniter\CLI\Console->run()
WARNING - 2024-03-27 09:56:13 --> [DEPRECATED] Since fakerphp/faker 1.14: Accessing property "company" is deprecated, use "company()" instead. in VENDORPATH\symfony\deprecation-contracts\function.php on line 25.
 1 VENDORPATH\symfony\deprecation-contracts\function.php(25): trigger_error('Since fakerphp/faker 1.14: Accessing property "company" is deprecated, use "company()" instead.', 16384)
 2 VENDORPATH\fakerphp\faker\src\Faker\Generator.php(962): trigger_deprecation('fakerphp/faker', '1.14', 'Accessing property "%s" is deprecated, use "%s()" instead.', 'company', 'company')
 3 APPPATH\Database\Seeds\CoassLoanSeeder.php(28): Faker\Generator->__get('company')
 4 SYSTEMPATH\Database\Seeder.php(145): App\Database\Seeds\CoassLoanSeeder->run()
 5 SYSTEMPATH\Commands\Database\Seed.php(77): CodeIgniter\Database\Seeder->call('App\\Database\\Seeds\\CoassLoanSeeder')
 6 SYSTEMPATH\CLI\Commands.php(65): CodeIgniter\Commands\Database\Seed->run([])
 7 SYSTEMPATH\CLI\Console.php(46): CodeIgniter\CLI\Commands->run('db:seed', [...])
 8 ROOTPATH\spark(102): CodeIgniter\CLI\Console->run()
WARNING - 2024-03-27 09:56:13 --> [DEPRECATED] Since fakerphp/faker 1.14: Accessing property "ean8" is deprecated, use "ean8()" instead. in VENDORPATH\symfony\deprecation-contracts\function.php on line 25.
 1 VENDORPATH\symfony\deprecation-contracts\function.php(25): trigger_error('Since fakerphp/faker 1.14: Accessing property "ean8" is deprecated, use "ean8()" instead.', 16384)
 2 VENDORPATH\fakerphp\faker\src\Faker\Generator.php(962): trigger_deprecation('fakerphp/faker', '1.14', 'Accessing property "%s" is deprecated, use "%s()" instead.', 'ean8', 'ean8')
 3 APPPATH\Database\Seeds\CoassLoanSeeder.php(29): Faker\Generator->__get('ean8')
 4 SYSTEMPATH\Database\Seeder.php(145): App\Database\Seeds\CoassLoanSeeder->run()
 5 SYSTEMPATH\Commands\Database\Seed.php(77): CodeIgniter\Database\Seeder->call('App\\Database\\Seeds\\CoassLoanSeeder')
 6 SYSTEMPATH\CLI\Commands.php(65): CodeIgniter\Commands\Database\Seed->run([])
 7 SYSTEMPATH\CLI\Console.php(46): CodeIgniter\CLI\Commands->run('db:seed', [...])
 8 ROOTPATH\spark(102): CodeIgniter\CLI\Console->run()
WARNING - 2024-03-27 09:56:13 --> [DEPRECATED] Since fakerphp/faker 1.14: Accessing property "phoneNumber" is deprecated, use "phoneNumber()" instead. in VENDORPATH\symfony\deprecation-contracts\function.php on line 25.
 1 VENDORPATH\symfony\deprecation-contracts\function.php(25): trigger_error('Since fakerphp/faker 1.14: Accessing property "phoneNumber" is deprecated, use "phoneNumber()" instead.', 16384)
 2 VENDORPATH\fakerphp\faker\src\Faker\Generator.php(962): trigger_deprecation('fakerphp/faker', '1.14', 'Accessing property "%s" is deprecated, use "%s()" instead.', 'phoneNumber', 'phoneNumber')
 3 APPPATH\Database\Seeds\CoassLoanSeeder.php(31): Faker\Generator->__get('phoneNumber')
 4 SYSTEMPATH\Database\Seeder.php(145): App\Database\Seeds\CoassLoanSeeder->run()
 5 SYSTEMPATH\Commands\Database\Seed.php(77): CodeIgniter\Database\Seeder->call('App\\Database\\Seeds\\CoassLoanSeeder')
 6 SYSTEMPATH\CLI\Commands.php(65): CodeIgniter\Commands\Database\Seed->run([])
 7 SYSTEMPATH\CLI\Console.php(46): CodeIgniter\CLI\Commands->run('db:seed', [...])
 8 ROOTPATH\spark(102): CodeIgniter\CLI\Console->run()
WARNING - 2024-03-27 09:56:13 --> [DEPRECATED] Since fakerphp/faker 1.14: Accessing property "name" is deprecated, use "name()" instead. in VENDORPATH\symfony\deprecation-contracts\function.php on line 25.
 1 VENDORPATH\symfony\deprecation-contracts\function.php(25): trigger_error('Since fakerphp/faker 1.14: Accessing property "name" is deprecated, use "name()" instead.', 16384)
 2 VENDORPATH\fakerphp\faker\src\Faker\Generator.php(962): trigger_deprecation('fakerphp/faker', '1.14', 'Accessing property "%s" is deprecated, use "%s()" instead.', 'name', 'name')
 3 APPPATH\Database\Seeds\CoassLoanSeeder.php(33): Faker\Generator->__get('name')
 4 SYSTEMPATH\Database\Seeder.php(145): App\Database\Seeds\CoassLoanSeeder->run()
 5 SYSTEMPATH\Commands\Database\Seed.php(77): CodeIgniter\Database\Seeder->call('App\\Database\\Seeds\\CoassLoanSeeder')
 6 SYSTEMPATH\CLI\Commands.php(65): CodeIgniter\Commands\Database\Seed->run([])
 7 SYSTEMPATH\CLI\Console.php(46): CodeIgniter\CLI\Commands->run('db:seed', [...])
 8 ROOTPATH\spark(102): CodeIgniter\CLI\Console->run()
WARNING - 2024-03-27 09:56:13 --> [DEPRECATED] Since fakerphp/faker 1.14: Accessing property "company" is deprecated, use "company()" instead. in VENDORPATH\symfony\deprecation-contracts\function.php on line 25.
 1 VENDORPATH\symfony\deprecation-contracts\function.php(25): trigger_error('Since fakerphp/faker 1.14: Accessing property "company" is deprecated, use "company()" instead.', 16384)
 2 VENDORPATH\fakerphp\faker\src\Faker\Generator.php(962): trigger_deprecation('fakerphp/faker', '1.14', 'Accessing property "%s" is deprecated, use "%s()" instead.', 'company', 'company')
 3 APPPATH\Database\Seeds\CoassLoanSeeder.php(28): Faker\Generator->__get('company')
 4 SYSTEMPATH\Database\Seeder.php(145): App\Database\Seeds\CoassLoanSeeder->run()
 5 SYSTEMPATH\Commands\Database\Seed.php(77): CodeIgniter\Database\Seeder->call('App\\Database\\Seeds\\CoassLoanSeeder')
 6 SYSTEMPATH\CLI\Commands.php(65): CodeIgniter\Commands\Database\Seed->run([])
 7 SYSTEMPATH\CLI\Console.php(46): CodeIgniter\CLI\Commands->run('db:seed', [...])
 8 ROOTPATH\spark(102): CodeIgniter\CLI\Console->run()
WARNING - 2024-03-27 09:56:13 --> [DEPRECATED] Since fakerphp/faker 1.14: Accessing property "ean8" is deprecated, use "ean8()" instead. in VENDORPATH\symfony\deprecation-contracts\function.php on line 25.
 1 VENDORPATH\symfony\deprecation-contracts\function.php(25): trigger_error('Since fakerphp/faker 1.14: Accessing property "ean8" is deprecated, use "ean8()" instead.', 16384)
 2 VENDORPATH\fakerphp\faker\src\Faker\Generator.php(962): trigger_deprecation('fakerphp/faker', '1.14', 'Accessing property "%s" is deprecated, use "%s()" instead.', 'ean8', 'ean8')
 3 APPPATH\Database\Seeds\CoassLoanSeeder.php(29): Faker\Generator->__get('ean8')
 4 SYSTEMPATH\Database\Seeder.php(145): App\Database\Seeds\CoassLoanSeeder->run()
 5 SYSTEMPATH\Commands\Database\Seed.php(77): CodeIgniter\Database\Seeder->call('App\\Database\\Seeds\\CoassLoanSeeder')
 6 SYSTEMPATH\CLI\Commands.php(65): CodeIgniter\Commands\Database\Seed->run([])
 7 SYSTEMPATH\CLI\Console.php(46): CodeIgniter\CLI\Commands->run('db:seed', [...])
 8 ROOTPATH\spark(102): CodeIgniter\CLI\Console->run()
WARNING - 2024-03-27 09:56:13 --> [DEPRECATED] Since fakerphp/faker 1.14: Accessing property "phoneNumber" is deprecated, use "phoneNumber()" instead. in VENDORPATH\symfony\deprecation-contracts\function.php on line 25.
 1 VENDORPATH\symfony\deprecation-contracts\function.php(25): trigger_error('Since fakerphp/faker 1.14: Accessing property "phoneNumber" is deprecated, use "phoneNumber()" instead.', 16384)
 2 VENDORPATH\fakerphp\faker\src\Faker\Generator.php(962): trigger_deprecation('fakerphp/faker', '1.14', 'Accessing property "%s" is deprecated, use "%s()" instead.', 'phoneNumber', 'phoneNumber')
 3 APPPATH\Database\Seeds\CoassLoanSeeder.php(31): Faker\Generator->__get('phoneNumber')
 4 SYSTEMPATH\Database\Seeder.php(145): App\Database\Seeds\CoassLoanSeeder->run()
 5 SYSTEMPATH\Commands\Database\Seed.php(77): CodeIgniter\Database\Seeder->call('App\\Database\\Seeds\\CoassLoanSeeder')
 6 SYSTEMPATH\CLI\Commands.php(65): CodeIgniter\Commands\Database\Seed->run([])
 7 SYSTEMPATH\CLI\Console.php(46): CodeIgniter\CLI\Commands->run('db:seed', [...])
 8 ROOTPATH\spark(102): CodeIgniter\CLI\Console->run()
WARNING - 2024-03-27 09:56:13 --> [DEPRECATED] Since fakerphp/faker 1.14: Accessing property "name" is deprecated, use "name()" instead. in VENDORPATH\symfony\deprecation-contracts\function.php on line 25.
 1 VENDORPATH\symfony\deprecation-contracts\function.php(25): trigger_error('Since fakerphp/faker 1.14: Accessing property "name" is deprecated, use "name()" instead.', 16384)
 2 VENDORPATH\fakerphp\faker\src\Faker\Generator.php(962): trigger_deprecation('fakerphp/faker', '1.14', 'Accessing property "%s" is deprecated, use "%s()" instead.', 'name', 'name')
 3 APPPATH\Database\Seeds\CoassLoanSeeder.php(33): Faker\Generator->__get('name')
 4 SYSTEMPATH\Database\Seeder.php(145): App\Database\Seeds\CoassLoanSeeder->run()
 5 SYSTEMPATH\Commands\Database\Seed.php(77): CodeIgniter\Database\Seeder->call('App\\Database\\Seeds\\CoassLoanSeeder')
 6 SYSTEMPATH\CLI\Commands.php(65): CodeIgniter\Commands\Database\Seed->run([])
 7 SYSTEMPATH\CLI\Console.php(46): CodeIgniter\CLI\Commands->run('db:seed', [...])
 8 ROOTPATH\spark(102): CodeIgniter\CLI\Console->run()
WARNING - 2024-03-27 09:56:13 --> [DEPRECATED] Since fakerphp/faker 1.14: Accessing property "company" is deprecated, use "company()" instead. in VENDORPATH\symfony\deprecation-contracts\function.php on line 25.
 1 VENDORPATH\symfony\deprecation-contracts\function.php(25): trigger_error('Since fakerphp/faker 1.14: Accessing property "company" is deprecated, use "company()" instead.', 16384)
 2 VENDORPATH\fakerphp\faker\src\Faker\Generator.php(962): trigger_deprecation('fakerphp/faker', '1.14', 'Accessing property "%s" is deprecated, use "%s()" instead.', 'company', 'company')
 3 APPPATH\Database\Seeds\CoassLoanSeeder.php(28): Faker\Generator->__get('company')
 4 SYSTEMPATH\Database\Seeder.php(145): App\Database\Seeds\CoassLoanSeeder->run()
 5 SYSTEMPATH\Commands\Database\Seed.php(77): CodeIgniter\Database\Seeder->call('App\\Database\\Seeds\\CoassLoanSeeder')
 6 SYSTEMPATH\CLI\Commands.php(65): CodeIgniter\Commands\Database\Seed->run([])
 7 SYSTEMPATH\CLI\Console.php(46): CodeIgniter\CLI\Commands->run('db:seed', [...])
 8 ROOTPATH\spark(102): CodeIgniter\CLI\Console->run()
WARNING - 2024-03-27 09:56:13 --> [DEPRECATED] Since fakerphp/faker 1.14: Accessing property "ean8" is deprecated, use "ean8()" instead. in VENDORPATH\symfony\deprecation-contracts\function.php on line 25.
 1 VENDORPATH\symfony\deprecation-contracts\function.php(25): trigger_error('Since fakerphp/faker 1.14: Accessing property "ean8" is deprecated, use "ean8()" instead.', 16384)
 2 VENDORPATH\fakerphp\faker\src\Faker\Generator.php(962): trigger_deprecation('fakerphp/faker', '1.14', 'Accessing property "%s" is deprecated, use "%s()" instead.', 'ean8', 'ean8')
 3 APPPATH\Database\Seeds\CoassLoanSeeder.php(29): Faker\Generator->__get('ean8')
 4 SYSTEMPATH\Database\Seeder.php(145): App\Database\Seeds\CoassLoanSeeder->run()
 5 SYSTEMPATH\Commands\Database\Seed.php(77): CodeIgniter\Database\Seeder->call('App\\Database\\Seeds\\CoassLoanSeeder')
 6 SYSTEMPATH\CLI\Commands.php(65): CodeIgniter\Commands\Database\Seed->run([])
 7 SYSTEMPATH\CLI\Console.php(46): CodeIgniter\CLI\Commands->run('db:seed', [...])
 8 ROOTPATH\spark(102): CodeIgniter\CLI\Console->run()
WARNING - 2024-03-27 09:56:13 --> [DEPRECATED] Since fakerphp/faker 1.14: Accessing property "phoneNumber" is deprecated, use "phoneNumber()" instead. in VENDORPATH\symfony\deprecation-contracts\function.php on line 25.
 1 VENDORPATH\symfony\deprecation-contracts\function.php(25): trigger_error('Since fakerphp/faker 1.14: Accessing property "phoneNumber" is deprecated, use "phoneNumber()" instead.', 16384)
 2 VENDORPATH\fakerphp\faker\src\Faker\Generator.php(962): trigger_deprecation('fakerphp/faker', '1.14', 'Accessing property "%s" is deprecated, use "%s()" instead.', 'phoneNumber', 'phoneNumber')
 3 APPPATH\Database\Seeds\CoassLoanSeeder.php(31): Faker\Generator->__get('phoneNumber')
 4 SYSTEMPATH\Database\Seeder.php(145): App\Database\Seeds\CoassLoanSeeder->run()
 5 SYSTEMPATH\Commands\Database\Seed.php(77): CodeIgniter\Database\Seeder->call('App\\Database\\Seeds\\CoassLoanSeeder')
 6 SYSTEMPATH\CLI\Commands.php(65): CodeIgniter\Commands\Database\Seed->run([])
 7 SYSTEMPATH\CLI\Console.php(46): CodeIgniter\CLI\Commands->run('db:seed', [...])
 8 ROOTPATH\spark(102): CodeIgniter\CLI\Console->run()
WARNING - 2024-03-27 09:56:13 --> [DEPRECATED] Since fakerphp/faker 1.14: Accessing property "name" is deprecated, use "name()" instead. in VENDORPATH\symfony\deprecation-contracts\function.php on line 25.
 1 VENDORPATH\symfony\deprecation-contracts\function.php(25): trigger_error('Since fakerphp/faker 1.14: Accessing property "name" is deprecated, use "name()" instead.', 16384)
 2 VENDORPATH\fakerphp\faker\src\Faker\Generator.php(962): trigger_deprecation('fakerphp/faker', '1.14', 'Accessing property "%s" is deprecated, use "%s()" instead.', 'name', 'name')
 3 APPPATH\Database\Seeds\CoassLoanSeeder.php(33): Faker\Generator->__get('name')
 4 SYSTEMPATH\Database\Seeder.php(145): App\Database\Seeds\CoassLoanSeeder->run()
 5 SYSTEMPATH\Commands\Database\Seed.php(77): CodeIgniter\Database\Seeder->call('App\\Database\\Seeds\\CoassLoanSeeder')
 6 SYSTEMPATH\CLI\Commands.php(65): CodeIgniter\Commands\Database\Seed->run([])
 7 SYSTEMPATH\CLI\Console.php(46): CodeIgniter\CLI\Commands->run('db:seed', [...])
 8 ROOTPATH\spark(102): CodeIgniter\CLI\Console->run()
WARNING - 2024-03-27 09:57:15 --> [DEPRECATED] Since fakerphp/faker 1.14: Accessing property "company" is deprecated, use "company()" instead. in VENDORPATH\symfony\deprecation-contracts\function.php on line 25.
 1 VENDORPATH\symfony\deprecation-contracts\function.php(25): trigger_error('Since fakerphp/faker 1.14: Accessing property "company" is deprecated, use "company()" instead.', 16384)
 2 VENDORPATH\fakerphp\faker\src\Faker\Generator.php(962): trigger_deprecation('fakerphp/faker', '1.14', 'Accessing property "%s" is deprecated, use "%s()" instead.', 'company', 'company')
 3 APPPATH\Database\Seeds\CoassLoanSeeder.php(28): Faker\Generator->__get('company')
 4 SYSTEMPATH\Database\Seeder.php(145): App\Database\Seeds\CoassLoanSeeder->run()
 5 SYSTEMPATH\Commands\Database\Seed.php(77): CodeIgniter\Database\Seeder->call('App\\Database\\Seeds\\CoassLoanSeeder')
 6 SYSTEMPATH\CLI\Commands.php(65): CodeIgniter\Commands\Database\Seed->run([])
 7 SYSTEMPATH\CLI\Console.php(46): CodeIgniter\CLI\Commands->run('db:seed', [...])
 8 ROOTPATH\spark(102): CodeIgniter\CLI\Console->run()
WARNING - 2024-03-27 09:57:15 --> [DEPRECATED] Since fakerphp/faker 1.14: Accessing property "ean8" is deprecated, use "ean8()" instead. in VENDORPATH\symfony\deprecation-contracts\function.php on line 25.
 1 VENDORPATH\symfony\deprecation-contracts\function.php(25): trigger_error('Since fakerphp/faker 1.14: Accessing property "ean8" is deprecated, use "ean8()" instead.', 16384)
 2 VENDORPATH\fakerphp\faker\src\Faker\Generator.php(962): trigger_deprecation('fakerphp/faker', '1.14', 'Accessing property "%s" is deprecated, use "%s()" instead.', 'ean8', 'ean8')
 3 APPPATH\Database\Seeds\CoassLoanSeeder.php(29): Faker\Generator->__get('ean8')
 4 SYSTEMPATH\Database\Seeder.php(145): App\Database\Seeds\CoassLoanSeeder->run()
 5 SYSTEMPATH\Commands\Database\Seed.php(77): CodeIgniter\Database\Seeder->call('App\\Database\\Seeds\\CoassLoanSeeder')
 6 SYSTEMPATH\CLI\Commands.php(65): CodeIgniter\Commands\Database\Seed->run([])
 7 SYSTEMPATH\CLI\Console.php(46): CodeIgniter\CLI\Commands->run('db:seed', [...])
 8 ROOTPATH\spark(102): CodeIgniter\CLI\Console->run()
WARNING - 2024-03-27 09:57:15 --> [DEPRECATED] Since fakerphp/faker 1.14: Accessing property "phoneNumber" is deprecated, use "phoneNumber()" instead. in VENDORPATH\symfony\deprecation-contracts\function.php on line 25.
 1 VENDORPATH\symfony\deprecation-contracts\function.php(25): trigger_error('Since fakerphp/faker 1.14: Accessing property "phoneNumber" is deprecated, use "phoneNumber()" instead.', 16384)
 2 VENDORPATH\fakerphp\faker\src\Faker\Generator.php(962): trigger_deprecation('fakerphp/faker', '1.14', 'Accessing property "%s" is deprecated, use "%s()" instead.', 'phoneNumber', 'phoneNumber')
 3 APPPATH\Database\Seeds\CoassLoanSeeder.php(31): Faker\Generator->__get('phoneNumber')
 4 SYSTEMPATH\Database\Seeder.php(145): App\Database\Seeds\CoassLoanSeeder->run()
 5 SYSTEMPATH\Commands\Database\Seed.php(77): CodeIgniter\Database\Seeder->call('App\\Database\\Seeds\\CoassLoanSeeder')
 6 SYSTEMPATH\CLI\Commands.php(65): CodeIgniter\Commands\Database\Seed->run([])
 7 SYSTEMPATH\CLI\Console.php(46): CodeIgniter\CLI\Commands->run('db:seed', [...])
 8 ROOTPATH\spark(102): CodeIgniter\CLI\Console->run()
WARNING - 2024-03-27 09:57:15 --> [DEPRECATED] Since fakerphp/faker 1.14: Accessing property "name" is deprecated, use "name()" instead. in VENDORPATH\symfony\deprecation-contracts\function.php on line 25.
 1 VENDORPATH\symfony\deprecation-contracts\function.php(25): trigger_error('Since fakerphp/faker 1.14: Accessing property "name" is deprecated, use "name()" instead.', 16384)
 2 VENDORPATH\fakerphp\faker\src\Faker\Generator.php(962): trigger_deprecation('fakerphp/faker', '1.14', 'Accessing property "%s" is deprecated, use "%s()" instead.', 'name', 'name')
 3 APPPATH\Database\Seeds\CoassLoanSeeder.php(33): Faker\Generator->__get('name')
 4 SYSTEMPATH\Database\Seeder.php(145): App\Database\Seeds\CoassLoanSeeder->run()
 5 SYSTEMPATH\Commands\Database\Seed.php(77): CodeIgniter\Database\Seeder->call('App\\Database\\Seeds\\CoassLoanSeeder')
 6 SYSTEMPATH\CLI\Commands.php(65): CodeIgniter\Commands\Database\Seed->run([])
 7 SYSTEMPATH\CLI\Console.php(46): CodeIgniter\CLI\Commands->run('db:seed', [...])
 8 ROOTPATH\spark(102): CodeIgniter\CLI\Console->run()
WARNING - 2024-03-27 09:57:15 --> [DEPRECATED] Since fakerphp/faker 1.14: Accessing property "company" is deprecated, use "company()" instead. in VENDORPATH\symfony\deprecation-contracts\function.php on line 25.
 1 VENDORPATH\symfony\deprecation-contracts\function.php(25): trigger_error('Since fakerphp/faker 1.14: Accessing property "company" is deprecated, use "company()" instead.', 16384)
 2 VENDORPATH\fakerphp\faker\src\Faker\Generator.php(962): trigger_deprecation('fakerphp/faker', '1.14', 'Accessing property "%s" is deprecated, use "%s()" instead.', 'company', 'company')
 3 APPPATH\Database\Seeds\CoassLoanSeeder.php(28): Faker\Generator->__get('company')
 4 SYSTEMPATH\Database\Seeder.php(145): App\Database\Seeds\CoassLoanSeeder->run()
 5 SYSTEMPATH\Commands\Database\Seed.php(77): CodeIgniter\Database\Seeder->call('App\\Database\\Seeds\\CoassLoanSeeder')
 6 SYSTEMPATH\CLI\Commands.php(65): CodeIgniter\Commands\Database\Seed->run([])
 7 SYSTEMPATH\CLI\Console.php(46): CodeIgniter\CLI\Commands->run('db:seed', [...])
 8 ROOTPATH\spark(102): CodeIgniter\CLI\Console->run()
WARNING - 2024-03-27 09:57:15 --> [DEPRECATED] Since fakerphp/faker 1.14: Accessing property "ean8" is deprecated, use "ean8()" instead. in VENDORPATH\symfony\deprecation-contracts\function.php on line 25.
 1 VENDORPATH\symfony\deprecation-contracts\function.php(25): trigger_error('Since fakerphp/faker 1.14: Accessing property "ean8" is deprecated, use "ean8()" instead.', 16384)
 2 VENDORPATH\fakerphp\faker\src\Faker\Generator.php(962): trigger_deprecation('fakerphp/faker', '1.14', 'Accessing property "%s" is deprecated, use "%s()" instead.', 'ean8', 'ean8')
 3 APPPATH\Database\Seeds\CoassLoanSeeder.php(29): Faker\Generator->__get('ean8')
 4 SYSTEMPATH\Database\Seeder.php(145): App\Database\Seeds\CoassLoanSeeder->run()
 5 SYSTEMPATH\Commands\Database\Seed.php(77): CodeIgniter\Database\Seeder->call('App\\Database\\Seeds\\CoassLoanSeeder')
 6 SYSTEMPATH\CLI\Commands.php(65): CodeIgniter\Commands\Database\Seed->run([])
 7 SYSTEMPATH\CLI\Console.php(46): CodeIgniter\CLI\Commands->run('db:seed', [...])
 8 ROOTPATH\spark(102): CodeIgniter\CLI\Console->run()
WARNING - 2024-03-27 09:57:15 --> [DEPRECATED] Since fakerphp/faker 1.14: Accessing property "phoneNumber" is deprecated, use "phoneNumber()" instead. in VENDORPATH\symfony\deprecation-contracts\function.php on line 25.
 1 VENDORPATH\symfony\deprecation-contracts\function.php(25): trigger_error('Since fakerphp/faker 1.14: Accessing property "phoneNumber" is deprecated, use "phoneNumber()" instead.', 16384)
 2 VENDORPATH\fakerphp\faker\src\Faker\Generator.php(962): trigger_deprecation('fakerphp/faker', '1.14', 'Accessing property "%s" is deprecated, use "%s()" instead.', 'phoneNumber', 'phoneNumber')
 3 APPPATH\Database\Seeds\CoassLoanSeeder.php(31): Faker\Generator->__get('phoneNumber')
 4 SYSTEMPATH\Database\Seeder.php(145): App\Database\Seeds\CoassLoanSeeder->run()
 5 SYSTEMPATH\Commands\Database\Seed.php(77): CodeIgniter\Database\Seeder->call('App\\Database\\Seeds\\CoassLoanSeeder')
 6 SYSTEMPATH\CLI\Commands.php(65): CodeIgniter\Commands\Database\Seed->run([])
 7 SYSTEMPATH\CLI\Console.php(46): CodeIgniter\CLI\Commands->run('db:seed', [...])
 8 ROOTPATH\spark(102): CodeIgniter\CLI\Console->run()
WARNING - 2024-03-27 09:57:15 --> [DEPRECATED] Since fakerphp/faker 1.14: Accessing property "name" is deprecated, use "name()" instead. in VENDORPATH\symfony\deprecation-contracts\function.php on line 25.
 1 VENDORPATH\symfony\deprecation-contracts\function.php(25): trigger_error('Since fakerphp/faker 1.14: Accessing property "name" is deprecated, use "name()" instead.', 16384)
 2 VENDORPATH\fakerphp\faker\src\Faker\Generator.php(962): trigger_deprecation('fakerphp/faker', '1.14', 'Accessing property "%s" is deprecated, use "%s()" instead.', 'name', 'name')
 3 APPPATH\Database\Seeds\CoassLoanSeeder.php(33): Faker\Generator->__get('name')
 4 SYSTEMPATH\Database\Seeder.php(145): App\Database\Seeds\CoassLoanSeeder->run()
 5 SYSTEMPATH\Commands\Database\Seed.php(77): CodeIgniter\Database\Seeder->call('App\\Database\\Seeds\\CoassLoanSeeder')
 6 SYSTEMPATH\CLI\Commands.php(65): CodeIgniter\Commands\Database\Seed->run([])
 7 SYSTEMPATH\CLI\Console.php(46): CodeIgniter\CLI\Commands->run('db:seed', [...])
 8 ROOTPATH\spark(102): CodeIgniter\CLI\Console->run()
WARNING - 2024-03-27 09:57:15 --> [DEPRECATED] Since fakerphp/faker 1.14: Accessing property "company" is deprecated, use "company()" instead. in VENDORPATH\symfony\deprecation-contracts\function.php on line 25.
 1 VENDORPATH\symfony\deprecation-contracts\function.php(25): trigger_error('Since fakerphp/faker 1.14: Accessing property "company" is deprecated, use "company()" instead.', 16384)
 2 VENDORPATH\fakerphp\faker\src\Faker\Generator.php(962): trigger_deprecation('fakerphp/faker', '1.14', 'Accessing property "%s" is deprecated, use "%s()" instead.', 'company', 'company')
 3 APPPATH\Database\Seeds\CoassLoanSeeder.php(28): Faker\Generator->__get('company')
 4 SYSTEMPATH\Database\Seeder.php(145): App\Database\Seeds\CoassLoanSeeder->run()
 5 SYSTEMPATH\Commands\Database\Seed.php(77): CodeIgniter\Database\Seeder->call('App\\Database\\Seeds\\CoassLoanSeeder')
 6 SYSTEMPATH\CLI\Commands.php(65): CodeIgniter\Commands\Database\Seed->run([])
 7 SYSTEMPATH\CLI\Console.php(46): CodeIgniter\CLI\Commands->run('db:seed', [...])
 8 ROOTPATH\spark(102): CodeIgniter\CLI\Console->run()
WARNING - 2024-03-27 09:57:15 --> [DEPRECATED] Since fakerphp/faker 1.14: Accessing property "ean8" is deprecated, use "ean8()" instead. in VENDORPATH\symfony\deprecation-contracts\function.php on line 25.
 1 VENDORPATH\symfony\deprecation-contracts\function.php(25): trigger_error('Since fakerphp/faker 1.14: Accessing property "ean8" is deprecated, use "ean8()" instead.', 16384)
 2 VENDORPATH\fakerphp\faker\src\Faker\Generator.php(962): trigger_deprecation('fakerphp/faker', '1.14', 'Accessing property "%s" is deprecated, use "%s()" instead.', 'ean8', 'ean8')
 3 APPPATH\Database\Seeds\CoassLoanSeeder.php(29): Faker\Generator->__get('ean8')
 4 SYSTEMPATH\Database\Seeder.php(145): App\Database\Seeds\CoassLoanSeeder->run()
 5 SYSTEMPATH\Commands\Database\Seed.php(77): CodeIgniter\Database\Seeder->call('App\\Database\\Seeds\\CoassLoanSeeder')
 6 SYSTEMPATH\CLI\Commands.php(65): CodeIgniter\Commands\Database\Seed->run([])
 7 SYSTEMPATH\CLI\Console.php(46): CodeIgniter\CLI\Commands->run('db:seed', [...])
 8 ROOTPATH\spark(102): CodeIgniter\CLI\Console->run()
WARNING - 2024-03-27 09:57:15 --> [DEPRECATED] Since fakerphp/faker 1.14: Accessing property "phoneNumber" is deprecated, use "phoneNumber()" instead. in VENDORPATH\symfony\deprecation-contracts\function.php on line 25.
 1 VENDORPATH\symfony\deprecation-contracts\function.php(25): trigger_error('Since fakerphp/faker 1.14: Accessing property "phoneNumber" is deprecated, use "phoneNumber()" instead.', 16384)
 2 VENDORPATH\fakerphp\faker\src\Faker\Generator.php(962): trigger_deprecation('fakerphp/faker', '1.14', 'Accessing property "%s" is deprecated, use "%s()" instead.', 'phoneNumber', 'phoneNumber')
 3 APPPATH\Database\Seeds\CoassLoanSeeder.php(31): Faker\Generator->__get('phoneNumber')
 4 SYSTEMPATH\Database\Seeder.php(145): App\Database\Seeds\CoassLoanSeeder->run()
 5 SYSTEMPATH\Commands\Database\Seed.php(77): CodeIgniter\Database\Seeder->call('App\\Database\\Seeds\\CoassLoanSeeder')
 6 SYSTEMPATH\CLI\Commands.php(65): CodeIgniter\Commands\Database\Seed->run([])
 7 SYSTEMPATH\CLI\Console.php(46): CodeIgniter\CLI\Commands->run('db:seed', [...])
 8 ROOTPATH\spark(102): CodeIgniter\CLI\Console->run()
WARNING - 2024-03-27 09:57:15 --> [DEPRECATED] Since fakerphp/faker 1.14: Accessing property "name" is deprecated, use "name()" instead. in VENDORPATH\symfony\deprecation-contracts\function.php on line 25.
 1 VENDORPATH\symfony\deprecation-contracts\function.php(25): trigger_error('Since fakerphp/faker 1.14: Accessing property "name" is deprecated, use "name()" instead.', 16384)
 2 VENDORPATH\fakerphp\faker\src\Faker\Generator.php(962): trigger_deprecation('fakerphp/faker', '1.14', 'Accessing property "%s" is deprecated, use "%s()" instead.', 'name', 'name')
 3 APPPATH\Database\Seeds\CoassLoanSeeder.php(33): Faker\Generator->__get('name')
 4 SYSTEMPATH\Database\Seeder.php(145): App\Database\Seeds\CoassLoanSeeder->run()
 5 SYSTEMPATH\Commands\Database\Seed.php(77): CodeIgniter\Database\Seeder->call('App\\Database\\Seeds\\CoassLoanSeeder')
 6 SYSTEMPATH\CLI\Commands.php(65): CodeIgniter\Commands\Database\Seed->run([])
 7 SYSTEMPATH\CLI\Console.php(46): CodeIgniter\CLI\Commands->run('db:seed', [...])
 8 ROOTPATH\spark(102): CodeIgniter\CLI\Console->run()
WARNING - 2024-03-27 09:57:15 --> [DEPRECATED] Since fakerphp/faker 1.14: Accessing property "company" is deprecated, use "company()" instead. in VENDORPATH\symfony\deprecation-contracts\function.php on line 25.
 1 VENDORPATH\symfony\deprecation-contracts\function.php(25): trigger_error('Since fakerphp/faker 1.14: Accessing property "company" is deprecated, use "company()" instead.', 16384)
 2 VENDORPATH\fakerphp\faker\src\Faker\Generator.php(962): trigger_deprecation('fakerphp/faker', '1.14', 'Accessing property "%s" is deprecated, use "%s()" instead.', 'company', 'company')
 3 APPPATH\Database\Seeds\CoassLoanSeeder.php(28): Faker\Generator->__get('company')
 4 SYSTEMPATH\Database\Seeder.php(145): App\Database\Seeds\CoassLoanSeeder->run()
 5 SYSTEMPATH\Commands\Database\Seed.php(77): CodeIgniter\Database\Seeder->call('App\\Database\\Seeds\\CoassLoanSeeder')
 6 SYSTEMPATH\CLI\Commands.php(65): CodeIgniter\Commands\Database\Seed->run([])
 7 SYSTEMPATH\CLI\Console.php(46): CodeIgniter\CLI\Commands->run('db:seed', [...])
 8 ROOTPATH\spark(102): CodeIgniter\CLI\Console->run()
WARNING - 2024-03-27 09:57:15 --> [DEPRECATED] Since fakerphp/faker 1.14: Accessing property "ean8" is deprecated, use "ean8()" instead. in VENDORPATH\symfony\deprecation-contracts\function.php on line 25.
 1 VENDORPATH\symfony\deprecation-contracts\function.php(25): trigger_error('Since fakerphp/faker 1.14: Accessing property "ean8" is deprecated, use "ean8()" instead.', 16384)
 2 VENDORPATH\fakerphp\faker\src\Faker\Generator.php(962): trigger_deprecation('fakerphp/faker', '1.14', 'Accessing property "%s" is deprecated, use "%s()" instead.', 'ean8', 'ean8')
 3 APPPATH\Database\Seeds\CoassLoanSeeder.php(29): Faker\Generator->__get('ean8')
 4 SYSTEMPATH\Database\Seeder.php(145): App\Database\Seeds\CoassLoanSeeder->run()
 5 SYSTEMPATH\Commands\Database\Seed.php(77): CodeIgniter\Database\Seeder->call('App\\Database\\Seeds\\CoassLoanSeeder')
 6 SYSTEMPATH\CLI\Commands.php(65): CodeIgniter\Commands\Database\Seed->run([])
 7 SYSTEMPATH\CLI\Console.php(46): CodeIgniter\CLI\Commands->run('db:seed', [...])
 8 ROOTPATH\spark(102): CodeIgniter\CLI\Console->run()
WARNING - 2024-03-27 09:57:15 --> [DEPRECATED] Since fakerphp/faker 1.14: Accessing property "phoneNumber" is deprecated, use "phoneNumber()" instead. in VENDORPATH\symfony\deprecation-contracts\function.php on line 25.
 1 VENDORPATH\symfony\deprecation-contracts\function.php(25): trigger_error('Since fakerphp/faker 1.14: Accessing property "phoneNumber" is deprecated, use "phoneNumber()" instead.', 16384)
 2 VENDORPATH\fakerphp\faker\src\Faker\Generator.php(962): trigger_deprecation('fakerphp/faker', '1.14', 'Accessing property "%s" is deprecated, use "%s()" instead.', 'phoneNumber', 'phoneNumber')
 3 APPPATH\Database\Seeds\CoassLoanSeeder.php(31): Faker\Generator->__get('phoneNumber')
 4 SYSTEMPATH\Database\Seeder.php(145): App\Database\Seeds\CoassLoanSeeder->run()
 5 SYSTEMPATH\Commands\Database\Seed.php(77): CodeIgniter\Database\Seeder->call('App\\Database\\Seeds\\CoassLoanSeeder')
 6 SYSTEMPATH\CLI\Commands.php(65): CodeIgniter\Commands\Database\Seed->run([])
 7 SYSTEMPATH\CLI\Console.php(46): CodeIgniter\CLI\Commands->run('db:seed', [...])
 8 ROOTPATH\spark(102): CodeIgniter\CLI\Console->run()
WARNING - 2024-03-27 09:57:15 --> [DEPRECATED] Since fakerphp/faker 1.14: Accessing property "name" is deprecated, use "name()" instead. in VENDORPATH\symfony\deprecation-contracts\function.php on line 25.
 1 VENDORPATH\symfony\deprecation-contracts\function.php(25): trigger_error('Since fakerphp/faker 1.14: Accessing property "name" is deprecated, use "name()" instead.', 16384)
 2 VENDORPATH\fakerphp\faker\src\Faker\Generator.php(962): trigger_deprecation('fakerphp/faker', '1.14', 'Accessing property "%s" is deprecated, use "%s()" instead.', 'name', 'name')
 3 APPPATH\Database\Seeds\CoassLoanSeeder.php(33): Faker\Generator->__get('name')
 4 SYSTEMPATH\Database\Seeder.php(145): App\Database\Seeds\CoassLoanSeeder->run()
 5 SYSTEMPATH\Commands\Database\Seed.php(77): CodeIgniter\Database\Seeder->call('App\\Database\\Seeds\\CoassLoanSeeder')
 6 SYSTEMPATH\CLI\Commands.php(65): CodeIgniter\Commands\Database\Seed->run([])
 7 SYSTEMPATH\CLI\Console.php(46): CodeIgniter\CLI\Commands->run('db:seed', [...])
 8 ROOTPATH\spark(102): CodeIgniter\CLI\Console->run()
WARNING - 2024-03-27 09:57:15 --> [DEPRECATED] Since fakerphp/faker 1.14: Accessing property "company" is deprecated, use "company()" instead. in VENDORPATH\symfony\deprecation-contracts\function.php on line 25.
 1 VENDORPATH\symfony\deprecation-contracts\function.php(25): trigger_error('Since fakerphp/faker 1.14: Accessing property "company" is deprecated, use "company()" instead.', 16384)
 2 VENDORPATH\fakerphp\faker\src\Faker\Generator.php(962): trigger_deprecation('fakerphp/faker', '1.14', 'Accessing property "%s" is deprecated, use "%s()" instead.', 'company', 'company')
 3 APPPATH\Database\Seeds\CoassLoanSeeder.php(28): Faker\Generator->__get('company')
 4 SYSTEMPATH\Database\Seeder.php(145): App\Database\Seeds\CoassLoanSeeder->run()
 5 SYSTEMPATH\Commands\Database\Seed.php(77): CodeIgniter\Database\Seeder->call('App\\Database\\Seeds\\CoassLoanSeeder')
 6 SYSTEMPATH\CLI\Commands.php(65): CodeIgniter\Commands\Database\Seed->run([])
 7 SYSTEMPATH\CLI\Console.php(46): CodeIgniter\CLI\Commands->run('db:seed', [...])
 8 ROOTPATH\spark(102): CodeIgniter\CLI\Console->run()
WARNING - 2024-03-27 09:57:15 --> [DEPRECATED] Since fakerphp/faker 1.14: Accessing property "ean8" is deprecated, use "ean8()" instead. in VENDORPATH\symfony\deprecation-contracts\function.php on line 25.
 1 VENDORPATH\symfony\deprecation-contracts\function.php(25): trigger_error('Since fakerphp/faker 1.14: Accessing property "ean8" is deprecated, use "ean8()" instead.', 16384)
 2 VENDORPATH\fakerphp\faker\src\Faker\Generator.php(962): trigger_deprecation('fakerphp/faker', '1.14', 'Accessing property "%s" is deprecated, use "%s()" instead.', 'ean8', 'ean8')
 3 APPPATH\Database\Seeds\CoassLoanSeeder.php(29): Faker\Generator->__get('ean8')
 4 SYSTEMPATH\Database\Seeder.php(145): App\Database\Seeds\CoassLoanSeeder->run()
 5 SYSTEMPATH\Commands\Database\Seed.php(77): CodeIgniter\Database\Seeder->call('App\\Database\\Seeds\\CoassLoanSeeder')
 6 SYSTEMPATH\CLI\Commands.php(65): CodeIgniter\Commands\Database\Seed->run([])
 7 SYSTEMPATH\CLI\Console.php(46): CodeIgniter\CLI\Commands->run('db:seed', [...])
 8 ROOTPATH\spark(102): CodeIgniter\CLI\Console->run()
WARNING - 2024-03-27 09:57:15 --> [DEPRECATED] Since fakerphp/faker 1.14: Accessing property "phoneNumber" is deprecated, use "phoneNumber()" instead. in VENDORPATH\symfony\deprecation-contracts\function.php on line 25.
 1 VENDORPATH\symfony\deprecation-contracts\function.php(25): trigger_error('Since fakerphp/faker 1.14: Accessing property "phoneNumber" is deprecated, use "phoneNumber()" instead.', 16384)
 2 VENDORPATH\fakerphp\faker\src\Faker\Generator.php(962): trigger_deprecation('fakerphp/faker', '1.14', 'Accessing property "%s" is deprecated, use "%s()" instead.', 'phoneNumber', 'phoneNumber')
 3 APPPATH\Database\Seeds\CoassLoanSeeder.php(31): Faker\Generator->__get('phoneNumber')
 4 SYSTEMPATH\Database\Seeder.php(145): App\Database\Seeds\CoassLoanSeeder->run()
 5 SYSTEMPATH\Commands\Database\Seed.php(77): CodeIgniter\Database\Seeder->call('App\\Database\\Seeds\\CoassLoanSeeder')
 6 SYSTEMPATH\CLI\Commands.php(65): CodeIgniter\Commands\Database\Seed->run([])
 7 SYSTEMPATH\CLI\Console.php(46): CodeIgniter\CLI\Commands->run('db:seed', [...])
 8 ROOTPATH\spark(102): CodeIgniter\CLI\Console->run()
WARNING - 2024-03-27 09:57:15 --> [DEPRECATED] Since fakerphp/faker 1.14: Accessing property "name" is deprecated, use "name()" instead. in VENDORPATH\symfony\deprecation-contracts\function.php on line 25.
 1 VENDORPATH\symfony\deprecation-contracts\function.php(25): trigger_error('Since fakerphp/faker 1.14: Accessing property "name" is deprecated, use "name()" instead.', 16384)
 2 VENDORPATH\fakerphp\faker\src\Faker\Generator.php(962): trigger_deprecation('fakerphp/faker', '1.14', 'Accessing property "%s" is deprecated, use "%s()" instead.', 'name', 'name')
 3 APPPATH\Database\Seeds\CoassLoanSeeder.php(33): Faker\Generator->__get('name')
 4 SYSTEMPATH\Database\Seeder.php(145): App\Database\Seeds\CoassLoanSeeder->run()
 5 SYSTEMPATH\Commands\Database\Seed.php(77): CodeIgniter\Database\Seeder->call('App\\Database\\Seeds\\CoassLoanSeeder')
 6 SYSTEMPATH\CLI\Commands.php(65): CodeIgniter\Commands\Database\Seed->run([])
 7 SYSTEMPATH\CLI\Console.php(46): CodeIgniter\CLI\Commands->run('db:seed', [...])
 8 ROOTPATH\spark(102): CodeIgniter\CLI\Console->run()
WARNING - 2024-03-27 09:57:15 --> [DEPRECATED] Since fakerphp/faker 1.14: Accessing property "company" is deprecated, use "company()" instead. in VENDORPATH\symfony\deprecation-contracts\function.php on line 25.
 1 VENDORPATH\symfony\deprecation-contracts\function.php(25): trigger_error('Since fakerphp/faker 1.14: Accessing property "company" is deprecated, use "company()" instead.', 16384)
 2 VENDORPATH\fakerphp\faker\src\Faker\Generator.php(962): trigger_deprecation('fakerphp/faker', '1.14', 'Accessing property "%s" is deprecated, use "%s()" instead.', 'company', 'company')
 3 APPPATH\Database\Seeds\CoassLoanSeeder.php(28): Faker\Generator->__get('company')
 4 SYSTEMPATH\Database\Seeder.php(145): App\Database\Seeds\CoassLoanSeeder->run()
 5 SYSTEMPATH\Commands\Database\Seed.php(77): CodeIgniter\Database\Seeder->call('App\\Database\\Seeds\\CoassLoanSeeder')
 6 SYSTEMPATH\CLI\Commands.php(65): CodeIgniter\Commands\Database\Seed->run([])
 7 SYSTEMPATH\CLI\Console.php(46): CodeIgniter\CLI\Commands->run('db:seed', [...])
 8 ROOTPATH\spark(102): CodeIgniter\CLI\Console->run()
WARNING - 2024-03-27 09:57:15 --> [DEPRECATED] Since fakerphp/faker 1.14: Accessing property "ean8" is deprecated, use "ean8()" instead. in VENDORPATH\symfony\deprecation-contracts\function.php on line 25.
 1 VENDORPATH\symfony\deprecation-contracts\function.php(25): trigger_error('Since fakerphp/faker 1.14: Accessing property "ean8" is deprecated, use "ean8()" instead.', 16384)
 2 VENDORPATH\fakerphp\faker\src\Faker\Generator.php(962): trigger_deprecation('fakerphp/faker', '1.14', 'Accessing property "%s" is deprecated, use "%s()" instead.', 'ean8', 'ean8')
 3 APPPATH\Database\Seeds\CoassLoanSeeder.php(29): Faker\Generator->__get('ean8')
 4 SYSTEMPATH\Database\Seeder.php(145): App\Database\Seeds\CoassLoanSeeder->run()
 5 SYSTEMPATH\Commands\Database\Seed.php(77): CodeIgniter\Database\Seeder->call('App\\Database\\Seeds\\CoassLoanSeeder')
 6 SYSTEMPATH\CLI\Commands.php(65): CodeIgniter\Commands\Database\Seed->run([])
 7 SYSTEMPATH\CLI\Console.php(46): CodeIgniter\CLI\Commands->run('db:seed', [...])
 8 ROOTPATH\spark(102): CodeIgniter\CLI\Console->run()
WARNING - 2024-03-27 09:57:15 --> [DEPRECATED] Since fakerphp/faker 1.14: Accessing property "phoneNumber" is deprecated, use "phoneNumber()" instead. in VENDORPATH\symfony\deprecation-contracts\function.php on line 25.
 1 VENDORPATH\symfony\deprecation-contracts\function.php(25): trigger_error('Since fakerphp/faker 1.14: Accessing property "phoneNumber" is deprecated, use "phoneNumber()" instead.', 16384)
 2 VENDORPATH\fakerphp\faker\src\Faker\Generator.php(962): trigger_deprecation('fakerphp/faker', '1.14', 'Accessing property "%s" is deprecated, use "%s()" instead.', 'phoneNumber', 'phoneNumber')
 3 APPPATH\Database\Seeds\CoassLoanSeeder.php(31): Faker\Generator->__get('phoneNumber')
 4 SYSTEMPATH\Database\Seeder.php(145): App\Database\Seeds\CoassLoanSeeder->run()
 5 SYSTEMPATH\Commands\Database\Seed.php(77): CodeIgniter\Database\Seeder->call('App\\Database\\Seeds\\CoassLoanSeeder')
 6 SYSTEMPATH\CLI\Commands.php(65): CodeIgniter\Commands\Database\Seed->run([])
 7 SYSTEMPATH\CLI\Console.php(46): CodeIgniter\CLI\Commands->run('db:seed', [...])
 8 ROOTPATH\spark(102): CodeIgniter\CLI\Console->run()
WARNING - 2024-03-27 09:57:15 --> [DEPRECATED] Since fakerphp/faker 1.14: Accessing property "name" is deprecated, use "name()" instead. in VENDORPATH\symfony\deprecation-contracts\function.php on line 25.
 1 VENDORPATH\symfony\deprecation-contracts\function.php(25): trigger_error('Since fakerphp/faker 1.14: Accessing property "name" is deprecated, use "name()" instead.', 16384)
 2 VENDORPATH\fakerphp\faker\src\Faker\Generator.php(962): trigger_deprecation('fakerphp/faker', '1.14', 'Accessing property "%s" is deprecated, use "%s()" instead.', 'name', 'name')
 3 APPPATH\Database\Seeds\CoassLoanSeeder.php(33): Faker\Generator->__get('name')
 4 SYSTEMPATH\Database\Seeder.php(145): App\Database\Seeds\CoassLoanSeeder->run()
 5 SYSTEMPATH\Commands\Database\Seed.php(77): CodeIgniter\Database\Seeder->call('App\\Database\\Seeds\\CoassLoanSeeder')
 6 SYSTEMPATH\CLI\Commands.php(65): CodeIgniter\Commands\Database\Seed->run([])
 7 SYSTEMPATH\CLI\Console.php(46): CodeIgniter\CLI\Commands->run('db:seed', [...])
 8 ROOTPATH\spark(102): CodeIgniter\CLI\Console->run()
WARNING - 2024-03-27 09:57:15 --> [DEPRECATED] Since fakerphp/faker 1.14: Accessing property "company" is deprecated, use "company()" instead. in VENDORPATH\symfony\deprecation-contracts\function.php on line 25.
 1 VENDORPATH\symfony\deprecation-contracts\function.php(25): trigger_error('Since fakerphp/faker 1.14: Accessing property "company" is deprecated, use "company()" instead.', 16384)
 2 VENDORPATH\fakerphp\faker\src\Faker\Generator.php(962): trigger_deprecation('fakerphp/faker', '1.14', 'Accessing property "%s" is deprecated, use "%s()" instead.', 'company', 'company')
 3 APPPATH\Database\Seeds\CoassLoanSeeder.php(28): Faker\Generator->__get('company')
 4 SYSTEMPATH\Database\Seeder.php(145): App\Database\Seeds\CoassLoanSeeder->run()
 5 SYSTEMPATH\Commands\Database\Seed.php(77): CodeIgniter\Database\Seeder->call('App\\Database\\Seeds\\CoassLoanSeeder')
 6 SYSTEMPATH\CLI\Commands.php(65): CodeIgniter\Commands\Database\Seed->run([])
 7 SYSTEMPATH\CLI\Console.php(46): CodeIgniter\CLI\Commands->run('db:seed', [...])
 8 ROOTPATH\spark(102): CodeIgniter\CLI\Console->run()
WARNING - 2024-03-27 09:57:15 --> [DEPRECATED] Since fakerphp/faker 1.14: Accessing property "ean8" is deprecated, use "ean8()" instead. in VENDORPATH\symfony\deprecation-contracts\function.php on line 25.
 1 VENDORPATH\symfony\deprecation-contracts\function.php(25): trigger_error('Since fakerphp/faker 1.14: Accessing property "ean8" is deprecated, use "ean8()" instead.', 16384)
 2 VENDORPATH\fakerphp\faker\src\Faker\Generator.php(962): trigger_deprecation('fakerphp/faker', '1.14', 'Accessing property "%s" is deprecated, use "%s()" instead.', 'ean8', 'ean8')
 3 APPPATH\Database\Seeds\CoassLoanSeeder.php(29): Faker\Generator->__get('ean8')
 4 SYSTEMPATH\Database\Seeder.php(145): App\Database\Seeds\CoassLoanSeeder->run()
 5 SYSTEMPATH\Commands\Database\Seed.php(77): CodeIgniter\Database\Seeder->call('App\\Database\\Seeds\\CoassLoanSeeder')
 6 SYSTEMPATH\CLI\Commands.php(65): CodeIgniter\Commands\Database\Seed->run([])
 7 SYSTEMPATH\CLI\Console.php(46): CodeIgniter\CLI\Commands->run('db:seed', [...])
 8 ROOTPATH\spark(102): CodeIgniter\CLI\Console->run()
WARNING - 2024-03-27 09:57:15 --> [DEPRECATED] Since fakerphp/faker 1.14: Accessing property "phoneNumber" is deprecated, use "phoneNumber()" instead. in VENDORPATH\symfony\deprecation-contracts\function.php on line 25.
 1 VENDORPATH\symfony\deprecation-contracts\function.php(25): trigger_error('Since fakerphp/faker 1.14: Accessing property "phoneNumber" is deprecated, use "phoneNumber()" instead.', 16384)
 2 VENDORPATH\fakerphp\faker\src\Faker\Generator.php(962): trigger_deprecation('fakerphp/faker', '1.14', 'Accessing property "%s" is deprecated, use "%s()" instead.', 'phoneNumber', 'phoneNumber')
 3 APPPATH\Database\Seeds\CoassLoanSeeder.php(31): Faker\Generator->__get('phoneNumber')
 4 SYSTEMPATH\Database\Seeder.php(145): App\Database\Seeds\CoassLoanSeeder->run()
 5 SYSTEMPATH\Commands\Database\Seed.php(77): CodeIgniter\Database\Seeder->call('App\\Database\\Seeds\\CoassLoanSeeder')
 6 SYSTEMPATH\CLI\Commands.php(65): CodeIgniter\Commands\Database\Seed->run([])
 7 SYSTEMPATH\CLI\Console.php(46): CodeIgniter\CLI\Commands->run('db:seed', [...])
 8 ROOTPATH\spark(102): CodeIgniter\CLI\Console->run()
WARNING - 2024-03-27 09:57:15 --> [DEPRECATED] Since fakerphp/faker 1.14: Accessing property "name" is deprecated, use "name()" instead. in VENDORPATH\symfony\deprecation-contracts\function.php on line 25.
 1 VENDORPATH\symfony\deprecation-contracts\function.php(25): trigger_error('Since fakerphp/faker 1.14: Accessing property "name" is deprecated, use "name()" instead.', 16384)
 2 VENDORPATH\fakerphp\faker\src\Faker\Generator.php(962): trigger_deprecation('fakerphp/faker', '1.14', 'Accessing property "%s" is deprecated, use "%s()" instead.', 'name', 'name')
 3 APPPATH\Database\Seeds\CoassLoanSeeder.php(33): Faker\Generator->__get('name')
 4 SYSTEMPATH\Database\Seeder.php(145): App\Database\Seeds\CoassLoanSeeder->run()
 5 SYSTEMPATH\Commands\Database\Seed.php(77): CodeIgniter\Database\Seeder->call('App\\Database\\Seeds\\CoassLoanSeeder')
 6 SYSTEMPATH\CLI\Commands.php(65): CodeIgniter\Commands\Database\Seed->run([])
 7 SYSTEMPATH\CLI\Console.php(46): CodeIgniter\CLI\Commands->run('db:seed', [...])
 8 ROOTPATH\spark(102): CodeIgniter\CLI\Console->run()
WARNING - 2024-03-27 09:57:15 --> [DEPRECATED] Since fakerphp/faker 1.14: Accessing property "company" is deprecated, use "company()" instead. in VENDORPATH\symfony\deprecation-contracts\function.php on line 25.
 1 VENDORPATH\symfony\deprecation-contracts\function.php(25): trigger_error('Since fakerphp/faker 1.14: Accessing property "company" is deprecated, use "company()" instead.', 16384)
 2 VENDORPATH\fakerphp\faker\src\Faker\Generator.php(962): trigger_deprecation('fakerphp/faker', '1.14', 'Accessing property "%s" is deprecated, use "%s()" instead.', 'company', 'company')
 3 APPPATH\Database\Seeds\CoassLoanSeeder.php(28): Faker\Generator->__get('company')
 4 SYSTEMPATH\Database\Seeder.php(145): App\Database\Seeds\CoassLoanSeeder->run()
 5 SYSTEMPATH\Commands\Database\Seed.php(77): CodeIgniter\Database\Seeder->call('App\\Database\\Seeds\\CoassLoanSeeder')
 6 SYSTEMPATH\CLI\Commands.php(65): CodeIgniter\Commands\Database\Seed->run([])
 7 SYSTEMPATH\CLI\Console.php(46): CodeIgniter\CLI\Commands->run('db:seed', [...])
 8 ROOTPATH\spark(102): CodeIgniter\CLI\Console->run()
WARNING - 2024-03-27 09:57:15 --> [DEPRECATED] Since fakerphp/faker 1.14: Accessing property "ean8" is deprecated, use "ean8()" instead. in VENDORPATH\symfony\deprecation-contracts\function.php on line 25.
 1 VENDORPATH\symfony\deprecation-contracts\function.php(25): trigger_error('Since fakerphp/faker 1.14: Accessing property "ean8" is deprecated, use "ean8()" instead.', 16384)
 2 VENDORPATH\fakerphp\faker\src\Faker\Generator.php(962): trigger_deprecation('fakerphp/faker', '1.14', 'Accessing property "%s" is deprecated, use "%s()" instead.', 'ean8', 'ean8')
 3 APPPATH\Database\Seeds\CoassLoanSeeder.php(29): Faker\Generator->__get('ean8')
 4 SYSTEMPATH\Database\Seeder.php(145): App\Database\Seeds\CoassLoanSeeder->run()
 5 SYSTEMPATH\Commands\Database\Seed.php(77): CodeIgniter\Database\Seeder->call('App\\Database\\Seeds\\CoassLoanSeeder')
 6 SYSTEMPATH\CLI\Commands.php(65): CodeIgniter\Commands\Database\Seed->run([])
 7 SYSTEMPATH\CLI\Console.php(46): CodeIgniter\CLI\Commands->run('db:seed', [...])
 8 ROOTPATH\spark(102): CodeIgniter\CLI\Console->run()
WARNING - 2024-03-27 09:57:15 --> [DEPRECATED] Since fakerphp/faker 1.14: Accessing property "phoneNumber" is deprecated, use "phoneNumber()" instead. in VENDORPATH\symfony\deprecation-contracts\function.php on line 25.
 1 VENDORPATH\symfony\deprecation-contracts\function.php(25): trigger_error('Since fakerphp/faker 1.14: Accessing property "phoneNumber" is deprecated, use "phoneNumber()" instead.', 16384)
 2 VENDORPATH\fakerphp\faker\src\Faker\Generator.php(962): trigger_deprecation('fakerphp/faker', '1.14', 'Accessing property "%s" is deprecated, use "%s()" instead.', 'phoneNumber', 'phoneNumber')
 3 APPPATH\Database\Seeds\CoassLoanSeeder.php(31): Faker\Generator->__get('phoneNumber')
 4 SYSTEMPATH\Database\Seeder.php(145): App\Database\Seeds\CoassLoanSeeder->run()
 5 SYSTEMPATH\Commands\Database\Seed.php(77): CodeIgniter\Database\Seeder->call('App\\Database\\Seeds\\CoassLoanSeeder')
 6 SYSTEMPATH\CLI\Commands.php(65): CodeIgniter\Commands\Database\Seed->run([])
 7 SYSTEMPATH\CLI\Console.php(46): CodeIgniter\CLI\Commands->run('db:seed', [...])
 8 ROOTPATH\spark(102): CodeIgniter\CLI\Console->run()
WARNING - 2024-03-27 09:57:15 --> [DEPRECATED] Since fakerphp/faker 1.14: Accessing property "name" is deprecated, use "name()" instead. in VENDORPATH\symfony\deprecation-contracts\function.php on line 25.
 1 VENDORPATH\symfony\deprecation-contracts\function.php(25): trigger_error('Since fakerphp/faker 1.14: Accessing property "name" is deprecated, use "name()" instead.', 16384)
 2 VENDORPATH\fakerphp\faker\src\Faker\Generator.php(962): trigger_deprecation('fakerphp/faker', '1.14', 'Accessing property "%s" is deprecated, use "%s()" instead.', 'name', 'name')
 3 APPPATH\Database\Seeds\CoassLoanSeeder.php(33): Faker\Generator->__get('name')
 4 SYSTEMPATH\Database\Seeder.php(145): App\Database\Seeds\CoassLoanSeeder->run()
 5 SYSTEMPATH\Commands\Database\Seed.php(77): CodeIgniter\Database\Seeder->call('App\\Database\\Seeds\\CoassLoanSeeder')
 6 SYSTEMPATH\CLI\Commands.php(65): CodeIgniter\Commands\Database\Seed->run([])
 7 SYSTEMPATH\CLI\Console.php(46): CodeIgniter\CLI\Commands->run('db:seed', [...])
 8 ROOTPATH\spark(102): CodeIgniter\CLI\Console->run()
WARNING - 2024-03-27 09:57:15 --> [DEPRECATED] Since fakerphp/faker 1.14: Accessing property "company" is deprecated, use "company()" instead. in VENDORPATH\symfony\deprecation-contracts\function.php on line 25.
 1 VENDORPATH\symfony\deprecation-contracts\function.php(25): trigger_error('Since fakerphp/faker 1.14: Accessing property "company" is deprecated, use "company()" instead.', 16384)
 2 VENDORPATH\fakerphp\faker\src\Faker\Generator.php(962): trigger_deprecation('fakerphp/faker', '1.14', 'Accessing property "%s" is deprecated, use "%s()" instead.', 'company', 'company')
 3 APPPATH\Database\Seeds\CoassLoanSeeder.php(28): Faker\Generator->__get('company')
 4 SYSTEMPATH\Database\Seeder.php(145): App\Database\Seeds\CoassLoanSeeder->run()
 5 SYSTEMPATH\Commands\Database\Seed.php(77): CodeIgniter\Database\Seeder->call('App\\Database\\Seeds\\CoassLoanSeeder')
 6 SYSTEMPATH\CLI\Commands.php(65): CodeIgniter\Commands\Database\Seed->run([])
 7 SYSTEMPATH\CLI\Console.php(46): CodeIgniter\CLI\Commands->run('db:seed', [...])
 8 ROOTPATH\spark(102): CodeIgniter\CLI\Console->run()
WARNING - 2024-03-27 09:57:15 --> [DEPRECATED] Since fakerphp/faker 1.14: Accessing property "ean8" is deprecated, use "ean8()" instead. in VENDORPATH\symfony\deprecation-contracts\function.php on line 25.
 1 VENDORPATH\symfony\deprecation-contracts\function.php(25): trigger_error('Since fakerphp/faker 1.14: Accessing property "ean8" is deprecated, use "ean8()" instead.', 16384)
 2 VENDORPATH\fakerphp\faker\src\Faker\Generator.php(962): trigger_deprecation('fakerphp/faker', '1.14', 'Accessing property "%s" is deprecated, use "%s()" instead.', 'ean8', 'ean8')
 3 APPPATH\Database\Seeds\CoassLoanSeeder.php(29): Faker\Generator->__get('ean8')
 4 SYSTEMPATH\Database\Seeder.php(145): App\Database\Seeds\CoassLoanSeeder->run()
 5 SYSTEMPATH\Commands\Database\Seed.php(77): CodeIgniter\Database\Seeder->call('App\\Database\\Seeds\\CoassLoanSeeder')
 6 SYSTEMPATH\CLI\Commands.php(65): CodeIgniter\Commands\Database\Seed->run([])
 7 SYSTEMPATH\CLI\Console.php(46): CodeIgniter\CLI\Commands->run('db:seed', [...])
 8 ROOTPATH\spark(102): CodeIgniter\CLI\Console->run()
WARNING - 2024-03-27 09:57:15 --> [DEPRECATED] Since fakerphp/faker 1.14: Accessing property "phoneNumber" is deprecated, use "phoneNumber()" instead. in VENDORPATH\symfony\deprecation-contracts\function.php on line 25.
 1 VENDORPATH\symfony\deprecation-contracts\function.php(25): trigger_error('Since fakerphp/faker 1.14: Accessing property "phoneNumber" is deprecated, use "phoneNumber()" instead.', 16384)
 2 VENDORPATH\fakerphp\faker\src\Faker\Generator.php(962): trigger_deprecation('fakerphp/faker', '1.14', 'Accessing property "%s" is deprecated, use "%s()" instead.', 'phoneNumber', 'phoneNumber')
 3 APPPATH\Database\Seeds\CoassLoanSeeder.php(31): Faker\Generator->__get('phoneNumber')
 4 SYSTEMPATH\Database\Seeder.php(145): App\Database\Seeds\CoassLoanSeeder->run()
 5 SYSTEMPATH\Commands\Database\Seed.php(77): CodeIgniter\Database\Seeder->call('App\\Database\\Seeds\\CoassLoanSeeder')
 6 SYSTEMPATH\CLI\Commands.php(65): CodeIgniter\Commands\Database\Seed->run([])
 7 SYSTEMPATH\CLI\Console.php(46): CodeIgniter\CLI\Commands->run('db:seed', [...])
 8 ROOTPATH\spark(102): CodeIgniter\CLI\Console->run()
WARNING - 2024-03-27 09:57:15 --> [DEPRECATED] Since fakerphp/faker 1.14: Accessing property "name" is deprecated, use "name()" instead. in VENDORPATH\symfony\deprecation-contracts\function.php on line 25.
 1 VENDORPATH\symfony\deprecation-contracts\function.php(25): trigger_error('Since fakerphp/faker 1.14: Accessing property "name" is deprecated, use "name()" instead.', 16384)
 2 VENDORPATH\fakerphp\faker\src\Faker\Generator.php(962): trigger_deprecation('fakerphp/faker', '1.14', 'Accessing property "%s" is deprecated, use "%s()" instead.', 'name', 'name')
 3 APPPATH\Database\Seeds\CoassLoanSeeder.php(33): Faker\Generator->__get('name')
 4 SYSTEMPATH\Database\Seeder.php(145): App\Database\Seeds\CoassLoanSeeder->run()
 5 SYSTEMPATH\Commands\Database\Seed.php(77): CodeIgniter\Database\Seeder->call('App\\Database\\Seeds\\CoassLoanSeeder')
 6 SYSTEMPATH\CLI\Commands.php(65): CodeIgniter\Commands\Database\Seed->run([])
 7 SYSTEMPATH\CLI\Console.php(46): CodeIgniter\CLI\Commands->run('db:seed', [...])
 8 ROOTPATH\spark(102): CodeIgniter\CLI\Console->run()
WARNING - 2024-03-27 09:57:15 --> [DEPRECATED] Since fakerphp/faker 1.14: Accessing property "company" is deprecated, use "company()" instead. in VENDORPATH\symfony\deprecation-contracts\function.php on line 25.
 1 VENDORPATH\symfony\deprecation-contracts\function.php(25): trigger_error('Since fakerphp/faker 1.14: Accessing property "company" is deprecated, use "company()" instead.', 16384)
 2 VENDORPATH\fakerphp\faker\src\Faker\Generator.php(962): trigger_deprecation('fakerphp/faker', '1.14', 'Accessing property "%s" is deprecated, use "%s()" instead.', 'company', 'company')
 3 APPPATH\Database\Seeds\CoassLoanSeeder.php(28): Faker\Generator->__get('company')
 4 SYSTEMPATH\Database\Seeder.php(145): App\Database\Seeds\CoassLoanSeeder->run()
 5 SYSTEMPATH\Commands\Database\Seed.php(77): CodeIgniter\Database\Seeder->call('App\\Database\\Seeds\\CoassLoanSeeder')
 6 SYSTEMPATH\CLI\Commands.php(65): CodeIgniter\Commands\Database\Seed->run([])
 7 SYSTEMPATH\CLI\Console.php(46): CodeIgniter\CLI\Commands->run('db:seed', [...])
 8 ROOTPATH\spark(102): CodeIgniter\CLI\Console->run()
WARNING - 2024-03-27 09:57:15 --> [DEPRECATED] Since fakerphp/faker 1.14: Accessing property "ean8" is deprecated, use "ean8()" instead. in VENDORPATH\symfony\deprecation-contracts\function.php on line 25.
 1 VENDORPATH\symfony\deprecation-contracts\function.php(25): trigger_error('Since fakerphp/faker 1.14: Accessing property "ean8" is deprecated, use "ean8()" instead.', 16384)
 2 VENDORPATH\fakerphp\faker\src\Faker\Generator.php(962): trigger_deprecation('fakerphp/faker', '1.14', 'Accessing property "%s" is deprecated, use "%s()" instead.', 'ean8', 'ean8')
 3 APPPATH\Database\Seeds\CoassLoanSeeder.php(29): Faker\Generator->__get('ean8')
 4 SYSTEMPATH\Database\Seeder.php(145): App\Database\Seeds\CoassLoanSeeder->run()
 5 SYSTEMPATH\Commands\Database\Seed.php(77): CodeIgniter\Database\Seeder->call('App\\Database\\Seeds\\CoassLoanSeeder')
 6 SYSTEMPATH\CLI\Commands.php(65): CodeIgniter\Commands\Database\Seed->run([])
 7 SYSTEMPATH\CLI\Console.php(46): CodeIgniter\CLI\Commands->run('db:seed', [...])
 8 ROOTPATH\spark(102): CodeIgniter\CLI\Console->run()
WARNING - 2024-03-27 09:57:15 --> [DEPRECATED] Since fakerphp/faker 1.14: Accessing property "phoneNumber" is deprecated, use "phoneNumber()" instead. in VENDORPATH\symfony\deprecation-contracts\function.php on line 25.
 1 VENDORPATH\symfony\deprecation-contracts\function.php(25): trigger_error('Since fakerphp/faker 1.14: Accessing property "phoneNumber" is deprecated, use "phoneNumber()" instead.', 16384)
 2 VENDORPATH\fakerphp\faker\src\Faker\Generator.php(962): trigger_deprecation('fakerphp/faker', '1.14', 'Accessing property "%s" is deprecated, use "%s()" instead.', 'phoneNumber', 'phoneNumber')
 3 APPPATH\Database\Seeds\CoassLoanSeeder.php(31): Faker\Generator->__get('phoneNumber')
 4 SYSTEMPATH\Database\Seeder.php(145): App\Database\Seeds\CoassLoanSeeder->run()
 5 SYSTEMPATH\Commands\Database\Seed.php(77): CodeIgniter\Database\Seeder->call('App\\Database\\Seeds\\CoassLoanSeeder')
 6 SYSTEMPATH\CLI\Commands.php(65): CodeIgniter\Commands\Database\Seed->run([])
 7 SYSTEMPATH\CLI\Console.php(46): CodeIgniter\CLI\Commands->run('db:seed', [...])
 8 ROOTPATH\spark(102): CodeIgniter\CLI\Console->run()
WARNING - 2024-03-27 09:57:15 --> [DEPRECATED] Since fakerphp/faker 1.14: Accessing property "name" is deprecated, use "name()" instead. in VENDORPATH\symfony\deprecation-contracts\function.php on line 25.
 1 VENDORPATH\symfony\deprecation-contracts\function.php(25): trigger_error('Since fakerphp/faker 1.14: Accessing property "name" is deprecated, use "name()" instead.', 16384)
 2 VENDORPATH\fakerphp\faker\src\Faker\Generator.php(962): trigger_deprecation('fakerphp/faker', '1.14', 'Accessing property "%s" is deprecated, use "%s()" instead.', 'name', 'name')
 3 APPPATH\Database\Seeds\CoassLoanSeeder.php(33): Faker\Generator->__get('name')
 4 SYSTEMPATH\Database\Seeder.php(145): App\Database\Seeds\CoassLoanSeeder->run()
 5 SYSTEMPATH\Commands\Database\Seed.php(77): CodeIgniter\Database\Seeder->call('App\\Database\\Seeds\\CoassLoanSeeder')
 6 SYSTEMPATH\CLI\Commands.php(65): CodeIgniter\Commands\Database\Seed->run([])
 7 SYSTEMPATH\CLI\Console.php(46): CodeIgniter\CLI\Commands->run('db:seed', [...])
 8 ROOTPATH\spark(102): CodeIgniter\CLI\Console->run()
INFO - 2024-03-27 10:00:49 --> Session: Class initialized using 'CodeIgniter\Session\Handlers\FileHandler' driver.
INFO - 2024-03-27 10:00:51 --> Session: Class initialized using 'CodeIgniter\Session\Handlers\FileHandler' driver.
INFO - 2024-03-27 10:04:02 --> Session: Class initialized using 'CodeIgniter\Session\Handlers\FileHandler' driver.
INFO - 2024-03-27 10:04:30 --> Session: Class initialized using 'CodeIgniter\Session\Handlers\FileHandler' driver.
INFO - 2024-03-27 10:04:44 --> Session: Class initialized using 'CodeIgniter\Session\Handlers\FileHandler' driver.
INFO - 2024-03-27 10:09:41 --> Session: Class initialized using 'CodeIgniter\Session\Handlers\FileHandler' driver.
CRITICAL - 2024-03-27 10:09:41 --> ErrorException: Undefined array key "rm_id"
in APPPATH\Controllers\Dashboard.php on line 36.
 1 APPPATH\Controllers\Dashboard.php(36): CodeIgniter\Debug\Exceptions->errorHandler(2, 'Undefined array key "rm_id"', 'E:\\RSGM\\app\\Controllers\\Dashboard.php', 36)
 2 SYSTEMPATH\CodeIgniter.php(941): App\Controllers\Dashboard->getData()
 3 SYSTEMPATH\CodeIgniter.php(502): CodeIgniter\CodeIgniter->runController(Object(App\Controllers\Dashboard))
 4 SYSTEMPATH\CodeIgniter.php(361): CodeIgniter\CodeIgniter->handleRequest(null, Object(Config\Cache), false)
 5 FCPATH\index.php(79): CodeIgniter\CodeIgniter->run()
 6 SYSTEMPATH\Commands\Server\rewrite.php(47): require_once('E:\\RSGM\\public\\index.php')
INFO - 2024-03-27 10:10:36 --> Session: Class initialized using 'CodeIgniter\Session\Handlers\FileHandler' driver.
INFO - 2024-03-27 10:34:52 --> Session: Class initialized using 'CodeIgniter\Session\Handlers\FileHandler' driver.
INFO - 2024-03-27 10:34:59 --> Session: Class initialized using 'CodeIgniter\Session\Handlers\FileHandler' driver.
INFO - 2024-03-27 10:43:56 --> Session: Class initialized using 'CodeIgniter\Session\Handlers\FileHandler' driver.
INFO - 2024-03-27 10:44:31 --> Session: Class initialized using 'CodeIgniter\Session\Handlers\FileHandler' driver.
INFO - 2024-03-27 10:45:00 --> Session: Class initialized using 'CodeIgniter\Session\Handlers\FileHandler' driver.
INFO - 2024-03-27 10:54:43 --> Session: Class initialized using 'CodeIgniter\Session\Handlers\FileHandler' driver.
INFO - 2024-03-27 11:15:58 --> Session: Class initialized using 'CodeIgniter\Session\Handlers\FileHandler' driver.
INFO - 2024-03-27 11:17:58 --> Session: Class initialized using 'CodeIgniter\Session\Handlers\FileHandler' driver.
INFO - 2024-03-27 11:20:38 --> Session: Class initialized using 'CodeIgniter\Session\Handlers\FileHandler' driver.
INFO - 2024-03-27 11:20:40 --> Session: Class initialized using 'CodeIgniter\Session\Handlers\FileHandler' driver.
INFO - 2024-03-27 11:20:43 --> Session: Class initialized using 'CodeIgniter\Session\Handlers\FileHandler' driver.
INFO - 2024-03-27 11:20:45 --> Session: Class initialized using 'CodeIgniter\Session\Handlers\FileHandler' driver.
INFO - 2024-03-27 11:25:07 --> Session: Class initialized using 'CodeIgniter\Session\Handlers\FileHandler' driver.
INFO - 2024-03-27 11:25:47 --> Session: Class initialized using 'CodeIgniter\Session\Handlers\FileHandler' driver.
INFO - 2024-03-27 11:26:15 --> Session: Class initialized using 'CodeIgniter\Session\Handlers\FileHandler' driver.
ERROR - 2024-03-27 11:26:15 --> mysqli_sql_exception: Unknown column 'loan_return' in 'field list' in E:\RSGM\system\Database\MySQLi\Connection.php:306
Stack trace:
#0 E:\RSGM\system\Database\MySQLi\Connection.php(306): mysqli->query('SELECT MONTH(lo...', 0)
#1 E:\RSGM\system\Database\BaseConnection.php(693): CodeIgniter\Database\MySQLi\Connection->execute('SELECT MONTH(lo...')
#2 E:\RSGM\system\Database\BaseConnection.php(607): CodeIgniter\Database\BaseConnection->simpleQuery('SELECT MONTH(lo...')
#3 E:\RSGM\system\Database\BaseBuilder.php(1616): CodeIgniter\Database\BaseConnection->query('SELECT MONTH(lo...', Array, false)
#4 E:\RSGM\system\Model.php(242): CodeIgniter\Database\BaseBuilder->get()
#5 E:\RSGM\system\BaseModel.php(638): CodeIgniter\Model->doFindAll(0, 0)
#6 E:\RSGM\app\Controllers\Dashboard.php(32): CodeIgniter\BaseModel->findAll()
#7 E:\RSGM\system\CodeIgniter.php(941): App\Controllers\Dashboard->index()
#8 E:\RSGM\system\CodeIgniter.php(502): CodeIgniter\CodeIgniter->runController(Object(App\Controllers\Dashboard))
#9 E:\RSGM\system\CodeIgniter.php(361): CodeIgniter\CodeIgniter->handleRequest(NULL, Object(Config\Cache), false)
#10 E:\RSGM\public\index.php(79): CodeIgniter\CodeIgniter->run()
#11 E:\RSGM\system\Commands\Server\rewrite.php(47): require_once('E:\\RSGM\\public\\...')
#12 {main}
CRITICAL - 2024-03-27 11:26:15 --> CodeIgniter\Database\Exceptions\DatabaseException: Unknown column 'loan_return' in 'field list'
in SYSTEMPATH\Database\BaseConnection.php on line 647.
 1 SYSTEMPATH\Database\BaseBuilder.php(1616): CodeIgniter\Database\BaseConnection->query('SELECT MONTH(loan_return) as month, COUNT(*) as total
FROM `transaction`
WHERE YEAR(loan_date) = :YEAR(loan_date):
GROUP BY MONTH(loan_date)
ORDER BY `loan_date`', [...], false)
 2 SYSTEMPATH\Model.php(242): CodeIgniter\Database\BaseBuilder->get()
 3 SYSTEMPATH\BaseModel.php(638): CodeIgniter\Model->doFindAll(0, 0)
 4 APPPATH\Controllers\Dashboard.php(32): CodeIgniter\BaseModel->findAll()
 5 SYSTEMPATH\CodeIgniter.php(941): App\Controllers\Dashboard->index()
 6 SYSTEMPATH\CodeIgniter.php(502): CodeIgniter\CodeIgniter->runController(Object(App\Controllers\Dashboard))
 7 SYSTEMPATH\CodeIgniter.php(361): CodeIgniter\CodeIgniter->handleRequest(null, Object(Config\Cache), false)
 8 FCPATH\index.php(79): CodeIgniter\CodeIgniter->run()
 9 SYSTEMPATH\Commands\Server\rewrite.php(47): require_once('E:\\RSGM\\public\\index.php')
CRITICAL - 2024-03-27 11:26:15 --> [Caused by] CodeIgniter\Database\Exceptions\DatabaseException: Unknown column 'loan_return' in 'field list'
in SYSTEMPATH\Database\MySQLi\Connection.php on line 311.
 1 SYSTEMPATH\Database\BaseConnection.php(693): CodeIgniter\Database\MySQLi\Connection->execute('SELECT MONTH(loan_return) as month, COUNT(*) as total
FROM `transaction`
WHERE YEAR(loan_date) = \'2024\'
GROUP BY MONTH(loan_date)
ORDER BY `loan_date`')
 2 SYSTEMPATH\Database\BaseConnection.php(607): CodeIgniter\Database\BaseConnection->simpleQuery('SELECT MONTH(loan_return) as month, COUNT(*) as total
FROM `transaction`
WHERE YEAR(loan_date) = \'2024\'
GROUP BY MONTH(loan_date)
ORDER BY `loan_date`')
 3 SYSTEMPATH\Database\BaseBuilder.php(1616): CodeIgniter\Database\BaseConnection->query('SELECT MONTH(loan_return) as month, COUNT(*) as total
FROM `transaction`
WHERE YEAR(loan_date) = :YEAR(loan_date):
GROUP BY MONTH(loan_date)
ORDER BY `loan_date`', [...], false)
 4 SYSTEMPATH\Model.php(242): CodeIgniter\Database\BaseBuilder->get()
 5 SYSTEMPATH\BaseModel.php(638): CodeIgniter\Model->doFindAll(0, 0)
 6 APPPATH\Controllers\Dashboard.php(32): CodeIgniter\BaseModel->findAll()
 7 SYSTEMPATH\CodeIgniter.php(941): App\Controllers\Dashboard->index()
 8 SYSTEMPATH\CodeIgniter.php(502): CodeIgniter\CodeIgniter->runController(Object(App\Controllers\Dashboard))
 9 SYSTEMPATH\CodeIgniter.php(361): CodeIgniter\CodeIgniter->handleRequest(null, Object(Config\Cache), false)
10 FCPATH\index.php(79): CodeIgniter\CodeIgniter->run()
11 SYSTEMPATH\Commands\Server\rewrite.php(47): require_once('E:\\RSGM\\public\\index.php')
CRITICAL - 2024-03-27 11:26:15 --> [Caused by] mysqli_sql_exception: Unknown column 'loan_return' in 'field list'
in SYSTEMPATH\Database\MySQLi\Connection.php on line 306.
 1 SYSTEMPATH\Database\MySQLi\Connection.php(306): mysqli->query('SELECT MONTH(loan_return) as month, COUNT(*) as total
FROM `transaction`
WHERE YEAR(loan_date) = \'2024\'
GROUP BY MONTH(loan_date)
ORDER BY `loan_date`', 0)
 2 SYSTEMPATH\Database\BaseConnection.php(693): CodeIgniter\Database\MySQLi\Connection->execute('SELECT MONTH(loan_return) as month, COUNT(*) as total
FROM `transaction`
WHERE YEAR(loan_date) = \'2024\'
GROUP BY MONTH(loan_date)
ORDER BY `loan_date`')
 3 SYSTEMPATH\Database\BaseConnection.php(607): CodeIgniter\Database\BaseConnection->simpleQuery('SELECT MONTH(loan_return) as month, COUNT(*) as total
FROM `transaction`
WHERE YEAR(loan_date) = \'2024\'
GROUP BY MONTH(loan_date)
ORDER BY `loan_date`')
 4 SYSTEMPATH\Database\BaseBuilder.php(1616): CodeIgniter\Database\BaseConnection->query('SELECT MONTH(loan_return) as month, COUNT(*) as total
FROM `transaction`
WHERE YEAR(loan_date) = :YEAR(loan_date):
GROUP BY MONTH(loan_date)
ORDER BY `loan_date`', [...], false)
 5 SYSTEMPATH\Model.php(242): CodeIgniter\Database\BaseBuilder->get()
 6 SYSTEMPATH\BaseModel.php(638): CodeIgniter\Model->doFindAll(0, 0)
 7 APPPATH\Controllers\Dashboard.php(32): CodeIgniter\BaseModel->findAll()
 8 SYSTEMPATH\CodeIgniter.php(941): App\Controllers\Dashboard->index()
 9 SYSTEMPATH\CodeIgniter.php(502): CodeIgniter\CodeIgniter->runController(Object(App\Controllers\Dashboard))
10 SYSTEMPATH\CodeIgniter.php(361): CodeIgniter\CodeIgniter->handleRequest(null, Object(Config\Cache), false)
11 FCPATH\index.php(79): CodeIgniter\CodeIgniter->run()
12 SYSTEMPATH\Commands\Server\rewrite.php(47): require_once('E:\\RSGM\\public\\index.php')
INFO - 2024-03-27 11:26:57 --> Session: Class initialized using 'CodeIgniter\Session\Handlers\FileHandler' driver.
INFO - 2024-03-27 11:27:30 --> Session: Class initialized using 'CodeIgniter\Session\Handlers\FileHandler' driver.
INFO - 2024-03-27 11:28:01 --> Session: Class initialized using 'CodeIgniter\Session\Handlers\FileHandler' driver.
INFO - 2024-03-27 11:28:06 --> Session: Class initialized using 'CodeIgniter\Session\Handlers\FileHandler' driver.
INFO - 2024-03-27 11:28:08 --> Session: Class initialized using 'CodeIgniter\Session\Handlers\FileHandler' driver.
INFO - 2024-03-27 11:28:41 --> Session: Class initialized using 'CodeIgniter\Session\Handlers\FileHandler' driver.
INFO - 2024-03-27 11:29:13 --> Session: Class initialized using 'CodeIgniter\Session\Handlers\FileHandler' driver.
INFO - 2024-03-27 11:29:30 --> Session: Class initialized using 'CodeIgniter\Session\Handlers\FileHandler' driver.
INFO - 2024-03-27 11:30:09 --> Session: Class initialized using 'CodeIgniter\Session\Handlers\FileHandler' driver.
INFO - 2024-03-27 11:32:34 --> Session: Class initialized using 'CodeIgniter\Session\Handlers\FileHandler' driver.
INFO - 2024-03-27 11:32:50 --> Session: Class initialized using 'CodeIgniter\Session\Handlers\FileHandler' driver.
INFO - 2024-03-27 11:33:29 --> Session: Class initialized using 'CodeIgniter\Session\Handlers\FileHandler' driver.
INFO - 2024-03-27 11:33:39 --> Session: Class initialized using 'CodeIgniter\Session\Handlers\FileHandler' driver.
INFO - 2024-03-27 11:34:06 --> Session: Class initialized using 'CodeIgniter\Session\Handlers\FileHandler' driver.
