INFO - 2024-05-11 10:45:15 --> Session: Class initialized using 'CodeIgniter\Session\Handlers\FileHandler' driver.
INFO - 2024-05-11 10:45:15 --> Session: Class initialized using 'CodeIgniter\Session\Handlers\FileHandler' driver.
INFO - 2024-05-11 10:45:18 --> Session: Class initialized using 'CodeIgniter\Session\Handlers\FileHandler' driver.
INFO - 2024-05-11 10:45:18 --> Session: Class initialized using 'CodeIgniter\Session\Handlers\FileHandler' driver.
INFO - 2024-05-11 10:45:22 --> Session: Class initialized using 'CodeIgniter\Session\Handlers\FileHandler' driver.
INFO - 2024-05-11 10:45:31 --> Session: Class initialized using 'CodeIgniter\Session\Handlers\FileHandler' driver.
INFO - 2024-05-11 10:45:38 --> Session: Class initialized using 'CodeIgniter\Session\Handlers\FileHandler' driver.
INFO - 2024-05-11 10:45:40 --> Session: Class initialized using 'CodeIgniter\Session\Handlers\FileHandler' driver.
INFO - 2024-05-11 10:45:56 --> Session: Class initialized using 'CodeIgniter\Session\Handlers\FileHandler' driver.
INFO - 2024-05-11 10:46:01 --> Session: Class initialized using 'CodeIgniter\Session\Handlers\FileHandler' driver.
INFO - 2024-05-11 10:46:08 --> Session: Class initialized using 'CodeIgniter\Session\Handlers\FileHandler' driver.
INFO - 2024-05-11 10:46:15 --> Session: Class initialized using 'CodeIgniter\Session\Handlers\FileHandler' driver.
INFO - 2024-05-11 10:46:21 --> Session: Class initialized using 'CodeIgniter\Session\Handlers\FileHandler' driver.
INFO - 2024-05-11 10:46:25 --> Session: Class initialized using 'CodeIgniter\Session\Handlers\FileHandler' driver.
INFO - 2024-05-11 10:46:30 --> Session: Class initialized using 'CodeIgniter\Session\Handlers\FileHandler' driver.
CRITICAL - 2024-05-11 10:46:30 --> ErrorException: Attempt to read property "tid" on null
in APPPATH\Views\recordmedical\find.php on line 6.
 1 APPPATH\Views\recordmedical\find.php(6): CodeIgniter\Debug\Exceptions->errorHandler(2, 'Attempt to read property "tid" on null', 'E:\\RSGM\\app\\Views\\recordmedical\\find.php', 6)
 2 SYSTEMPATH\View\View.php(228): include('E:\\RSGM\\app\\Views\\recordmedical\\find.php')
 3 SYSTEMPATH\View\View.php(231): CodeIgniter\View\View->CodeIgniter\View\{closure}()
 4 SYSTEMPATH\Common.php(1178): CodeIgniter\View\View->render('recordmedical/find', [], true)
 5 APPPATH\Controllers\Tracer.php(50): view('recordmedical/find', [...])
 6 SYSTEMPATH\CodeIgniter.php(941): App\Controllers\Tracer->findloan()
 7 SYSTEMPATH\CodeIgniter.php(502): CodeIgniter\CodeIgniter->runController(Object(App\Controllers\Tracer))
 8 SYSTEMPATH\CodeIgniter.php(361): CodeIgniter\CodeIgniter->handleRequest(null, Object(Config\Cache), false)
 9 FCPATH\index.php(79): CodeIgniter\CodeIgniter->run()
10 SYSTEMPATH\Commands\Server\rewrite.php(47): require_once('E:\\RSGM\\public\\index.php')
INFO - 2024-05-11 10:46:46 --> Session: Class initialized using 'CodeIgniter\Session\Handlers\FileHandler' driver.
INFO - 2024-05-11 10:47:00 --> Session: Class initialized using 'CodeIgniter\Session\Handlers\FileHandler' driver.
INFO - 2024-05-11 10:47:05 --> Session: Class initialized using 'CodeIgniter\Session\Handlers\FileHandler' driver.
INFO - 2024-05-11 10:47:08 --> Session: Class initialized using 'CodeIgniter\Session\Handlers\FileHandler' driver.
INFO - 2024-05-11 10:47:13 --> Session: Class initialized using 'CodeIgniter\Session\Handlers\FileHandler' driver.
INFO - 2024-05-11 10:47:41 --> Session: Class initialized using 'CodeIgniter\Session\Handlers\FileHandler' driver.
INFO - 2024-05-11 10:47:42 --> Session: Class initialized using 'CodeIgniter\Session\Handlers\FileHandler' driver.
INFO - 2024-05-11 10:47:52 --> Session: Class initialized using 'CodeIgniter\Session\Handlers\FileHandler' driver.
INFO - 2024-05-11 10:49:03 --> Session: Class initialized using 'CodeIgniter\Session\Handlers\FileHandler' driver.
INFO - 2024-05-11 10:49:08 --> Session: Class initialized using 'CodeIgniter\Session\Handlers\FileHandler' driver.
INFO - 2024-05-11 10:49:09 --> Session: Class initialized using 'CodeIgniter\Session\Handlers\FileHandler' driver.
INFO - 2024-05-11 10:49:11 --> Session: Class initialized using 'CodeIgniter\Session\Handlers\FileHandler' driver.
INFO - 2024-05-11 10:49:14 --> Session: Class initialized using 'CodeIgniter\Session\Handlers\FileHandler' driver.
INFO - 2024-05-11 10:49:18 --> Session: Class initialized using 'CodeIgniter\Session\Handlers\FileHandler' driver.
INFO - 2024-05-11 10:49:25 --> Session: Class initialized using 'CodeIgniter\Session\Handlers\FileHandler' driver.
INFO - 2024-05-11 10:49:32 --> Session: Class initialized using 'CodeIgniter\Session\Handlers\FileHandler' driver.
INFO - 2024-05-11 10:49:34 --> Session: Class initialized using 'CodeIgniter\Session\Handlers\FileHandler' driver.
INFO - 2024-05-11 10:49:39 --> Session: Class initialized using 'CodeIgniter\Session\Handlers\FileHandler' driver.
INFO - 2024-05-11 10:49:39 --> Session: Class initialized using 'CodeIgniter\Session\Handlers\FileHandler' driver.
INFO - 2024-05-11 10:49:45 --> Session: Class initialized using 'CodeIgniter\Session\Handlers\FileHandler' driver.
INFO - 2024-05-11 10:49:50 --> Session: Class initialized using 'CodeIgniter\Session\Handlers\FileHandler' driver.
INFO - 2024-05-11 10:49:55 --> Session: Class initialized using 'CodeIgniter\Session\Handlers\FileHandler' driver.
INFO - 2024-05-11 10:49:57 --> Session: Class initialized using 'CodeIgniter\Session\Handlers\FileHandler' driver.
INFO - 2024-05-11 10:50:00 --> Session: Class initialized using 'CodeIgniter\Session\Handlers\FileHandler' driver.
INFO - 2024-05-11 10:50:07 --> Session: Class initialized using 'CodeIgniter\Session\Handlers\FileHandler' driver.
INFO - 2024-05-11 10:50:28 --> Session: Class initialized using 'CodeIgniter\Session\Handlers\FileHandler' driver.
INFO - 2024-05-11 10:50:32 --> Session: Class initialized using 'CodeIgniter\Session\Handlers\FileHandler' driver.
INFO - 2024-05-11 10:50:35 --> Session: Class initialized using 'CodeIgniter\Session\Handlers\FileHandler' driver.
INFO - 2024-05-11 10:51:05 --> Session: Class initialized using 'CodeIgniter\Session\Handlers\FileHandler' driver.
INFO - 2024-05-11 10:51:09 --> Session: Class initialized using 'CodeIgniter\Session\Handlers\FileHandler' driver.
INFO - 2024-05-11 10:51:15 --> Session: Class initialized using 'CodeIgniter\Session\Handlers\FileHandler' driver.
INFO - 2024-05-11 10:51:24 --> Session: Class initialized using 'CodeIgniter\Session\Handlers\FileHandler' driver.
INFO - 2024-05-11 10:51:36 --> Session: Class initialized using 'CodeIgniter\Session\Handlers\FileHandler' driver.
INFO - 2024-05-11 10:51:41 --> Session: Class initialized using 'CodeIgniter\Session\Handlers\FileHandler' driver.
INFO - 2024-05-11 10:51:46 --> Session: Class initialized using 'CodeIgniter\Session\Handlers\FileHandler' driver.
INFO - 2024-05-11 10:51:51 --> Session: Class initialized using 'CodeIgniter\Session\Handlers\FileHandler' driver.
INFO - 2024-05-11 10:51:52 --> Session: Class initialized using 'CodeIgniter\Session\Handlers\FileHandler' driver.
INFO - 2024-05-11 10:52:17 --> Session: Class initialized using 'CodeIgniter\Session\Handlers\FileHandler' driver.
INFO - 2024-05-11 10:52:19 --> Session: Class initialized using 'CodeIgniter\Session\Handlers\FileHandler' driver.
INFO - 2024-05-11 10:52:22 --> Session: Class initialized using 'CodeIgniter\Session\Handlers\FileHandler' driver.
INFO - 2024-05-11 10:52:27 --> Session: Class initialized using 'CodeIgniter\Session\Handlers\FileHandler' driver.
INFO - 2024-05-11 10:52:29 --> Session: Class initialized using 'CodeIgniter\Session\Handlers\FileHandler' driver.
INFO - 2024-05-11 10:52:31 --> Session: Class initialized using 'CodeIgniter\Session\Handlers\FileHandler' driver.
INFO - 2024-05-11 10:52:37 --> Session: Class initialized using 'CodeIgniter\Session\Handlers\FileHandler' driver.
INFO - 2024-05-11 10:52:37 --> Session: Class initialized using 'CodeIgniter\Session\Handlers\FileHandler' driver.
INFO - 2024-05-11 10:52:42 --> Session: Class initialized using 'CodeIgniter\Session\Handlers\FileHandler' driver.
INFO - 2024-05-11 10:56:19 --> Session: Class initialized using 'CodeIgniter\Session\Handlers\FileHandler' driver.
INFO - 2024-05-11 10:56:24 --> Session: Class initialized using 'CodeIgniter\Session\Handlers\FileHandler' driver.
INFO - 2024-05-11 10:56:26 --> Session: Class initialized using 'CodeIgniter\Session\Handlers\FileHandler' driver.
INFO - 2024-05-11 10:56:28 --> Session: Class initialized using 'CodeIgniter\Session\Handlers\FileHandler' driver.
INFO - 2024-05-11 10:56:30 --> Session: Class initialized using 'CodeIgniter\Session\Handlers\FileHandler' driver.
INFO - 2024-05-11 10:56:31 --> Session: Class initialized using 'CodeIgniter\Session\Handlers\FileHandler' driver.
INFO - 2024-05-11 10:56:36 --> Session: Class initialized using 'CodeIgniter\Session\Handlers\FileHandler' driver.
INFO - 2024-05-11 10:56:36 --> Session: Class initialized using 'CodeIgniter\Session\Handlers\FileHandler' driver.
INFO - 2024-05-11 11:03:05 --> Session: Class initialized using 'CodeIgniter\Session\Handlers\FileHandler' driver.
INFO - 2024-05-11 11:03:10 --> Session: Class initialized using 'CodeIgniter\Session\Handlers\FileHandler' driver.
INFO - 2024-05-11 11:04:28 --> Session: Class initialized using 'CodeIgniter\Session\Handlers\FileHandler' driver.
INFO - 2024-05-11 11:20:41 --> Session: Class initialized using 'CodeIgniter\Session\Handlers\FileHandler' driver.
INFO - 2024-05-11 11:23:29 --> Session: Class initialized using 'CodeIgniter\Session\Handlers\FileHandler' driver.
INFO - 2024-05-11 11:25:52 --> Session: Class initialized using 'CodeIgniter\Session\Handlers\FileHandler' driver.
CRITICAL - 2024-05-11 11:25:53 --> ErrorException: Undefined variable $type
in APPPATH\Views\publicdoc\index.php on line 8.
 1 APPPATH\Views\publicdoc\index.php(8): CodeIgniter\Debug\Exceptions->errorHandler(2, 'Undefined variable $type', 'E:\\RSGM\\app\\Views\\publicdoc\\index.php', 8)
 2 SYSTEMPATH\View\View.php(228): include('E:\\RSGM\\app\\Views\\publicdoc\\index.php')
 3 SYSTEMPATH\View\View.php(231): CodeIgniter\View\View->CodeIgniter\View\{closure}()
 4 SYSTEMPATH\Common.php(1178): CodeIgniter\View\View->render('publicdoc/index', [], true)
 5 APPPATH\Controllers\PublicDoc.php(35): view('publicdoc/index', [...])
 6 SYSTEMPATH\CodeIgniter.php(941): App\Controllers\PublicDoc->index()
 7 SYSTEMPATH\CodeIgniter.php(502): CodeIgniter\CodeIgniter->runController(Object(App\Controllers\PublicDoc))
 8 SYSTEMPATH\CodeIgniter.php(361): CodeIgniter\CodeIgniter->handleRequest(null, Object(Config\Cache), false)
 9 FCPATH\index.php(79): CodeIgniter\CodeIgniter->run()
10 SYSTEMPATH\Commands\Server\rewrite.php(47): require_once('E:\\RSGM\\public\\index.php')
INFO - 2024-05-11 11:25:55 --> Session: Class initialized using 'CodeIgniter\Session\Handlers\FileHandler' driver.
INFO - 2024-05-11 11:26:23 --> Session: Class initialized using 'CodeIgniter\Session\Handlers\FileHandler' driver.
CRITICAL - 2024-05-11 11:26:23 --> ErrorException: Undefined variable $type
in APPPATH\Views\publicdoc\index.php on line 8.
 1 APPPATH\Views\publicdoc\index.php(8): CodeIgniter\Debug\Exceptions->errorHandler(2, 'Undefined variable $type', 'E:\\RSGM\\app\\Views\\publicdoc\\index.php', 8)
 2 SYSTEMPATH\View\View.php(228): include('E:\\RSGM\\app\\Views\\publicdoc\\index.php')
 3 SYSTEMPATH\View\View.php(231): CodeIgniter\View\View->CodeIgniter\View\{closure}()
 4 SYSTEMPATH\Common.php(1178): CodeIgniter\View\View->render('publicdoc/index', [], true)
 5 APPPATH\Controllers\PublicDoc.php(35): view('publicdoc/index', [...])
 6 SYSTEMPATH\CodeIgniter.php(941): App\Controllers\PublicDoc->index()
 7 SYSTEMPATH\CodeIgniter.php(502): CodeIgniter\CodeIgniter->runController(Object(App\Controllers\PublicDoc))
 8 SYSTEMPATH\CodeIgniter.php(361): CodeIgniter\CodeIgniter->handleRequest(null, Object(Config\Cache), false)
 9 FCPATH\index.php(79): CodeIgniter\CodeIgniter->run()
10 SYSTEMPATH\Commands\Server\rewrite.php(47): require_once('E:\\RSGM\\public\\index.php')
INFO - 2024-05-11 11:29:01 --> Session: Class initialized using 'CodeIgniter\Session\Handlers\FileHandler' driver.
ERROR - 2024-05-11 11:29:01 --> mysqli_sql_exception: Unknown column 'coass_name' in 'field list' in E:\RSGM\system\Database\MySQLi\Connection.php:306
Stack trace:
#0 E:\RSGM\system\Database\MySQLi\Connection.php(306): mysqli->query('SELECT `coass_n...', 0)
#1 E:\RSGM\system\Database\BaseConnection.php(693): CodeIgniter\Database\MySQLi\Connection->execute('SELECT `coass_n...')
#2 E:\RSGM\system\Database\BaseConnection.php(607): CodeIgniter\Database\BaseConnection->simpleQuery('SELECT `coass_n...')
#3 E:\RSGM\system\Database\BaseBuilder.php(1616): CodeIgniter\Database\BaseConnection->query('SELECT `coass_n...', Array, false)
#4 E:\RSGM\system\Model.php(242): CodeIgniter\Database\BaseBuilder->get()
#5 E:\RSGM\system\BaseModel.php(638): CodeIgniter\Model->doFindAll(20, 0)
#6 E:\RSGM\system\BaseModel.php(1243): CodeIgniter\BaseModel->findAll(20, 0)
#7 E:\RSGM\app\Controllers\PublicDoc.php(28): CodeIgniter\BaseModel->paginate(20, 'publicdoc')
#8 E:\RSGM\system\CodeIgniter.php(941): App\Controllers\PublicDoc->index()
#9 E:\RSGM\system\CodeIgniter.php(502): CodeIgniter\CodeIgniter->runController(Object(App\Controllers\PublicDoc))
#10 E:\RSGM\system\CodeIgniter.php(361): CodeIgniter\CodeIgniter->handleRequest(NULL, Object(Config\Cache), false)
#11 E:\RSGM\public\index.php(79): CodeIgniter\CodeIgniter->run()
#12 E:\RSGM\system\Commands\Server\rewrite.php(47): require_once('E:\\RSGM\\public\\...')
#13 {main}
CRITICAL - 2024-05-11 11:29:01 --> CodeIgniter\Database\Exceptions\DatabaseException: Unknown column 'coass_name' in 'field list'
in SYSTEMPATH\Database\BaseConnection.php on line 647.
 1 SYSTEMPATH\Database\BaseBuilder.php(1616): CodeIgniter\Database\BaseConnection->query('SELECT `coass_name`, `clinic_name`, `coass_number`, `coass_date`, `phone`, `id`
FROM `public_doc`
ORDER BY `coass_date` DESC
 LIMIT 20', [], false)
 2 SYSTEMPATH\Model.php(242): CodeIgniter\Database\BaseBuilder->get()
 3 SYSTEMPATH\BaseModel.php(638): CodeIgniter\Model->doFindAll(20, 0)
 4 SYSTEMPATH\BaseModel.php(1243): CodeIgniter\BaseModel->findAll(20, 0)
 5 APPPATH\Controllers\PublicDoc.php(28): CodeIgniter\BaseModel->paginate(20, 'publicdoc')
 6 SYSTEMPATH\CodeIgniter.php(941): App\Controllers\PublicDoc->index()
 7 SYSTEMPATH\CodeIgniter.php(502): CodeIgniter\CodeIgniter->runController(Object(App\Controllers\PublicDoc))
 8 SYSTEMPATH\CodeIgniter.php(361): CodeIgniter\CodeIgniter->handleRequest(null, Object(Config\Cache), false)
 9 FCPATH\index.php(79): CodeIgniter\CodeIgniter->run()
10 SYSTEMPATH\Commands\Server\rewrite.php(47): require_once('E:\\RSGM\\public\\index.php')
CRITICAL - 2024-05-11 11:29:01 --> [Caused by] CodeIgniter\Database\Exceptions\DatabaseException: Unknown column 'coass_name' in 'field list'
in SYSTEMPATH\Database\MySQLi\Connection.php on line 311.
 1 SYSTEMPATH\Database\BaseConnection.php(693): CodeIgniter\Database\MySQLi\Connection->execute('SELECT `coass_name`, `clinic_name`, `coass_number`, `coass_date`, `phone`, `id`
FROM `public_doc`
ORDER BY `coass_date` DESC
 LIMIT 20')
 2 SYSTEMPATH\Database\BaseConnection.php(607): CodeIgniter\Database\BaseConnection->simpleQuery('SELECT `coass_name`, `clinic_name`, `coass_number`, `coass_date`, `phone`, `id`
FROM `public_doc`
ORDER BY `coass_date` DESC
 LIMIT 20')
 3 SYSTEMPATH\Database\BaseBuilder.php(1616): CodeIgniter\Database\BaseConnection->query('SELECT `coass_name`, `clinic_name`, `coass_number`, `coass_date`, `phone`, `id`
FROM `public_doc`
ORDER BY `coass_date` DESC
 LIMIT 20', [], false)
 4 SYSTEMPATH\Model.php(242): CodeIgniter\Database\BaseBuilder->get()
 5 SYSTEMPATH\BaseModel.php(638): CodeIgniter\Model->doFindAll(20, 0)
 6 SYSTEMPATH\BaseModel.php(1243): CodeIgniter\BaseModel->findAll(20, 0)
 7 APPPATH\Controllers\PublicDoc.php(28): CodeIgniter\BaseModel->paginate(20, 'publicdoc')
 8 SYSTEMPATH\CodeIgniter.php(941): App\Controllers\PublicDoc->index()
 9 SYSTEMPATH\CodeIgniter.php(502): CodeIgniter\CodeIgniter->runController(Object(App\Controllers\PublicDoc))
10 SYSTEMPATH\CodeIgniter.php(361): CodeIgniter\CodeIgniter->handleRequest(null, Object(Config\Cache), false)
11 FCPATH\index.php(79): CodeIgniter\CodeIgniter->run()
12 SYSTEMPATH\Commands\Server\rewrite.php(47): require_once('E:\\RSGM\\public\\index.php')
CRITICAL - 2024-05-11 11:29:01 --> [Caused by] mysqli_sql_exception: Unknown column 'coass_name' in 'field list'
in SYSTEMPATH\Database\MySQLi\Connection.php on line 306.
 1 SYSTEMPATH\Database\MySQLi\Connection.php(306): mysqli->query('SELECT `coass_name`, `clinic_name`, `coass_number`, `coass_date`, `phone`, `id`
FROM `public_doc`
ORDER BY `coass_date` DESC
 LIMIT 20', 0)
 2 SYSTEMPATH\Database\BaseConnection.php(693): CodeIgniter\Database\MySQLi\Connection->execute('SELECT `coass_name`, `clinic_name`, `coass_number`, `coass_date`, `phone`, `id`
FROM `public_doc`
ORDER BY `coass_date` DESC
 LIMIT 20')
 3 SYSTEMPATH\Database\BaseConnection.php(607): CodeIgniter\Database\BaseConnection->simpleQuery('SELECT `coass_name`, `clinic_name`, `coass_number`, `coass_date`, `phone`, `id`
FROM `public_doc`
ORDER BY `coass_date` DESC
 LIMIT 20')
 4 SYSTEMPATH\Database\BaseBuilder.php(1616): CodeIgniter\Database\BaseConnection->query('SELECT `coass_name`, `clinic_name`, `coass_number`, `coass_date`, `phone`, `id`
FROM `public_doc`
ORDER BY `coass_date` DESC
 LIMIT 20', [], false)
 5 SYSTEMPATH\Model.php(242): CodeIgniter\Database\BaseBuilder->get()
 6 SYSTEMPATH\BaseModel.php(638): CodeIgniter\Model->doFindAll(20, 0)
 7 SYSTEMPATH\BaseModel.php(1243): CodeIgniter\BaseModel->findAll(20, 0)
 8 APPPATH\Controllers\PublicDoc.php(28): CodeIgniter\BaseModel->paginate(20, 'publicdoc')
 9 SYSTEMPATH\CodeIgniter.php(941): App\Controllers\PublicDoc->index()
10 SYSTEMPATH\CodeIgniter.php(502): CodeIgniter\CodeIgniter->runController(Object(App\Controllers\PublicDoc))
11 SYSTEMPATH\CodeIgniter.php(361): CodeIgniter\CodeIgniter->handleRequest(null, Object(Config\Cache), false)
12 FCPATH\index.php(79): CodeIgniter\CodeIgniter->run()
13 SYSTEMPATH\Commands\Server\rewrite.php(47): require_once('E:\\RSGM\\public\\index.php')
INFO - 2024-05-11 11:35:23 --> Session: Class initialized using 'CodeIgniter\Session\Handlers\FileHandler' driver.
CRITICAL - 2024-05-11 11:35:23 --> ErrorException: Undefined variable $type
in APPPATH\Views\publicdoc\index.php on line 8.
 1 APPPATH\Views\publicdoc\index.php(8): CodeIgniter\Debug\Exceptions->errorHandler(2, 'Undefined variable $type', 'E:\\RSGM\\app\\Views\\publicdoc\\index.php', 8)
 2 SYSTEMPATH\View\View.php(228): include('E:\\RSGM\\app\\Views\\publicdoc\\index.php')
 3 SYSTEMPATH\View\View.php(231): CodeIgniter\View\View->CodeIgniter\View\{closure}()
 4 SYSTEMPATH\Common.php(1178): CodeIgniter\View\View->render('publicdoc/index', [], true)
 5 APPPATH\Controllers\PublicDoc.php(32): view('publicdoc/index', [...])
 6 SYSTEMPATH\CodeIgniter.php(941): App\Controllers\PublicDoc->index()
 7 SYSTEMPATH\CodeIgniter.php(502): CodeIgniter\CodeIgniter->runController(Object(App\Controllers\PublicDoc))
 8 SYSTEMPATH\CodeIgniter.php(361): CodeIgniter\CodeIgniter->handleRequest(null, Object(Config\Cache), false)
 9 FCPATH\index.php(79): CodeIgniter\CodeIgniter->run()
10 SYSTEMPATH\Commands\Server\rewrite.php(47): require_once('E:\\RSGM\\public\\index.php')
INFO - 2024-05-11 11:35:54 --> Session: Class initialized using 'CodeIgniter\Session\Handlers\FileHandler' driver.
CRITICAL - 2024-05-11 11:35:54 --> ErrorException: Undefined variable $publicdatas
in APPPATH\Views\publicdoc\index.php on line 18.
 1 APPPATH\Views\publicdoc\index.php(18): CodeIgniter\Debug\Exceptions->errorHandler(2, 'Undefined variable $publicdatas', 'E:\\RSGM\\app\\Views\\publicdoc\\index.php', 18)
 2 SYSTEMPATH\View\View.php(228): include('E:\\RSGM\\app\\Views\\publicdoc\\index.php')
 3 SYSTEMPATH\View\View.php(231): CodeIgniter\View\View->CodeIgniter\View\{closure}()
 4 SYSTEMPATH\Common.php(1178): CodeIgniter\View\View->render('publicdoc/index', [], true)
 5 APPPATH\Controllers\PublicDoc.php(32): view('publicdoc/index', [...])
 6 SYSTEMPATH\CodeIgniter.php(941): App\Controllers\PublicDoc->index()
 7 SYSTEMPATH\CodeIgniter.php(502): CodeIgniter\CodeIgniter->runController(Object(App\Controllers\PublicDoc))
 8 SYSTEMPATH\CodeIgniter.php(361): CodeIgniter\CodeIgniter->handleRequest(null, Object(Config\Cache), false)
 9 FCPATH\index.php(79): CodeIgniter\CodeIgniter->run()
10 SYSTEMPATH\Commands\Server\rewrite.php(47): require_once('E:\\RSGM\\public\\index.php')
INFO - 2024-05-11 11:36:04 --> Session: Class initialized using 'CodeIgniter\Session\Handlers\FileHandler' driver.
CRITICAL - 2024-05-11 11:36:04 --> ErrorException: Undefined variable $nomor
in APPPATH\Views\publicdoc\index.php on line 20.
 1 APPPATH\Views\publicdoc\index.php(20): CodeIgniter\Debug\Exceptions->errorHandler(2, 'Undefined variable $nomor', 'E:\\RSGM\\app\\Views\\publicdoc\\index.php', 20)
 2 SYSTEMPATH\View\View.php(228): include('E:\\RSGM\\app\\Views\\publicdoc\\index.php')
 3 SYSTEMPATH\View\View.php(231): CodeIgniter\View\View->CodeIgniter\View\{closure}()
 4 SYSTEMPATH\Common.php(1178): CodeIgniter\View\View->render('publicdoc/index', [], true)
 5 APPPATH\Controllers\PublicDoc.php(32): view('publicdoc/index', [...])
 6 SYSTEMPATH\CodeIgniter.php(941): App\Controllers\PublicDoc->index()
 7 SYSTEMPATH\CodeIgniter.php(502): CodeIgniter\CodeIgniter->runController(Object(App\Controllers\PublicDoc))
 8 SYSTEMPATH\CodeIgniter.php(361): CodeIgniter\CodeIgniter->handleRequest(null, Object(Config\Cache), false)
 9 FCPATH\index.php(79): CodeIgniter\CodeIgniter->run()
10 SYSTEMPATH\Commands\Server\rewrite.php(47): require_once('E:\\RSGM\\public\\index.php')
INFO - 2024-05-11 11:37:19 --> Session: Class initialized using 'CodeIgniter\Session\Handlers\FileHandler' driver.
INFO - 2024-05-11 11:37:23 --> Session: Class initialized using 'CodeIgniter\Session\Handlers\FileHandler' driver.
INFO - 2024-05-11 11:37:26 --> Session: Class initialized using 'CodeIgniter\Session\Handlers\FileHandler' driver.
INFO - 2024-05-11 11:37:45 --> Session: Class initialized using 'CodeIgniter\Session\Handlers\FileHandler' driver.
INFO - 2024-05-11 11:37:53 --> Session: Class initialized using 'CodeIgniter\Session\Handlers\FileHandler' driver.
INFO - 2024-05-11 11:38:02 --> Session: Class initialized using 'CodeIgniter\Session\Handlers\FileHandler' driver.
INFO - 2024-05-11 11:38:26 --> Session: Class initialized using 'CodeIgniter\Session\Handlers\FileHandler' driver.
INFO - 2024-05-11 11:41:58 --> Session: Class initialized using 'CodeIgniter\Session\Handlers\FileHandler' driver.
CRITICAL - 2024-05-11 11:41:58 --> CodeIgniter\View\Exceptions\ViewException: Invalid file: "public/add.php"
in SYSTEMPATH\Exceptions\FrameworkException.php on line 39.
 1 SYSTEMPATH\View\View.php(216): CodeIgniter\Exceptions\FrameworkException::forInvalidFile('public/add.php')
 2 SYSTEMPATH\Common.php(1178): CodeIgniter\View\View->render('public/add', [], true)
 3 APPPATH\Controllers\PublicDoc.php(43): view('public/add', [...])
 4 SYSTEMPATH\CodeIgniter.php(941): App\Controllers\PublicDoc->add()
 5 SYSTEMPATH\CodeIgniter.php(502): CodeIgniter\CodeIgniter->runController(Object(App\Controllers\PublicDoc))
 6 SYSTEMPATH\CodeIgniter.php(361): CodeIgniter\CodeIgniter->handleRequest(null, Object(Config\Cache), false)
 7 FCPATH\index.php(79): CodeIgniter\CodeIgniter->run()
 8 SYSTEMPATH\Commands\Server\rewrite.php(47): require_once('E:\\RSGM\\public\\index.php')
INFO - 2024-05-11 11:42:52 --> Session: Class initialized using 'CodeIgniter\Session\Handlers\FileHandler' driver.
INFO - 2024-05-11 11:54:48 --> Session: Class initialized using 'CodeIgniter\Session\Handlers\FileHandler' driver.
INFO - 2024-05-11 11:54:54 --> Session: Class initialized using 'CodeIgniter\Session\Handlers\FileHandler' driver.
INFO - 2024-05-11 11:55:14 --> Session: Class initialized using 'CodeIgniter\Session\Handlers\FileHandler' driver.
INFO - 2024-05-11 11:56:08 --> Session: Class initialized using 'CodeIgniter\Session\Handlers\FileHandler' driver.
INFO - 2024-05-11 11:56:31 --> Session: Class initialized using 'CodeIgniter\Session\Handlers\FileHandler' driver.
INFO - 2024-05-11 11:56:33 --> Session: Class initialized using 'CodeIgniter\Session\Handlers\FileHandler' driver.
INFO - 2024-05-11 11:56:38 --> Session: Class initialized using 'CodeIgniter\Session\Handlers\FileHandler' driver.
INFO - 2024-05-11 12:07:32 --> Session: Class initialized using 'CodeIgniter\Session\Handlers\FileHandler' driver.
INFO - 2024-05-11 12:07:41 --> Session: Class initialized using 'CodeIgniter\Session\Handlers\FileHandler' driver.
CRITICAL - 2024-05-11 12:07:41 --> ErrorException: Attempt to read property "tid" on null
in APPPATH\Views\recordmedical\find.php on line 6.
 1 APPPATH\Views\recordmedical\find.php(6): CodeIgniter\Debug\Exceptions->errorHandler(2, 'Attempt to read property "tid" on null', 'E:\\RSGM\\app\\Views\\recordmedical\\find.php', 6)
 2 SYSTEMPATH\View\View.php(228): include('E:\\RSGM\\app\\Views\\recordmedical\\find.php')
 3 SYSTEMPATH\View\View.php(231): CodeIgniter\View\View->CodeIgniter\View\{closure}()
 4 SYSTEMPATH\Common.php(1178): CodeIgniter\View\View->render('recordmedical/find', [], true)
 5 APPPATH\Controllers\Tracer.php(50): view('recordmedical/find', [...])
 6 SYSTEMPATH\CodeIgniter.php(941): App\Controllers\Tracer->findloan()
 7 SYSTEMPATH\CodeIgniter.php(502): CodeIgniter\CodeIgniter->runController(Object(App\Controllers\Tracer))
 8 SYSTEMPATH\CodeIgniter.php(361): CodeIgniter\CodeIgniter->handleRequest(null, Object(Config\Cache), false)
 9 FCPATH\index.php(79): CodeIgniter\CodeIgniter->run()
10 SYSTEMPATH\Commands\Server\rewrite.php(47): require_once('E:\\RSGM\\public\\index.php')
INFO - 2024-05-11 12:07:43 --> Session: Class initialized using 'CodeIgniter\Session\Handlers\FileHandler' driver.
INFO - 2024-05-11 12:10:18 --> Session: Class initialized using 'CodeIgniter\Session\Handlers\FileHandler' driver.
INFO - 2024-05-11 12:16:58 --> Session: Class initialized using 'CodeIgniter\Session\Handlers\FileHandler' driver.
INFO - 2024-05-11 12:17:57 --> Session: Class initialized using 'CodeIgniter\Session\Handlers\FileHandler' driver.
INFO - 2024-05-11 12:18:20 --> Session: Class initialized using 'CodeIgniter\Session\Handlers\FileHandler' driver.
INFO - 2024-05-11 12:18:20 --> Session: Class initialized using 'CodeIgniter\Session\Handlers\FileHandler' driver.
INFO - 2024-05-11 12:18:40 --> Session: Class initialized using 'CodeIgniter\Session\Handlers\FileHandler' driver.
INFO - 2024-05-11 12:18:40 --> Session: Class initialized using 'CodeIgniter\Session\Handlers\FileHandler' driver.
INFO - 2024-05-11 12:18:46 --> Session: Class initialized using 'CodeIgniter\Session\Handlers\FileHandler' driver.
CRITICAL - 2024-05-11 12:18:46 --> ErrorException: Attempt to read property "tid" on null
in APPPATH\Views\recordmedical\find.php on line 6.
 1 APPPATH\Views\recordmedical\find.php(6): CodeIgniter\Debug\Exceptions->errorHandler(2, 'Attempt to read property "tid" on null', 'E:\\RSGM\\app\\Views\\recordmedical\\find.php', 6)
 2 SYSTEMPATH\View\View.php(228): include('E:\\RSGM\\app\\Views\\recordmedical\\find.php')
 3 SYSTEMPATH\View\View.php(231): CodeIgniter\View\View->CodeIgniter\View\{closure}()
 4 SYSTEMPATH\Common.php(1178): CodeIgniter\View\View->render('recordmedical/find', [], true)
 5 APPPATH\Controllers\Tracer.php(50): view('recordmedical/find', [...])
 6 SYSTEMPATH\CodeIgniter.php(941): App\Controllers\Tracer->findloan()
 7 SYSTEMPATH\CodeIgniter.php(502): CodeIgniter\CodeIgniter->runController(Object(App\Controllers\Tracer))
 8 SYSTEMPATH\CodeIgniter.php(361): CodeIgniter\CodeIgniter->handleRequest(null, Object(Config\Cache), false)
 9 FCPATH\index.php(79): CodeIgniter\CodeIgniter->run()
10 SYSTEMPATH\Commands\Server\rewrite.php(47): require_once('E:\\RSGM\\public\\index.php')
INFO - 2024-05-11 12:18:48 --> Session: Class initialized using 'CodeIgniter\Session\Handlers\FileHandler' driver.
INFO - 2024-05-11 12:28:12 --> Session: Class initialized using 'CodeIgniter\Session\Handlers\FileHandler' driver.
INFO - 2024-05-11 12:30:21 --> Session: Class initialized using 'CodeIgniter\Session\Handlers\FileHandler' driver.
INFO - 2024-05-11 12:30:54 --> Session: Class initialized using 'CodeIgniter\Session\Handlers\FileHandler' driver.
INFO - 2024-05-11 12:31:05 --> Session: Class initialized using 'CodeIgniter\Session\Handlers\FileHandler' driver.
INFO - 2024-05-11 12:31:08 --> Session: Class initialized using 'CodeIgniter\Session\Handlers\FileHandler' driver.
INFO - 2024-05-11 12:31:40 --> Session: Class initialized using 'CodeIgniter\Session\Handlers\FileHandler' driver.
CRITICAL - 2024-05-11 12:31:40 --> ErrorException: Undefined array key "number_identity"
in APPPATH\Views\publicdoc\show.php on line 17.
 1 APPPATH\Views\publicdoc\show.php(17): CodeIgniter\Debug\Exceptions->errorHandler(2, 'Undefined array key "number_identity"', 'E:\\RSGM\\app\\Views\\publicdoc\\show.php', 17)
 2 SYSTEMPATH\View\View.php(228): include('E:\\RSGM\\app\\Views\\publicdoc\\show.php')
 3 SYSTEMPATH\View\View.php(231): CodeIgniter\View\View->CodeIgniter\View\{closure}()
 4 SYSTEMPATH\Common.php(1178): CodeIgniter\View\View->render('publicdoc/show', [], true)
 5 APPPATH\Controllers\PublicDoc.php(92): view('publicdoc/show', [...])
 6 SYSTEMPATH\CodeIgniter.php(941): App\Controllers\PublicDoc->show('4')
 7 SYSTEMPATH\CodeIgniter.php(502): CodeIgniter\CodeIgniter->runController(Object(App\Controllers\PublicDoc))
 8 SYSTEMPATH\CodeIgniter.php(361): CodeIgniter\CodeIgniter->handleRequest(null, Object(Config\Cache), false)
 9 FCPATH\index.php(79): CodeIgniter\CodeIgniter->run()
10 SYSTEMPATH\Commands\Server\rewrite.php(47): require_once('E:\\RSGM\\public\\index.php')
INFO - 2024-05-11 12:32:09 --> Session: Class initialized using 'CodeIgniter\Session\Handlers\FileHandler' driver.
ERROR - 2024-05-11 12:32:09 --> mysqli_sql_exception: Unknown column 'number_identity' in 'field list' in E:\RSGM\system\Database\MySQLi\Connection.php:306
Stack trace:
#0 E:\RSGM\system\Database\MySQLi\Connection.php(306): mysqli->query('SELECT `fullnam...', 0)
#1 E:\RSGM\system\Database\BaseConnection.php(693): CodeIgniter\Database\MySQLi\Connection->execute('SELECT `fullnam...')
#2 E:\RSGM\system\Database\BaseConnection.php(607): CodeIgniter\Database\BaseConnection->simpleQuery('SELECT `fullnam...')
#3 E:\RSGM\system\Database\BaseBuilder.php(1616): CodeIgniter\Database\BaseConnection->query('SELECT `fullnam...', Array, false)
#4 E:\RSGM\system\Model.php(199): CodeIgniter\Database\BaseBuilder->get()
#5 E:\RSGM\system\BaseModel.php(577): CodeIgniter\Model->doFind(true, '4')
#6 E:\RSGM\app\Controllers\PublicDoc.php(88): CodeIgniter\BaseModel->find('4')
#7 E:\RSGM\system\CodeIgniter.php(941): App\Controllers\PublicDoc->show('4')
#8 E:\RSGM\system\CodeIgniter.php(502): CodeIgniter\CodeIgniter->runController(Object(App\Controllers\PublicDoc))
#9 E:\RSGM\system\CodeIgniter.php(361): CodeIgniter\CodeIgniter->handleRequest(NULL, Object(Config\Cache), false)
#10 E:\RSGM\public\index.php(79): CodeIgniter\CodeIgniter->run()
#11 E:\RSGM\system\Commands\Server\rewrite.php(47): require_once('E:\\RSGM\\public\\...')
#12 {main}
CRITICAL - 2024-05-11 12:32:09 --> CodeIgniter\Database\Exceptions\DatabaseException: Unknown column 'number_identity' in 'field list'
in SYSTEMPATH\Database\BaseConnection.php on line 647.
 1 SYSTEMPATH\Database\BaseBuilder.php(1616): CodeIgniter\Database\BaseConnection->query('SELECT `fullname`, `number_identity`, `address`, `phone`
FROM `public_doc`
WHERE `public_doc`.`id` = :public_doc.id:', [...], false)
 2 SYSTEMPATH\Model.php(199): CodeIgniter\Database\BaseBuilder->get()
 3 SYSTEMPATH\BaseModel.php(577): CodeIgniter\Model->doFind(true, '4')
 4 APPPATH\Controllers\PublicDoc.php(88): CodeIgniter\BaseModel->find('4')
 5 SYSTEMPATH\CodeIgniter.php(941): App\Controllers\PublicDoc->show('4')
 6 SYSTEMPATH\CodeIgniter.php(502): CodeIgniter\CodeIgniter->runController(Object(App\Controllers\PublicDoc))
 7 SYSTEMPATH\CodeIgniter.php(361): CodeIgniter\CodeIgniter->handleRequest(null, Object(Config\Cache), false)
 8 FCPATH\index.php(79): CodeIgniter\CodeIgniter->run()
 9 SYSTEMPATH\Commands\Server\rewrite.php(47): require_once('E:\\RSGM\\public\\index.php')
CRITICAL - 2024-05-11 12:32:09 --> [Caused by] CodeIgniter\Database\Exceptions\DatabaseException: Unknown column 'number_identity' in 'field list'
in SYSTEMPATH\Database\MySQLi\Connection.php on line 311.
 1 SYSTEMPATH\Database\BaseConnection.php(693): CodeIgniter\Database\MySQLi\Connection->execute('SELECT `fullname`, `number_identity`, `address`, `phone`
FROM `public_doc`
WHERE `public_doc`.`id` = \'4\'')
 2 SYSTEMPATH\Database\BaseConnection.php(607): CodeIgniter\Database\BaseConnection->simpleQuery('SELECT `fullname`, `number_identity`, `address`, `phone`
FROM `public_doc`
WHERE `public_doc`.`id` = \'4\'')
 3 SYSTEMPATH\Database\BaseBuilder.php(1616): CodeIgniter\Database\BaseConnection->query('SELECT `fullname`, `number_identity`, `address`, `phone`
FROM `public_doc`
WHERE `public_doc`.`id` = :public_doc.id:', [...], false)
 4 SYSTEMPATH\Model.php(199): CodeIgniter\Database\BaseBuilder->get()
 5 SYSTEMPATH\BaseModel.php(577): CodeIgniter\Model->doFind(true, '4')
 6 APPPATH\Controllers\PublicDoc.php(88): CodeIgniter\BaseModel->find('4')
 7 SYSTEMPATH\CodeIgniter.php(941): App\Controllers\PublicDoc->show('4')
 8 SYSTEMPATH\CodeIgniter.php(502): CodeIgniter\CodeIgniter->runController(Object(App\Controllers\PublicDoc))
 9 SYSTEMPATH\CodeIgniter.php(361): CodeIgniter\CodeIgniter->handleRequest(null, Object(Config\Cache), false)
10 FCPATH\index.php(79): CodeIgniter\CodeIgniter->run()
11 SYSTEMPATH\Commands\Server\rewrite.php(47): require_once('E:\\RSGM\\public\\index.php')
CRITICAL - 2024-05-11 12:32:09 --> [Caused by] mysqli_sql_exception: Unknown column 'number_identity' in 'field list'
in SYSTEMPATH\Database\MySQLi\Connection.php on line 306.
 1 SYSTEMPATH\Database\MySQLi\Connection.php(306): mysqli->query('SELECT `fullname`, `number_identity`, `address`, `phone`
FROM `public_doc`
WHERE `public_doc`.`id` = \'4\'', 0)
 2 SYSTEMPATH\Database\BaseConnection.php(693): CodeIgniter\Database\MySQLi\Connection->execute('SELECT `fullname`, `number_identity`, `address`, `phone`
FROM `public_doc`
WHERE `public_doc`.`id` = \'4\'')
 3 SYSTEMPATH\Database\BaseConnection.php(607): CodeIgniter\Database\BaseConnection->simpleQuery('SELECT `fullname`, `number_identity`, `address`, `phone`
FROM `public_doc`
WHERE `public_doc`.`id` = \'4\'')
 4 SYSTEMPATH\Database\BaseBuilder.php(1616): CodeIgniter\Database\BaseConnection->query('SELECT `fullname`, `number_identity`, `address`, `phone`
FROM `public_doc`
WHERE `public_doc`.`id` = :public_doc.id:', [...], false)
 5 SYSTEMPATH\Model.php(199): CodeIgniter\Database\BaseBuilder->get()
 6 SYSTEMPATH\BaseModel.php(577): CodeIgniter\Model->doFind(true, '4')
 7 APPPATH\Controllers\PublicDoc.php(88): CodeIgniter\BaseModel->find('4')
 8 SYSTEMPATH\CodeIgniter.php(941): App\Controllers\PublicDoc->show('4')
 9 SYSTEMPATH\CodeIgniter.php(502): CodeIgniter\CodeIgniter->runController(Object(App\Controllers\PublicDoc))
10 SYSTEMPATH\CodeIgniter.php(361): CodeIgniter\CodeIgniter->handleRequest(null, Object(Config\Cache), false)
11 FCPATH\index.php(79): CodeIgniter\CodeIgniter->run()
12 SYSTEMPATH\Commands\Server\rewrite.php(47): require_once('E:\\RSGM\\public\\index.php')
INFO - 2024-05-11 12:32:36 --> Session: Class initialized using 'CodeIgniter\Session\Handlers\FileHandler' driver.
ERROR - 2024-05-11 12:32:36 --> mysqli_sql_exception: Unknown column 'number_identity' in 'field list' in E:\RSGM\system\Database\MySQLi\Connection.php:306
Stack trace:
#0 E:\RSGM\system\Database\MySQLi\Connection.php(306): mysqli->query('SELECT `fullnam...', 0)
#1 E:\RSGM\system\Database\BaseConnection.php(693): CodeIgniter\Database\MySQLi\Connection->execute('SELECT `fullnam...')
#2 E:\RSGM\system\Database\BaseConnection.php(607): CodeIgniter\Database\BaseConnection->simpleQuery('SELECT `fullnam...')
#3 E:\RSGM\system\Database\BaseBuilder.php(1616): CodeIgniter\Database\BaseConnection->query('SELECT `fullnam...', Array, false)
#4 E:\RSGM\system\Model.php(199): CodeIgniter\Database\BaseBuilder->get()
#5 E:\RSGM\system\BaseModel.php(577): CodeIgniter\Model->doFind(true, '4')
#6 E:\RSGM\app\Controllers\PublicDoc.php(88): CodeIgniter\BaseModel->find('4')
#7 E:\RSGM\system\CodeIgniter.php(941): App\Controllers\PublicDoc->show('4')
#8 E:\RSGM\system\CodeIgniter.php(502): CodeIgniter\CodeIgniter->runController(Object(App\Controllers\PublicDoc))
#9 E:\RSGM\system\CodeIgniter.php(361): CodeIgniter\CodeIgniter->handleRequest(NULL, Object(Config\Cache), false)
#10 E:\RSGM\public\index.php(79): CodeIgniter\CodeIgniter->run()
#11 E:\RSGM\system\Commands\Server\rewrite.php(47): require_once('E:\\RSGM\\public\\...')
#12 {main}
CRITICAL - 2024-05-11 12:32:36 --> CodeIgniter\Database\Exceptions\DatabaseException: Unknown column 'number_identity' in 'field list'
in SYSTEMPATH\Database\BaseConnection.php on line 647.
 1 SYSTEMPATH\Database\BaseBuilder.php(1616): CodeIgniter\Database\BaseConnection->query('SELECT `fullname`, `number_identity`, `address`, `phone`
FROM `public_doc`
WHERE `public_doc`.`id` = :public_doc.id:', [...], false)
 2 SYSTEMPATH\Model.php(199): CodeIgniter\Database\BaseBuilder->get()
 3 SYSTEMPATH\BaseModel.php(577): CodeIgniter\Model->doFind(true, '4')
 4 APPPATH\Controllers\PublicDoc.php(88): CodeIgniter\BaseModel->find('4')
 5 SYSTEMPATH\CodeIgniter.php(941): App\Controllers\PublicDoc->show('4')
 6 SYSTEMPATH\CodeIgniter.php(502): CodeIgniter\CodeIgniter->runController(Object(App\Controllers\PublicDoc))
 7 SYSTEMPATH\CodeIgniter.php(361): CodeIgniter\CodeIgniter->handleRequest(null, Object(Config\Cache), false)
 8 FCPATH\index.php(79): CodeIgniter\CodeIgniter->run()
 9 SYSTEMPATH\Commands\Server\rewrite.php(47): require_once('E:\\RSGM\\public\\index.php')
CRITICAL - 2024-05-11 12:32:36 --> [Caused by] CodeIgniter\Database\Exceptions\DatabaseException: Unknown column 'number_identity' in 'field list'
in SYSTEMPATH\Database\MySQLi\Connection.php on line 311.
 1 SYSTEMPATH\Database\BaseConnection.php(693): CodeIgniter\Database\MySQLi\Connection->execute('SELECT `fullname`, `number_identity`, `address`, `phone`
FROM `public_doc`
WHERE `public_doc`.`id` = \'4\'')
 2 SYSTEMPATH\Database\BaseConnection.php(607): CodeIgniter\Database\BaseConnection->simpleQuery('SELECT `fullname`, `number_identity`, `address`, `phone`
FROM `public_doc`
WHERE `public_doc`.`id` = \'4\'')
 3 SYSTEMPATH\Database\BaseBuilder.php(1616): CodeIgniter\Database\BaseConnection->query('SELECT `fullname`, `number_identity`, `address`, `phone`
FROM `public_doc`
WHERE `public_doc`.`id` = :public_doc.id:', [...], false)
 4 SYSTEMPATH\Model.php(199): CodeIgniter\Database\BaseBuilder->get()
 5 SYSTEMPATH\BaseModel.php(577): CodeIgniter\Model->doFind(true, '4')
 6 APPPATH\Controllers\PublicDoc.php(88): CodeIgniter\BaseModel->find('4')
 7 SYSTEMPATH\CodeIgniter.php(941): App\Controllers\PublicDoc->show('4')
 8 SYSTEMPATH\CodeIgniter.php(502): CodeIgniter\CodeIgniter->runController(Object(App\Controllers\PublicDoc))
 9 SYSTEMPATH\CodeIgniter.php(361): CodeIgniter\CodeIgniter->handleRequest(null, Object(Config\Cache), false)
10 FCPATH\index.php(79): CodeIgniter\CodeIgniter->run()
11 SYSTEMPATH\Commands\Server\rewrite.php(47): require_once('E:\\RSGM\\public\\index.php')
CRITICAL - 2024-05-11 12:32:36 --> [Caused by] mysqli_sql_exception: Unknown column 'number_identity' in 'field list'
in SYSTEMPATH\Database\MySQLi\Connection.php on line 306.
 1 SYSTEMPATH\Database\MySQLi\Connection.php(306): mysqli->query('SELECT `fullname`, `number_identity`, `address`, `phone`
FROM `public_doc`
WHERE `public_doc`.`id` = \'4\'', 0)
 2 SYSTEMPATH\Database\BaseConnection.php(693): CodeIgniter\Database\MySQLi\Connection->execute('SELECT `fullname`, `number_identity`, `address`, `phone`
FROM `public_doc`
WHERE `public_doc`.`id` = \'4\'')
 3 SYSTEMPATH\Database\BaseConnection.php(607): CodeIgniter\Database\BaseConnection->simpleQuery('SELECT `fullname`, `number_identity`, `address`, `phone`
FROM `public_doc`
WHERE `public_doc`.`id` = \'4\'')
 4 SYSTEMPATH\Database\BaseBuilder.php(1616): CodeIgniter\Database\BaseConnection->query('SELECT `fullname`, `number_identity`, `address`, `phone`
FROM `public_doc`
WHERE `public_doc`.`id` = :public_doc.id:', [...], false)
 5 SYSTEMPATH\Model.php(199): CodeIgniter\Database\BaseBuilder->get()
 6 SYSTEMPATH\BaseModel.php(577): CodeIgniter\Model->doFind(true, '4')
 7 APPPATH\Controllers\PublicDoc.php(88): CodeIgniter\BaseModel->find('4')
 8 SYSTEMPATH\CodeIgniter.php(941): App\Controllers\PublicDoc->show('4')
 9 SYSTEMPATH\CodeIgniter.php(502): CodeIgniter\CodeIgniter->runController(Object(App\Controllers\PublicDoc))
10 SYSTEMPATH\CodeIgniter.php(361): CodeIgniter\CodeIgniter->handleRequest(null, Object(Config\Cache), false)
11 FCPATH\index.php(79): CodeIgniter\CodeIgniter->run()
12 SYSTEMPATH\Commands\Server\rewrite.php(47): require_once('E:\\RSGM\\public\\index.php')
INFO - 2024-05-11 12:34:22 --> Session: Class initialized using 'CodeIgniter\Session\Handlers\FileHandler' driver.
ERROR - 2024-05-11 12:34:22 --> mysqli_sql_exception: Unknown column 'number_identity' in 'field list' in E:\RSGM\system\Database\MySQLi\Connection.php:306
Stack trace:
#0 E:\RSGM\system\Database\MySQLi\Connection.php(306): mysqli->query('SELECT `fullnam...', 0)
#1 E:\RSGM\system\Database\BaseConnection.php(693): CodeIgniter\Database\MySQLi\Connection->execute('SELECT `fullnam...')
#2 E:\RSGM\system\Database\BaseConnection.php(607): CodeIgniter\Database\BaseConnection->simpleQuery('SELECT `fullnam...')
#3 E:\RSGM\system\Database\BaseBuilder.php(1616): CodeIgniter\Database\BaseConnection->query('SELECT `fullnam...', Array, false)
#4 E:\RSGM\system\Model.php(202): CodeIgniter\Database\BaseBuilder->get()
#5 E:\RSGM\system\BaseModel.php(577): CodeIgniter\Model->doFind(false, NULL)
#6 E:\RSGM\app\Controllers\PublicDoc.php(89): CodeIgniter\BaseModel->find()
#7 E:\RSGM\system\CodeIgniter.php(941): App\Controllers\PublicDoc->show('4')
#8 E:\RSGM\system\CodeIgniter.php(502): CodeIgniter\CodeIgniter->runController(Object(App\Controllers\PublicDoc))
#9 E:\RSGM\system\CodeIgniter.php(361): CodeIgniter\CodeIgniter->handleRequest(NULL, Object(Config\Cache), false)
#10 E:\RSGM\public\index.php(79): CodeIgniter\CodeIgniter->run()
#11 E:\RSGM\system\Commands\Server\rewrite.php(47): require_once('E:\\RSGM\\public\\...')
#12 {main}
CRITICAL - 2024-05-11 12:34:22 --> CodeIgniter\Database\Exceptions\DatabaseException: Unknown column 'number_identity' in 'field list'
in SYSTEMPATH\Database\BaseConnection.php on line 647.
 1 SYSTEMPATH\Database\BaseBuilder.php(1616): CodeIgniter\Database\BaseConnection->query('SELECT `fullname`, `number_identity`, `address`, `phone`
FROM `public_doc`
WHERE `id` = :id:', [...], false)
 2 SYSTEMPATH\Model.php(202): CodeIgniter\Database\BaseBuilder->get()
 3 SYSTEMPATH\BaseModel.php(577): CodeIgniter\Model->doFind(false, null)
 4 APPPATH\Controllers\PublicDoc.php(89): CodeIgniter\BaseModel->find()
 5 SYSTEMPATH\CodeIgniter.php(941): App\Controllers\PublicDoc->show('4')
 6 SYSTEMPATH\CodeIgniter.php(502): CodeIgniter\CodeIgniter->runController(Object(App\Controllers\PublicDoc))
 7 SYSTEMPATH\CodeIgniter.php(361): CodeIgniter\CodeIgniter->handleRequest(null, Object(Config\Cache), false)
 8 FCPATH\index.php(79): CodeIgniter\CodeIgniter->run()
 9 SYSTEMPATH\Commands\Server\rewrite.php(47): require_once('E:\\RSGM\\public\\index.php')
CRITICAL - 2024-05-11 12:34:22 --> [Caused by] CodeIgniter\Database\Exceptions\DatabaseException: Unknown column 'number_identity' in 'field list'
in SYSTEMPATH\Database\MySQLi\Connection.php on line 311.
 1 SYSTEMPATH\Database\BaseConnection.php(693): CodeIgniter\Database\MySQLi\Connection->execute('SELECT `fullname`, `number_identity`, `address`, `phone`
FROM `public_doc`
WHERE `id` = \'4\'')
 2 SYSTEMPATH\Database\BaseConnection.php(607): CodeIgniter\Database\BaseConnection->simpleQuery('SELECT `fullname`, `number_identity`, `address`, `phone`
FROM `public_doc`
WHERE `id` = \'4\'')
 3 SYSTEMPATH\Database\BaseBuilder.php(1616): CodeIgniter\Database\BaseConnection->query('SELECT `fullname`, `number_identity`, `address`, `phone`
FROM `public_doc`
WHERE `id` = :id:', [...], false)
 4 SYSTEMPATH\Model.php(202): CodeIgniter\Database\BaseBuilder->get()
 5 SYSTEMPATH\BaseModel.php(577): CodeIgniter\Model->doFind(false, null)
 6 APPPATH\Controllers\PublicDoc.php(89): CodeIgniter\BaseModel->find()
 7 SYSTEMPATH\CodeIgniter.php(941): App\Controllers\PublicDoc->show('4')
 8 SYSTEMPATH\CodeIgniter.php(502): CodeIgniter\CodeIgniter->runController(Object(App\Controllers\PublicDoc))
 9 SYSTEMPATH\CodeIgniter.php(361): CodeIgniter\CodeIgniter->handleRequest(null, Object(Config\Cache), false)
10 FCPATH\index.php(79): CodeIgniter\CodeIgniter->run()
11 SYSTEMPATH\Commands\Server\rewrite.php(47): require_once('E:\\RSGM\\public\\index.php')
CRITICAL - 2024-05-11 12:34:22 --> [Caused by] mysqli_sql_exception: Unknown column 'number_identity' in 'field list'
in SYSTEMPATH\Database\MySQLi\Connection.php on line 306.
 1 SYSTEMPATH\Database\MySQLi\Connection.php(306): mysqli->query('SELECT `fullname`, `number_identity`, `address`, `phone`
FROM `public_doc`
WHERE `id` = \'4\'', 0)
 2 SYSTEMPATH\Database\BaseConnection.php(693): CodeIgniter\Database\MySQLi\Connection->execute('SELECT `fullname`, `number_identity`, `address`, `phone`
FROM `public_doc`
WHERE `id` = \'4\'')
 3 SYSTEMPATH\Database\BaseConnection.php(607): CodeIgniter\Database\BaseConnection->simpleQuery('SELECT `fullname`, `number_identity`, `address`, `phone`
FROM `public_doc`
WHERE `id` = \'4\'')
 4 SYSTEMPATH\Database\BaseBuilder.php(1616): CodeIgniter\Database\BaseConnection->query('SELECT `fullname`, `number_identity`, `address`, `phone`
FROM `public_doc`
WHERE `id` = :id:', [...], false)
 5 SYSTEMPATH\Model.php(202): CodeIgniter\Database\BaseBuilder->get()
 6 SYSTEMPATH\BaseModel.php(577): CodeIgniter\Model->doFind(false, null)
 7 APPPATH\Controllers\PublicDoc.php(89): CodeIgniter\BaseModel->find()
 8 SYSTEMPATH\CodeIgniter.php(941): App\Controllers\PublicDoc->show('4')
 9 SYSTEMPATH\CodeIgniter.php(502): CodeIgniter\CodeIgniter->runController(Object(App\Controllers\PublicDoc))
10 SYSTEMPATH\CodeIgniter.php(361): CodeIgniter\CodeIgniter->handleRequest(null, Object(Config\Cache), false)
11 FCPATH\index.php(79): CodeIgniter\CodeIgniter->run()
12 SYSTEMPATH\Commands\Server\rewrite.php(47): require_once('E:\\RSGM\\public\\index.php')
INFO - 2024-05-11 12:34:55 --> Session: Class initialized using 'CodeIgniter\Session\Handlers\FileHandler' driver.
CRITICAL - 2024-05-11 12:34:56 --> ErrorException: Undefined array key "fullname"
in APPPATH\Views\publicdoc\show.php on line 13.
 1 APPPATH\Views\publicdoc\show.php(13): CodeIgniter\Debug\Exceptions->errorHandler(2, 'Undefined array key "fullname"', 'E:\\RSGM\\app\\Views\\publicdoc\\show.php', 13)
 2 SYSTEMPATH\View\View.php(228): include('E:\\RSGM\\app\\Views\\publicdoc\\show.php')
 3 SYSTEMPATH\View\View.php(231): CodeIgniter\View\View->CodeIgniter\View\{closure}()
 4 SYSTEMPATH\Common.php(1178): CodeIgniter\View\View->render('publicdoc/show', [], true)
 5 APPPATH\Controllers\PublicDoc.php(93): view('publicdoc/show', [...])
 6 SYSTEMPATH\CodeIgniter.php(941): App\Controllers\PublicDoc->show('4')
 7 SYSTEMPATH\CodeIgniter.php(502): CodeIgniter\CodeIgniter->runController(Object(App\Controllers\PublicDoc))
 8 SYSTEMPATH\CodeIgniter.php(361): CodeIgniter\CodeIgniter->handleRequest(null, Object(Config\Cache), false)
 9 FCPATH\index.php(79): CodeIgniter\CodeIgniter->run()
10 SYSTEMPATH\Commands\Server\rewrite.php(47): require_once('E:\\RSGM\\public\\index.php')
INFO - 2024-05-11 12:35:36 --> Session: Class initialized using 'CodeIgniter\Session\Handlers\FileHandler' driver.
INFO - 2024-05-11 12:36:55 --> Session: Class initialized using 'CodeIgniter\Session\Handlers\FileHandler' driver.
INFO - 2024-05-11 12:37:08 --> Session: Class initialized using 'CodeIgniter\Session\Handlers\FileHandler' driver.
INFO - 2024-05-11 12:37:13 --> Session: Class initialized using 'CodeIgniter\Session\Handlers\FileHandler' driver.
INFO - 2024-05-11 12:37:16 --> Session: Class initialized using 'CodeIgniter\Session\Handlers\FileHandler' driver.
INFO - 2024-05-11 12:37:21 --> Session: Class initialized using 'CodeIgniter\Session\Handlers\FileHandler' driver.
INFO - 2024-05-11 12:37:32 --> Session: Class initialized using 'CodeIgniter\Session\Handlers\FileHandler' driver.
INFO - 2024-05-11 12:44:36 --> Session: Class initialized using 'CodeIgniter\Session\Handlers\FileHandler' driver.
INFO - 2024-05-11 12:44:41 --> Session: Class initialized using 'CodeIgniter\Session\Handlers\FileHandler' driver.
INFO - 2024-05-11 12:44:41 --> Session: Class initialized using 'CodeIgniter\Session\Handlers\FileHandler' driver.
INFO - 2024-05-11 12:44:49 --> Session: Class initialized using 'CodeIgniter\Session\Handlers\FileHandler' driver.
INFO - 2024-05-11 12:52:00 --> Session: Class initialized using 'CodeIgniter\Session\Handlers\FileHandler' driver.
INFO - 2024-05-11 12:52:09 --> Session: Class initialized using 'CodeIgniter\Session\Handlers\FileHandler' driver.
INFO - 2024-05-11 12:52:13 --> Session: Class initialized using 'CodeIgniter\Session\Handlers\FileHandler' driver.
INFO - 2024-05-11 12:52:19 --> Session: Class initialized using 'CodeIgniter\Session\Handlers\FileHandler' driver.
INFO - 2024-05-11 12:53:38 --> Session: Class initialized using 'CodeIgniter\Session\Handlers\FileHandler' driver.
INFO - 2024-05-11 12:53:46 --> Session: Class initialized using 'CodeIgniter\Session\Handlers\FileHandler' driver.
INFO - 2024-05-11 12:53:50 --> Session: Class initialized using 'CodeIgniter\Session\Handlers\FileHandler' driver.
INFO - 2024-05-11 12:53:58 --> Session: Class initialized using 'CodeIgniter\Session\Handlers\FileHandler' driver.
INFO - 2024-05-11 12:54:03 --> Session: Class initialized using 'CodeIgniter\Session\Handlers\FileHandler' driver.
INFO - 2024-05-11 12:54:20 --> Session: Class initialized using 'CodeIgniter\Session\Handlers\FileHandler' driver.
INFO - 2024-05-11 12:54:25 --> Session: Class initialized using 'CodeIgniter\Session\Handlers\FileHandler' driver.
INFO - 2024-05-11 12:54:33 --> Session: Class initialized using 'CodeIgniter\Session\Handlers\FileHandler' driver.
