INFO - 2024-03-26 12:21:17 --> Session: Class initialized using 'CodeIgniter\Session\Handlers\FileHandler' driver.
INFO - 2024-03-26 12:21:20 --> Session: Class initialized using 'CodeIgniter\Session\Handlers\FileHandler' driver.
ERROR - 2024-03-26 12:21:24 --> Error connecting to the database: mysqli_sql_exception: No connection could be made because the target machine actively refused it in E:\RSGM\system\Database\MySQLi\Connection.php:184
Stack trace:
#0 E:\RSGM\system\Database\MySQLi\Connection.php(184): mysqli->real_connect('localhost', 'root', Object(SensitiveParameterValue), 'rsgmapp', 3306, '', 0)
#1 E:\RSGM\system\Database\BaseConnection.php(392): CodeIgniter\Database\MySQLi\Connection->connect(false)
#2 E:\RSGM\system\Database\BaseConnection.php(575): CodeIgniter\Database\BaseConnection->initialize()
#3 E:\RSGM\system\Database\BaseBuilder.php(1616): CodeIgniter\Database\BaseConnection->query('SELECT *\nFROM `...', Array, false)
#4 E:\RSGM\system\Model.php(270): CodeIgniter\Database\BaseBuilder->get()
#5 E:\RSGM\system\BaseModel.php(676): CodeIgniter\Model->doFirst()
#6 E:\RSGM\app\Controllers\Login.php(28): CodeIgniter\BaseModel->first()
#7 E:\RSGM\system\CodeIgniter.php(941): App\Controllers\Login->auth()
#8 E:\RSGM\system\CodeIgniter.php(502): CodeIgniter\CodeIgniter->runController(Object(App\Controllers\Login))
#9 E:\RSGM\system\CodeIgniter.php(361): CodeIgniter\CodeIgniter->handleRequest(NULL, Object(Config\Cache), false)
#10 E:\RSGM\public\index.php(79): CodeIgniter\CodeIgniter->run()
#11 E:\RSGM\system\Commands\Server\rewrite.php(47): require_once('E:\\RSGM\\public\\...')
#12 {main}

Next CodeIgniter\Database\Exceptions\DatabaseException: No connection could be made because the target machine actively refused it in E:\RSGM\system\Database\MySQLi\Connection.php:229
Stack trace:
#0 E:\RSGM\system\Database\BaseConnection.php(392): CodeIgniter\Database\MySQLi\Connection->connect(false)
#1 E:\RSGM\system\Database\BaseConnection.php(575): CodeIgniter\Database\BaseConnection->initialize()
#2 E:\RSGM\system\Database\BaseBuilder.php(1616): CodeIgniter\Database\BaseConnection->query('SELECT *\nFROM `...', Array, false)
#3 E:\RSGM\system\Model.php(270): CodeIgniter\Database\BaseBuilder->get()
#4 E:\RSGM\system\BaseModel.php(676): CodeIgniter\Model->doFirst()
#5 E:\RSGM\app\Controllers\Login.php(28): CodeIgniter\BaseModel->first()
#6 E:\RSGM\system\CodeIgniter.php(941): App\Controllers\Login->auth()
#7 E:\RSGM\system\CodeIgniter.php(502): CodeIgniter\CodeIgniter->runController(Object(App\Controllers\Login))
#8 E:\RSGM\system\CodeIgniter.php(361): CodeIgniter\CodeIgniter->handleRequest(NULL, Object(Config\Cache), false)
#9 E:\RSGM\public\index.php(79): CodeIgniter\CodeIgniter->run()
#10 E:\RSGM\system\Commands\Server\rewrite.php(47): require_once('E:\\RSGM\\public\\...')
#11 {main}
CRITICAL - 2024-03-26 12:21:24 --> CodeIgniter\Database\Exceptions\DatabaseException: Unable to connect to the database.
Main connection [MySQLi]: No connection could be made because the target machine actively refused it
in SYSTEMPATH\Database\BaseConnection.php on line 428.
 1 SYSTEMPATH\Database\BaseConnection.php(575): CodeIgniter\Database\BaseConnection->initialize()
 2 SYSTEMPATH\Database\BaseBuilder.php(1616): CodeIgniter\Database\BaseConnection->query('SELECT *
FROM `user`
WHERE `username` = :username:
 LIMIT 1', [...], false)
 3 SYSTEMPATH\Model.php(270): CodeIgniter\Database\BaseBuilder->get()
 4 SYSTEMPATH\BaseModel.php(676): CodeIgniter\Model->doFirst()
 5 APPPATH\Controllers\Login.php(28): CodeIgniter\BaseModel->first()
 6 SYSTEMPATH\CodeIgniter.php(941): App\Controllers\Login->auth()
 7 SYSTEMPATH\CodeIgniter.php(502): CodeIgniter\CodeIgniter->runController(Object(App\Controllers\Login))
 8 SYSTEMPATH\CodeIgniter.php(361): CodeIgniter\CodeIgniter->handleRequest(null, Object(Config\Cache), false)
 9 FCPATH\index.php(79): CodeIgniter\CodeIgniter->run()
10 SYSTEMPATH\Commands\Server\rewrite.php(47): require_once('E:\\RSGM\\public\\index.php')
INFO - 2024-03-26 12:21:31 --> Session: Class initialized using 'CodeIgniter\Session\Handlers\FileHandler' driver.
INFO - 2024-03-26 12:21:32 --> Session: Class initialized using 'CodeIgniter\Session\Handlers\FileHandler' driver.
INFO - 2024-03-26 12:21:34 --> Session: Class initialized using 'CodeIgniter\Session\Handlers\FileHandler' driver.
INFO - 2024-03-26 12:21:38 --> Session: Class initialized using 'CodeIgniter\Session\Handlers\FileHandler' driver.
INFO - 2024-03-26 12:21:40 --> Session: Class initialized using 'CodeIgniter\Session\Handlers\FileHandler' driver.
INFO - 2024-03-26 12:23:03 --> Session: Class initialized using 'CodeIgniter\Session\Handlers\FileHandler' driver.
INFO - 2024-03-26 12:28:15 --> Session: Class initialized using 'CodeIgniter\Session\Handlers\FileHandler' driver.
CRITICAL - 2024-03-26 12:28:15 --> ErrorException: Undefined variable $pagesidebar
in APPPATH\Views\layout\page_layout.php on line 44.
 1 APPPATH\Views\layout\page_layout.php(44): CodeIgniter\Debug\Exceptions->errorHandler(2, 'Undefined variable $pagesidebar', 'E:\\RSGM\\app\\Views\\layout\\page_layout.php', 44)
 2 SYSTEMPATH\View\View.php(228): include('E:\\RSGM\\app\\Views\\layout\\page_layout.php')
 3 SYSTEMPATH\View\View.php(231): CodeIgniter\View\View->CodeIgniter\View\{closure}()
 4 SYSTEMPATH\View\View.php(244): CodeIgniter\View\View->render('layout/page_layout', [], true)
 5 SYSTEMPATH\Common.php(1178): CodeIgniter\View\View->render('returndocument/add', [], true)
 6 APPPATH\Controllers\ReturnDocument.php(52): view('returndocument/add', [...])
 7 SYSTEMPATH\CodeIgniter.php(941): App\Controllers\ReturnDocument->add()
 8 SYSTEMPATH\CodeIgniter.php(502): CodeIgniter\CodeIgniter->runController(Object(App\Controllers\ReturnDocument))
 9 SYSTEMPATH\CodeIgniter.php(361): CodeIgniter\CodeIgniter->handleRequest(null, Object(Config\Cache), false)
10 FCPATH\index.php(79): CodeIgniter\CodeIgniter->run()
11 SYSTEMPATH\Commands\Server\rewrite.php(47): require_once('E:\\RSGM\\public\\index.php')
INFO - 2024-03-26 12:28:49 --> Session: Class initialized using 'CodeIgniter\Session\Handlers\FileHandler' driver.
INFO - 2024-03-26 12:29:18 --> Session: Class initialized using 'CodeIgniter\Session\Handlers\FileHandler' driver.
INFO - 2024-03-26 12:29:21 --> Session: Class initialized using 'CodeIgniter\Session\Handlers\FileHandler' driver.
INFO - 2024-03-26 12:29:24 --> Session: Class initialized using 'CodeIgniter\Session\Handlers\FileHandler' driver.
INFO - 2024-03-26 12:29:29 --> Session: Class initialized using 'CodeIgniter\Session\Handlers\FileHandler' driver.
INFO - 2024-03-26 12:29:56 --> Session: Class initialized using 'CodeIgniter\Session\Handlers\FileHandler' driver.
INFO - 2024-03-26 12:29:57 --> Session: Class initialized using 'CodeIgniter\Session\Handlers\FileHandler' driver.
INFO - 2024-03-26 12:30:05 --> Session: Class initialized using 'CodeIgniter\Session\Handlers\FileHandler' driver.
INFO - 2024-03-26 12:30:08 --> Session: Class initialized using 'CodeIgniter\Session\Handlers\FileHandler' driver.
INFO - 2024-03-26 12:30:11 --> Session: Class initialized using 'CodeIgniter\Session\Handlers\FileHandler' driver.
INFO - 2024-03-26 12:30:16 --> Session: Class initialized using 'CodeIgniter\Session\Handlers\FileHandler' driver.
INFO - 2024-03-26 12:30:20 --> Session: Class initialized using 'CodeIgniter\Session\Handlers\FileHandler' driver.
INFO - 2024-03-26 12:30:35 --> Session: Class initialized using 'CodeIgniter\Session\Handlers\FileHandler' driver.
